*************************************************
   ChampSim Multicore Out-of-Order Simulator
   Last compiled: Mar 31 2025 00:42:49
*************************************************
parsing config file: /data2/Pythia5/config/pythia.ini

trace_0 /data2/Pythia5/CASSANDRA/traces/cassandra_phase1_core0.trace.xz
[L1D] L1D prefetcher initialized
[L2C] Group10 L2C prefetcher initialized
Initialize SHIP state
warmup_instructions 50000000
simulation_instructions 150000000
champsim_seed 2185
measure_ipc 0
measure_ipc_epoch 1000
measure_dram_bw 1
measure_dram_bw_epoch 256
measure_cache_acc 1
measure_cache_acc_epoch 1024
l1d_perfect 0
l2c_perfect 0
llc_perfect 0
l1d_semi_perfect 0
l2c_semi_perfect 0
llc_semi_perfect 0
semi_perfect_cache_page_buffer_size 64

num_cpus 1
cpu_freq 4000
dram_io_freq 2400
page_size 4096
block_size 64
max_read_per_cycle 8
max_fill_per_cycle 1
dram_channels 1
log2_dram_channels 0
dram_ranks 1
dram_banks 8
dram_rows 65536
dram_columns 128
dram_row_size 8
dram_size 4096
dram_pages 1048576

fetch_width 6
decode_width 6
exec_width 4
lq_width 2
sq_width 2
retire_width 4
scheduler_size 128
branch_mispredict_penalty 20
rob_size 256
lq_size 72
sq_size 56
num_instr_destinations_sparc 4
num_instr_destinations 2
num_instr_sources 4

itlb_set 16
itlb_way 8
itlb_rq_size 16
itlb_wq_size 16
itlb_pq_size 0
itlb_mshr_size 8
itlb_latency 1

dtlb_set 16
dtlb_way 4
dtlb_rq_size 16
dtlb_wq_size 16
dtlb_pq_size 0
dtlb_mshr_size 8
dtlb_latency 1

stlb_set 128
stlb_way 12
stlb_rq_size 32
stlb_wq_size 32
stlb_pq_size 0
stlb_mshr_size 16
stlb_latency 8

l1i_size 32
l1i_set 64
l1i_way 8
l1i_rq_size 64
l1i_wq_size 64
l1i_pq_size 8
l1i_mshr_size 8
l1i_latency 1

l1d_size 32
l1d_set 64
l1d_way 8
l1d_rq_size 64
l1d_wq_size 64
l1d_pq_size 8
l1d_mshr_size 16
l1d_latency 4

l2c_size 256
l2c_set 512
l2c_way 8
l2c_rq_size 32
l2c_wq_size 32
l2c_pq_size 32
l2c_mshr_size 32
l2c_latency 10

llc_size 2048
llc_set 2048
llc_way 16
llc_rq_size 32
llc_wq_size 32
llc_pq_size 32
llc_mshr_size 64
llc_latency 20

dram_channel_width 8
dram_wq_size 64
dram_rq_size 64
tRP 15
tRCD 15
tCAS 12.5
dram_dbus_turn_around_time 30
dram_write_high_wm 56
dram_write_low_wm 48
min_dram_writes_per_switch 16
dram_mtps 2400
dram_dbus_return_time 13

[L1D] L1D prefetcher configuration

Heartbeat CPU  0 instructions:    1000000 cycles:     344285 heartbeat IPC: 2.90457 cumulative IPC: 2.90457 (Simulation time: 0 hr 0 min 1 sec) 
Heartbeat CPU  0 instructions:    2000000 cycles:     692091 heartbeat IPC: 2.87517 cumulative IPC: 2.88979 (Simulation time: 0 hr 0 min 2 sec) 
Heartbeat CPU  0 instructions:    3000003 cycles:    1148730 heartbeat IPC: 2.18992 cumulative IPC: 2.61158 (Simulation time: 0 hr 0 min 3 sec) 
Heartbeat CPU  0 instructions:    4000000 cycles:    1546290 heartbeat IPC: 2.51534 cumulative IPC: 2.58684 (Simulation time: 0 hr 0 min 4 sec) 
Heartbeat CPU  0 instructions:    5000000 cycles:    1879098 heartbeat IPC: 3.00474 cumulative IPC: 2.66085 (Simulation time: 0 hr 0 min 5 sec) 
Heartbeat CPU  0 instructions:    6000002 cycles:    2393416 heartbeat IPC: 1.94433 cumulative IPC: 2.50688 (Simulation time: 0 hr 0 min 6 sec) 
Heartbeat CPU  0 instructions:    7000000 cycles:    2721880 heartbeat IPC: 3.04447 cumulative IPC: 2.57175 (Simulation time: 0 hr 0 min 7 sec) 
Heartbeat CPU  0 instructions:    8000000 cycles:    3050346 heartbeat IPC: 3.04446 cumulative IPC: 2.62265 (Simulation time: 0 hr 0 min 8 sec) 
Heartbeat CPU  0 instructions:    9000003 cycles:    3386364 heartbeat IPC: 2.97604 cumulative IPC: 2.65772 (Simulation time: 0 hr 0 min 9 sec) 
Heartbeat CPU  0 instructions:   10000000 cycles:    3715455 heartbeat IPC: 3.03866 cumulative IPC: 2.69146 (Simulation time: 0 hr 0 min 11 sec) 
Heartbeat CPU  0 instructions:   11000003 cycles:    4095172 heartbeat IPC: 2.63355 cumulative IPC: 2.68609 (Simulation time: 0 hr 0 min 12 sec) 
Heartbeat CPU  0 instructions:   12000000 cycles:    4422707 heartbeat IPC: 3.05310 cumulative IPC: 2.71327 (Simulation time: 0 hr 0 min 13 sec) 
Heartbeat CPU  0 instructions:   13000003 cycles:    4748647 heartbeat IPC: 3.06806 cumulative IPC: 2.73762 (Simulation time: 0 hr 0 min 14 sec) 
Heartbeat CPU  0 instructions:   14000003 cycles:    5082584 heartbeat IPC: 2.99458 cumulative IPC: 2.75450 (Simulation time: 0 hr 0 min 15 sec) 
Heartbeat CPU  0 instructions:   15000003 cycles:    5408049 heartbeat IPC: 3.07253 cumulative IPC: 2.77364 (Simulation time: 0 hr 0 min 16 sec) 
Heartbeat CPU  0 instructions:   16000000 cycles:    5735588 heartbeat IPC: 3.05306 cumulative IPC: 2.78960 (Simulation time: 0 hr 0 min 17 sec) 
Heartbeat CPU  0 instructions:   17000001 cycles:    6058234 heartbeat IPC: 3.09938 cumulative IPC: 2.80610 (Simulation time: 0 hr 0 min 18 sec) 
Heartbeat CPU  0 instructions:   18000000 cycles:    6436272 heartbeat IPC: 2.64523 cumulative IPC: 2.79665 (Simulation time: 0 hr 0 min 19 sec) 
Heartbeat CPU  0 instructions:   19000003 cycles:    6892386 heartbeat IPC: 2.19244 cumulative IPC: 2.75667 (Simulation time: 0 hr 0 min 20 sec) 
Heartbeat CPU  0 instructions:   20000000 cycles:    7212253 heartbeat IPC: 3.12629 cumulative IPC: 2.77306 (Simulation time: 0 hr 0 min 21 sec) 
Heartbeat CPU  0 instructions:   21000000 cycles:    7597295 heartbeat IPC: 2.59712 cumulative IPC: 2.76414 (Simulation time: 0 hr 0 min 22 sec) 
Heartbeat CPU  0 instructions:   22000003 cycles:    7925618 heartbeat IPC: 3.04579 cumulative IPC: 2.77581 (Simulation time: 0 hr 0 min 23 sec) 
Heartbeat CPU  0 instructions:   23000003 cycles:    8252633 heartbeat IPC: 3.05796 cumulative IPC: 2.78699 (Simulation time: 0 hr 0 min 25 sec) 
Heartbeat CPU  0 instructions:   24000000 cycles:    8729677 heartbeat IPC: 2.09624 cumulative IPC: 2.74924 (Simulation time: 0 hr 0 min 26 sec) 
Heartbeat CPU  0 instructions:   25000003 cycles:    9100898 heartbeat IPC: 2.69382 cumulative IPC: 2.74698 (Simulation time: 0 hr 0 min 27 sec) 
Heartbeat CPU  0 instructions:   26000002 cycles:    9481328 heartbeat IPC: 2.62860 cumulative IPC: 2.74223 (Simulation time: 0 hr 0 min 28 sec) 
Heartbeat CPU  0 instructions:   27000002 cycles:    9849807 heartbeat IPC: 2.71386 cumulative IPC: 2.74117 (Simulation time: 0 hr 0 min 29 sec) 
Heartbeat CPU  0 instructions:   28000000 cycles:   10387257 heartbeat IPC: 1.86063 cumulative IPC: 2.69561 (Simulation time: 0 hr 0 min 30 sec) 
Heartbeat CPU  0 instructions:   29000000 cycles:   11088667 heartbeat IPC: 1.42570 cumulative IPC: 2.61528 (Simulation time: 0 hr 0 min 31 sec) 
Heartbeat CPU  0 instructions:   30000001 cycles:   11531970 heartbeat IPC: 2.25580 cumulative IPC: 2.60146 (Simulation time: 0 hr 0 min 32 sec) 
Heartbeat CPU  0 instructions:   31000001 cycles:   11865669 heartbeat IPC: 2.99671 cumulative IPC: 2.61258 (Simulation time: 0 hr 0 min 33 sec) 
Heartbeat CPU  0 instructions:   32000000 cycles:   12195883 heartbeat IPC: 3.02834 cumulative IPC: 2.62384 (Simulation time: 0 hr 0 min 34 sec) 
Heartbeat CPU  0 instructions:   33000002 cycles:   12520931 heartbeat IPC: 3.07647 cumulative IPC: 2.63559 (Simulation time: 0 hr 0 min 36 sec) 
Heartbeat CPU  0 instructions:   34000001 cycles:   12863299 heartbeat IPC: 2.92083 cumulative IPC: 2.64318 (Simulation time: 0 hr 0 min 37 sec) 
Heartbeat CPU  0 instructions:   35000002 cycles:   13188848 heartbeat IPC: 3.07174 cumulative IPC: 2.65376 (Simulation time: 0 hr 0 min 38 sec) 
Heartbeat CPU  0 instructions:   36000000 cycles:   13515364 heartbeat IPC: 3.06263 cumulative IPC: 2.66364 (Simulation time: 0 hr 0 min 39 sec) 
Heartbeat CPU  0 instructions:   37000003 cycles:   13962951 heartbeat IPC: 2.23421 cumulative IPC: 2.64987 (Simulation time: 0 hr 0 min 40 sec) 
Heartbeat CPU  0 instructions:   38000000 cycles:   14289395 heartbeat IPC: 3.06330 cumulative IPC: 2.65931 (Simulation time: 0 hr 0 min 41 sec) 
Heartbeat CPU  0 instructions:   39000000 cycles:   14800348 heartbeat IPC: 1.95713 cumulative IPC: 2.63507 (Simulation time: 0 hr 0 min 42 sec) 
Heartbeat CPU  0 instructions:   40000000 cycles:   15134316 heartbeat IPC: 2.99430 cumulative IPC: 2.64300 (Simulation time: 0 hr 0 min 43 sec) 
Heartbeat CPU  0 instructions:   41000000 cycles:   15462717 heartbeat IPC: 3.04506 cumulative IPC: 2.65154 (Simulation time: 0 hr 0 min 44 sec) 
Heartbeat CPU  0 instructions:   42000000 cycles:   15920434 heartbeat IPC: 2.18476 cumulative IPC: 2.63812 (Simulation time: 0 hr 0 min 45 sec) 
Heartbeat CPU  0 instructions:   43000001 cycles:   16469026 heartbeat IPC: 1.82285 cumulative IPC: 2.61096 (Simulation time: 0 hr 0 min 47 sec) 
Heartbeat CPU  0 instructions:   44000000 cycles:   16986109 heartbeat IPC: 1.93392 cumulative IPC: 2.59035 (Simulation time: 0 hr 0 min 48 sec) 
Heartbeat CPU  0 instructions:   45000000 cycles:   17319588 heartbeat IPC: 2.99869 cumulative IPC: 2.59821 (Simulation time: 0 hr 0 min 49 sec) 
Heartbeat CPU  0 instructions:   46000002 cycles:   17646549 heartbeat IPC: 3.05847 cumulative IPC: 2.60674 (Simulation time: 0 hr 0 min 50 sec) 
Heartbeat CPU  0 instructions:   47000000 cycles:   18018870 heartbeat IPC: 2.68585 cumulative IPC: 2.60838 (Simulation time: 0 hr 0 min 51 sec) 
Heartbeat CPU  0 instructions:   48000000 cycles:   18346647 heartbeat IPC: 3.05085 cumulative IPC: 2.61628 (Simulation time: 0 hr 0 min 52 sec) 
Heartbeat CPU  0 instructions:   49000001 cycles:   18833244 heartbeat IPC: 2.05509 cumulative IPC: 2.60178 (Simulation time: 0 hr 0 min 53 sec) 
Heartbeat CPU  0 instructions:   50000002 cycles:   19207747 heartbeat IPC: 2.67021 cumulative IPC: 2.60312 (Simulation time: 0 hr 0 min 54 sec) 

Warmup complete CPU  0 instructions:   50000002 cycles:   19207747 (Simulation time: 0 hr 0 min 54 sec) 

Heartbeat CPU  0 instructions:   51000002 cycles:   21925547 heartbeat IPC: 0.36794 cumulative IPC: 0.36794 (Simulation time: 0 hr 0 min 56 sec) 
Heartbeat CPU  0 instructions:   52000000 cycles:   24640449 heartbeat IPC: 0.36834 cumulative IPC: 0.36814 (Simulation time: 0 hr 0 min 58 sec) 
Heartbeat CPU  0 instructions:   53000002 cycles:   27740772 heartbeat IPC: 0.32255 cumulative IPC: 0.35158 (Simulation time: 0 hr 0 min 59 sec) 
Heartbeat CPU  0 instructions:   54000000 cycles:   30655373 heartbeat IPC: 0.34310 cumulative IPC: 0.34942 (Simulation time: 0 hr 1 min 1 sec) 
Heartbeat CPU  0 instructions:   55000003 cycles:   33592642 heartbeat IPC: 0.34045 cumulative IPC: 0.34759 (Simulation time: 0 hr 1 min 3 sec) 
Heartbeat CPU  0 instructions:   56000000 cycles:   36216555 heartbeat IPC: 0.38111 cumulative IPC: 0.35276 (Simulation time: 0 hr 1 min 4 sec) 
Heartbeat CPU  0 instructions:   57000003 cycles:   38989151 heartbeat IPC: 0.36067 cumulative IPC: 0.35387 (Simulation time: 0 hr 1 min 6 sec) 
Heartbeat CPU  0 instructions:   58000001 cycles:   41593392 heartbeat IPC: 0.38399 cumulative IPC: 0.35737 (Simulation time: 0 hr 1 min 8 sec) 
Heartbeat CPU  0 instructions:   59000003 cycles:   44259177 heartbeat IPC: 0.37512 cumulative IPC: 0.35926 (Simulation time: 0 hr 1 min 9 sec) 
Heartbeat CPU  0 instructions:   60000000 cycles:   46966592 heartbeat IPC: 0.36935 cumulative IPC: 0.36025 (Simulation time: 0 hr 1 min 11 sec) 
Heartbeat CPU  0 instructions:   61000002 cycles:   50429021 heartbeat IPC: 0.28882 cumulative IPC: 0.35232 (Simulation time: 0 hr 1 min 13 sec) 
Heartbeat CPU  0 instructions:   62000001 cycles:   53127957 heartbeat IPC: 0.37052 cumulative IPC: 0.35377 (Simulation time: 0 hr 1 min 15 sec) 
Heartbeat CPU  0 instructions:   63000001 cycles:   55870646 heartbeat IPC: 0.36461 cumulative IPC: 0.35458 (Simulation time: 0 hr 1 min 16 sec) 
Heartbeat CPU  0 instructions:   64000000 cycles:   59909889 heartbeat IPC: 0.24757 cumulative IPC: 0.34396 (Simulation time: 0 hr 1 min 18 sec) 
Heartbeat CPU  0 instructions:   65000001 cycles:   63199380 heartbeat IPC: 0.30400 cumulative IPC: 0.34097 (Simulation time: 0 hr 1 min 20 sec) 
Heartbeat CPU  0 instructions:   66000002 cycles:   65925075 heartbeat IPC: 0.36688 cumulative IPC: 0.34249 (Simulation time: 0 hr 1 min 22 sec) 
Heartbeat CPU  0 instructions:   67000002 cycles:   68610351 heartbeat IPC: 0.37240 cumulative IPC: 0.34411 (Simulation time: 0 hr 1 min 23 sec) 
Heartbeat CPU  0 instructions:   68000000 cycles:   71392658 heartbeat IPC: 0.35941 cumulative IPC: 0.34493 (Simulation time: 0 hr 1 min 25 sec) 
Heartbeat CPU  0 instructions:   69000000 cycles:   74064932 heartbeat IPC: 0.37421 cumulative IPC: 0.34635 (Simulation time: 0 hr 1 min 27 sec) 
Heartbeat CPU  0 instructions:   70000003 cycles:   78905055 heartbeat IPC: 0.20661 cumulative IPC: 0.33502 (Simulation time: 0 hr 1 min 29 sec) 
Heartbeat CPU  0 instructions:   71000002 cycles:   81761092 heartbeat IPC: 0.35014 cumulative IPC: 0.33571 (Simulation time: 0 hr 1 min 31 sec) 
Heartbeat CPU  0 instructions:   72000000 cycles:   85034259 heartbeat IPC: 0.30551 cumulative IPC: 0.33421 (Simulation time: 0 hr 1 min 33 sec) 
Heartbeat CPU  0 instructions:   73000002 cycles:   88000645 heartbeat IPC: 0.33711 cumulative IPC: 0.33434 (Simulation time: 0 hr 1 min 34 sec) 
Heartbeat CPU  0 instructions:   74000000 cycles:   91282335 heartbeat IPC: 0.30472 cumulative IPC: 0.33299 (Simulation time: 0 hr 1 min 36 sec) 
Heartbeat CPU  0 instructions:   75000002 cycles:   94247216 heartbeat IPC: 0.33728 cumulative IPC: 0.33316 (Simulation time: 0 hr 1 min 38 sec) 
Heartbeat CPU  0 instructions:   76000000 cycles:   97153152 heartbeat IPC: 0.34412 cumulative IPC: 0.33357 (Simulation time: 0 hr 1 min 39 sec) 
Heartbeat CPU  0 instructions:   77000003 cycles:  101758043 heartbeat IPC: 0.21716 cumulative IPC: 0.32707 (Simulation time: 0 hr 1 min 41 sec) 
Heartbeat CPU  0 instructions:   78000000 cycles:  105535233 heartbeat IPC: 0.26475 cumulative IPC: 0.32435 (Simulation time: 0 hr 1 min 43 sec) 
Heartbeat CPU  0 instructions:   79000002 cycles:  108246496 heartbeat IPC: 0.36883 cumulative IPC: 0.32570 (Simulation time: 0 hr 1 min 45 sec) 
Heartbeat CPU  0 instructions:   80000000 cycles:  110932146 heartbeat IPC: 0.37235 cumulative IPC: 0.32707 (Simulation time: 0 hr 1 min 47 sec) 
Heartbeat CPU  0 instructions:   81000003 cycles:  115968645 heartbeat IPC: 0.19855 cumulative IPC: 0.32038 (Simulation time: 0 hr 1 min 49 sec) 
Heartbeat CPU  0 instructions:   82000002 cycles:  121217488 heartbeat IPC: 0.19052 cumulative IPC: 0.31370 (Simulation time: 0 hr 1 min 51 sec) 
Heartbeat CPU  0 instructions:   83000003 cycles:  126294570 heartbeat IPC: 0.19696 cumulative IPC: 0.30816 (Simulation time: 0 hr 1 min 53 sec) 
Heartbeat CPU  0 instructions:   84000000 cycles:  132853160 heartbeat IPC: 0.15247 cumulative IPC: 0.29918 (Simulation time: 0 hr 1 min 55 sec) 
Heartbeat CPU  0 instructions:   85000002 cycles:  139579540 heartbeat IPC: 0.14867 cumulative IPC: 0.29077 (Simulation time: 0 hr 1 min 57 sec) 
Heartbeat CPU  0 instructions:   86000002 cycles:  142527020 heartbeat IPC: 0.33927 cumulative IPC: 0.29193 (Simulation time: 0 hr 1 min 59 sec) 
Heartbeat CPU  0 instructions:   87000001 cycles:  145208004 heartbeat IPC: 0.37300 cumulative IPC: 0.29365 (Simulation time: 0 hr 2 min 1 sec) 
Heartbeat CPU  0 instructions:   88000000 cycles:  149865995 heartbeat IPC: 0.21468 cumulative IPC: 0.29084 (Simulation time: 0 hr 2 min 3 sec) 
Heartbeat CPU  0 instructions:   89000001 cycles:  153918075 heartbeat IPC: 0.24679 cumulative IPC: 0.28951 (Simulation time: 0 hr 2 min 5 sec) 
Heartbeat CPU  0 instructions:   90000001 cycles:  156894432 heartbeat IPC: 0.33598 cumulative IPC: 0.29051 (Simulation time: 0 hr 2 min 7 sec) 
Heartbeat CPU  0 instructions:   91000003 cycles:  159624991 heartbeat IPC: 0.36623 cumulative IPC: 0.29199 (Simulation time: 0 hr 2 min 9 sec) 
Heartbeat CPU  0 instructions:   92000000 cycles:  162391088 heartbeat IPC: 0.36152 cumulative IPC: 0.29333 (Simulation time: 0 hr 2 min 11 sec) 
Heartbeat CPU  0 instructions:   93000002 cycles:  165333630 heartbeat IPC: 0.33984 cumulative IPC: 0.29427 (Simulation time: 0 hr 2 min 12 sec) 
Heartbeat CPU  0 instructions:   94000001 cycles:  169118494 heartbeat IPC: 0.26421 cumulative IPC: 0.29351 (Simulation time: 0 hr 2 min 14 sec) 
Heartbeat CPU  0 instructions:   95000000 cycles:  172108969 heartbeat IPC: 0.33439 cumulative IPC: 0.29431 (Simulation time: 0 hr 2 min 16 sec) 
Heartbeat CPU  0 instructions:   96000000 cycles:  174720269 heartbeat IPC: 0.38295 cumulative IPC: 0.29580 (Simulation time: 0 hr 2 min 18 sec) 
Heartbeat CPU  0 instructions:   97000000 cycles:  177520267 heartbeat IPC: 0.35714 cumulative IPC: 0.29688 (Simulation time: 0 hr 2 min 19 sec) 
Heartbeat CPU  0 instructions:   98000003 cycles:  180621543 heartbeat IPC: 0.32245 cumulative IPC: 0.29737 (Simulation time: 0 hr 2 min 21 sec) 
Heartbeat CPU  0 instructions:   99000000 cycles:  183347440 heartbeat IPC: 0.36685 cumulative IPC: 0.29853 (Simulation time: 0 hr 2 min 23 sec) 
*** Reached end of trace for Core: 0 Repeating trace: /data2/Pythia5/CASSANDRA/traces/cassandra_phase1_core0.trace.xz
Heartbeat CPU  0 instructions:  100000000 cycles:  186239090 heartbeat IPC: 0.34582 cumulative IPC: 0.29935 (Simulation time: 0 hr 2 min 25 sec) 
Heartbeat CPU  0 instructions:  101000000 cycles:  188768500 heartbeat IPC: 0.39535 cumulative IPC: 0.30078 (Simulation time: 0 hr 2 min 26 sec) 
Heartbeat CPU  0 instructions:  102000000 cycles:  191464472 heartbeat IPC: 0.37092 cumulative IPC: 0.30187 (Simulation time: 0 hr 2 min 28 sec) 
Heartbeat CPU  0 instructions:  103000000 cycles:  194774725 heartbeat IPC: 0.30209 cumulative IPC: 0.30188 (Simulation time: 0 hr 2 min 30 sec) 
Heartbeat CPU  0 instructions:  104000000 cycles:  197758929 heartbeat IPC: 0.33510 cumulative IPC: 0.30243 (Simulation time: 0 hr 2 min 32 sec) 
Heartbeat CPU  0 instructions:  105000001 cycles:  200349134 heartbeat IPC: 0.38607 cumulative IPC: 0.30363 (Simulation time: 0 hr 2 min 33 sec) 
Heartbeat CPU  0 instructions:  106000003 cycles:  204293987 heartbeat IPC: 0.25350 cumulative IPC: 0.30256 (Simulation time: 0 hr 2 min 36 sec) 
Heartbeat CPU  0 instructions:  107000000 cycles:  206886507 heartbeat IPC: 0.38572 cumulative IPC: 0.30371 (Simulation time: 0 hr 2 min 38 sec) 
Heartbeat CPU  0 instructions:  108000000 cycles:  209476171 heartbeat IPC: 0.38615 cumulative IPC: 0.30483 (Simulation time: 0 hr 2 min 39 sec) 
Heartbeat CPU  0 instructions:  109000002 cycles:  212193074 heartbeat IPC: 0.36807 cumulative IPC: 0.30572 (Simulation time: 0 hr 2 min 41 sec) 
Heartbeat CPU  0 instructions:  110000000 cycles:  214776427 heartbeat IPC: 0.38709 cumulative IPC: 0.30680 (Simulation time: 0 hr 2 min 42 sec) 
Heartbeat CPU  0 instructions:  111000001 cycles:  217763684 heartbeat IPC: 0.33476 cumulative IPC: 0.30722 (Simulation time: 0 hr 2 min 44 sec) 
Heartbeat CPU  0 instructions:  112000000 cycles:  220499661 heartbeat IPC: 0.36550 cumulative IPC: 0.30801 (Simulation time: 0 hr 2 min 46 sec) 
Heartbeat CPU  0 instructions:  113000000 cycles:  223152437 heartbeat IPC: 0.37696 cumulative IPC: 0.30891 (Simulation time: 0 hr 2 min 47 sec) 
Heartbeat CPU  0 instructions:  114000003 cycles:  225955848 heartbeat IPC: 0.35671 cumulative IPC: 0.30956 (Simulation time: 0 hr 2 min 49 sec) 
Heartbeat CPU  0 instructions:  115000002 cycles:  228717424 heartbeat IPC: 0.36211 cumulative IPC: 0.31025 (Simulation time: 0 hr 2 min 51 sec) 
Heartbeat CPU  0 instructions:  116000000 cycles:  231501593 heartbeat IPC: 0.35917 cumulative IPC: 0.31089 (Simulation time: 0 hr 2 min 52 sec) 
Heartbeat CPU  0 instructions:  117000001 cycles:  234186772 heartbeat IPC: 0.37242 cumulative IPC: 0.31166 (Simulation time: 0 hr 2 min 54 sec) 
Heartbeat CPU  0 instructions:  118000000 cycles:  237216963 heartbeat IPC: 0.33001 cumulative IPC: 0.31191 (Simulation time: 0 hr 2 min 56 sec) 
Heartbeat CPU  0 instructions:  119000001 cycles:  240898550 heartbeat IPC: 0.27162 cumulative IPC: 0.31124 (Simulation time: 0 hr 2 min 58 sec) 
Heartbeat CPU  0 instructions:  120000000 cycles:  243472490 heartbeat IPC: 0.38851 cumulative IPC: 0.31213 (Simulation time: 0 hr 3 min 0 sec) 
Heartbeat CPU  0 instructions:  121000002 cycles:  246401677 heartbeat IPC: 0.34139 cumulative IPC: 0.31251 (Simulation time: 0 hr 3 min 1 sec) 
Heartbeat CPU  0 instructions:  122000001 cycles:  249063455 heartbeat IPC: 0.37569 cumulative IPC: 0.31324 (Simulation time: 0 hr 3 min 3 sec) 
Heartbeat CPU  0 instructions:  123000001 cycles:  251666784 heartbeat IPC: 0.38412 cumulative IPC: 0.31403 (Simulation time: 0 hr 3 min 5 sec) 
Heartbeat CPU  0 instructions:  124000000 cycles:  255497575 heartbeat IPC: 0.26104 cumulative IPC: 0.31317 (Simulation time: 0 hr 3 min 7 sec) 
Heartbeat CPU  0 instructions:  125000000 cycles:  258654515 heartbeat IPC: 0.31676 cumulative IPC: 0.31322 (Simulation time: 0 hr 3 min 8 sec) 
Heartbeat CPU  0 instructions:  126000002 cycles:  261716761 heartbeat IPC: 0.32656 cumulative IPC: 0.31339 (Simulation time: 0 hr 3 min 10 sec) 
Heartbeat CPU  0 instructions:  127000002 cycles:  264640746 heartbeat IPC: 0.34200 cumulative IPC: 0.31373 (Simulation time: 0 hr 3 min 12 sec) 
Heartbeat CPU  0 instructions:  128000000 cycles:  268497768 heartbeat IPC: 0.25927 cumulative IPC: 0.31289 (Simulation time: 0 hr 3 min 14 sec) 
Heartbeat CPU  0 instructions:  129000001 cycles:  273585315 heartbeat IPC: 0.19656 cumulative IPC: 0.31056 (Simulation time: 0 hr 3 min 16 sec) 
Heartbeat CPU  0 instructions:  130000001 cycles:  277056824 heartbeat IPC: 0.28806 cumulative IPC: 0.31026 (Simulation time: 0 hr 3 min 18 sec) 
Heartbeat CPU  0 instructions:  131000001 cycles:  279743876 heartbeat IPC: 0.37216 cumulative IPC: 0.31090 (Simulation time: 0 hr 3 min 20 sec) 
Heartbeat CPU  0 instructions:  132000000 cycles:  282419654 heartbeat IPC: 0.37372 cumulative IPC: 0.31154 (Simulation time: 0 hr 3 min 22 sec) 
Heartbeat CPU  0 instructions:  133000000 cycles:  285072116 heartbeat IPC: 0.37701 cumulative IPC: 0.31219 (Simulation time: 0 hr 3 min 23 sec) 
Heartbeat CPU  0 instructions:  134000001 cycles:  287834052 heartbeat IPC: 0.36207 cumulative IPC: 0.31270 (Simulation time: 0 hr 3 min 25 sec) 
Heartbeat CPU  0 instructions:  135000003 cycles:  290485360 heartbeat IPC: 0.37717 cumulative IPC: 0.31333 (Simulation time: 0 hr 3 min 27 sec) 
Heartbeat CPU  0 instructions:  136000000 cycles:  293138274 heartbeat IPC: 0.37694 cumulative IPC: 0.31395 (Simulation time: 0 hr 3 min 28 sec) 
Heartbeat CPU  0 instructions:  137000000 cycles:  296588038 heartbeat IPC: 0.28987 cumulative IPC: 0.31365 (Simulation time: 0 hr 3 min 30 sec) 
Heartbeat CPU  0 instructions:  138000003 cycles:  299291214 heartbeat IPC: 0.36994 cumulative IPC: 0.31419 (Simulation time: 0 hr 3 min 32 sec) 
Heartbeat CPU  0 instructions:  139000001 cycles:  303198772 heartbeat IPC: 0.25591 cumulative IPC: 0.31339 (Simulation time: 0 hr 3 min 34 sec) 
Heartbeat CPU  0 instructions:  140000000 cycles:  306035450 heartbeat IPC: 0.35252 cumulative IPC: 0.31378 (Simulation time: 0 hr 3 min 36 sec) 
Heartbeat CPU  0 instructions:  141000000 cycles:  308713124 heartbeat IPC: 0.37346 cumulative IPC: 0.31433 (Simulation time: 0 hr 3 min 37 sec) 
Heartbeat CPU  0 instructions:  142000002 cycles:  312266411 heartbeat IPC: 0.28143 cumulative IPC: 0.31393 (Simulation time: 0 hr 3 min 39 sec) 
Heartbeat CPU  0 instructions:  143000001 cycles:  316325300 heartbeat IPC: 0.24637 cumulative IPC: 0.31301 (Simulation time: 0 hr 3 min 41 sec) 
Heartbeat CPU  0 instructions:  144000000 cycles:  320181811 heartbeat IPC: 0.25930 cumulative IPC: 0.31232 (Simulation time: 0 hr 3 min 43 sec) 
Heartbeat CPU  0 instructions:  145000000 cycles:  322988338 heartbeat IPC: 0.35631 cumulative IPC: 0.31273 (Simulation time: 0 hr 3 min 45 sec) 
Heartbeat CPU  0 instructions:  146000000 cycles:  325726325 heartbeat IPC: 0.36523 cumulative IPC: 0.31319 (Simulation time: 0 hr 3 min 47 sec) 
Heartbeat CPU  0 instructions:  147000001 cycles:  328757743 heartbeat IPC: 0.32988 cumulative IPC: 0.31336 (Simulation time: 0 hr 3 min 48 sec) 
Heartbeat CPU  0 instructions:  148000000 cycles:  331486972 heartbeat IPC: 0.36640 cumulative IPC: 0.31382 (Simulation time: 0 hr 3 min 50 sec) 
Heartbeat CPU  0 instructions:  149000001 cycles:  335203475 heartbeat IPC: 0.26907 cumulative IPC: 0.31330 (Simulation time: 0 hr 3 min 52 sec) 
Heartbeat CPU  0 instructions:  150000000 cycles:  338225888 heartbeat IPC: 0.33086 cumulative IPC: 0.31346 (Simulation time: 0 hr 3 min 54 sec) 
Heartbeat CPU  0 instructions:  151000000 cycles:  340925870 heartbeat IPC: 0.37037 cumulative IPC: 0.31394 (Simulation time: 0 hr 3 min 55 sec) 
Heartbeat CPU  0 instructions:  152000000 cycles:  343627290 heartbeat IPC: 0.37018 cumulative IPC: 0.31441 (Simulation time: 0 hr 3 min 57 sec) 
Heartbeat CPU  0 instructions:  153000002 cycles:  346724217 heartbeat IPC: 0.32290 cumulative IPC: 0.31449 (Simulation time: 0 hr 3 min 59 sec) 
Heartbeat CPU  0 instructions:  154000001 cycles:  349630059 heartbeat IPC: 0.34413 cumulative IPC: 0.31475 (Simulation time: 0 hr 4 min 0 sec) 
Heartbeat CPU  0 instructions:  155000000 cycles:  352568279 heartbeat IPC: 0.34034 cumulative IPC: 0.31497 (Simulation time: 0 hr 4 min 2 sec) 
Heartbeat CPU  0 instructions:  156000000 cycles:  355225182 heartbeat IPC: 0.37638 cumulative IPC: 0.31546 (Simulation time: 0 hr 4 min 4 sec) 
Heartbeat CPU  0 instructions:  157000001 cycles:  357957448 heartbeat IPC: 0.36600 cumulative IPC: 0.31587 (Simulation time: 0 hr 4 min 5 sec) 
Heartbeat CPU  0 instructions:  158000003 cycles:  360554465 heartbeat IPC: 0.38506 cumulative IPC: 0.31639 (Simulation time: 0 hr 4 min 7 sec) 
Heartbeat CPU  0 instructions:  159000000 cycles:  363197227 heartbeat IPC: 0.37839 cumulative IPC: 0.31687 (Simulation time: 0 hr 4 min 9 sec) 
Heartbeat CPU  0 instructions:  160000000 cycles:  365866686 heartbeat IPC: 0.37461 cumulative IPC: 0.31731 (Simulation time: 0 hr 4 min 10 sec) 
Heartbeat CPU  0 instructions:  161000000 cycles:  369343104 heartbeat IPC: 0.28765 cumulative IPC: 0.31702 (Simulation time: 0 hr 4 min 12 sec) 
Heartbeat CPU  0 instructions:  162000001 cycles:  372049926 heartbeat IPC: 0.36944 cumulative IPC: 0.31742 (Simulation time: 0 hr 4 min 14 sec) 
Heartbeat CPU  0 instructions:  163000002 cycles:  374839459 heartbeat IPC: 0.35848 cumulative IPC: 0.31774 (Simulation time: 0 hr 4 min 15 sec) 
Heartbeat CPU  0 instructions:  164000000 cycles:  378810127 heartbeat IPC: 0.25185 cumulative IPC: 0.31702 (Simulation time: 0 hr 4 min 18 sec) 
Heartbeat CPU  0 instructions:  165000003 cycles:  382083078 heartbeat IPC: 0.30554 cumulative IPC: 0.31691 (Simulation time: 0 hr 4 min 19 sec) 
Heartbeat CPU  0 instructions:  166000001 cycles:  384810283 heartbeat IPC: 0.36668 cumulative IPC: 0.31728 (Simulation time: 0 hr 4 min 21 sec) 
Heartbeat CPU  0 instructions:  167000000 cycles:  387489009 heartbeat IPC: 0.37331 cumulative IPC: 0.31769 (Simulation time: 0 hr 4 min 23 sec) 
Heartbeat CPU  0 instructions:  168000000 cycles:  390250051 heartbeat IPC: 0.36218 cumulative IPC: 0.31802 (Simulation time: 0 hr 4 min 24 sec) 
Heartbeat CPU  0 instructions:  169000003 cycles:  392884186 heartbeat IPC: 0.37963 cumulative IPC: 0.31846 (Simulation time: 0 hr 4 min 26 sec) 
Heartbeat CPU  0 instructions:  170000002 cycles:  397720432 heartbeat IPC: 0.20677 cumulative IPC: 0.31703 (Simulation time: 0 hr 4 min 28 sec) 
Heartbeat CPU  0 instructions:  171000003 cycles:  400546884 heartbeat IPC: 0.35380 cumulative IPC: 0.31730 (Simulation time: 0 hr 4 min 30 sec) 
Heartbeat CPU  0 instructions:  172000000 cycles:  403821097 heartbeat IPC: 0.30542 cumulative IPC: 0.31720 (Simulation time: 0 hr 4 min 32 sec) 
Heartbeat CPU  0 instructions:  173000003 cycles:  406786948 heartbeat IPC: 0.33717 cumulative IPC: 0.31735 (Simulation time: 0 hr 4 min 34 sec) 
Heartbeat CPU  0 instructions:  174000001 cycles:  410079623 heartbeat IPC: 0.30370 cumulative IPC: 0.31724 (Simulation time: 0 hr 4 min 35 sec) 
Heartbeat CPU  0 instructions:  175000001 cycles:  413040366 heartbeat IPC: 0.33775 cumulative IPC: 0.31739 (Simulation time: 0 hr 4 min 37 sec) 
Heartbeat CPU  0 instructions:  176000000 cycles:  415937232 heartbeat IPC: 0.34520 cumulative IPC: 0.31760 (Simulation time: 0 hr 4 min 39 sec) 
Heartbeat CPU  0 instructions:  177000002 cycles:  420575326 heartbeat IPC: 0.21561 cumulative IPC: 0.31642 (Simulation time: 0 hr 4 min 41 sec) 
Heartbeat CPU  0 instructions:  178000003 cycles:  424315368 heartbeat IPC: 0.26738 cumulative IPC: 0.31597 (Simulation time: 0 hr 4 min 43 sec) 
Heartbeat CPU  0 instructions:  179000003 cycles:  427030731 heartbeat IPC: 0.36827 cumulative IPC: 0.31631 (Simulation time: 0 hr 4 min 45 sec) 
Heartbeat CPU  0 instructions:  180000000 cycles:  429721374 heartbeat IPC: 0.37166 cumulative IPC: 0.31668 (Simulation time: 0 hr 4 min 46 sec) 
Heartbeat CPU  0 instructions:  181000003 cycles:  434800657 heartbeat IPC: 0.19688 cumulative IPC: 0.31521 (Simulation time: 0 hr 4 min 48 sec) 
Heartbeat CPU  0 instructions:  182000000 cycles:  440074993 heartbeat IPC: 0.18960 cumulative IPC: 0.31364 (Simulation time: 0 hr 4 min 50 sec) 
Heartbeat CPU  0 instructions:  183000000 cycles:  445172746 heartbeat IPC: 0.19616 cumulative IPC: 0.31223 (Simulation time: 0 hr 4 min 52 sec) 
Heartbeat CPU  0 instructions:  184000000 cycles:  451758791 heartbeat IPC: 0.15184 cumulative IPC: 0.30979 (Simulation time: 0 hr 4 min 55 sec) 
Heartbeat CPU  0 instructions:  185000000 cycles:  458525230 heartbeat IPC: 0.14779 cumulative IPC: 0.30729 (Simulation time: 0 hr 4 min 57 sec) 
Heartbeat CPU  0 instructions:  186000002 cycles:  461444234 heartbeat IPC: 0.34258 cumulative IPC: 0.30753 (Simulation time: 0 hr 4 min 59 sec) 
Heartbeat CPU  0 instructions:  187000000 cycles:  464124616 heartbeat IPC: 0.37308 cumulative IPC: 0.30792 (Simulation time: 0 hr 5 min 1 sec) 
Heartbeat CPU  0 instructions:  188000000 cycles:  468796087 heartbeat IPC: 0.21407 cumulative IPC: 0.30695 (Simulation time: 0 hr 5 min 3 sec) 
Heartbeat CPU  0 instructions:  189000000 cycles:  472803382 heartbeat IPC: 0.24954 cumulative IPC: 0.30644 (Simulation time: 0 hr 5 min 5 sec) 
Heartbeat CPU  0 instructions:  190000001 cycles:  475802340 heartbeat IPC: 0.33345 cumulative IPC: 0.30662 (Simulation time: 0 hr 5 min 7 sec) 
Heartbeat CPU  0 instructions:  191000000 cycles:  478485555 heartbeat IPC: 0.37269 cumulative IPC: 0.30700 (Simulation time: 0 hr 5 min 9 sec) 
Heartbeat CPU  0 instructions:  192000000 cycles:  481229814 heartbeat IPC: 0.36440 cumulative IPC: 0.30734 (Simulation time: 0 hr 5 min 10 sec) 
Heartbeat CPU  0 instructions:  193000003 cycles:  484157553 heartbeat IPC: 0.34156 cumulative IPC: 0.30756 (Simulation time: 0 hr 5 min 12 sec) 
Heartbeat CPU  0 instructions:  194000001 cycles:  487941399 heartbeat IPC: 0.26428 cumulative IPC: 0.30721 (Simulation time: 0 hr 5 min 14 sec) 
Heartbeat CPU  0 instructions:  195000000 cycles:  490924584 heartbeat IPC: 0.33521 cumulative IPC: 0.30739 (Simulation time: 0 hr 5 min 16 sec) 
Heartbeat CPU  0 instructions:  196000000 cycles:  493533741 heartbeat IPC: 0.38327 cumulative IPC: 0.30781 (Simulation time: 0 hr 5 min 17 sec) 
Heartbeat CPU  0 instructions:  197000002 cycles:  496323871 heartbeat IPC: 0.35841 cumulative IPC: 0.30810 (Simulation time: 0 hr 5 min 19 sec) 
Heartbeat CPU  0 instructions:  198000003 cycles:  499405500 heartbeat IPC: 0.32450 cumulative IPC: 0.30821 (Simulation time: 0 hr 5 min 21 sec) 
Heartbeat CPU  0 instructions:  199000000 cycles:  502123047 heartbeat IPC: 0.36798 cumulative IPC: 0.30854 (Simulation time: 0 hr 5 min 22 sec) 
*** Reached end of trace for Core: 0 Repeating trace: /data2/Pythia5/CASSANDRA/traces/cassandra_phase1_core0.trace.xz
Heartbeat CPU  0 instructions:  200000000 cycles:  505002533 heartbeat IPC: 0.34728 cumulative IPC: 0.30877 (Simulation time: 0 hr 5 min 24 sec) 
Finished CPU 0 instructions: 150000000 cycles: 485794794 cumulative IPC: 0.30877 (Simulation time: 0 hr 5 min 24 sec) 

ChampSim completed all CPUs

[ROI Statistics]
Core_0_instructions 150000000
Core_0_cycles 485794794
Core_0_IPC 0.30877

Core_0_branch_prediction_accuracy 96.95970
Core_0_branch_MPKI 3.81193
Core_0_average_ROB_occupancy_at_mispredict 87.68719

Core_0_L1D_total_access 15352851
Core_0_L1D_total_hit 13822298
Core_0_L1D_total_miss 1530553
Core_0_L1D_loads 10021006
Core_0_L1D_load_hit 8657596
Core_0_L1D_load_miss 1363410
Core_0_L1D_RFOs 5331845
Core_0_L1D_RFO_hit 5164702
Core_0_L1D_RFO_miss 167143
Core_0_L1D_prefetches 0
Core_0_L1D_prefetch_hit 0
Core_0_L1D_prefetch_miss 0
Core_0_L1D_writebacks 0
Core_0_L1D_writeback_hit 0
Core_0_L1D_writeback_miss 0
Core_0_L1D_prefetch_requested 0
Core_0_L1D_prefetch_dropped 0
Core_0_L1D_prefetch_issued 0
Core_0_L1D_prefetch_filled 0
Core_0_L1D_prefetch_useful 0
Core_0_L1D_prefetch_useless 0
Core_0_L1D_prefetch_late 0
Core_0_L1D_average_miss_latency 200.54859

Core_0_L1D_rq_access 17780202
Core_0_L1D_rq_forward 0
Core_0_L1D_rq_merged 7446229
Core_0_L1D_rq_to_cache 10333725
Core_0_L1D_rq_full 0

Core_0_L1D_wq_access 5935670
Core_0_L1D_wq_forward 248
Core_0_L1D_wq_merged 135882
Core_0_L1D_wq_to_cache 5799788
Core_0_L1D_wq_full 3247

Core_0_L1D_pq_access 0
Core_0_L1D_pq_forward 0
Core_0_L1D_pq_merged 0
Core_0_L1D_pq_to_cache 0
Core_0_L1D_pq_full 0

Core_0_L1D_acc_epochs 0
Core_0_L1D_acc_level_0 0
Core_0_L1D_acc_level_1 0
Core_0_L1D_acc_level_2 0
Core_0_L1D_acc_level_3 0
Core_0_L1D_acc_level_4 0
Core_0_L1D_acc_level_5 0
Core_0_L1D_acc_level_6 0
Core_0_L1D_acc_level_7 0
Core_0_L1D_acc_level_8 0
Core_0_L1D_acc_level_9 0

Core_0_L1I_total_access 29792165
Core_0_L1I_total_hit 28976064
Core_0_L1I_total_miss 816101
Core_0_L1I_loads 29792165
Core_0_L1I_load_hit 28976064
Core_0_L1I_load_miss 816101
Core_0_L1I_RFOs 0
Core_0_L1I_RFO_hit 0
Core_0_L1I_RFO_miss 0
Core_0_L1I_prefetches 0
Core_0_L1I_prefetch_hit 0
Core_0_L1I_prefetch_miss 0
Core_0_L1I_writebacks 0
Core_0_L1I_writeback_hit 0
Core_0_L1I_writeback_miss 0
Core_0_L1I_prefetch_requested 0
Core_0_L1I_prefetch_dropped 0
Core_0_L1I_prefetch_issued 0
Core_0_L1I_prefetch_filled 0
Core_0_L1I_prefetch_useful 0
Core_0_L1I_prefetch_useless 0
Core_0_L1I_prefetch_late 0
Core_0_L1I_average_miss_latency 86.41600

Core_0_L1I_rq_access 150000190
Core_0_L1I_rq_forward 0
Core_0_L1I_rq_merged 119662668
Core_0_L1I_rq_to_cache 30337522
Core_0_L1I_rq_full 0

Core_0_L1I_wq_access 0
Core_0_L1I_wq_forward 0
Core_0_L1I_wq_merged 0
Core_0_L1I_wq_to_cache 0
Core_0_L1I_wq_full 0

Core_0_L1I_pq_access 0
Core_0_L1I_pq_forward 0
Core_0_L1I_pq_merged 0
Core_0_L1I_pq_to_cache 0
Core_0_L1I_pq_full 0

Core_0_L1I_acc_epochs 0
Core_0_L1I_acc_level_0 0
Core_0_L1I_acc_level_1 0
Core_0_L1I_acc_level_2 0
Core_0_L1I_acc_level_3 0
Core_0_L1I_acc_level_4 0
Core_0_L1I_acc_level_5 0
Core_0_L1I_acc_level_6 0
Core_0_L1I_acc_level_7 0
Core_0_L1I_acc_level_8 0
Core_0_L1I_acc_level_9 0

Core_0_L2C_total_access 4264530
Core_0_L2C_total_hit 1161635
Core_0_L2C_total_miss 3102895
Core_0_L2C_loads 2179490
Core_0_L2C_load_hit 696218
Core_0_L2C_load_miss 1483272
Core_0_L2C_RFOs 167114
Core_0_L2C_RFO_hit 40716
Core_0_L2C_RFO_miss 126398
Core_0_L2C_prefetches 1483098
Core_0_L2C_prefetch_hit 0
Core_0_L2C_prefetch_miss 1483098
Core_0_L2C_writebacks 434828
Core_0_L2C_writeback_hit 424701
Core_0_L2C_writeback_miss 10127
Core_0_L2C_prefetch_requested 1954371
Core_0_L2C_prefetch_dropped 170
Core_0_L2C_prefetch_issued 1954201
Core_0_L2C_prefetch_filled 1954201
Core_0_L2C_prefetch_useful 0
Core_0_L2C_prefetch_useless 1954139
Core_0_L2C_prefetch_late 0
Core_0_L2C_average_miss_latency 332.74523

Core_0_L2C_rq_access 2346654
Core_0_L2C_rq_forward 0
Core_0_L2C_rq_merged 0
Core_0_L2C_rq_to_cache 2346604
Core_0_L2C_rq_full 0

Core_0_L2C_wq_access 434828
Core_0_L2C_wq_forward 50
Core_0_L2C_wq_merged 0
Core_0_L2C_wq_to_cache 434828
Core_0_L2C_wq_full 0

Core_0_L2C_pq_access 1954201
Core_0_L2C_pq_forward 0
Core_0_L2C_pq_merged 0
Core_0_L2C_pq_to_cache 1954201
Core_0_L2C_pq_full 0

Core_0_L2C_acc_epochs 0
Core_0_L2C_acc_level_0 0
Core_0_L2C_acc_level_1 0
Core_0_L2C_acc_level_2 0
Core_0_L2C_acc_level_3 0
Core_0_L2C_acc_level_4 0
Core_0_L2C_acc_level_5 0
Core_0_L2C_acc_level_6 0
Core_0_L2C_acc_level_7 0
Core_0_L2C_acc_level_8 0
Core_0_L2C_acc_level_9 0

Core_0_LLC_total_access 3465537
Core_0_LLC_total_hit 844613
Core_0_LLC_total_miss 2620924
Core_0_LLC_loads 1483271
Core_0_LLC_load_hit 593911
Core_0_LLC_load_miss 889360
Core_0_LLC_RFOs 126397
Core_0_LLC_RFO_hit 47446
Core_0_LLC_RFO_miss 78951
Core_0_LLC_prefetches 1483098
Core_0_LLC_prefetch_hit 12522
Core_0_LLC_prefetch_miss 1470576
Core_0_LLC_writebacks 372771
Core_0_LLC_writeback_hit 190734
Core_0_LLC_writeback_miss 182037
Core_0_LLC_prefetch_requested 0
Core_0_LLC_prefetch_dropped 0
Core_0_LLC_prefetch_issued 0
Core_0_LLC_prefetch_filled 1939976
Core_0_LLC_prefetch_useful 0
Core_0_LLC_prefetch_useless 1939480
Core_0_LLC_prefetch_late 0
Core_0_LLC_average_miss_latency 335.49542

Core_0_LLC_rq_access 1609670
Core_0_LLC_rq_forward 0
Core_0_LLC_rq_merged 0
Core_0_LLC_rq_to_cache 1609668
Core_0_LLC_rq_full 0

Core_0_LLC_wq_access 372772
Core_0_LLC_wq_forward 2
Core_0_LLC_wq_merged 0
Core_0_LLC_wq_to_cache 372772
Core_0_LLC_wq_full 0

Core_0_LLC_pq_access 1954201
Core_0_LLC_pq_forward 0
Core_0_LLC_pq_merged 0
Core_0_LLC_pq_to_cache 1954201
Core_0_LLC_pq_full 0

Core_0_LLC_acc_epochs 0
Core_0_LLC_acc_level_0 0
Core_0_LLC_acc_level_1 0
Core_0_LLC_acc_level_2 0
Core_0_LLC_acc_level_3 0
Core_0_LLC_acc_level_4 0
Core_0_LLC_acc_level_5 0
Core_0_LLC_acc_level_6 0
Core_0_LLC_acc_level_7 0
Core_0_LLC_acc_level_8 0
Core_0_LLC_acc_level_9 0

Core_0_major_page_fault 0
Core_0_minor_page_fault 49030

[L1D] L1D prefetcher final stats
Channel_0_RQ_row_buffer_hit 624041
Channel_0_RQ_row_buffer_miss 1814819
Channel_0_WQ_row_buffer_hit 44344
Channel_0_WQ_row_buffer_miss 247171
Channel_0_WQ_full 0
Channel_0_dbus_congested 583218

avg_congested_cycle 8

DRAM_bw_pochs 1972667
DRAM_bw_level_0 1720315
DRAM_bw_level_1 220672
DRAM_bw_level_2 22574
DRAM_bw_level_3 9106
