*************************************************
   ChampSim Multicore Out-of-Order Simulator
   Last compiled: Mar 31 2025 00:42:49
*************************************************
parsing config file: /data2/Pythia5/config/pythia.ini

trace_0 /data2/Pythia5/CASSANDRA/traces/cassandra_phase5_core0.trace.xz
[L1D] L1D prefetcher initialized
[L2C] Group10 L2C prefetcher initialized
Initialize SHIP state
warmup_instructions 50000000
simulation_instructions 150000000
champsim_seed 2189
measure_ipc 0
measure_ipc_epoch 1000
measure_dram_bw 1
measure_dram_bw_epoch 256
measure_cache_acc 1
measure_cache_acc_epoch 1024
l1d_perfect 0
l2c_perfect 0
llc_perfect 0
l1d_semi_perfect 0
l2c_semi_perfect 0
llc_semi_perfect 0
semi_perfect_cache_page_buffer_size 64

num_cpus 1
cpu_freq 4000
dram_io_freq 2400
page_size 4096
block_size 64
max_read_per_cycle 8
max_fill_per_cycle 1
dram_channels 1
log2_dram_channels 0
dram_ranks 1
dram_banks 8
dram_rows 65536
dram_columns 128
dram_row_size 8
dram_size 4096
dram_pages 1048576

fetch_width 6
decode_width 6
exec_width 4
lq_width 2
sq_width 2
retire_width 4
scheduler_size 128
branch_mispredict_penalty 20
rob_size 256
lq_size 72
sq_size 56
num_instr_destinations_sparc 4
num_instr_destinations 2
num_instr_sources 4

itlb_set 16
itlb_way 8
itlb_rq_size 16
itlb_wq_size 16
itlb_pq_size 0
itlb_mshr_size 8
itlb_latency 1

dtlb_set 16
dtlb_way 4
dtlb_rq_size 16
dtlb_wq_size 16
dtlb_pq_size 0
dtlb_mshr_size 8
dtlb_latency 1

stlb_set 128
stlb_way 12
stlb_rq_size 32
stlb_wq_size 32
stlb_pq_size 0
stlb_mshr_size 16
stlb_latency 8

l1i_size 32
l1i_set 64
l1i_way 8
l1i_rq_size 64
l1i_wq_size 64
l1i_pq_size 8
l1i_mshr_size 8
l1i_latency 1

l1d_size 32
l1d_set 64
l1d_way 8
l1d_rq_size 64
l1d_wq_size 64
l1d_pq_size 8
l1d_mshr_size 16
l1d_latency 4

l2c_size 256
l2c_set 512
l2c_way 8
l2c_rq_size 32
l2c_wq_size 32
l2c_pq_size 32
l2c_mshr_size 32
l2c_latency 10

llc_size 2048
llc_set 2048
llc_way 16
llc_rq_size 32
llc_wq_size 32
llc_pq_size 32
llc_mshr_size 64
llc_latency 20

dram_channel_width 8
dram_wq_size 64
dram_rq_size 64
tRP 15
tRCD 15
tCAS 12.5
dram_dbus_turn_around_time 30
dram_write_high_wm 56
dram_write_low_wm 48
min_dram_writes_per_switch 16
dram_mtps 2400
dram_dbus_return_time 13

[L1D] L1D prefetcher configuration

Heartbeat CPU  0 instructions:    1000003 cycles:     522712 heartbeat IPC: 1.91311 cumulative IPC: 1.91311 (Simulation time: 0 hr 0 min 1 sec) 
Heartbeat CPU  0 instructions:    2000000 cycles:     874921 heartbeat IPC: 2.83921 cumulative IPC: 2.28592 (Simulation time: 0 hr 0 min 2 sec) 
Heartbeat CPU  0 instructions:    3000001 cycles:    1200833 heartbeat IPC: 3.06832 cumulative IPC: 2.49827 (Simulation time: 0 hr 0 min 3 sec) 
Heartbeat CPU  0 instructions:    4000000 cycles:    1530294 heartbeat IPC: 3.03526 cumulative IPC: 2.61388 (Simulation time: 0 hr 0 min 4 sec) 
Heartbeat CPU  0 instructions:    5000003 cycles:    1903174 heartbeat IPC: 2.68184 cumulative IPC: 2.62719 (Simulation time: 0 hr 0 min 5 sec) 
Heartbeat CPU  0 instructions:    6000001 cycles:    2232596 heartbeat IPC: 3.03561 cumulative IPC: 2.68745 (Simulation time: 0 hr 0 min 6 sec) 
Heartbeat CPU  0 instructions:    7000002 cycles:    2677643 heartbeat IPC: 2.24696 cumulative IPC: 2.61424 (Simulation time: 0 hr 0 min 7 sec) 
Heartbeat CPU  0 instructions:    8000000 cycles:    3009128 heartbeat IPC: 3.01672 cumulative IPC: 2.65858 (Simulation time: 0 hr 0 min 8 sec) 
Heartbeat CPU  0 instructions:    9000001 cycles:    3444490 heartbeat IPC: 2.29694 cumulative IPC: 2.61287 (Simulation time: 0 hr 0 min 9 sec) 
Heartbeat CPU  0 instructions:   10000003 cycles:    3768295 heartbeat IPC: 3.08828 cumulative IPC: 2.65372 (Simulation time: 0 hr 0 min 10 sec) 
Heartbeat CPU  0 instructions:   11000000 cycles:    4206483 heartbeat IPC: 2.28212 cumulative IPC: 2.61501 (Simulation time: 0 hr 0 min 11 sec) 
Heartbeat CPU  0 instructions:   12000000 cycles:    4631951 heartbeat IPC: 2.35035 cumulative IPC: 2.59070 (Simulation time: 0 hr 0 min 12 sec) 
Heartbeat CPU  0 instructions:   13000000 cycles:    4964578 heartbeat IPC: 3.00637 cumulative IPC: 2.61855 (Simulation time: 0 hr 0 min 13 sec) 
Heartbeat CPU  0 instructions:   14000003 cycles:    5301926 heartbeat IPC: 2.96431 cumulative IPC: 2.64055 (Simulation time: 0 hr 0 min 14 sec) 
Heartbeat CPU  0 instructions:   15000003 cycles:    5627218 heartbeat IPC: 3.07416 cumulative IPC: 2.66562 (Simulation time: 0 hr 0 min 15 sec) 
Heartbeat CPU  0 instructions:   16000000 cycles:    5991281 heartbeat IPC: 2.74677 cumulative IPC: 2.67055 (Simulation time: 0 hr 0 min 16 sec) 
Heartbeat CPU  0 instructions:   17000002 cycles:    6322204 heartbeat IPC: 3.02186 cumulative IPC: 2.68894 (Simulation time: 0 hr 0 min 17 sec) 
Heartbeat CPU  0 instructions:   18000003 cycles:    6676427 heartbeat IPC: 2.82308 cumulative IPC: 2.69605 (Simulation time: 0 hr 0 min 19 sec) 
Heartbeat CPU  0 instructions:   19000000 cycles:    7000371 heartbeat IPC: 3.08694 cumulative IPC: 2.71414 (Simulation time: 0 hr 0 min 20 sec) 
Heartbeat CPU  0 instructions:   20000000 cycles:    7352415 heartbeat IPC: 2.84055 cumulative IPC: 2.72019 (Simulation time: 0 hr 0 min 21 sec) 
Heartbeat CPU  0 instructions:   21000001 cycles:    7664593 heartbeat IPC: 3.20330 cumulative IPC: 2.73987 (Simulation time: 0 hr 0 min 22 sec) 
Heartbeat CPU  0 instructions:   22000002 cycles:    8078378 heartbeat IPC: 2.41672 cumulative IPC: 2.72332 (Simulation time: 0 hr 0 min 23 sec) 
Heartbeat CPU  0 instructions:   23000001 cycles:    8498942 heartbeat IPC: 2.37776 cumulative IPC: 2.70622 (Simulation time: 0 hr 0 min 24 sec) 
Heartbeat CPU  0 instructions:   24000000 cycles:    8824165 heartbeat IPC: 3.07481 cumulative IPC: 2.71980 (Simulation time: 0 hr 0 min 25 sec) 
Heartbeat CPU  0 instructions:   25000003 cycles:    9160861 heartbeat IPC: 2.97005 cumulative IPC: 2.72900 (Simulation time: 0 hr 0 min 26 sec) 
Heartbeat CPU  0 instructions:   26000000 cycles:    9606355 heartbeat IPC: 2.24469 cumulative IPC: 2.70654 (Simulation time: 0 hr 0 min 27 sec) 
Heartbeat CPU  0 instructions:   27000001 cycles:    9967496 heartbeat IPC: 2.76900 cumulative IPC: 2.70880 (Simulation time: 0 hr 0 min 28 sec) 
Heartbeat CPU  0 instructions:   28000000 cycles:   10318150 heartbeat IPC: 2.85181 cumulative IPC: 2.71366 (Simulation time: 0 hr 0 min 29 sec) 
Heartbeat CPU  0 instructions:   29000000 cycles:   10641551 heartbeat IPC: 3.09214 cumulative IPC: 2.72517 (Simulation time: 0 hr 0 min 30 sec) 
Heartbeat CPU  0 instructions:   30000003 cycles:   11120737 heartbeat IPC: 2.08688 cumulative IPC: 2.69766 (Simulation time: 0 hr 0 min 31 sec) 
Heartbeat CPU  0 instructions:   31000003 cycles:   11438617 heartbeat IPC: 3.14584 cumulative IPC: 2.71012 (Simulation time: 0 hr 0 min 32 sec) 
Heartbeat CPU  0 instructions:   32000000 cycles:   11762231 heartbeat IPC: 3.09009 cumulative IPC: 2.72057 (Simulation time: 0 hr 0 min 33 sec) 
Heartbeat CPU  0 instructions:   33000003 cycles:   12183578 heartbeat IPC: 2.37335 cumulative IPC: 2.70856 (Simulation time: 0 hr 0 min 34 sec) 
Heartbeat CPU  0 instructions:   34000003 cycles:   12566600 heartbeat IPC: 2.61082 cumulative IPC: 2.70559 (Simulation time: 0 hr 0 min 35 sec) 
Heartbeat CPU  0 instructions:   35000000 cycles:   12921820 heartbeat IPC: 2.81515 cumulative IPC: 2.70860 (Simulation time: 0 hr 0 min 36 sec) 
Heartbeat CPU  0 instructions:   36000000 cycles:   13319648 heartbeat IPC: 2.51365 cumulative IPC: 2.70277 (Simulation time: 0 hr 0 min 37 sec) 
Heartbeat CPU  0 instructions:   37000002 cycles:   13710525 heartbeat IPC: 2.55835 cumulative IPC: 2.69866 (Simulation time: 0 hr 0 min 38 sec) 
Heartbeat CPU  0 instructions:   38000002 cycles:   14136726 heartbeat IPC: 2.34631 cumulative IPC: 2.68803 (Simulation time: 0 hr 0 min 39 sec) 
Heartbeat CPU  0 instructions:   39000002 cycles:   14511500 heartbeat IPC: 2.66827 cumulative IPC: 2.68752 (Simulation time: 0 hr 0 min 40 sec) 
Heartbeat CPU  0 instructions:   40000000 cycles:   14836200 heartbeat IPC: 3.07976 cumulative IPC: 2.69611 (Simulation time: 0 hr 0 min 41 sec) 
Heartbeat CPU  0 instructions:   41000001 cycles:   15208938 heartbeat IPC: 2.68285 cumulative IPC: 2.69578 (Simulation time: 0 hr 0 min 42 sec) 
Heartbeat CPU  0 instructions:   42000002 cycles:   15526556 heartbeat IPC: 3.14844 cumulative IPC: 2.70504 (Simulation time: 0 hr 0 min 43 sec) 
Heartbeat CPU  0 instructions:   43000000 cycles:   15852183 heartbeat IPC: 3.07099 cumulative IPC: 2.71256 (Simulation time: 0 hr 0 min 44 sec) 
Heartbeat CPU  0 instructions:   44000000 cycles:   16175962 heartbeat IPC: 3.08853 cumulative IPC: 2.72009 (Simulation time: 0 hr 0 min 45 sec) 
Heartbeat CPU  0 instructions:   45000000 cycles:   16500818 heartbeat IPC: 3.07829 cumulative IPC: 2.72714 (Simulation time: 0 hr 0 min 46 sec) 
Heartbeat CPU  0 instructions:   46000001 cycles:   16830874 heartbeat IPC: 3.02979 cumulative IPC: 2.73307 (Simulation time: 0 hr 0 min 47 sec) 
Heartbeat CPU  0 instructions:   47000000 cycles:   17180319 heartbeat IPC: 2.86168 cumulative IPC: 2.73569 (Simulation time: 0 hr 0 min 48 sec) 
Heartbeat CPU  0 instructions:   48000000 cycles:   17535260 heartbeat IPC: 2.81737 cumulative IPC: 2.73734 (Simulation time: 0 hr 0 min 49 sec) 
Heartbeat CPU  0 instructions:   49000002 cycles:   18005542 heartbeat IPC: 2.12639 cumulative IPC: 2.72138 (Simulation time: 0 hr 0 min 51 sec) 
Heartbeat CPU  0 instructions:   50000003 cycles:   18376537 heartbeat IPC: 2.69546 cumulative IPC: 2.72086 (Simulation time: 0 hr 0 min 52 sec) 

Warmup complete CPU  0 instructions:   50000003 cycles:   18376537 (Simulation time: 0 hr 0 min 52 sec) 

Heartbeat CPU  0 instructions:   51000003 cycles:   21027298 heartbeat IPC: 0.37725 cumulative IPC: 0.37725 (Simulation time: 0 hr 0 min 53 sec) 
Heartbeat CPU  0 instructions:   52000000 cycles:   23584097 heartbeat IPC: 0.39111 cumulative IPC: 0.38406 (Simulation time: 0 hr 0 min 55 sec) 
Heartbeat CPU  0 instructions:   53000002 cycles:   26151403 heartbeat IPC: 0.38951 cumulative IPC: 0.38586 (Simulation time: 0 hr 0 min 56 sec) 
Heartbeat CPU  0 instructions:   54000001 cycles:   29328871 heartbeat IPC: 0.31472 cumulative IPC: 0.36522 (Simulation time: 0 hr 0 min 58 sec) 
Heartbeat CPU  0 instructions:   55000000 cycles:   32286432 heartbeat IPC: 0.33812 cumulative IPC: 0.35946 (Simulation time: 0 hr 0 min 59 sec) 
Heartbeat CPU  0 instructions:   56000000 cycles:   35381213 heartbeat IPC: 0.32312 cumulative IPC: 0.35284 (Simulation time: 0 hr 1 min 1 sec) 
Heartbeat CPU  0 instructions:   57000002 cycles:   38071682 heartbeat IPC: 0.37168 cumulative IPC: 0.35542 (Simulation time: 0 hr 1 min 3 sec) 
Heartbeat CPU  0 instructions:   58000000 cycles:   40899990 heartbeat IPC: 0.35357 cumulative IPC: 0.35519 (Simulation time: 0 hr 1 min 4 sec) 
Heartbeat CPU  0 instructions:   59000002 cycles:   44908503 heartbeat IPC: 0.24947 cumulative IPC: 0.33921 (Simulation time: 0 hr 1 min 7 sec) 
Heartbeat CPU  0 instructions:   60000000 cycles:   47437377 heartbeat IPC: 0.39543 cumulative IPC: 0.34411 (Simulation time: 0 hr 1 min 8 sec) 
Heartbeat CPU  0 instructions:   61000003 cycles:   50562186 heartbeat IPC: 0.32002 cumulative IPC: 0.34177 (Simulation time: 0 hr 1 min 10 sec) 
Heartbeat CPU  0 instructions:   62000002 cycles:   53347138 heartbeat IPC: 0.35907 cumulative IPC: 0.34315 (Simulation time: 0 hr 1 min 12 sec) 
Heartbeat CPU  0 instructions:   63000003 cycles:   56025253 heartbeat IPC: 0.37340 cumulative IPC: 0.34530 (Simulation time: 0 hr 1 min 13 sec) 
Heartbeat CPU  0 instructions:   64000000 cycles:   58685127 heartbeat IPC: 0.37596 cumulative IPC: 0.34732 (Simulation time: 0 hr 1 min 15 sec) 
Heartbeat CPU  0 instructions:   65000003 cycles:   61352576 heartbeat IPC: 0.37489 cumulative IPC: 0.34903 (Simulation time: 0 hr 1 min 16 sec) 
Heartbeat CPU  0 instructions:   66000001 cycles:   63962185 heartbeat IPC: 0.38320 cumulative IPC: 0.35099 (Simulation time: 0 hr 1 min 18 sec) 
Heartbeat CPU  0 instructions:   67000002 cycles:   66635205 heartbeat IPC: 0.37411 cumulative IPC: 0.35227 (Simulation time: 0 hr 1 min 20 sec) 
Heartbeat CPU  0 instructions:   68000000 cycles:   69642840 heartbeat IPC: 0.33249 cumulative IPC: 0.35111 (Simulation time: 0 hr 1 min 21 sec) 
Heartbeat CPU  0 instructions:   69000003 cycles:   72199237 heartbeat IPC: 0.39118 cumulative IPC: 0.35301 (Simulation time: 0 hr 1 min 23 sec) 
Heartbeat CPU  0 instructions:   70000003 cycles:   74752901 heartbeat IPC: 0.39159 cumulative IPC: 0.35476 (Simulation time: 0 hr 1 min 24 sec) 
Heartbeat CPU  0 instructions:   71000000 cycles:   78398159 heartbeat IPC: 0.27433 cumulative IPC: 0.34987 (Simulation time: 0 hr 1 min 26 sec) 
Heartbeat CPU  0 instructions:   72000000 cycles:   80978746 heartbeat IPC: 0.38751 cumulative IPC: 0.35143 (Simulation time: 0 hr 1 min 28 sec) 
Heartbeat CPU  0 instructions:   73000001 cycles:   83565694 heartbeat IPC: 0.38656 cumulative IPC: 0.35282 (Simulation time: 0 hr 1 min 29 sec) 
Heartbeat CPU  0 instructions:   74000000 cycles:   86190442 heartbeat IPC: 0.38099 cumulative IPC: 0.35391 (Simulation time: 0 hr 1 min 31 sec) 
Heartbeat CPU  0 instructions:   75000003 cycles:   88740876 heartbeat IPC: 0.39209 cumulative IPC: 0.35529 (Simulation time: 0 hr 1 min 32 sec) 
Heartbeat CPU  0 instructions:   76000000 cycles:   91325899 heartbeat IPC: 0.38684 cumulative IPC: 0.35641 (Simulation time: 0 hr 1 min 34 sec) 
Heartbeat CPU  0 instructions:   77000003 cycles:   93741717 heartbeat IPC: 0.41394 cumulative IPC: 0.35826 (Simulation time: 0 hr 1 min 36 sec) 
Heartbeat CPU  0 instructions:   78000002 cycles:   97062734 heartbeat IPC: 0.30111 cumulative IPC: 0.35584 (Simulation time: 0 hr 1 min 37 sec) 
Heartbeat CPU  0 instructions:   79000003 cycles:  100092475 heartbeat IPC: 0.33006 cumulative IPC: 0.35489 (Simulation time: 0 hr 1 min 39 sec) 
Heartbeat CPU  0 instructions:   80000000 cycles:  102713622 heartbeat IPC: 0.38151 cumulative IPC: 0.35572 (Simulation time: 0 hr 1 min 40 sec) 
Heartbeat CPU  0 instructions:   81000002 cycles:  105352777 heartbeat IPC: 0.37891 cumulative IPC: 0.35642 (Simulation time: 0 hr 1 min 42 sec) 
Heartbeat CPU  0 instructions:   82000003 cycles:  107960874 heartbeat IPC: 0.38342 cumulative IPC: 0.35721 (Simulation time: 0 hr 1 min 44 sec) 
Heartbeat CPU  0 instructions:   83000003 cycles:  110624568 heartbeat IPC: 0.37542 cumulative IPC: 0.35773 (Simulation time: 0 hr 1 min 45 sec) 
Heartbeat CPU  0 instructions:   84000000 cycles:  113363583 heartbeat IPC: 0.36509 cumulative IPC: 0.35794 (Simulation time: 0 hr 1 min 47 sec) 
Heartbeat CPU  0 instructions:   85000001 cycles:  116536861 heartbeat IPC: 0.31513 cumulative IPC: 0.35656 (Simulation time: 0 hr 1 min 48 sec) 
Heartbeat CPU  0 instructions:   86000001 cycles:  119911863 heartbeat IPC: 0.29630 cumulative IPC: 0.35456 (Simulation time: 0 hr 1 min 50 sec) 
Heartbeat CPU  0 instructions:   87000000 cycles:  122460376 heartbeat IPC: 0.39239 cumulative IPC: 0.35548 (Simulation time: 0 hr 1 min 52 sec) 
Heartbeat CPU  0 instructions:   88000000 cycles:  125390105 heartbeat IPC: 0.34133 cumulative IPC: 0.35510 (Simulation time: 0 hr 1 min 54 sec) 
Heartbeat CPU  0 instructions:   89000001 cycles:  127967431 heartbeat IPC: 0.38800 cumulative IPC: 0.35587 (Simulation time: 0 hr 1 min 55 sec) 
Heartbeat CPU  0 instructions:   90000002 cycles:  131722632 heartbeat IPC: 0.26630 cumulative IPC: 0.35290 (Simulation time: 0 hr 1 min 57 sec) 
Heartbeat CPU  0 instructions:   91000000 cycles:  134381603 heartbeat IPC: 0.37608 cumulative IPC: 0.35343 (Simulation time: 0 hr 1 min 59 sec) 
Heartbeat CPU  0 instructions:   92000000 cycles:  136981157 heartbeat IPC: 0.38468 cumulative IPC: 0.35412 (Simulation time: 0 hr 2 min 0 sec) 
Heartbeat CPU  0 instructions:   93000000 cycles:  139749135 heartbeat IPC: 0.36127 cumulative IPC: 0.35428 (Simulation time: 0 hr 2 min 2 sec) 
Heartbeat CPU  0 instructions:   94000002 cycles:  142507895 heartbeat IPC: 0.36248 cumulative IPC: 0.35446 (Simulation time: 0 hr 2 min 3 sec) 
Heartbeat CPU  0 instructions:   95000002 cycles:  145234335 heartbeat IPC: 0.36678 cumulative IPC: 0.35473 (Simulation time: 0 hr 2 min 5 sec) 
Heartbeat CPU  0 instructions:   96000000 cycles:  147914012 heartbeat IPC: 0.37318 cumulative IPC: 0.35511 (Simulation time: 0 hr 2 min 7 sec) 
Heartbeat CPU  0 instructions:   97000002 cycles:  150553040 heartbeat IPC: 0.37893 cumulative IPC: 0.35559 (Simulation time: 0 hr 2 min 8 sec) 
Heartbeat CPU  0 instructions:   98000002 cycles:  154051145 heartbeat IPC: 0.28587 cumulative IPC: 0.35379 (Simulation time: 0 hr 2 min 10 sec) 
Heartbeat CPU  0 instructions:   99000001 cycles:  156728231 heartbeat IPC: 0.37354 cumulative IPC: 0.35417 (Simulation time: 0 hr 2 min 11 sec) 
*** Reached end of trace for Core: 0 Repeating trace: /data2/Pythia5/CASSANDRA/traces/cassandra_phase5_core0.trace.xz
Heartbeat CPU  0 instructions:  100000000 cycles:  159349323 heartbeat IPC: 0.38152 cumulative IPC: 0.35468 (Simulation time: 0 hr 2 min 13 sec) 
Heartbeat CPU  0 instructions:  101000000 cycles:  162711198 heartbeat IPC: 0.29745 cumulative IPC: 0.35335 (Simulation time: 0 hr 2 min 15 sec) 
Heartbeat CPU  0 instructions:  102000002 cycles:  165411274 heartbeat IPC: 0.37036 cumulative IPC: 0.35366 (Simulation time: 0 hr 2 min 17 sec) 
Heartbeat CPU  0 instructions:  103000001 cycles:  167927161 heartbeat IPC: 0.39747 cumulative IPC: 0.35440 (Simulation time: 0 hr 2 min 18 sec) 
Heartbeat CPU  0 instructions:  104000000 cycles:  170471643 heartbeat IPC: 0.39301 cumulative IPC: 0.35504 (Simulation time: 0 hr 2 min 20 sec) 
Heartbeat CPU  0 instructions:  105000000 cycles:  173306630 heartbeat IPC: 0.35274 cumulative IPC: 0.35500 (Simulation time: 0 hr 2 min 21 sec) 
Heartbeat CPU  0 instructions:  106000003 cycles:  175898627 heartbeat IPC: 0.38580 cumulative IPC: 0.35551 (Simulation time: 0 hr 2 min 23 sec) 
Heartbeat CPU  0 instructions:  107000002 cycles:  179100481 heartbeat IPC: 0.31232 cumulative IPC: 0.35465 (Simulation time: 0 hr 2 min 25 sec) 
Heartbeat CPU  0 instructions:  108000000 cycles:  181803304 heartbeat IPC: 0.36998 cumulative IPC: 0.35490 (Simulation time: 0 hr 2 min 26 sec) 
Heartbeat CPU  0 instructions:  109000001 cycles:  185223498 heartbeat IPC: 0.29238 cumulative IPC: 0.35362 (Simulation time: 0 hr 2 min 28 sec) 
Heartbeat CPU  0 instructions:  110000001 cycles:  187752051 heartbeat IPC: 0.39548 cumulative IPC: 0.35424 (Simulation time: 0 hr 2 min 29 sec) 
Heartbeat CPU  0 instructions:  111000002 cycles:  190976109 heartbeat IPC: 0.31017 cumulative IPC: 0.35342 (Simulation time: 0 hr 2 min 31 sec) 
Heartbeat CPU  0 instructions:  112000000 cycles:  194196836 heartbeat IPC: 0.31049 cumulative IPC: 0.35263 (Simulation time: 0 hr 2 min 33 sec) 
Heartbeat CPU  0 instructions:  113000001 cycles:  196949266 heartbeat IPC: 0.36332 cumulative IPC: 0.35280 (Simulation time: 0 hr 2 min 35 sec) 
Heartbeat CPU  0 instructions:  114000003 cycles:  199702152 heartbeat IPC: 0.36326 cumulative IPC: 0.35296 (Simulation time: 0 hr 2 min 36 sec) 
Heartbeat CPU  0 instructions:  115000000 cycles:  202401968 heartbeat IPC: 0.37039 cumulative IPC: 0.35321 (Simulation time: 0 hr 2 min 38 sec) 
Heartbeat CPU  0 instructions:  116000000 cycles:  205304044 heartbeat IPC: 0.34458 cumulative IPC: 0.35308 (Simulation time: 0 hr 2 min 39 sec) 
Heartbeat CPU  0 instructions:  117000002 cycles:  208076408 heartbeat IPC: 0.36070 cumulative IPC: 0.35319 (Simulation time: 0 hr 2 min 41 sec) 
Heartbeat CPU  0 instructions:  118000000 cycles:  210864439 heartbeat IPC: 0.35868 cumulative IPC: 0.35327 (Simulation time: 0 hr 2 min 43 sec) 
Heartbeat CPU  0 instructions:  119000000 cycles:  213494988 heartbeat IPC: 0.38015 cumulative IPC: 0.35363 (Simulation time: 0 hr 2 min 44 sec) 
Heartbeat CPU  0 instructions:  120000000 cycles:  216490330 heartbeat IPC: 0.33385 cumulative IPC: 0.35333 (Simulation time: 0 hr 2 min 46 sec) 
Heartbeat CPU  0 instructions:  121000002 cycles:  219040563 heartbeat IPC: 0.39212 cumulative IPC: 0.35383 (Simulation time: 0 hr 2 min 47 sec) 
Heartbeat CPU  0 instructions:  122000000 cycles:  222099523 heartbeat IPC: 0.32691 cumulative IPC: 0.35342 (Simulation time: 0 hr 2 min 49 sec) 
Heartbeat CPU  0 instructions:  123000000 cycles:  225547389 heartbeat IPC: 0.29003 cumulative IPC: 0.35237 (Simulation time: 0 hr 2 min 51 sec) 
Heartbeat CPU  0 instructions:  124000000 cycles:  228109794 heartbeat IPC: 0.39026 cumulative IPC: 0.35283 (Simulation time: 0 hr 2 min 52 sec) 
Heartbeat CPU  0 instructions:  125000001 cycles:  230737120 heartbeat IPC: 0.38062 cumulative IPC: 0.35317 (Simulation time: 0 hr 2 min 54 sec) 
Heartbeat CPU  0 instructions:  126000001 cycles:  234103538 heartbeat IPC: 0.29705 cumulative IPC: 0.35230 (Simulation time: 0 hr 2 min 56 sec) 
Heartbeat CPU  0 instructions:  127000001 cycles:  236739625 heartbeat IPC: 0.37935 cumulative IPC: 0.35262 (Simulation time: 0 hr 2 min 57 sec) 
Heartbeat CPU  0 instructions:  128000000 cycles:  239424537 heartbeat IPC: 0.37245 cumulative IPC: 0.35286 (Simulation time: 0 hr 2 min 59 sec) 
Heartbeat CPU  0 instructions:  129000000 cycles:  241889139 heartbeat IPC: 0.40575 cumulative IPC: 0.35345 (Simulation time: 0 hr 3 min 0 sec) 
Heartbeat CPU  0 instructions:  130000000 cycles:  245654867 heartbeat IPC: 0.26555 cumulative IPC: 0.35199 (Simulation time: 0 hr 3 min 3 sec) 
Heartbeat CPU  0 instructions:  131000001 cycles:  248256723 heartbeat IPC: 0.38434 cumulative IPC: 0.35236 (Simulation time: 0 hr 3 min 4 sec) 
Heartbeat CPU  0 instructions:  132000000 cycles:  250899777 heartbeat IPC: 0.37835 cumulative IPC: 0.35265 (Simulation time: 0 hr 3 min 6 sec) 
Heartbeat CPU  0 instructions:  133000000 cycles:  254168798 heartbeat IPC: 0.30590 cumulative IPC: 0.35200 (Simulation time: 0 hr 3 min 8 sec) 
Heartbeat CPU  0 instructions:  134000002 cycles:  257324907 heartbeat IPC: 0.31685 cumulative IPC: 0.35154 (Simulation time: 0 hr 3 min 9 sec) 
Heartbeat CPU  0 instructions:  135000000 cycles:  260327810 heartbeat IPC: 0.33301 cumulative IPC: 0.35131 (Simulation time: 0 hr 3 min 11 sec) 
Heartbeat CPU  0 instructions:  136000000 cycles:  263364147 heartbeat IPC: 0.32934 cumulative IPC: 0.35104 (Simulation time: 0 hr 3 min 13 sec) 
Heartbeat CPU  0 instructions:  137000000 cycles:  266382366 heartbeat IPC: 0.33132 cumulative IPC: 0.35080 (Simulation time: 0 hr 3 min 14 sec) 
Heartbeat CPU  0 instructions:  138000001 cycles:  269459668 heartbeat IPC: 0.32496 cumulative IPC: 0.35048 (Simulation time: 0 hr 3 min 16 sec) 
Heartbeat CPU  0 instructions:  139000003 cycles:  272447838 heartbeat IPC: 0.33465 cumulative IPC: 0.35030 (Simulation time: 0 hr 3 min 18 sec) 
Heartbeat CPU  0 instructions:  140000000 cycles:  275121519 heartbeat IPC: 0.37402 cumulative IPC: 0.35054 (Simulation time: 0 hr 3 min 19 sec) 
Heartbeat CPU  0 instructions:  141000002 cycles:  278126097 heartbeat IPC: 0.33283 cumulative IPC: 0.35034 (Simulation time: 0 hr 3 min 21 sec) 
Heartbeat CPU  0 instructions:  142000001 cycles:  280620468 heartbeat IPC: 0.40090 cumulative IPC: 0.35082 (Simulation time: 0 hr 3 min 22 sec) 
Heartbeat CPU  0 instructions:  143000002 cycles:  283254658 heartbeat IPC: 0.37962 cumulative IPC: 0.35110 (Simulation time: 0 hr 3 min 24 sec) 
Heartbeat CPU  0 instructions:  144000000 cycles:  285913890 heartbeat IPC: 0.37605 cumulative IPC: 0.35135 (Simulation time: 0 hr 3 min 25 sec) 
Heartbeat CPU  0 instructions:  145000001 cycles:  288606726 heartbeat IPC: 0.37136 cumulative IPC: 0.35155 (Simulation time: 0 hr 3 min 27 sec) 
Heartbeat CPU  0 instructions:  146000001 cycles:  291308607 heartbeat IPC: 0.37011 cumulative IPC: 0.35174 (Simulation time: 0 hr 3 min 29 sec) 
Heartbeat CPU  0 instructions:  147000001 cycles:  294259724 heartbeat IPC: 0.33885 cumulative IPC: 0.35160 (Simulation time: 0 hr 3 min 30 sec) 
Heartbeat CPU  0 instructions:  148000000 cycles:  297143040 heartbeat IPC: 0.34682 cumulative IPC: 0.35155 (Simulation time: 0 hr 3 min 32 sec) 
Heartbeat CPU  0 instructions:  149000001 cycles:  300665890 heartbeat IPC: 0.28386 cumulative IPC: 0.35070 (Simulation time: 0 hr 3 min 34 sec) 
Heartbeat CPU  0 instructions:  150000003 cycles:  303695833 heartbeat IPC: 0.33004 cumulative IPC: 0.35048 (Simulation time: 0 hr 3 min 36 sec) 
Heartbeat CPU  0 instructions:  151000001 cycles:  306295995 heartbeat IPC: 0.38459 cumulative IPC: 0.35079 (Simulation time: 0 hr 3 min 37 sec) 
Heartbeat CPU  0 instructions:  152000000 cycles:  308802502 heartbeat IPC: 0.39896 cumulative IPC: 0.35121 (Simulation time: 0 hr 3 min 39 sec) 
Heartbeat CPU  0 instructions:  153000002 cycles:  311339445 heartbeat IPC: 0.39418 cumulative IPC: 0.35158 (Simulation time: 0 hr 3 min 40 sec) 
Heartbeat CPU  0 instructions:  154000002 cycles:  314510729 heartbeat IPC: 0.31533 cumulative IPC: 0.35119 (Simulation time: 0 hr 3 min 42 sec) 
Heartbeat CPU  0 instructions:  155000000 cycles:  317454059 heartbeat IPC: 0.33975 cumulative IPC: 0.35108 (Simulation time: 0 hr 3 min 43 sec) 
Heartbeat CPU  0 instructions:  156000000 cycles:  320533973 heartbeat IPC: 0.32468 cumulative IPC: 0.35081 (Simulation time: 0 hr 3 min 45 sec) 
Heartbeat CPU  0 instructions:  157000002 cycles:  323192970 heartbeat IPC: 0.37608 cumulative IPC: 0.35103 (Simulation time: 0 hr 3 min 47 sec) 
Heartbeat CPU  0 instructions:  158000003 cycles:  325998309 heartbeat IPC: 0.35646 cumulative IPC: 0.35108 (Simulation time: 0 hr 3 min 48 sec) 
Heartbeat CPU  0 instructions:  159000000 cycles:  329976536 heartbeat IPC: 0.25137 cumulative IPC: 0.34981 (Simulation time: 0 hr 3 min 51 sec) 
Heartbeat CPU  0 instructions:  160000000 cycles:  332508090 heartbeat IPC: 0.39501 cumulative IPC: 0.35017 (Simulation time: 0 hr 3 min 52 sec) 
Heartbeat CPU  0 instructions:  161000000 cycles:  335591353 heartbeat IPC: 0.32433 cumulative IPC: 0.34992 (Simulation time: 0 hr 3 min 54 sec) 
Heartbeat CPU  0 instructions:  162000003 cycles:  338323196 heartbeat IPC: 0.36605 cumulative IPC: 0.35006 (Simulation time: 0 hr 3 min 56 sec) 
Heartbeat CPU  0 instructions:  163000003 cycles:  340978657 heartbeat IPC: 0.37658 cumulative IPC: 0.35028 (Simulation time: 0 hr 3 min 57 sec) 
Heartbeat CPU  0 instructions:  164000000 cycles:  343638272 heartbeat IPC: 0.37599 cumulative IPC: 0.35049 (Simulation time: 0 hr 3 min 59 sec) 
Heartbeat CPU  0 instructions:  165000003 cycles:  346310838 heartbeat IPC: 0.37417 cumulative IPC: 0.35068 (Simulation time: 0 hr 4 min 0 sec) 
Heartbeat CPU  0 instructions:  166000003 cycles:  348924916 heartbeat IPC: 0.38254 cumulative IPC: 0.35093 (Simulation time: 0 hr 4 min 2 sec) 
Heartbeat CPU  0 instructions:  167000000 cycles:  351589467 heartbeat IPC: 0.37530 cumulative IPC: 0.35113 (Simulation time: 0 hr 4 min 3 sec) 
Heartbeat CPU  0 instructions:  168000000 cycles:  354591198 heartbeat IPC: 0.33314 cumulative IPC: 0.35097 (Simulation time: 0 hr 4 min 5 sec) 
Heartbeat CPU  0 instructions:  169000002 cycles:  357144200 heartbeat IPC: 0.39170 cumulative IPC: 0.35127 (Simulation time: 0 hr 4 min 7 sec) 
Heartbeat CPU  0 instructions:  170000002 cycles:  359680456 heartbeat IPC: 0.39428 cumulative IPC: 0.35159 (Simulation time: 0 hr 4 min 8 sec) 
Heartbeat CPU  0 instructions:  171000000 cycles:  363305721 heartbeat IPC: 0.27584 cumulative IPC: 0.35080 (Simulation time: 0 hr 4 min 10 sec) 
Heartbeat CPU  0 instructions:  172000000 cycles:  365868685 heartbeat IPC: 0.39017 cumulative IPC: 0.35109 (Simulation time: 0 hr 4 min 12 sec) 
Heartbeat CPU  0 instructions:  173000000 cycles:  368423232 heartbeat IPC: 0.39146 cumulative IPC: 0.35138 (Simulation time: 0 hr 4 min 13 sec) 
Heartbeat CPU  0 instructions:  174000000 cycles:  371045432 heartbeat IPC: 0.38136 cumulative IPC: 0.35160 (Simulation time: 0 hr 4 min 15 sec) 
Heartbeat CPU  0 instructions:  175000000 cycles:  373593340 heartbeat IPC: 0.39248 cumulative IPC: 0.35190 (Simulation time: 0 hr 4 min 16 sec) 
Heartbeat CPU  0 instructions:  176000000 cycles:  376169512 heartbeat IPC: 0.38817 cumulative IPC: 0.35216 (Simulation time: 0 hr 4 min 18 sec) 
Heartbeat CPU  0 instructions:  177000000 cycles:  378585733 heartbeat IPC: 0.41387 cumulative IPC: 0.35257 (Simulation time: 0 hr 4 min 19 sec) 
Heartbeat CPU  0 instructions:  178000000 cycles:  381886034 heartbeat IPC: 0.30300 cumulative IPC: 0.35212 (Simulation time: 0 hr 4 min 21 sec) 
Heartbeat CPU  0 instructions:  179000001 cycles:  384894306 heartbeat IPC: 0.33242 cumulative IPC: 0.35196 (Simulation time: 0 hr 4 min 23 sec) 
Heartbeat CPU  0 instructions:  180000000 cycles:  387526627 heartbeat IPC: 0.37989 cumulative IPC: 0.35216 (Simulation time: 0 hr 4 min 24 sec) 
Heartbeat CPU  0 instructions:  181000003 cycles:  390169106 heartbeat IPC: 0.37843 cumulative IPC: 0.35235 (Simulation time: 0 hr 4 min 26 sec) 
Heartbeat CPU  0 instructions:  182000002 cycles:  392777664 heartbeat IPC: 0.38335 cumulative IPC: 0.35256 (Simulation time: 0 hr 4 min 27 sec) 
Heartbeat CPU  0 instructions:  183000002 cycles:  395435969 heartbeat IPC: 0.37618 cumulative IPC: 0.35273 (Simulation time: 0 hr 4 min 29 sec) 
Heartbeat CPU  0 instructions:  184000000 cycles:  398164388 heartbeat IPC: 0.36651 cumulative IPC: 0.35283 (Simulation time: 0 hr 4 min 31 sec) 
Heartbeat CPU  0 instructions:  185000003 cycles:  401336756 heartbeat IPC: 0.31522 cumulative IPC: 0.35252 (Simulation time: 0 hr 4 min 32 sec) 
Heartbeat CPU  0 instructions:  186000002 cycles:  404717076 heartbeat IPC: 0.29583 cumulative IPC: 0.35202 (Simulation time: 0 hr 4 min 34 sec) 
Heartbeat CPU  0 instructions:  187000003 cycles:  407251205 heartbeat IPC: 0.39461 cumulative IPC: 0.35230 (Simulation time: 0 hr 4 min 36 sec) 
Heartbeat CPU  0 instructions:  188000000 cycles:  410173198 heartbeat IPC: 0.34223 cumulative IPC: 0.35222 (Simulation time: 0 hr 4 min 37 sec) 
Heartbeat CPU  0 instructions:  189000002 cycles:  412751579 heartbeat IPC: 0.38784 cumulative IPC: 0.35246 (Simulation time: 0 hr 4 min 39 sec) 
Heartbeat CPU  0 instructions:  190000002 cycles:  416521040 heartbeat IPC: 0.26529 cumulative IPC: 0.35163 (Simulation time: 0 hr 4 min 41 sec) 
Heartbeat CPU  0 instructions:  191000003 cycles:  419176246 heartbeat IPC: 0.37662 cumulative IPC: 0.35180 (Simulation time: 0 hr 4 min 43 sec) 
Heartbeat CPU  0 instructions:  192000000 cycles:  421753746 heartbeat IPC: 0.38797 cumulative IPC: 0.35203 (Simulation time: 0 hr 4 min 44 sec) 
Heartbeat CPU  0 instructions:  193000002 cycles:  424512033 heartbeat IPC: 0.36254 cumulative IPC: 0.35210 (Simulation time: 0 hr 4 min 46 sec) 
Heartbeat CPU  0 instructions:  194000003 cycles:  427264852 heartbeat IPC: 0.36326 cumulative IPC: 0.35217 (Simulation time: 0 hr 4 min 47 sec) 
Heartbeat CPU  0 instructions:  195000002 cycles:  429994222 heartbeat IPC: 0.36638 cumulative IPC: 0.35227 (Simulation time: 0 hr 4 min 49 sec) 
Heartbeat CPU  0 instructions:  196000000 cycles:  432672893 heartbeat IPC: 0.37332 cumulative IPC: 0.35240 (Simulation time: 0 hr 4 min 50 sec) 
Heartbeat CPU  0 instructions:  197000002 cycles:  435309175 heartbeat IPC: 0.37932 cumulative IPC: 0.35257 (Simulation time: 0 hr 4 min 52 sec) 
Heartbeat CPU  0 instructions:  198000000 cycles:  438808687 heartbeat IPC: 0.28575 cumulative IPC: 0.35202 (Simulation time: 0 hr 4 min 54 sec) 
Heartbeat CPU  0 instructions:  199000000 cycles:  441474212 heartbeat IPC: 0.37516 cumulative IPC: 0.35216 (Simulation time: 0 hr 4 min 55 sec) 
*** Reached end of trace for Core: 0 Repeating trace: /data2/Pythia5/CASSANDRA/traces/cassandra_phase5_core0.trace.xz
Heartbeat CPU  0 instructions:  200000000 cycles:  444079471 heartbeat IPC: 0.38384 cumulative IPC: 0.35236 (Simulation time: 0 hr 4 min 57 sec) 
Finished CPU 0 instructions: 150000001 cycles: 425702942 cumulative IPC: 0.35236 (Simulation time: 0 hr 4 min 57 sec) 

ChampSim completed all CPUs

[ROI Statistics]
Core_0_instructions 150000001
Core_0_cycles 425702942
Core_0_IPC 0.35236

Core_0_branch_prediction_accuracy 98.21038
Core_0_branch_MPKI 2.20951
Core_0_average_ROB_occupancy_at_mispredict 114.16819

Core_0_L1D_total_access 14106797
Core_0_L1D_total_hit 12841784
Core_0_L1D_total_miss 1265013
Core_0_L1D_loads 9390935
Core_0_L1D_load_hit 8239180
Core_0_L1D_load_miss 1151755
Core_0_L1D_RFOs 4715862
Core_0_L1D_RFO_hit 4602604
Core_0_L1D_RFO_miss 113258
Core_0_L1D_prefetches 0
Core_0_L1D_prefetch_hit 0
Core_0_L1D_prefetch_miss 0
Core_0_L1D_writebacks 0
Core_0_L1D_writeback_hit 0
Core_0_L1D_writeback_miss 0
Core_0_L1D_prefetch_requested 0
Core_0_L1D_prefetch_dropped 0
Core_0_L1D_prefetch_issued 0
Core_0_L1D_prefetch_filled 0
Core_0_L1D_prefetch_useful 0
Core_0_L1D_prefetch_useless 0
Core_0_L1D_prefetch_late 0
Core_0_L1D_average_miss_latency 216.55867

Core_0_L1D_rq_access 17142054
Core_0_L1D_rq_forward 0
Core_0_L1D_rq_merged 7303599
Core_0_L1D_rq_to_cache 9838289
Core_0_L1D_rq_full 0

Core_0_L1D_wq_access 5178474
Core_0_L1D_wq_forward 166
Core_0_L1D_wq_merged 114164
Core_0_L1D_wq_to_cache 5064310
Core_0_L1D_wq_full 0

Core_0_L1D_pq_access 0
Core_0_L1D_pq_forward 0
Core_0_L1D_pq_merged 0
Core_0_L1D_pq_to_cache 0
Core_0_L1D_pq_full 0

Core_0_L1D_acc_epochs 0
Core_0_L1D_acc_level_0 0
Core_0_L1D_acc_level_1 0
Core_0_L1D_acc_level_2 0
Core_0_L1D_acc_level_3 0
Core_0_L1D_acc_level_4 0
Core_0_L1D_acc_level_5 0
Core_0_L1D_acc_level_6 0
Core_0_L1D_acc_level_7 0
Core_0_L1D_acc_level_8 0
Core_0_L1D_acc_level_9 0

Core_0_L1I_total_access 30175720
Core_0_L1I_total_hit 29906954
Core_0_L1I_total_miss 268766
Core_0_L1I_loads 30175720
Core_0_L1I_load_hit 29906954
Core_0_L1I_load_miss 268766
Core_0_L1I_RFOs 0
Core_0_L1I_RFO_hit 0
Core_0_L1I_RFO_miss 0
Core_0_L1I_prefetches 0
Core_0_L1I_prefetch_hit 0
Core_0_L1I_prefetch_miss 0
Core_0_L1I_writebacks 0
Core_0_L1I_writeback_hit 0
Core_0_L1I_writeback_miss 0
Core_0_L1I_prefetch_requested 0
Core_0_L1I_prefetch_dropped 0
Core_0_L1I_prefetch_issued 0
Core_0_L1I_prefetch_filled 0
Core_0_L1I_prefetch_useful 0
Core_0_L1I_prefetch_useless 0
Core_0_L1I_prefetch_late 0
Core_0_L1I_average_miss_latency 113.36255

Core_0_L1I_rq_access 149999948
Core_0_L1I_rq_forward 0
Core_0_L1I_rq_merged 119656565
Core_0_L1I_rq_to_cache 30343383
Core_0_L1I_rq_full 0

Core_0_L1I_wq_access 0
Core_0_L1I_wq_forward 0
Core_0_L1I_wq_merged 0
Core_0_L1I_wq_to_cache 0
Core_0_L1I_wq_full 0

Core_0_L1I_pq_access 0
Core_0_L1I_pq_forward 0
Core_0_L1I_pq_merged 0
Core_0_L1I_pq_to_cache 0
Core_0_L1I_pq_full 0

Core_0_L1I_acc_epochs 0
Core_0_L1I_acc_level_0 0
Core_0_L1I_acc_level_1 0
Core_0_L1I_acc_level_2 0
Core_0_L1I_acc_level_3 0
Core_0_L1I_acc_level_4 0
Core_0_L1I_acc_level_5 0
Core_0_L1I_acc_level_6 0
Core_0_L1I_acc_level_7 0
Core_0_L1I_acc_level_8 0
Core_0_L1I_acc_level_9 0

Core_0_L2C_total_access 3131530
Core_0_L2C_total_hit 506861
Core_0_L2C_total_miss 2624669
Core_0_L2C_loads 1420516
Core_0_L2C_load_hit 158702
Core_0_L2C_load_miss 1261814
Core_0_L2C_RFOs 113240
Core_0_L2C_RFO_hit 18150
Core_0_L2C_RFO_miss 95090
Core_0_L2C_prefetches 1261576
Core_0_L2C_prefetch_hit 0
Core_0_L2C_prefetch_miss 1261576
Core_0_L2C_writebacks 336198
Core_0_L2C_writeback_hit 330009
Core_0_L2C_writeback_miss 6189
Core_0_L2C_prefetch_requested 1710124
Core_0_L2C_prefetch_dropped 238
Core_0_L2C_prefetch_issued 1709886
Core_0_L2C_prefetch_filled 1709886
Core_0_L2C_prefetch_useful 0
Core_0_L2C_prefetch_useless 1709825
Core_0_L2C_prefetch_late 0
Core_0_L2C_average_miss_latency 331.70084

Core_0_L2C_rq_access 1533779
Core_0_L2C_rq_forward 0
Core_0_L2C_rq_merged 0
Core_0_L2C_rq_to_cache 1533756
Core_0_L2C_rq_full 0

Core_0_L2C_wq_access 336198
Core_0_L2C_wq_forward 23
Core_0_L2C_wq_merged 0
Core_0_L2C_wq_to_cache 336198
Core_0_L2C_wq_full 0

Core_0_L2C_pq_access 1709886
Core_0_L2C_pq_forward 0
Core_0_L2C_pq_merged 0
Core_0_L2C_pq_to_cache 1709886
Core_0_L2C_pq_full 0

Core_0_L2C_acc_epochs 0
Core_0_L2C_acc_level_0 0
Core_0_L2C_acc_level_1 0
Core_0_L2C_acc_level_2 0
Core_0_L2C_acc_level_3 0
Core_0_L2C_acc_level_4 0
Core_0_L2C_acc_level_5 0
Core_0_L2C_acc_level_6 0
Core_0_L2C_acc_level_7 0
Core_0_L2C_acc_level_8 0
Core_0_L2C_acc_level_9 0

Core_0_LLC_total_access 2929154
Core_0_LLC_total_hit 617539
Core_0_LLC_total_miss 2311615
Core_0_LLC_loads 1261812
Core_0_LLC_load_hit 438207
Core_0_LLC_load_miss 823605
Core_0_LLC_RFOs 95089
Core_0_LLC_RFO_hit 41525
Core_0_LLC_RFO_miss 53564
Core_0_LLC_prefetches 1261576
Core_0_LLC_prefetch_hit 5469
Core_0_LLC_prefetch_miss 1256107
Core_0_LLC_writebacks 310677
Core_0_LLC_writeback_hit 132338
Core_0_LLC_writeback_miss 178339
Core_0_LLC_prefetch_requested 0
Core_0_LLC_prefetch_dropped 0
Core_0_LLC_prefetch_issued 0
Core_0_LLC_prefetch_filled 1702847
Core_0_LLC_prefetch_useful 0
Core_0_LLC_prefetch_useless 1702357
Core_0_LLC_prefetch_late 0
Core_0_LLC_average_miss_latency 321.92939

Core_0_LLC_rq_access 1356904
Core_0_LLC_rq_forward 0
Core_0_LLC_rq_merged 0
Core_0_LLC_rq_to_cache 1356901
Core_0_LLC_rq_full 0

Core_0_LLC_wq_access 310677
Core_0_LLC_wq_forward 3
Core_0_LLC_wq_merged 0
Core_0_LLC_wq_to_cache 310677
Core_0_LLC_wq_full 0

Core_0_LLC_pq_access 1709886
Core_0_LLC_pq_forward 0
Core_0_LLC_pq_merged 0
Core_0_LLC_pq_to_cache 1709886
Core_0_LLC_pq_full 0

Core_0_LLC_acc_epochs 0
Core_0_LLC_acc_level_0 0
Core_0_LLC_acc_level_1 0
Core_0_LLC_acc_level_2 0
Core_0_LLC_acc_level_3 0
Core_0_LLC_acc_level_4 0
Core_0_LLC_acc_level_5 0
Core_0_LLC_acc_level_6 0
Core_0_LLC_acc_level_7 0
Core_0_LLC_acc_level_8 0
Core_0_LLC_acc_level_9 0

Core_0_major_page_fault 0
Core_0_minor_page_fault 42870

[L1D] L1D prefetcher final stats
Channel_0_RQ_row_buffer_hit 505743
Channel_0_RQ_row_buffer_miss 1627493
Channel_0_WQ_row_buffer_hit 45162
Channel_0_WQ_row_buffer_miss 205751
Channel_0_WQ_full 0
Channel_0_dbus_congested 542104

avg_congested_cycle 8

DRAM_bw_pochs 1734686
DRAM_bw_level_0 1535826
DRAM_bw_level_1 171676
DRAM_bw_level_2 18749
DRAM_bw_level_3 8435
