*************************************************
   ChampSim Multicore Out-of-Order Simulator
   Last compiled: Mar 31 2025 00:42:49
*************************************************
parsing config file: /data2/Pythia5/config/pythia.ini

trace_0 /data2/Pythia5/CASSANDRA/traces/cassandra_phase3_core0.trace.xz
[L1D] L1D prefetcher initialized
[L2C] Group10 L2C prefetcher initialized
Initialize SHIP state
warmup_instructions 50000000
simulation_instructions 150000000
champsim_seed 2187
measure_ipc 0
measure_ipc_epoch 1000
measure_dram_bw 1
measure_dram_bw_epoch 256
measure_cache_acc 1
measure_cache_acc_epoch 1024
l1d_perfect 0
l2c_perfect 0
llc_perfect 0
l1d_semi_perfect 0
l2c_semi_perfect 0
llc_semi_perfect 0
semi_perfect_cache_page_buffer_size 64

num_cpus 1
cpu_freq 4000
dram_io_freq 2400
page_size 4096
block_size 64
max_read_per_cycle 8
max_fill_per_cycle 1
dram_channels 1
log2_dram_channels 0
dram_ranks 1
dram_banks 8
dram_rows 65536
dram_columns 128
dram_row_size 8
dram_size 4096
dram_pages 1048576

fetch_width 6
decode_width 6
exec_width 4
lq_width 2
sq_width 2
retire_width 4
scheduler_size 128
branch_mispredict_penalty 20
rob_size 256
lq_size 72
sq_size 56
num_instr_destinations_sparc 4
num_instr_destinations 2
num_instr_sources 4

itlb_set 16
itlb_way 8
itlb_rq_size 16
itlb_wq_size 16
itlb_pq_size 0
itlb_mshr_size 8
itlb_latency 1

dtlb_set 16
dtlb_way 4
dtlb_rq_size 16
dtlb_wq_size 16
dtlb_pq_size 0
dtlb_mshr_size 8
dtlb_latency 1

stlb_set 128
stlb_way 12
stlb_rq_size 32
stlb_wq_size 32
stlb_pq_size 0
stlb_mshr_size 16
stlb_latency 8

l1i_size 32
l1i_set 64
l1i_way 8
l1i_rq_size 64
l1i_wq_size 64
l1i_pq_size 8
l1i_mshr_size 8
l1i_latency 1

l1d_size 32
l1d_set 64
l1d_way 8
l1d_rq_size 64
l1d_wq_size 64
l1d_pq_size 8
l1d_mshr_size 16
l1d_latency 4

l2c_size 256
l2c_set 512
l2c_way 8
l2c_rq_size 32
l2c_wq_size 32
l2c_pq_size 32
l2c_mshr_size 32
l2c_latency 10

llc_size 2048
llc_set 2048
llc_way 16
llc_rq_size 32
llc_wq_size 32
llc_pq_size 32
llc_mshr_size 64
llc_latency 20

dram_channel_width 8
dram_wq_size 64
dram_rq_size 64
tRP 15
tRCD 15
tCAS 12.5
dram_dbus_turn_around_time 30
dram_write_high_wm 56
dram_write_low_wm 48
min_dram_writes_per_switch 16
dram_mtps 2400
dram_dbus_return_time 13

[L1D] L1D prefetcher configuration

Heartbeat CPU  0 instructions:    1000001 cycles:     326847 heartbeat IPC: 3.05954 cumulative IPC: 3.05954 (Simulation time: 0 hr 0 min 1 sec) 
Heartbeat CPU  0 instructions:    2000000 cycles:     656770 heartbeat IPC: 3.03101 cumulative IPC: 3.04521 (Simulation time: 0 hr 0 min 2 sec) 
Heartbeat CPU  0 instructions:    3000003 cycles:    1048285 heartbeat IPC: 2.55419 cumulative IPC: 2.86182 (Simulation time: 0 hr 0 min 3 sec) 
Heartbeat CPU  0 instructions:    4000000 cycles:    1377245 heartbeat IPC: 3.03987 cumulative IPC: 2.90435 (Simulation time: 0 hr 0 min 4 sec) 
Heartbeat CPU  0 instructions:    5000003 cycles:    1714917 heartbeat IPC: 2.96146 cumulative IPC: 2.91559 (Simulation time: 0 hr 0 min 5 sec) 
Heartbeat CPU  0 instructions:    6000000 cycles:    2183736 heartbeat IPC: 2.13301 cumulative IPC: 2.74758 (Simulation time: 0 hr 0 min 6 sec) 
Heartbeat CPU  0 instructions:    7000003 cycles:    2509014 heartbeat IPC: 3.07430 cumulative IPC: 2.78994 (Simulation time: 0 hr 0 min 8 sec) 
Heartbeat CPU  0 instructions:    8000000 cycles:    2819290 heartbeat IPC: 3.22293 cumulative IPC: 2.83759 (Simulation time: 0 hr 0 min 9 sec) 
Heartbeat CPU  0 instructions:    9000001 cycles:    3145977 heartbeat IPC: 3.06104 cumulative IPC: 2.86080 (Simulation time: 0 hr 0 min 10 sec) 
Heartbeat CPU  0 instructions:   10000001 cycles:    3543500 heartbeat IPC: 2.51558 cumulative IPC: 2.82207 (Simulation time: 0 hr 0 min 11 sec) 
Heartbeat CPU  0 instructions:   11000003 cycles:    4051646 heartbeat IPC: 1.96794 cumulative IPC: 2.71495 (Simulation time: 0 hr 0 min 12 sec) 
Heartbeat CPU  0 instructions:   12000000 cycles:    4373542 heartbeat IPC: 3.10658 cumulative IPC: 2.74377 (Simulation time: 0 hr 0 min 13 sec) 
Heartbeat CPU  0 instructions:   13000002 cycles:    4688987 heartbeat IPC: 3.17013 cumulative IPC: 2.77245 (Simulation time: 0 hr 0 min 14 sec) 
Heartbeat CPU  0 instructions:   14000002 cycles:    5169929 heartbeat IPC: 2.07925 cumulative IPC: 2.70797 (Simulation time: 0 hr 0 min 15 sec) 
Heartbeat CPU  0 instructions:   15000001 cycles:    5670702 heartbeat IPC: 1.99691 cumulative IPC: 2.64518 (Simulation time: 0 hr 0 min 16 sec) 
Heartbeat CPU  0 instructions:   16000000 cycles:    6126204 heartbeat IPC: 2.19538 cumulative IPC: 2.61173 (Simulation time: 0 hr 0 min 17 sec) 
Heartbeat CPU  0 instructions:   17000002 cycles:    6590069 heartbeat IPC: 2.15580 cumulative IPC: 2.57964 (Simulation time: 0 hr 0 min 18 sec) 
Heartbeat CPU  0 instructions:   18000000 cycles:    6964555 heartbeat IPC: 2.67032 cumulative IPC: 2.58452 (Simulation time: 0 hr 0 min 19 sec) 
Heartbeat CPU  0 instructions:   19000001 cycles:    7287647 heartbeat IPC: 3.09510 cumulative IPC: 2.60715 (Simulation time: 0 hr 0 min 20 sec) 
Heartbeat CPU  0 instructions:   20000000 cycles:    7671001 heartbeat IPC: 2.60855 cumulative IPC: 2.60722 (Simulation time: 0 hr 0 min 21 sec) 
Heartbeat CPU  0 instructions:   21000002 cycles:    7994268 heartbeat IPC: 3.09342 cumulative IPC: 2.62688 (Simulation time: 0 hr 0 min 22 sec) 
Heartbeat CPU  0 instructions:   22000003 cycles:    8317447 heartbeat IPC: 3.09426 cumulative IPC: 2.64504 (Simulation time: 0 hr 0 min 23 sec) 
Heartbeat CPU  0 instructions:   23000000 cycles:    8642975 heartbeat IPC: 3.07192 cumulative IPC: 2.66112 (Simulation time: 0 hr 0 min 24 sec) 
Heartbeat CPU  0 instructions:   24000000 cycles:    9100394 heartbeat IPC: 2.18618 cumulative IPC: 2.63725 (Simulation time: 0 hr 0 min 25 sec) 
Heartbeat CPU  0 instructions:   25000001 cycles:    9737040 heartbeat IPC: 1.57073 cumulative IPC: 2.56752 (Simulation time: 0 hr 0 min 27 sec) 
Heartbeat CPU  0 instructions:   26000000 cycles:   10096371 heartbeat IPC: 2.78295 cumulative IPC: 2.57518 (Simulation time: 0 hr 0 min 28 sec) 
Heartbeat CPU  0 instructions:   27000001 cycles:   10738613 heartbeat IPC: 1.55705 cumulative IPC: 2.51429 (Simulation time: 0 hr 0 min 29 sec) 
Heartbeat CPU  0 instructions:   28000000 cycles:   11368733 heartbeat IPC: 1.58700 cumulative IPC: 2.46290 (Simulation time: 0 hr 0 min 30 sec) 
Heartbeat CPU  0 instructions:   29000003 cycles:   11866048 heartbeat IPC: 2.01080 cumulative IPC: 2.44395 (Simulation time: 0 hr 0 min 31 sec) 
Heartbeat CPU  0 instructions:   30000001 cycles:   12372133 heartbeat IPC: 1.97595 cumulative IPC: 2.42480 (Simulation time: 0 hr 0 min 32 sec) 
Heartbeat CPU  0 instructions:   31000002 cycles:   12969989 heartbeat IPC: 1.67265 cumulative IPC: 2.39013 (Simulation time: 0 hr 0 min 33 sec) 
Heartbeat CPU  0 instructions:   32000000 cycles:   13599953 heartbeat IPC: 1.58739 cumulative IPC: 2.35295 (Simulation time: 0 hr 0 min 34 sec) 
Heartbeat CPU  0 instructions:   33000000 cycles:   14069434 heartbeat IPC: 2.13001 cumulative IPC: 2.34551 (Simulation time: 0 hr 0 min 35 sec) 
Heartbeat CPU  0 instructions:   34000002 cycles:   14631314 heartbeat IPC: 1.77974 cumulative IPC: 2.32378 (Simulation time: 0 hr 0 min 36 sec) 
Heartbeat CPU  0 instructions:   35000000 cycles:   15087716 heartbeat IPC: 2.19105 cumulative IPC: 2.31977 (Simulation time: 0 hr 0 min 37 sec) 
Heartbeat CPU  0 instructions:   36000000 cycles:   15565564 heartbeat IPC: 2.09272 cumulative IPC: 2.31280 (Simulation time: 0 hr 0 min 38 sec) 
Heartbeat CPU  0 instructions:   37000000 cycles:   16019430 heartbeat IPC: 2.20329 cumulative IPC: 2.30970 (Simulation time: 0 hr 0 min 40 sec) 
Heartbeat CPU  0 instructions:   38000001 cycles:   16504710 heartbeat IPC: 2.06067 cumulative IPC: 2.30237 (Simulation time: 0 hr 0 min 41 sec) 
Heartbeat CPU  0 instructions:   39000002 cycles:   16987834 heartbeat IPC: 2.06986 cumulative IPC: 2.29576 (Simulation time: 0 hr 0 min 42 sec) 
Heartbeat CPU  0 instructions:   40000000 cycles:   17465036 heartbeat IPC: 2.09554 cumulative IPC: 2.29029 (Simulation time: 0 hr 0 min 43 sec) 
Heartbeat CPU  0 instructions:   41000003 cycles:   18045913 heartbeat IPC: 1.72154 cumulative IPC: 2.27198 (Simulation time: 0 hr 0 min 44 sec) 
Heartbeat CPU  0 instructions:   42000000 cycles:   18574624 heartbeat IPC: 1.89139 cumulative IPC: 2.26115 (Simulation time: 0 hr 0 min 45 sec) 
Heartbeat CPU  0 instructions:   43000000 cycles:   19080292 heartbeat IPC: 1.97758 cumulative IPC: 2.25363 (Simulation time: 0 hr 0 min 46 sec) 
Heartbeat CPU  0 instructions:   44000000 cycles:   19690957 heartbeat IPC: 1.63756 cumulative IPC: 2.23453 (Simulation time: 0 hr 0 min 47 sec) 
Heartbeat CPU  0 instructions:   45000002 cycles:   20287445 heartbeat IPC: 1.67648 cumulative IPC: 2.21812 (Simulation time: 0 hr 0 min 48 sec) 
Heartbeat CPU  0 instructions:   46000001 cycles:   20858381 heartbeat IPC: 1.75151 cumulative IPC: 2.20535 (Simulation time: 0 hr 0 min 49 sec) 
Heartbeat CPU  0 instructions:   47000001 cycles:   21487416 heartbeat IPC: 1.58974 cumulative IPC: 2.18733 (Simulation time: 0 hr 0 min 50 sec) 
Heartbeat CPU  0 instructions:   48000000 cycles:   22040636 heartbeat IPC: 1.80760 cumulative IPC: 2.17780 (Simulation time: 0 hr 0 min 51 sec) 
Heartbeat CPU  0 instructions:   49000000 cycles:   22565828 heartbeat IPC: 1.90407 cumulative IPC: 2.17142 (Simulation time: 0 hr 0 min 52 sec) 
Heartbeat CPU  0 instructions:   50000003 cycles:   23344585 heartbeat IPC: 1.28410 cumulative IPC: 2.14182 (Simulation time: 0 hr 0 min 54 sec) 

Warmup complete CPU  0 instructions:   50000003 cycles:   23344585 (Simulation time: 0 hr 0 min 54 sec) 

Heartbeat CPU  0 instructions:   51000000 cycles:   30115014 heartbeat IPC: 0.14770 cumulative IPC: 0.14770 (Simulation time: 0 hr 0 min 56 sec) 
Heartbeat CPU  0 instructions:   52000000 cycles:   36392833 heartbeat IPC: 0.15929 cumulative IPC: 0.15328 (Simulation time: 0 hr 0 min 58 sec) 
Heartbeat CPU  0 instructions:   53000002 cycles:   40693063 heartbeat IPC: 0.23255 cumulative IPC: 0.17293 (Simulation time: 0 hr 1 min 0 sec) 
Heartbeat CPU  0 instructions:   54000003 cycles:   44196259 heartbeat IPC: 0.28545 cumulative IPC: 0.19183 (Simulation time: 0 hr 1 min 2 sec) 
Heartbeat CPU  0 instructions:   55000003 cycles:   47447366 heartbeat IPC: 0.30759 cumulative IPC: 0.20744 (Simulation time: 0 hr 1 min 4 sec) 
Heartbeat CPU  0 instructions:   56000000 cycles:   50403341 heartbeat IPC: 0.33830 cumulative IPC: 0.22174 (Simulation time: 0 hr 1 min 6 sec) 
Heartbeat CPU  0 instructions:   57000003 cycles:   53140041 heartbeat IPC: 0.36540 cumulative IPC: 0.23494 (Simulation time: 0 hr 1 min 8 sec) 
Heartbeat CPU  0 instructions:   58000003 cycles:   56336435 heartbeat IPC: 0.31285 cumulative IPC: 0.24248 (Simulation time: 0 hr 1 min 9 sec) 
Heartbeat CPU  0 instructions:   59000002 cycles:   59032665 heartbeat IPC: 0.37089 cumulative IPC: 0.25219 (Simulation time: 0 hr 1 min 11 sec) 
Heartbeat CPU  0 instructions:   60000000 cycles:   61790023 heartbeat IPC: 0.36267 cumulative IPC: 0.26011 (Simulation time: 0 hr 1 min 13 sec) 
Heartbeat CPU  0 instructions:   61000001 cycles:   64506510 heartbeat IPC: 0.36812 cumulative IPC: 0.26724 (Simulation time: 0 hr 1 min 14 sec) 
Heartbeat CPU  0 instructions:   62000000 cycles:   67215339 heartbeat IPC: 0.36916 cumulative IPC: 0.27353 (Simulation time: 0 hr 1 min 16 sec) 
Heartbeat CPU  0 instructions:   63000001 cycles:   70421293 heartbeat IPC: 0.31192 cumulative IPC: 0.27615 (Simulation time: 0 hr 1 min 18 sec) 
Heartbeat CPU  0 instructions:   64000000 cycles:   72862703 heartbeat IPC: 0.40960 cumulative IPC: 0.28272 (Simulation time: 0 hr 1 min 20 sec) 
Heartbeat CPU  0 instructions:   65000000 cycles:   76029920 heartbeat IPC: 0.31573 cumulative IPC: 0.28471 (Simulation time: 0 hr 1 min 21 sec) 
Heartbeat CPU  0 instructions:   66000002 cycles:   78705712 heartbeat IPC: 0.37372 cumulative IPC: 0.28901 (Simulation time: 0 hr 1 min 23 sec) 
Heartbeat CPU  0 instructions:   67000000 cycles:   81425533 heartbeat IPC: 0.36767 cumulative IPC: 0.29269 (Simulation time: 0 hr 1 min 25 sec) 
Heartbeat CPU  0 instructions:   68000000 cycles:   84496150 heartbeat IPC: 0.32567 cumulative IPC: 0.29435 (Simulation time: 0 hr 1 min 26 sec) 
Heartbeat CPU  0 instructions:   69000002 cycles:   88037081 heartbeat IPC: 0.28241 cumulative IPC: 0.29370 (Simulation time: 0 hr 1 min 29 sec) 
Heartbeat CPU  0 instructions:   70000000 cycles:   90716314 heartbeat IPC: 0.37324 cumulative IPC: 0.29686 (Simulation time: 0 hr 1 min 30 sec) 
Heartbeat CPU  0 instructions:   71000001 cycles:   93705659 heartbeat IPC: 0.33452 cumulative IPC: 0.29846 (Simulation time: 0 hr 1 min 32 sec) 
Heartbeat CPU  0 instructions:   72000000 cycles:   96451077 heartbeat IPC: 0.36424 cumulative IPC: 0.30093 (Simulation time: 0 hr 1 min 34 sec) 
Heartbeat CPU  0 instructions:   73000002 cycles:   99821189 heartbeat IPC: 0.29673 cumulative IPC: 0.30075 (Simulation time: 0 hr 1 min 36 sec) 
Heartbeat CPU  0 instructions:   74000002 cycles:  102626322 heartbeat IPC: 0.35649 cumulative IPC: 0.30272 (Simulation time: 0 hr 1 min 37 sec) 
Heartbeat CPU  0 instructions:   75000002 cycles:  105190874 heartbeat IPC: 0.38993 cumulative IPC: 0.30545 (Simulation time: 0 hr 1 min 39 sec) 
Heartbeat CPU  0 instructions:   76000000 cycles:  107779401 heartbeat IPC: 0.38632 cumulative IPC: 0.30793 (Simulation time: 0 hr 1 min 41 sec) 
Heartbeat CPU  0 instructions:   77000001 cycles:  110476339 heartbeat IPC: 0.37079 cumulative IPC: 0.30988 (Simulation time: 0 hr 1 min 42 sec) 
Heartbeat CPU  0 instructions:   78000002 cycles:  113013738 heartbeat IPC: 0.39410 cumulative IPC: 0.31226 (Simulation time: 0 hr 1 min 44 sec) 
Heartbeat CPU  0 instructions:   79000000 cycles:  115388001 heartbeat IPC: 0.42118 cumulative IPC: 0.31507 (Simulation time: 0 hr 1 min 46 sec) 
Heartbeat CPU  0 instructions:   80000000 cycles:  118187458 heartbeat IPC: 0.35721 cumulative IPC: 0.31631 (Simulation time: 0 hr 1 min 47 sec) 
Heartbeat CPU  0 instructions:   81000001 cycles:  122929774 heartbeat IPC: 0.21087 cumulative IPC: 0.31129 (Simulation time: 0 hr 1 min 50 sec) 
Heartbeat CPU  0 instructions:   82000003 cycles:  127082809 heartbeat IPC: 0.24079 cumulative IPC: 0.30847 (Simulation time: 0 hr 1 min 52 sec) 
Heartbeat CPU  0 instructions:   83000001 cycles:  129673969 heartbeat IPC: 0.38593 cumulative IPC: 0.31036 (Simulation time: 0 hr 1 min 54 sec) 
Heartbeat CPU  0 instructions:   84000000 cycles:  132439240 heartbeat IPC: 0.36163 cumulative IPC: 0.31166 (Simulation time: 0 hr 1 min 56 sec) 
Heartbeat CPU  0 instructions:   85000001 cycles:  134849186 heartbeat IPC: 0.41495 cumulative IPC: 0.31389 (Simulation time: 0 hr 1 min 57 sec) 
Heartbeat CPU  0 instructions:   86000001 cycles:  137372854 heartbeat IPC: 0.39625 cumulative IPC: 0.31571 (Simulation time: 0 hr 1 min 59 sec) 
Heartbeat CPU  0 instructions:   87000000 cycles:  141607934 heartbeat IPC: 0.23612 cumulative IPC: 0.31286 (Simulation time: 0 hr 2 min 1 sec) 
Heartbeat CPU  0 instructions:   88000000 cycles:  144727767 heartbeat IPC: 0.32053 cumulative IPC: 0.31306 (Simulation time: 0 hr 2 min 3 sec) 
Heartbeat CPU  0 instructions:   89000003 cycles:  147213129 heartbeat IPC: 0.40236 cumulative IPC: 0.31485 (Simulation time: 0 hr 2 min 5 sec) 
Heartbeat CPU  0 instructions:   90000003 cycles:  149826169 heartbeat IPC: 0.38270 cumulative IPC: 0.31625 (Simulation time: 0 hr 2 min 7 sec) 
Heartbeat CPU  0 instructions:   91000001 cycles:  152408941 heartbeat IPC: 0.38718 cumulative IPC: 0.31767 (Simulation time: 0 hr 2 min 8 sec) 
Heartbeat CPU  0 instructions:   92000000 cycles:  154863584 heartbeat IPC: 0.40739 cumulative IPC: 0.31935 (Simulation time: 0 hr 2 min 10 sec) 
Heartbeat CPU  0 instructions:   93000002 cycles:  157487884 heartbeat IPC: 0.38105 cumulative IPC: 0.32055 (Simulation time: 0 hr 2 min 11 sec) 
Heartbeat CPU  0 instructions:   94000002 cycles:  160775689 heartbeat IPC: 0.30415 cumulative IPC: 0.32016 (Simulation time: 0 hr 2 min 13 sec) 
Heartbeat CPU  0 instructions:   95000002 cycles:  163585068 heartbeat IPC: 0.35595 cumulative IPC: 0.32088 (Simulation time: 0 hr 2 min 15 sec) 
Heartbeat CPU  0 instructions:   96000000 cycles:  166669718 heartbeat IPC: 0.32419 cumulative IPC: 0.32095 (Simulation time: 0 hr 2 min 16 sec) 
Heartbeat CPU  0 instructions:   97000000 cycles:  169772116 heartbeat IPC: 0.32233 cumulative IPC: 0.32098 (Simulation time: 0 hr 2 min 18 sec) 
Heartbeat CPU  0 instructions:   98000000 cycles:  172568941 heartbeat IPC: 0.35755 cumulative IPC: 0.32166 (Simulation time: 0 hr 2 min 20 sec) 
Heartbeat CPU  0 instructions:   99000003 cycles:  175207795 heartbeat IPC: 0.37895 cumulative IPC: 0.32266 (Simulation time: 0 hr 2 min 21 sec) 
*** Reached end of trace for Core: 0 Repeating trace: /data2/Pythia5/CASSANDRA/traces/cassandra_phase3_core0.trace.xz
Heartbeat CPU  0 instructions:  100000000 cycles:  177809177 heartbeat IPC: 0.38441 cumulative IPC: 0.32370 (Simulation time: 0 hr 2 min 23 sec) 
Heartbeat CPU  0 instructions:  101000002 cycles:  180211597 heartbeat IPC: 0.41625 cumulative IPC: 0.32512 (Simulation time: 0 hr 2 min 25 sec) 
Heartbeat CPU  0 instructions:  102000001 cycles:  182880148 heartbeat IPC: 0.37473 cumulative IPC: 0.32595 (Simulation time: 0 hr 2 min 26 sec) 
Heartbeat CPU  0 instructions:  103000003 cycles:  185989234 heartbeat IPC: 0.32164 cumulative IPC: 0.32586 (Simulation time: 0 hr 2 min 28 sec) 
Heartbeat CPU  0 instructions:  104000000 cycles:  188587988 heartbeat IPC: 0.38480 cumulative IPC: 0.32679 (Simulation time: 0 hr 2 min 30 sec) 
Heartbeat CPU  0 instructions:  105000000 cycles:  191230032 heartbeat IPC: 0.37849 cumulative IPC: 0.32760 (Simulation time: 0 hr 2 min 31 sec) 
Heartbeat CPU  0 instructions:  106000003 cycles:  194916145 heartbeat IPC: 0.27129 cumulative IPC: 0.32639 (Simulation time: 0 hr 2 min 33 sec) 
Heartbeat CPU  0 instructions:  107000003 cycles:  197608306 heartbeat IPC: 0.37145 cumulative IPC: 0.32709 (Simulation time: 0 hr 2 min 35 sec) 
Heartbeat CPU  0 instructions:  108000000 cycles:  200041065 heartbeat IPC: 0.41105 cumulative IPC: 0.32825 (Simulation time: 0 hr 2 min 37 sec) 
Heartbeat CPU  0 instructions:  109000001 cycles:  202784299 heartbeat IPC: 0.36453 cumulative IPC: 0.32880 (Simulation time: 0 hr 2 min 38 sec) 
Heartbeat CPU  0 instructions:  110000001 cycles:  205850209 heartbeat IPC: 0.32617 cumulative IPC: 0.32876 (Simulation time: 0 hr 2 min 40 sec) 
Heartbeat CPU  0 instructions:  111000001 cycles:  209409557 heartbeat IPC: 0.28095 cumulative IPC: 0.32784 (Simulation time: 0 hr 2 min 42 sec) 
Heartbeat CPU  0 instructions:  112000000 cycles:  211989980 heartbeat IPC: 0.38753 cumulative IPC: 0.32866 (Simulation time: 0 hr 2 min 43 sec) 
Heartbeat CPU  0 instructions:  113000002 cycles:  214495922 heartbeat IPC: 0.39905 cumulative IPC: 0.32958 (Simulation time: 0 hr 2 min 45 sec) 
Heartbeat CPU  0 instructions:  114000000 cycles:  218067885 heartbeat IPC: 0.27996 cumulative IPC: 0.32867 (Simulation time: 0 hr 2 min 47 sec) 
Heartbeat CPU  0 instructions:  115000002 cycles:  222034054 heartbeat IPC: 0.25213 cumulative IPC: 0.32714 (Simulation time: 0 hr 2 min 49 sec) 
Heartbeat CPU  0 instructions:  116000000 cycles:  225388692 heartbeat IPC: 0.29809 cumulative IPC: 0.32666 (Simulation time: 0 hr 2 min 51 sec) 
Heartbeat CPU  0 instructions:  117000001 cycles:  228922300 heartbeat IPC: 0.28300 cumulative IPC: 0.32591 (Simulation time: 0 hr 2 min 53 sec) 
Heartbeat CPU  0 instructions:  118000000 cycles:  231904712 heartbeat IPC: 0.33530 cumulative IPC: 0.32605 (Simulation time: 0 hr 2 min 55 sec) 
Heartbeat CPU  0 instructions:  119000000 cycles:  234573978 heartbeat IPC: 0.37463 cumulative IPC: 0.32666 (Simulation time: 0 hr 2 min 56 sec) 
Heartbeat CPU  0 instructions:  120000000 cycles:  237686491 heartbeat IPC: 0.32128 cumulative IPC: 0.32658 (Simulation time: 0 hr 2 min 58 sec) 
Heartbeat CPU  0 instructions:  121000001 cycles:  240277695 heartbeat IPC: 0.38592 cumulative IPC: 0.32729 (Simulation time: 0 hr 3 min 0 sec) 
Heartbeat CPU  0 instructions:  122000003 cycles:  242596721 heartbeat IPC: 0.43122 cumulative IPC: 0.32839 (Simulation time: 0 hr 3 min 1 sec) 
Heartbeat CPU  0 instructions:  123000001 cycles:  245171411 heartbeat IPC: 0.38840 cumulative IPC: 0.32909 (Simulation time: 0 hr 3 min 3 sec) 
Heartbeat CPU  0 instructions:  124000000 cycles:  248696359 heartbeat IPC: 0.28369 cumulative IPC: 0.32838 (Simulation time: 0 hr 3 min 5 sec) 
Heartbeat CPU  0 instructions:  125000002 cycles:  253457495 heartbeat IPC: 0.21003 cumulative IPC: 0.32593 (Simulation time: 0 hr 3 min 7 sec) 
Heartbeat CPU  0 instructions:  126000003 cycles:  256229643 heartbeat IPC: 0.36073 cumulative IPC: 0.32634 (Simulation time: 0 hr 3 min 9 sec) 
Heartbeat CPU  0 instructions:  127000002 cycles:  258487581 heartbeat IPC: 0.44288 cumulative IPC: 0.32746 (Simulation time: 0 hr 3 min 11 sec) 
Heartbeat CPU  0 instructions:  128000000 cycles:  262123841 heartbeat IPC: 0.27501 cumulative IPC: 0.32666 (Simulation time: 0 hr 3 min 12 sec) 
Heartbeat CPU  0 instructions:  129000000 cycles:  267122249 heartbeat IPC: 0.20006 cumulative IPC: 0.32407 (Simulation time: 0 hr 3 min 14 sec) 
Heartbeat CPU  0 instructions:  130000000 cycles:  271723373 heartbeat IPC: 0.21734 cumulative IPC: 0.32209 (Simulation time: 0 hr 3 min 16 sec) 
Heartbeat CPU  0 instructions:  131000000 cycles:  277032985 heartbeat IPC: 0.18834 cumulative IPC: 0.31929 (Simulation time: 0 hr 3 min 20 sec) 
Heartbeat CPU  0 instructions:  132000000 cycles:  280937627 heartbeat IPC: 0.25611 cumulative IPC: 0.31833 (Simulation time: 0 hr 3 min 21 sec) 
Heartbeat CPU  0 instructions:  133000000 cycles:  287002779 heartbeat IPC: 0.16488 cumulative IPC: 0.31480 (Simulation time: 0 hr 3 min 23 sec) 
Heartbeat CPU  0 instructions:  134000000 cycles:  290782041 heartbeat IPC: 0.26460 cumulative IPC: 0.31409 (Simulation time: 0 hr 3 min 25 sec) 
Heartbeat CPU  0 instructions:  135000001 cycles:  296771830 heartbeat IPC: 0.16695 cumulative IPC: 0.31087 (Simulation time: 0 hr 3 min 27 sec) 
Heartbeat CPU  0 instructions:  136000000 cycles:  302228190 heartbeat IPC: 0.18327 cumulative IPC: 0.30837 (Simulation time: 0 hr 3 min 29 sec) 
Heartbeat CPU  0 instructions:  137000001 cycles:  309535048 heartbeat IPC: 0.13686 cumulative IPC: 0.30399 (Simulation time: 0 hr 3 min 31 sec) 
Heartbeat CPU  0 instructions:  138000002 cycles:  315110490 heartbeat IPC: 0.17936 cumulative IPC: 0.30161 (Simulation time: 0 hr 3 min 33 sec) 
Heartbeat CPU  0 instructions:  139000003 cycles:  321251320 heartbeat IPC: 0.16284 cumulative IPC: 0.29875 (Simulation time: 0 hr 3 min 35 sec) 
Heartbeat CPU  0 instructions:  140000000 cycles:  326158194 heartbeat IPC: 0.20380 cumulative IPC: 0.29721 (Simulation time: 0 hr 3 min 37 sec) 
Heartbeat CPU  0 instructions:  141000000 cycles:  331322936 heartbeat IPC: 0.19362 cumulative IPC: 0.29548 (Simulation time: 0 hr 3 min 39 sec) 
Heartbeat CPU  0 instructions:  142000001 cycles:  335827071 heartbeat IPC: 0.22202 cumulative IPC: 0.29442 (Simulation time: 0 hr 3 min 41 sec) 
Heartbeat CPU  0 instructions:  143000000 cycles:  341357697 heartbeat IPC: 0.18081 cumulative IPC: 0.29244 (Simulation time: 0 hr 3 min 43 sec) 
Heartbeat CPU  0 instructions:  144000000 cycles:  344686289 heartbeat IPC: 0.30043 cumulative IPC: 0.29252 (Simulation time: 0 hr 3 min 44 sec) 
Heartbeat CPU  0 instructions:  145000000 cycles:  348700122 heartbeat IPC: 0.24914 cumulative IPC: 0.29199 (Simulation time: 0 hr 3 min 46 sec) 
Heartbeat CPU  0 instructions:  146000001 cycles:  352826503 heartbeat IPC: 0.24234 cumulative IPC: 0.29137 (Simulation time: 0 hr 3 min 48 sec) 
Heartbeat CPU  0 instructions:  147000002 cycles:  357761091 heartbeat IPC: 0.20265 cumulative IPC: 0.29006 (Simulation time: 0 hr 3 min 49 sec) 
Heartbeat CPU  0 instructions:  148000000 cycles:  362645398 heartbeat IPC: 0.20474 cumulative IPC: 0.28883 (Simulation time: 0 hr 3 min 51 sec) 
Heartbeat CPU  0 instructions:  149000002 cycles:  368097439 heartbeat IPC: 0.18342 cumulative IPC: 0.28716 (Simulation time: 0 hr 3 min 56 sec) 
Heartbeat CPU  0 instructions:  150000001 cycles:  375537479 heartbeat IPC: 0.13441 cumulative IPC: 0.28394 (Simulation time: 0 hr 3 min 59 sec) 
Heartbeat CPU  0 instructions:  151000002 cycles:  382375269 heartbeat IPC: 0.14625 cumulative IPC: 0.28131 (Simulation time: 0 hr 4 min 1 sec) 
Heartbeat CPU  0 instructions:  152000000 cycles:  388627948 heartbeat IPC: 0.15993 cumulative IPC: 0.27924 (Simulation time: 0 hr 4 min 3 sec) 
Heartbeat CPU  0 instructions:  153000003 cycles:  392951180 heartbeat IPC: 0.23131 cumulative IPC: 0.27867 (Simulation time: 0 hr 4 min 5 sec) 
Heartbeat CPU  0 instructions:  154000002 cycles:  396518574 heartbeat IPC: 0.28032 cumulative IPC: 0.27869 (Simulation time: 0 hr 4 min 7 sec) 
Heartbeat CPU  0 instructions:  155000003 cycles:  399771970 heartbeat IPC: 0.30737 cumulative IPC: 0.27894 (Simulation time: 0 hr 4 min 9 sec) 
Heartbeat CPU  0 instructions:  156000000 cycles:  402741444 heartbeat IPC: 0.33676 cumulative IPC: 0.27939 (Simulation time: 0 hr 4 min 11 sec) 
Heartbeat CPU  0 instructions:  157000003 cycles:  405475622 heartbeat IPC: 0.36574 cumulative IPC: 0.28001 (Simulation time: 0 hr 4 min 12 sec) 
Heartbeat CPU  0 instructions:  158000003 cycles:  408686253 heartbeat IPC: 0.31147 cumulative IPC: 0.28027 (Simulation time: 0 hr 4 min 14 sec) 
Heartbeat CPU  0 instructions:  159000002 cycles:  411379766 heartbeat IPC: 0.37126 cumulative IPC: 0.28090 (Simulation time: 0 hr 4 min 16 sec) 
Heartbeat CPU  0 instructions:  160000000 cycles:  414148597 heartbeat IPC: 0.36116 cumulative IPC: 0.28147 (Simulation time: 0 hr 4 min 17 sec) 
Heartbeat CPU  0 instructions:  161000001 cycles:  416868256 heartbeat IPC: 0.36769 cumulative IPC: 0.28207 (Simulation time: 0 hr 4 min 19 sec) 
Heartbeat CPU  0 instructions:  162000003 cycles:  419572872 heartbeat IPC: 0.36974 cumulative IPC: 0.28267 (Simulation time: 0 hr 4 min 20 sec) 
Heartbeat CPU  0 instructions:  163000002 cycles:  422799920 heartbeat IPC: 0.30988 cumulative IPC: 0.28289 (Simulation time: 0 hr 4 min 22 sec) 
Heartbeat CPU  0 instructions:  164000000 cycles:  425250989 heartbeat IPC: 0.40798 cumulative IPC: 0.28365 (Simulation time: 0 hr 4 min 24 sec) 
Heartbeat CPU  0 instructions:  165000000 cycles:  428432588 heartbeat IPC: 0.31431 cumulative IPC: 0.28389 (Simulation time: 0 hr 4 min 25 sec) 
Heartbeat CPU  0 instructions:  166000003 cycles:  431102603 heartbeat IPC: 0.37453 cumulative IPC: 0.28448 (Simulation time: 0 hr 4 min 27 sec) 
Heartbeat CPU  0 instructions:  167000002 cycles:  433820873 heartbeat IPC: 0.36788 cumulative IPC: 0.28503 (Simulation time: 0 hr 4 min 29 sec) 
Heartbeat CPU  0 instructions:  168000000 cycles:  436895123 heartbeat IPC: 0.32528 cumulative IPC: 0.28533 (Simulation time: 0 hr 4 min 30 sec) 
Heartbeat CPU  0 instructions:  169000002 cycles:  440437241 heartbeat IPC: 0.28232 cumulative IPC: 0.28531 (Simulation time: 0 hr 4 min 32 sec) 
Heartbeat CPU  0 instructions:  170000003 cycles:  443112934 heartbeat IPC: 0.37374 cumulative IPC: 0.28587 (Simulation time: 0 hr 4 min 34 sec) 
Heartbeat CPU  0 instructions:  171000000 cycles:  446132995 heartbeat IPC: 0.33112 cumulative IPC: 0.28620 (Simulation time: 0 hr 4 min 36 sec) 
Heartbeat CPU  0 instructions:  172000000 cycles:  448889633 heartbeat IPC: 0.36276 cumulative IPC: 0.28669 (Simulation time: 0 hr 4 min 38 sec) 
Heartbeat CPU  0 instructions:  173000002 cycles:  452266714 heartbeat IPC: 0.29611 cumulative IPC: 0.28677 (Simulation time: 0 hr 4 min 39 sec) 
Heartbeat CPU  0 instructions:  174000002 cycles:  455080279 heartbeat IPC: 0.35542 cumulative IPC: 0.28721 (Simulation time: 0 hr 4 min 41 sec) 
Heartbeat CPU  0 instructions:  175000000 cycles:  457654570 heartbeat IPC: 0.38846 cumulative IPC: 0.28781 (Simulation time: 0 hr 4 min 42 sec) 
Heartbeat CPU  0 instructions:  176000000 cycles:  460245499 heartbeat IPC: 0.38596 cumulative IPC: 0.28839 (Simulation time: 0 hr 4 min 44 sec) 
Heartbeat CPU  0 instructions:  177000003 cycles:  462955688 heartbeat IPC: 0.36898 cumulative IPC: 0.28889 (Simulation time: 0 hr 4 min 45 sec) 
Heartbeat CPU  0 instructions:  178000002 cycles:  465451636 heartbeat IPC: 0.40065 cumulative IPC: 0.28952 (Simulation time: 0 hr 4 min 47 sec) 
Heartbeat CPU  0 instructions:  179000002 cycles:  467817738 heartbeat IPC: 0.42264 cumulative IPC: 0.29023 (Simulation time: 0 hr 4 min 49 sec) 
Heartbeat CPU  0 instructions:  180000000 cycles:  470636101 heartbeat IPC: 0.35482 cumulative IPC: 0.29064 (Simulation time: 0 hr 4 min 50 sec) 
Heartbeat CPU  0 instructions:  181000002 cycles:  475444646 heartbeat IPC: 0.20796 cumulative IPC: 0.28976 (Simulation time: 0 hr 4 min 53 sec) 
Heartbeat CPU  0 instructions:  182000000 cycles:  479577618 heartbeat IPC: 0.24196 cumulative IPC: 0.28933 (Simulation time: 0 hr 4 min 55 sec) 
Heartbeat CPU  0 instructions:  183000003 cycles:  482202159 heartbeat IPC: 0.38102 cumulative IPC: 0.28985 (Simulation time: 0 hr 4 min 57 sec) 
Heartbeat CPU  0 instructions:  184000000 cycles:  484915183 heartbeat IPC: 0.36859 cumulative IPC: 0.29031 (Simulation time: 0 hr 4 min 58 sec) 
Heartbeat CPU  0 instructions:  185000003 cycles:  487330463 heartbeat IPC: 0.41403 cumulative IPC: 0.29096 (Simulation time: 0 hr 5 min 0 sec) 
Heartbeat CPU  0 instructions:  186000000 cycles:  489868670 heartbeat IPC: 0.39398 cumulative IPC: 0.29152 (Simulation time: 0 hr 5 min 1 sec) 
Heartbeat CPU  0 instructions:  187000003 cycles:  494137157 heartbeat IPC: 0.23428 cumulative IPC: 0.29100 (Simulation time: 0 hr 5 min 4 sec) 
Heartbeat CPU  0 instructions:  188000000 cycles:  497261049 heartbeat IPC: 0.32011 cumulative IPC: 0.29119 (Simulation time: 0 hr 5 min 5 sec) 
Heartbeat CPU  0 instructions:  189000003 cycles:  499740871 heartbeat IPC: 0.40326 cumulative IPC: 0.29177 (Simulation time: 0 hr 5 min 7 sec) 
Heartbeat CPU  0 instructions:  190000003 cycles:  502354880 heartbeat IPC: 0.38255 cumulative IPC: 0.29227 (Simulation time: 0 hr 5 min 9 sec) 
Heartbeat CPU  0 instructions:  191000003 cycles:  504931107 heartbeat IPC: 0.38816 cumulative IPC: 0.29278 (Simulation time: 0 hr 5 min 10 sec) 
Heartbeat CPU  0 instructions:  192000000 cycles:  507390487 heartbeat IPC: 0.40661 cumulative IPC: 0.29336 (Simulation time: 0 hr 5 min 12 sec) 
Heartbeat CPU  0 instructions:  193000000 cycles:  510022376 heartbeat IPC: 0.37996 cumulative IPC: 0.29383 (Simulation time: 0 hr 5 min 13 sec) 
Heartbeat CPU  0 instructions:  194000002 cycles:  513330787 heartbeat IPC: 0.30226 cumulative IPC: 0.29389 (Simulation time: 0 hr 5 min 15 sec) 
Heartbeat CPU  0 instructions:  195000001 cycles:  516139517 heartbeat IPC: 0.35603 cumulative IPC: 0.29424 (Simulation time: 0 hr 5 min 17 sec) 
Heartbeat CPU  0 instructions:  196000000 cycles:  519228006 heartbeat IPC: 0.32378 cumulative IPC: 0.29442 (Simulation time: 0 hr 5 min 18 sec) 
Heartbeat CPU  0 instructions:  197000003 cycles:  522328465 heartbeat IPC: 0.32253 cumulative IPC: 0.29460 (Simulation time: 0 hr 5 min 20 sec) 
Heartbeat CPU  0 instructions:  198000002 cycles:  525111596 heartbeat IPC: 0.35931 cumulative IPC: 0.29496 (Simulation time: 0 hr 5 min 21 sec) 
Heartbeat CPU  0 instructions:  199000003 cycles:  527736710 heartbeat IPC: 0.38094 cumulative IPC: 0.29541 (Simulation time: 0 hr 5 min 23 sec) 
*** Reached end of trace for Core: 0 Repeating trace: /data2/Pythia5/CASSANDRA/traces/cassandra_phase3_core0.trace.xz
Heartbeat CPU  0 instructions:  200000000 cycles:  530352542 heartbeat IPC: 0.38229 cumulative IPC: 0.29585 (Simulation time: 0 hr 5 min 25 sec) 
Finished CPU 0 instructions: 150000000 cycles: 507007969 cumulative IPC: 0.29585 (Simulation time: 0 hr 5 min 25 sec) 

ChampSim completed all CPUs

[ROI Statistics]
Core_0_instructions 150000000
Core_0_cycles 507007969
Core_0_IPC 0.29585

Core_0_branch_prediction_accuracy 97.19936
Core_0_branch_MPKI 3.90543
Core_0_average_ROB_occupancy_at_mispredict 88.97040

Core_0_L1D_total_access 15373088
Core_0_L1D_total_hit 13940758
Core_0_L1D_total_miss 1432330
Core_0_L1D_loads 10269497
Core_0_L1D_load_hit 9002964
Core_0_L1D_load_miss 1266533
Core_0_L1D_RFOs 5103591
Core_0_L1D_RFO_hit 4937794
Core_0_L1D_RFO_miss 165797
Core_0_L1D_prefetches 0
Core_0_L1D_prefetch_hit 0
Core_0_L1D_prefetch_miss 0
Core_0_L1D_writebacks 0
Core_0_L1D_writeback_hit 0
Core_0_L1D_writeback_miss 0
Core_0_L1D_prefetch_requested 0
Core_0_L1D_prefetch_dropped 0
Core_0_L1D_prefetch_issued 0
Core_0_L1D_prefetch_filled 0
Core_0_L1D_prefetch_useful 0
Core_0_L1D_prefetch_useless 0
Core_0_L1D_prefetch_late 0
Core_0_L1D_average_miss_latency 216.98078

Core_0_L1D_rq_access 19039343
Core_0_L1D_rq_forward 0
Core_0_L1D_rq_merged 7952542
Core_0_L1D_rq_to_cache 11086401
Core_0_L1D_rq_full 0

Core_0_L1D_wq_access 5730654
Core_0_L1D_wq_forward 400
Core_0_L1D_wq_merged 129150
Core_0_L1D_wq_to_cache 5601504
Core_0_L1D_wq_full 10041

Core_0_L1D_pq_access 0
Core_0_L1D_pq_forward 0
Core_0_L1D_pq_merged 0
Core_0_L1D_pq_to_cache 0
Core_0_L1D_pq_full 0

Core_0_L1D_acc_epochs 0
Core_0_L1D_acc_level_0 0
Core_0_L1D_acc_level_1 0
Core_0_L1D_acc_level_2 0
Core_0_L1D_acc_level_3 0
Core_0_L1D_acc_level_4 0
Core_0_L1D_acc_level_5 0
Core_0_L1D_acc_level_6 0
Core_0_L1D_acc_level_7 0
Core_0_L1D_acc_level_8 0
Core_0_L1D_acc_level_9 0

Core_0_L1I_total_access 30849156
Core_0_L1I_total_hit 30260909
Core_0_L1I_total_miss 588247
Core_0_L1I_loads 30849156
Core_0_L1I_load_hit 30260909
Core_0_L1I_load_miss 588247
Core_0_L1I_RFOs 0
Core_0_L1I_RFO_hit 0
Core_0_L1I_RFO_miss 0
Core_0_L1I_prefetches 0
Core_0_L1I_prefetch_hit 0
Core_0_L1I_prefetch_miss 0
Core_0_L1I_writebacks 0
Core_0_L1I_writeback_hit 0
Core_0_L1I_writeback_miss 0
Core_0_L1I_prefetch_requested 0
Core_0_L1I_prefetch_dropped 0
Core_0_L1I_prefetch_issued 0
Core_0_L1I_prefetch_filled 0
Core_0_L1I_prefetch_useful 0
Core_0_L1I_prefetch_useless 0
Core_0_L1I_prefetch_late 0
Core_0_L1I_average_miss_latency 98.85445

Core_0_L1I_rq_access 150000157
Core_0_L1I_rq_forward 0
Core_0_L1I_rq_merged 118799915
Core_0_L1I_rq_to_cache 31200242
Core_0_L1I_rq_full 0

Core_0_L1I_wq_access 0
Core_0_L1I_wq_forward 0
Core_0_L1I_wq_merged 0
Core_0_L1I_wq_to_cache 0
Core_0_L1I_wq_full 0

Core_0_L1I_pq_access 0
Core_0_L1I_pq_forward 0
Core_0_L1I_pq_merged 0
Core_0_L1I_pq_to_cache 0
Core_0_L1I_pq_full 0

Core_0_L1I_acc_epochs 0
Core_0_L1I_acc_level_0 0
Core_0_L1I_acc_level_1 0
Core_0_L1I_acc_level_2 0
Core_0_L1I_acc_level_3 0
Core_0_L1I_acc_level_4 0
Core_0_L1I_acc_level_5 0
Core_0_L1I_acc_level_6 0
Core_0_L1I_acc_level_7 0
Core_0_L1I_acc_level_8 0
Core_0_L1I_acc_level_9 0

Core_0_L2C_total_access 3879517
Core_0_L2C_total_hit 883568
Core_0_L2C_total_miss 2995949
Core_0_L2C_loads 1854772
Core_0_L2C_load_hit 429114
Core_0_L2C_load_miss 1425658
Core_0_L2C_RFOs 165768
Core_0_L2C_RFO_hit 27742
Core_0_L2C_RFO_miss 138026
Core_0_L2C_prefetches 1422924
Core_0_L2C_prefetch_hit 2
Core_0_L2C_prefetch_miss 1422922
Core_0_L2C_writebacks 436053
Core_0_L2C_writeback_hit 426710
Core_0_L2C_writeback_miss 9343
Core_0_L2C_prefetch_requested 1858294
Core_0_L2C_prefetch_dropped 2731
Core_0_L2C_prefetch_issued 1855563
Core_0_L2C_prefetch_filled 1855561
Core_0_L2C_prefetch_useful 0
Core_0_L2C_prefetch_useless 1855498
Core_0_L2C_prefetch_late 0
Core_0_L2C_average_miss_latency 354.74826

Core_0_L2C_rq_access 2020577
Core_0_L2C_rq_forward 0
Core_0_L2C_rq_merged 0
Core_0_L2C_rq_to_cache 2020540
Core_0_L2C_rq_full 0

Core_0_L2C_wq_access 436053
Core_0_L2C_wq_forward 37
Core_0_L2C_wq_merged 0
Core_0_L2C_wq_to_cache 436053
Core_0_L2C_wq_full 0

Core_0_L2C_pq_access 1855563
Core_0_L2C_pq_forward 0
Core_0_L2C_pq_merged 0
Core_0_L2C_pq_to_cache 1855563
Core_0_L2C_pq_full 0

Core_0_L2C_acc_epochs 0
Core_0_L2C_acc_level_0 0
Core_0_L2C_acc_level_1 0
Core_0_L2C_acc_level_2 0
Core_0_L2C_acc_level_3 0
Core_0_L2C_acc_level_4 0
Core_0_L2C_acc_level_5 0
Core_0_L2C_acc_level_6 0
Core_0_L2C_acc_level_7 0
Core_0_L2C_acc_level_8 0
Core_0_L2C_acc_level_9 0

Core_0_LLC_total_access 3377051
Core_0_LLC_total_hit 698009
Core_0_LLC_total_miss 2679042
Core_0_LLC_loads 1425657
Core_0_LLC_load_hit 446644
Core_0_LLC_load_miss 979013
Core_0_LLC_RFOs 138026
Core_0_LLC_RFO_hit 55744
Core_0_LLC_RFO_miss 82282
Core_0_LLC_prefetches 1422922
Core_0_LLC_prefetch_hit 8702
Core_0_LLC_prefetch_miss 1414220
Core_0_LLC_writebacks 390446
Core_0_LLC_writeback_hit 186919
Core_0_LLC_writeback_miss 203527
Core_0_LLC_prefetch_requested 0
Core_0_LLC_prefetch_dropped 0
Core_0_LLC_prefetch_issued 0
Core_0_LLC_prefetch_filled 1844817
Core_0_LLC_prefetch_useful 0
Core_0_LLC_prefetch_useless 1844329
Core_0_LLC_prefetch_late 0
Core_0_LLC_average_miss_latency 345.15775

Core_0_LLC_rq_access 1563684
Core_0_LLC_rq_forward 0
Core_0_LLC_rq_merged 0
Core_0_LLC_rq_to_cache 1563683
Core_0_LLC_rq_full 0

Core_0_LLC_wq_access 390446
Core_0_LLC_wq_forward 1
Core_0_LLC_wq_merged 0
Core_0_LLC_wq_to_cache 390446
Core_0_LLC_wq_full 0

Core_0_LLC_pq_access 1855561
Core_0_LLC_pq_forward 0
Core_0_LLC_pq_merged 0
Core_0_LLC_pq_to_cache 1855561
Core_0_LLC_pq_full 0

Core_0_LLC_acc_epochs 0
Core_0_LLC_acc_level_0 0
Core_0_LLC_acc_level_1 0
Core_0_LLC_acc_level_2 0
Core_0_LLC_acc_level_3 0
Core_0_LLC_acc_level_4 0
Core_0_LLC_acc_level_5 0
Core_0_LLC_acc_level_6 0
Core_0_LLC_acc_level_7 0
Core_0_LLC_acc_level_8 0
Core_0_LLC_acc_level_9 0

Core_0_major_page_fault 0
Core_0_minor_page_fault 51913

[L1D] L1D prefetcher final stats
Channel_0_RQ_row_buffer_hit 677782
Channel_0_RQ_row_buffer_miss 1797709
Channel_0_WQ_row_buffer_hit 63031
Channel_0_WQ_row_buffer_miss 240423
Channel_0_WQ_full 0
Channel_0_dbus_congested 629238

avg_congested_cycle 7

DRAM_bw_pochs 2071690
DRAM_bw_level_0 1823819
DRAM_bw_level_1 211783
DRAM_bw_level_2 26359
DRAM_bw_level_3 9729
