*************************************************
   ChampSim Multicore Out-of-Order Simulator
   Last compiled: Mar 31 2025 00:42:49
*************************************************
parsing config file: /data2/Pythia5/config/pythia.ini

trace_0 /data2/Pythia5/CASSANDRA/traces/cassandra_phase2_core0.trace.xz
[L1D] L1D prefetcher initialized
[L2C] Group10 L2C prefetcher initialized
Initialize SHIP state
warmup_instructions 50000000
simulation_instructions 150000000
champsim_seed 2186
measure_ipc 0
measure_ipc_epoch 1000
measure_dram_bw 1
measure_dram_bw_epoch 256
measure_cache_acc 1
measure_cache_acc_epoch 1024
l1d_perfect 0
l2c_perfect 0
llc_perfect 0
l1d_semi_perfect 0
l2c_semi_perfect 0
llc_semi_perfect 0
semi_perfect_cache_page_buffer_size 64

num_cpus 1
cpu_freq 4000
dram_io_freq 2400
page_size 4096
block_size 64
max_read_per_cycle 8
max_fill_per_cycle 1
dram_channels 1
log2_dram_channels 0
dram_ranks 1
dram_banks 8
dram_rows 65536
dram_columns 128
dram_row_size 8
dram_size 4096
dram_pages 1048576

fetch_width 6
decode_width 6
exec_width 4
lq_width 2
sq_width 2
retire_width 4
scheduler_size 128
branch_mispredict_penalty 20
rob_size 256
lq_size 72
sq_size 56
num_instr_destinations_sparc 4
num_instr_destinations 2
num_instr_sources 4

itlb_set 16
itlb_way 8
itlb_rq_size 16
itlb_wq_size 16
itlb_pq_size 0
itlb_mshr_size 8
itlb_latency 1

dtlb_set 16
dtlb_way 4
dtlb_rq_size 16
dtlb_wq_size 16
dtlb_pq_size 0
dtlb_mshr_size 8
dtlb_latency 1

stlb_set 128
stlb_way 12
stlb_rq_size 32
stlb_wq_size 32
stlb_pq_size 0
stlb_mshr_size 16
stlb_latency 8

l1i_size 32
l1i_set 64
l1i_way 8
l1i_rq_size 64
l1i_wq_size 64
l1i_pq_size 8
l1i_mshr_size 8
l1i_latency 1

l1d_size 32
l1d_set 64
l1d_way 8
l1d_rq_size 64
l1d_wq_size 64
l1d_pq_size 8
l1d_mshr_size 16
l1d_latency 4

l2c_size 256
l2c_set 512
l2c_way 8
l2c_rq_size 32
l2c_wq_size 32
l2c_pq_size 32
l2c_mshr_size 32
l2c_latency 10

llc_size 2048
llc_set 2048
llc_way 16
llc_rq_size 32
llc_wq_size 32
llc_pq_size 32
llc_mshr_size 64
llc_latency 20

dram_channel_width 8
dram_wq_size 64
dram_rq_size 64
tRP 15
tRCD 15
tCAS 12.5
dram_dbus_turn_around_time 30
dram_write_high_wm 56
dram_write_low_wm 48
min_dram_writes_per_switch 16
dram_mtps 2400
dram_dbus_return_time 13

[L1D] L1D prefetcher configuration

Heartbeat CPU  0 instructions:    1000000 cycles:     664654 heartbeat IPC: 1.50454 cumulative IPC: 1.50454 (Simulation time: 0 hr 0 min 1 sec) 
Heartbeat CPU  0 instructions:    2000001 cycles:    1163378 heartbeat IPC: 2.00512 cumulative IPC: 1.71913 (Simulation time: 0 hr 0 min 2 sec) 
Heartbeat CPU  0 instructions:    3000000 cycles:    1617879 heartbeat IPC: 2.20021 cumulative IPC: 1.85428 (Simulation time: 0 hr 0 min 3 sec) 
Heartbeat CPU  0 instructions:    4000000 cycles:    2081157 heartbeat IPC: 2.15853 cumulative IPC: 1.92201 (Simulation time: 0 hr 0 min 4 sec) 
Heartbeat CPU  0 instructions:    5000001 cycles:    2582004 heartbeat IPC: 1.99662 cumulative IPC: 1.93648 (Simulation time: 0 hr 0 min 5 sec) 
Heartbeat CPU  0 instructions:    6000002 cycles:    3103513 heartbeat IPC: 1.91751 cumulative IPC: 1.93329 (Simulation time: 0 hr 0 min 6 sec) 
Heartbeat CPU  0 instructions:    7000001 cycles:    3549679 heartbeat IPC: 2.24132 cumulative IPC: 1.97201 (Simulation time: 0 hr 0 min 7 sec) 
Heartbeat CPU  0 instructions:    8000000 cycles:    3981705 heartbeat IPC: 2.31467 cumulative IPC: 2.00919 (Simulation time: 0 hr 0 min 8 sec) 
Heartbeat CPU  0 instructions:    9000001 cycles:    4447602 heartbeat IPC: 2.14640 cumulative IPC: 2.02356 (Simulation time: 0 hr 0 min 9 sec) 
Heartbeat CPU  0 instructions:   10000003 cycles:    5021191 heartbeat IPC: 1.74341 cumulative IPC: 1.99156 (Simulation time: 0 hr 0 min 10 sec) 
Heartbeat CPU  0 instructions:   11000002 cycles:    5505772 heartbeat IPC: 2.06364 cumulative IPC: 1.99790 (Simulation time: 0 hr 0 min 12 sec) 
Heartbeat CPU  0 instructions:   12000000 cycles:    6156338 heartbeat IPC: 1.53712 cumulative IPC: 1.94921 (Simulation time: 0 hr 0 min 13 sec) 
Heartbeat CPU  0 instructions:   13000003 cycles:    6726834 heartbeat IPC: 1.75287 cumulative IPC: 1.93256 (Simulation time: 0 hr 0 min 14 sec) 
Heartbeat CPU  0 instructions:   14000003 cycles:    7372157 heartbeat IPC: 1.54961 cumulative IPC: 1.89904 (Simulation time: 0 hr 0 min 15 sec) 
Heartbeat CPU  0 instructions:   15000003 cycles:    7942290 heartbeat IPC: 1.75398 cumulative IPC: 1.88862 (Simulation time: 0 hr 0 min 16 sec) 
Heartbeat CPU  0 instructions:   16000000 cycles:    8554982 heartbeat IPC: 1.63214 cumulative IPC: 1.87026 (Simulation time: 0 hr 0 min 17 sec) 
Heartbeat CPU  0 instructions:   17000000 cycles:    9112727 heartbeat IPC: 1.79293 cumulative IPC: 1.86552 (Simulation time: 0 hr 0 min 18 sec) 
Heartbeat CPU  0 instructions:   18000001 cycles:    9672927 heartbeat IPC: 1.78508 cumulative IPC: 1.86086 (Simulation time: 0 hr 0 min 19 sec) 
Heartbeat CPU  0 instructions:   19000001 cycles:   10180845 heartbeat IPC: 1.96882 cumulative IPC: 1.86625 (Simulation time: 0 hr 0 min 21 sec) 
Heartbeat CPU  0 instructions:   20000000 cycles:   10659817 heartbeat IPC: 2.08780 cumulative IPC: 1.87620 (Simulation time: 0 hr 0 min 22 sec) 
Heartbeat CPU  0 instructions:   21000003 cycles:   10989978 heartbeat IPC: 3.02883 cumulative IPC: 1.91083 (Simulation time: 0 hr 0 min 23 sec) 
Heartbeat CPU  0 instructions:   22000003 cycles:   11320307 heartbeat IPC: 3.02728 cumulative IPC: 1.94341 (Simulation time: 0 hr 0 min 24 sec) 
Heartbeat CPU  0 instructions:   23000002 cycles:   11831716 heartbeat IPC: 1.95538 cumulative IPC: 1.94393 (Simulation time: 0 hr 0 min 25 sec) 
Heartbeat CPU  0 instructions:   24000000 cycles:   12382082 heartbeat IPC: 1.81697 cumulative IPC: 1.93828 (Simulation time: 0 hr 0 min 26 sec) 
Heartbeat CPU  0 instructions:   25000000 cycles:   12717683 heartbeat IPC: 2.97973 cumulative IPC: 1.96577 (Simulation time: 0 hr 0 min 27 sec) 
Heartbeat CPU  0 instructions:   26000001 cycles:   13199353 heartbeat IPC: 2.07611 cumulative IPC: 1.96979 (Simulation time: 0 hr 0 min 28 sec) 
Heartbeat CPU  0 instructions:   27000002 cycles:   13540458 heartbeat IPC: 2.93165 cumulative IPC: 1.99402 (Simulation time: 0 hr 0 min 30 sec) 
Heartbeat CPU  0 instructions:   28000000 cycles:   13871596 heartbeat IPC: 3.01988 cumulative IPC: 2.01851 (Simulation time: 0 hr 0 min 31 sec) 
Heartbeat CPU  0 instructions:   29000003 cycles:   14206980 heartbeat IPC: 2.98167 cumulative IPC: 2.04125 (Simulation time: 0 hr 0 min 32 sec) 
Heartbeat CPU  0 instructions:   30000002 cycles:   14723577 heartbeat IPC: 1.93574 cumulative IPC: 2.03755 (Simulation time: 0 hr 0 min 33 sec) 
Heartbeat CPU  0 instructions:   31000003 cycles:   15048449 heartbeat IPC: 3.07814 cumulative IPC: 2.06001 (Simulation time: 0 hr 0 min 34 sec) 
Heartbeat CPU  0 instructions:   32000000 cycles:   15374092 heartbeat IPC: 3.07084 cumulative IPC: 2.08142 (Simulation time: 0 hr 0 min 35 sec) 
Heartbeat CPU  0 instructions:   33000003 cycles:   15704947 heartbeat IPC: 3.02248 cumulative IPC: 2.10125 (Simulation time: 0 hr 0 min 36 sec) 
Heartbeat CPU  0 instructions:   34000001 cycles:   16064945 heartbeat IPC: 2.77779 cumulative IPC: 2.11641 (Simulation time: 0 hr 0 min 37 sec) 
Heartbeat CPU  0 instructions:   35000003 cycles:   16586768 heartbeat IPC: 1.91636 cumulative IPC: 2.11012 (Simulation time: 0 hr 0 min 39 sec) 
Heartbeat CPU  0 instructions:   36000000 cycles:   16969888 heartbeat IPC: 2.61014 cumulative IPC: 2.12140 (Simulation time: 0 hr 0 min 40 sec) 
Heartbeat CPU  0 instructions:   37000003 cycles:   17479869 heartbeat IPC: 1.96086 cumulative IPC: 2.11672 (Simulation time: 0 hr 0 min 41 sec) 
Heartbeat CPU  0 instructions:   38000003 cycles:   17809849 heartbeat IPC: 3.03049 cumulative IPC: 2.13365 (Simulation time: 0 hr 0 min 42 sec) 
Heartbeat CPU  0 instructions:   39000001 cycles:   18314345 heartbeat IPC: 1.98217 cumulative IPC: 2.12948 (Simulation time: 0 hr 0 min 43 sec) 
Heartbeat CPU  0 instructions:   40000000 cycles:   18653840 heartbeat IPC: 2.94555 cumulative IPC: 2.14433 (Simulation time: 0 hr 0 min 44 sec) 
Heartbeat CPU  0 instructions:   41000000 cycles:   19030304 heartbeat IPC: 2.65630 cumulative IPC: 2.15446 (Simulation time: 0 hr 0 min 45 sec) 
Heartbeat CPU  0 instructions:   42000003 cycles:   19357191 heartbeat IPC: 3.05917 cumulative IPC: 2.16974 (Simulation time: 0 hr 0 min 46 sec) 
Heartbeat CPU  0 instructions:   43000001 cycles:   19720030 heartbeat IPC: 2.75604 cumulative IPC: 2.18052 (Simulation time: 0 hr 0 min 48 sec) 
Heartbeat CPU  0 instructions:   44000000 cycles:   20200727 heartbeat IPC: 2.08031 cumulative IPC: 2.17814 (Simulation time: 0 hr 0 min 49 sec) 
Heartbeat CPU  0 instructions:   45000003 cycles:   20537952 heartbeat IPC: 2.96539 cumulative IPC: 2.19107 (Simulation time: 0 hr 0 min 50 sec) 
Heartbeat CPU  0 instructions:   46000001 cycles:   20900828 heartbeat IPC: 2.75576 cumulative IPC: 2.20087 (Simulation time: 0 hr 0 min 51 sec) 
Heartbeat CPU  0 instructions:   47000003 cycles:   21262196 heartbeat IPC: 2.76727 cumulative IPC: 2.21050 (Simulation time: 0 hr 0 min 52 sec) 
Heartbeat CPU  0 instructions:   48000000 cycles:   21735914 heartbeat IPC: 2.11095 cumulative IPC: 2.20833 (Simulation time: 0 hr 0 min 53 sec) 
Heartbeat CPU  0 instructions:   49000002 cycles:   22126431 heartbeat IPC: 2.56071 cumulative IPC: 2.21455 (Simulation time: 0 hr 0 min 54 sec) 
Heartbeat CPU  0 instructions:   50000002 cycles:   22457885 heartbeat IPC: 3.01701 cumulative IPC: 2.22639 (Simulation time: 0 hr 0 min 55 sec) 

Warmup complete CPU  0 instructions:   50000002 cycles:   22457885 (Simulation time: 0 hr 0 min 55 sec) 

Heartbeat CPU  0 instructions:   51000003 cycles:   26386560 heartbeat IPC: 0.25454 cumulative IPC: 0.25454 (Simulation time: 0 hr 0 min 57 sec) 
Heartbeat CPU  0 instructions:   52000000 cycles:   29462835 heartbeat IPC: 0.32507 cumulative IPC: 0.28551 (Simulation time: 0 hr 0 min 59 sec) 
Heartbeat CPU  0 instructions:   53000001 cycles:   32538082 heartbeat IPC: 0.32518 cumulative IPC: 0.29761 (Simulation time: 0 hr 1 min 1 sec) 
Heartbeat CPU  0 instructions:   54000001 cycles:   36410591 heartbeat IPC: 0.25823 cumulative IPC: 0.28668 (Simulation time: 0 hr 1 min 3 sec) 
Heartbeat CPU  0 instructions:   55000001 cycles:   39034557 heartbeat IPC: 0.38110 cumulative IPC: 0.30163 (Simulation time: 0 hr 1 min 5 sec) 
Heartbeat CPU  0 instructions:   56000000 cycles:   42017444 heartbeat IPC: 0.33525 cumulative IPC: 0.30676 (Simulation time: 0 hr 1 min 6 sec) 
Heartbeat CPU  0 instructions:   57000002 cycles:   44699895 heartbeat IPC: 0.37279 cumulative IPC: 0.31472 (Simulation time: 0 hr 1 min 8 sec) 
Heartbeat CPU  0 instructions:   58000002 cycles:   47325920 heartbeat IPC: 0.38080 cumulative IPC: 0.32170 (Simulation time: 0 hr 1 min 9 sec) 
Heartbeat CPU  0 instructions:   59000000 cycles:   50812262 heartbeat IPC: 0.28683 cumulative IPC: 0.31741 (Simulation time: 0 hr 1 min 12 sec) 
Heartbeat CPU  0 instructions:   60000000 cycles:   54385652 heartbeat IPC: 0.27985 cumulative IPC: 0.31321 (Simulation time: 0 hr 1 min 13 sec) 
Heartbeat CPU  0 instructions:   61000001 cycles:   59058485 heartbeat IPC: 0.21400 cumulative IPC: 0.30054 (Simulation time: 0 hr 1 min 15 sec) 
Heartbeat CPU  0 instructions:   62000002 cycles:   62247950 heartbeat IPC: 0.31353 cumulative IPC: 0.30158 (Simulation time: 0 hr 1 min 17 sec) 
Heartbeat CPU  0 instructions:   63000002 cycles:   64952401 heartbeat IPC: 0.36976 cumulative IPC: 0.30592 (Simulation time: 0 hr 1 min 19 sec) 
Heartbeat CPU  0 instructions:   64000000 cycles:   67785233 heartbeat IPC: 0.35300 cumulative IPC: 0.30886 (Simulation time: 0 hr 1 min 21 sec) 
Heartbeat CPU  0 instructions:   65000001 cycles:   71094975 heartbeat IPC: 0.30214 cumulative IPC: 0.30841 (Simulation time: 0 hr 1 min 22 sec) 
Heartbeat CPU  0 instructions:   66000000 cycles:   73786502 heartbeat IPC: 0.37154 cumulative IPC: 0.31172 (Simulation time: 0 hr 1 min 24 sec) 
Heartbeat CPU  0 instructions:   67000003 cycles:   76437819 heartbeat IPC: 0.37717 cumulative IPC: 0.31493 (Simulation time: 0 hr 1 min 26 sec) 
Heartbeat CPU  0 instructions:   68000000 cycles:   78992549 heartbeat IPC: 0.39143 cumulative IPC: 0.31839 (Simulation time: 0 hr 1 min 27 sec) 
Heartbeat CPU  0 instructions:   69000003 cycles:   81568762 heartbeat IPC: 0.38817 cumulative IPC: 0.32143 (Simulation time: 0 hr 1 min 29 sec) 
Heartbeat CPU  0 instructions:   70000002 cycles:   84552569 heartbeat IPC: 0.33514 cumulative IPC: 0.32209 (Simulation time: 0 hr 1 min 31 sec) 
Heartbeat CPU  0 instructions:   71000000 cycles:   87518722 heartbeat IPC: 0.33714 cumulative IPC: 0.32277 (Simulation time: 0 hr 1 min 32 sec) 
Heartbeat CPU  0 instructions:   72000000 cycles:   90136621 heartbeat IPC: 0.38199 cumulative IPC: 0.32507 (Simulation time: 0 hr 1 min 34 sec) 
Heartbeat CPU  0 instructions:   73000000 cycles:   93611512 heartbeat IPC: 0.28778 cumulative IPC: 0.32324 (Simulation time: 0 hr 1 min 36 sec) 
Heartbeat CPU  0 instructions:   74000002 cycles:   96309147 heartbeat IPC: 0.37070 cumulative IPC: 0.32498 (Simulation time: 0 hr 1 min 38 sec) 
Heartbeat CPU  0 instructions:   75000003 cycles:   98911918 heartbeat IPC: 0.38421 cumulative IPC: 0.32699 (Simulation time: 0 hr 1 min 39 sec) 
Heartbeat CPU  0 instructions:   76000000 cycles:  101605038 heartbeat IPC: 0.37132 cumulative IPC: 0.32850 (Simulation time: 0 hr 1 min 41 sec) 
Heartbeat CPU  0 instructions:   77000003 cycles:  104220308 heartbeat IPC: 0.38237 cumulative IPC: 0.33023 (Simulation time: 0 hr 1 min 43 sec) 
Heartbeat CPU  0 instructions:   78000002 cycles:  106898561 heartbeat IPC: 0.37338 cumulative IPC: 0.33159 (Simulation time: 0 hr 1 min 44 sec) 
Heartbeat CPU  0 instructions:   79000000 cycles:  109797066 heartbeat IPC: 0.34500 cumulative IPC: 0.33204 (Simulation time: 0 hr 1 min 46 sec) 
Heartbeat CPU  0 instructions:   80000000 cycles:  112351706 heartbeat IPC: 0.39144 cumulative IPC: 0.33373 (Simulation time: 0 hr 1 min 48 sec) 
Heartbeat CPU  0 instructions:   81000000 cycles:  114998650 heartbeat IPC: 0.37779 cumulative IPC: 0.33499 (Simulation time: 0 hr 1 min 50 sec) 
Heartbeat CPU  0 instructions:   82000003 cycles:  117674815 heartbeat IPC: 0.37367 cumulative IPC: 0.33607 (Simulation time: 0 hr 1 min 51 sec) 
Heartbeat CPU  0 instructions:   83000003 cycles:  120336538 heartbeat IPC: 0.37570 cumulative IPC: 0.33715 (Simulation time: 0 hr 1 min 53 sec) 
Heartbeat CPU  0 instructions:   84000000 cycles:  122988991 heartbeat IPC: 0.37701 cumulative IPC: 0.33820 (Simulation time: 0 hr 1 min 54 sec) 
Heartbeat CPU  0 instructions:   85000001 cycles:  126580318 heartbeat IPC: 0.27845 cumulative IPC: 0.33614 (Simulation time: 0 hr 1 min 56 sec) 
Heartbeat CPU  0 instructions:   86000003 cycles:  129300024 heartbeat IPC: 0.36769 cumulative IPC: 0.33695 (Simulation time: 0 hr 1 min 58 sec) 
Heartbeat CPU  0 instructions:   87000003 cycles:  132148211 heartbeat IPC: 0.35110 cumulative IPC: 0.33731 (Simulation time: 0 hr 2 min 0 sec) 
Heartbeat CPU  0 instructions:   88000000 cycles:  134995269 heartbeat IPC: 0.35124 cumulative IPC: 0.33767 (Simulation time: 0 hr 2 min 1 sec) 
Heartbeat CPU  0 instructions:   89000002 cycles:  138059075 heartbeat IPC: 0.32639 cumulative IPC: 0.33737 (Simulation time: 0 hr 2 min 3 sec) 
Heartbeat CPU  0 instructions:   90000001 cycles:  140581241 heartbeat IPC: 0.39648 cumulative IPC: 0.33863 (Simulation time: 0 hr 2 min 5 sec) 
Heartbeat CPU  0 instructions:   91000002 cycles:  143582183 heartbeat IPC: 0.33323 cumulative IPC: 0.33850 (Simulation time: 0 hr 2 min 7 sec) 
Heartbeat CPU  0 instructions:   92000000 cycles:  146565416 heartbeat IPC: 0.33521 cumulative IPC: 0.33842 (Simulation time: 0 hr 2 min 9 sec) 
Heartbeat CPU  0 instructions:   93000000 cycles:  149240783 heartbeat IPC: 0.37378 cumulative IPC: 0.33916 (Simulation time: 0 hr 2 min 10 sec) 
Heartbeat CPU  0 instructions:   94000000 cycles:  153128607 heartbeat IPC: 0.25721 cumulative IPC: 0.33672 (Simulation time: 0 hr 2 min 12 sec) 
Heartbeat CPU  0 instructions:   95000002 cycles:  156149240 heartbeat IPC: 0.33106 cumulative IPC: 0.33660 (Simulation time: 0 hr 2 min 14 sec) 
Heartbeat CPU  0 instructions:   96000000 cycles:  159235973 heartbeat IPC: 0.32397 cumulative IPC: 0.33631 (Simulation time: 0 hr 2 min 15 sec) 
Heartbeat CPU  0 instructions:   97000002 cycles:  162222814 heartbeat IPC: 0.33480 cumulative IPC: 0.33628 (Simulation time: 0 hr 2 min 17 sec) 
Heartbeat CPU  0 instructions:   98000000 cycles:  164820918 heartbeat IPC: 0.38490 cumulative IPC: 0.33717 (Simulation time: 0 hr 2 min 19 sec) 
Heartbeat CPU  0 instructions:   99000001 cycles:  167683488 heartbeat IPC: 0.34934 cumulative IPC: 0.33741 (Simulation time: 0 hr 2 min 21 sec) 
*** Reached end of trace for Core: 0 Repeating trace: /data2/Pythia5/CASSANDRA/traces/cassandra_phase2_core0.trace.xz
Heartbeat CPU  0 instructions:  100000000 cycles:  170264099 heartbeat IPC: 0.38750 cumulative IPC: 0.33828 (Simulation time: 0 hr 2 min 22 sec) 
Heartbeat CPU  0 instructions:  101000003 cycles:  173550029 heartbeat IPC: 0.30433 cumulative IPC: 0.33754 (Simulation time: 0 hr 2 min 24 sec) 
Heartbeat CPU  0 instructions:  102000003 cycles:  179427545 heartbeat IPC: 0.17014 cumulative IPC: 0.33127 (Simulation time: 0 hr 2 min 26 sec) 
Heartbeat CPU  0 instructions:  103000003 cycles:  186583590 heartbeat IPC: 0.13974 cumulative IPC: 0.32292 (Simulation time: 0 hr 2 min 28 sec) 
Heartbeat CPU  0 instructions:  104000000 cycles:  193700961 heartbeat IPC: 0.14050 cumulative IPC: 0.31534 (Simulation time: 0 hr 2 min 30 sec) 
Heartbeat CPU  0 instructions:  105000003 cycles:  199094198 heartbeat IPC: 0.18542 cumulative IPC: 0.31137 (Simulation time: 0 hr 2 min 32 sec) 
Heartbeat CPU  0 instructions:  106000003 cycles:  203801254 heartbeat IPC: 0.21245 cumulative IPC: 0.30881 (Simulation time: 0 hr 2 min 34 sec) 
Heartbeat CPU  0 instructions:  107000003 cycles:  209997699 heartbeat IPC: 0.16138 cumulative IPC: 0.30394 (Simulation time: 0 hr 2 min 36 sec) 
Heartbeat CPU  0 instructions:  108000000 cycles:  216823361 heartbeat IPC: 0.14651 cumulative IPC: 0.29841 (Simulation time: 0 hr 2 min 38 sec) 
Heartbeat CPU  0 instructions:  109000001 cycles:  224481398 heartbeat IPC: 0.13058 cumulative IPC: 0.29205 (Simulation time: 0 hr 2 min 40 sec) 
Heartbeat CPU  0 instructions:  110000003 cycles:  229000731 heartbeat IPC: 0.22127 cumulative IPC: 0.29050 (Simulation time: 0 hr 2 min 42 sec) 
Heartbeat CPU  0 instructions:  111000002 cycles:  235179126 heartbeat IPC: 0.16185 cumulative IPC: 0.28676 (Simulation time: 0 hr 2 min 43 sec) 
Heartbeat CPU  0 instructions:  112000000 cycles:  239148331 heartbeat IPC: 0.25194 cumulative IPC: 0.28612 (Simulation time: 0 hr 2 min 45 sec) 
Heartbeat CPU  0 instructions:  113000002 cycles:  243773398 heartbeat IPC: 0.21621 cumulative IPC: 0.28466 (Simulation time: 0 hr 2 min 47 sec) 
Heartbeat CPU  0 instructions:  114000003 cycles:  250193688 heartbeat IPC: 0.15576 cumulative IPC: 0.28103 (Simulation time: 0 hr 2 min 50 sec) 
Heartbeat CPU  0 instructions:  115000001 cycles:  254561041 heartbeat IPC: 0.22897 cumulative IPC: 0.28005 (Simulation time: 0 hr 2 min 51 sec) 
Heartbeat CPU  0 instructions:  116000000 cycles:  258874229 heartbeat IPC: 0.23185 cumulative IPC: 0.27917 (Simulation time: 0 hr 2 min 53 sec) 
Heartbeat CPU  0 instructions:  117000003 cycles:  264618754 heartbeat IPC: 0.17408 cumulative IPC: 0.27668 (Simulation time: 0 hr 2 min 55 sec) 
Heartbeat CPU  0 instructions:  118000003 cycles:  265787576 heartbeat IPC: 0.85556 cumulative IPC: 0.27946 (Simulation time: 0 hr 2 min 57 sec) 
Heartbeat CPU  0 instructions:  119000002 cycles:  267929313 heartbeat IPC: 0.46691 cumulative IPC: 0.28109 (Simulation time: 0 hr 2 min 58 sec) 
Heartbeat CPU  0 instructions:  120000000 cycles:  271726563 heartbeat IPC: 0.26335 cumulative IPC: 0.28082 (Simulation time: 0 hr 3 min 0 sec) 
Heartbeat CPU  0 instructions:  121000002 cycles:  274625914 heartbeat IPC: 0.34491 cumulative IPC: 0.28156 (Simulation time: 0 hr 3 min 2 sec) 
Heartbeat CPU  0 instructions:  122000003 cycles:  277517555 heartbeat IPC: 0.34582 cumulative IPC: 0.28229 (Simulation time: 0 hr 3 min 3 sec) 
Heartbeat CPU  0 instructions:  123000002 cycles:  281467484 heartbeat IPC: 0.25317 cumulative IPC: 0.28184 (Simulation time: 0 hr 3 min 5 sec) 
Heartbeat CPU  0 instructions:  124000000 cycles:  285696955 heartbeat IPC: 0.23644 cumulative IPC: 0.28111 (Simulation time: 0 hr 3 min 7 sec) 
Heartbeat CPU  0 instructions:  125000001 cycles:  288423391 heartbeat IPC: 0.36678 cumulative IPC: 0.28199 (Simulation time: 0 hr 3 min 9 sec) 
Heartbeat CPU  0 instructions:  126000002 cycles:  292228271 heartbeat IPC: 0.26282 cumulative IPC: 0.28172 (Simulation time: 0 hr 3 min 11 sec) 
Heartbeat CPU  0 instructions:  127000003 cycles:  295329579 heartbeat IPC: 0.32244 cumulative IPC: 0.28218 (Simulation time: 0 hr 3 min 13 sec) 
Heartbeat CPU  0 instructions:  128000000 cycles:  298364809 heartbeat IPC: 0.32946 cumulative IPC: 0.28270 (Simulation time: 0 hr 3 min 14 sec) 
Heartbeat CPU  0 instructions:  129000000 cycles:  301480863 heartbeat IPC: 0.32092 cumulative IPC: 0.28313 (Simulation time: 0 hr 3 min 16 sec) 
Heartbeat CPU  0 instructions:  130000003 cycles:  305429847 heartbeat IPC: 0.25323 cumulative IPC: 0.28271 (Simulation time: 0 hr 3 min 18 sec) 
Heartbeat CPU  0 instructions:  131000000 cycles:  308045885 heartbeat IPC: 0.38226 cumulative IPC: 0.28363 (Simulation time: 0 hr 3 min 20 sec) 
Heartbeat CPU  0 instructions:  132000000 cycles:  310659830 heartbeat IPC: 0.38256 cumulative IPC: 0.28452 (Simulation time: 0 hr 3 min 21 sec) 
Heartbeat CPU  0 instructions:  133000001 cycles:  313322666 heartbeat IPC: 0.37554 cumulative IPC: 0.28536 (Simulation time: 0 hr 3 min 23 sec) 
Heartbeat CPU  0 instructions:  134000000 cycles:  316444687 heartbeat IPC: 0.32031 cumulative IPC: 0.28573 (Simulation time: 0 hr 3 min 25 sec) 
Heartbeat CPU  0 instructions:  135000003 cycles:  320769633 heartbeat IPC: 0.23122 cumulative IPC: 0.28494 (Simulation time: 0 hr 3 min 27 sec) 
Heartbeat CPU  0 instructions:  136000000 cycles:  324119553 heartbeat IPC: 0.29851 cumulative IPC: 0.28509 (Simulation time: 0 hr 3 min 29 sec) 
Heartbeat CPU  0 instructions:  137000003 cycles:  327638612 heartbeat IPC: 0.28417 cumulative IPC: 0.28508 (Simulation time: 0 hr 3 min 31 sec) 
Heartbeat CPU  0 instructions:  138000003 cycles:  330256832 heartbeat IPC: 0.38194 cumulative IPC: 0.28590 (Simulation time: 0 hr 3 min 32 sec) 
Heartbeat CPU  0 instructions:  139000003 cycles:  334179436 heartbeat IPC: 0.25493 cumulative IPC: 0.28551 (Simulation time: 0 hr 3 min 34 sec) 
Heartbeat CPU  0 instructions:  140000000 cycles:  337046482 heartbeat IPC: 0.34879 cumulative IPC: 0.28609 (Simulation time: 0 hr 3 min 36 sec) 
Heartbeat CPU  0 instructions:  141000000 cycles:  340220626 heartbeat IPC: 0.31505 cumulative IPC: 0.28638 (Simulation time: 0 hr 3 min 38 sec) 
Heartbeat CPU  0 instructions:  142000002 cycles:  343098414 heartbeat IPC: 0.34749 cumulative IPC: 0.28693 (Simulation time: 0 hr 3 min 39 sec) 
Heartbeat CPU  0 instructions:  143000003 cycles:  346237014 heartbeat IPC: 0.31861 cumulative IPC: 0.28723 (Simulation time: 0 hr 3 min 41 sec) 
Heartbeat CPU  0 instructions:  144000000 cycles:  349679670 heartbeat IPC: 0.29047 cumulative IPC: 0.28727 (Simulation time: 0 hr 3 min 43 sec) 
Heartbeat CPU  0 instructions:  145000001 cycles:  352397482 heartbeat IPC: 0.36794 cumulative IPC: 0.28793 (Simulation time: 0 hr 3 min 44 sec) 
Heartbeat CPU  0 instructions:  146000001 cycles:  355310868 heartbeat IPC: 0.34324 cumulative IPC: 0.28842 (Simulation time: 0 hr 3 min 46 sec) 
Heartbeat CPU  0 instructions:  147000000 cycles:  358177922 heartbeat IPC: 0.34879 cumulative IPC: 0.28893 (Simulation time: 0 hr 3 min 48 sec) 
Heartbeat CPU  0 instructions:  148000000 cycles:  361893337 heartbeat IPC: 0.26915 cumulative IPC: 0.28871 (Simulation time: 0 hr 3 min 50 sec) 
Heartbeat CPU  0 instructions:  149000000 cycles:  365116046 heartbeat IPC: 0.31030 cumulative IPC: 0.28892 (Simulation time: 0 hr 3 min 52 sec) 
Heartbeat CPU  0 instructions:  150000002 cycles:  367754199 heartbeat IPC: 0.37905 cumulative IPC: 0.28961 (Simulation time: 0 hr 3 min 53 sec) 
Heartbeat CPU  0 instructions:  151000003 cycles:  371687471 heartbeat IPC: 0.25424 cumulative IPC: 0.28921 (Simulation time: 0 hr 3 min 55 sec) 
Heartbeat CPU  0 instructions:  152000000 cycles:  374778492 heartbeat IPC: 0.32352 cumulative IPC: 0.28951 (Simulation time: 0 hr 3 min 57 sec) 
Heartbeat CPU  0 instructions:  153000001 cycles:  377868052 heartbeat IPC: 0.32367 cumulative IPC: 0.28981 (Simulation time: 0 hr 3 min 59 sec) 
Heartbeat CPU  0 instructions:  154000002 cycles:  381720133 heartbeat IPC: 0.25960 cumulative IPC: 0.28948 (Simulation time: 0 hr 4 min 1 sec) 
Heartbeat CPU  0 instructions:  155000003 cycles:  384328507 heartbeat IPC: 0.38338 cumulative IPC: 0.29016 (Simulation time: 0 hr 4 min 3 sec) 
Heartbeat CPU  0 instructions:  156000000 cycles:  387317034 heartbeat IPC: 0.33461 cumulative IPC: 0.29052 (Simulation time: 0 hr 4 min 4 sec) 
Heartbeat CPU  0 instructions:  157000000 cycles:  390004846 heartbeat IPC: 0.37205 cumulative IPC: 0.29112 (Simulation time: 0 hr 4 min 6 sec) 
Heartbeat CPU  0 instructions:  158000003 cycles:  392633759 heartbeat IPC: 0.38039 cumulative IPC: 0.29175 (Simulation time: 0 hr 4 min 7 sec) 
Heartbeat CPU  0 instructions:  159000000 cycles:  396120842 heartbeat IPC: 0.28677 cumulative IPC: 0.29171 (Simulation time: 0 hr 4 min 10 sec) 
Heartbeat CPU  0 instructions:  160000000 cycles:  399738915 heartbeat IPC: 0.27639 cumulative IPC: 0.29156 (Simulation time: 0 hr 4 min 11 sec) 
Heartbeat CPU  0 instructions:  161000000 cycles:  404428429 heartbeat IPC: 0.21324 cumulative IPC: 0.29060 (Simulation time: 0 hr 4 min 13 sec) 
Heartbeat CPU  0 instructions:  162000001 cycles:  407617321 heartbeat IPC: 0.31359 cumulative IPC: 0.29079 (Simulation time: 0 hr 4 min 15 sec) 
Heartbeat CPU  0 instructions:  163000001 cycles:  410324119 heartbeat IPC: 0.36944 cumulative IPC: 0.29134 (Simulation time: 0 hr 4 min 17 sec) 
Heartbeat CPU  0 instructions:  164000000 cycles:  413140396 heartbeat IPC: 0.35508 cumulative IPC: 0.29180 (Simulation time: 0 hr 4 min 18 sec) 
Heartbeat CPU  0 instructions:  165000003 cycles:  416454039 heartbeat IPC: 0.30178 cumulative IPC: 0.29188 (Simulation time: 0 hr 4 min 20 sec) 
Heartbeat CPU  0 instructions:  166000003 cycles:  419150249 heartbeat IPC: 0.37089 cumulative IPC: 0.29242 (Simulation time: 0 hr 4 min 22 sec) 
Heartbeat CPU  0 instructions:  167000001 cycles:  421797416 heartbeat IPC: 0.37776 cumulative IPC: 0.29298 (Simulation time: 0 hr 4 min 23 sec) 
Heartbeat CPU  0 instructions:  168000000 cycles:  424341108 heartbeat IPC: 0.39313 cumulative IPC: 0.29362 (Simulation time: 0 hr 4 min 25 sec) 
Heartbeat CPU  0 instructions:  169000002 cycles:  426903310 heartbeat IPC: 0.39029 cumulative IPC: 0.29423 (Simulation time: 0 hr 4 min 26 sec) 
Heartbeat CPU  0 instructions:  170000002 cycles:  429889576 heartbeat IPC: 0.33487 cumulative IPC: 0.29453 (Simulation time: 0 hr 4 min 28 sec) 
Heartbeat CPU  0 instructions:  171000003 cycles:  432851530 heartbeat IPC: 0.33762 cumulative IPC: 0.29484 (Simulation time: 0 hr 4 min 30 sec) 
Heartbeat CPU  0 instructions:  172000000 cycles:  435474465 heartbeat IPC: 0.38125 cumulative IPC: 0.29539 (Simulation time: 0 hr 4 min 32 sec) 
Heartbeat CPU  0 instructions:  173000001 cycles:  438949584 heartbeat IPC: 0.28776 cumulative IPC: 0.29532 (Simulation time: 0 hr 4 min 34 sec) 
Heartbeat CPU  0 instructions:  174000001 cycles:  441639793 heartbeat IPC: 0.37172 cumulative IPC: 0.29581 (Simulation time: 0 hr 4 min 35 sec) 
Heartbeat CPU  0 instructions:  175000002 cycles:  444240776 heartbeat IPC: 0.38447 cumulative IPC: 0.29636 (Simulation time: 0 hr 4 min 37 sec) 
Heartbeat CPU  0 instructions:  176000000 cycles:  446934809 heartbeat IPC: 0.37119 cumulative IPC: 0.29684 (Simulation time: 0 hr 4 min 39 sec) 
Heartbeat CPU  0 instructions:  177000002 cycles:  449534006 heartbeat IPC: 0.38473 cumulative IPC: 0.29737 (Simulation time: 0 hr 4 min 40 sec) 
Heartbeat CPU  0 instructions:  178000000 cycles:  452210022 heartbeat IPC: 0.37369 cumulative IPC: 0.29785 (Simulation time: 0 hr 4 min 42 sec) 
Heartbeat CPU  0 instructions:  179000001 cycles:  455113392 heartbeat IPC: 0.34443 cumulative IPC: 0.29816 (Simulation time: 0 hr 4 min 44 sec) 
Heartbeat CPU  0 instructions:  180000000 cycles:  457673393 heartbeat IPC: 0.39062 cumulative IPC: 0.29870 (Simulation time: 0 hr 4 min 45 sec) 
Heartbeat CPU  0 instructions:  181000003 cycles:  460295551 heartbeat IPC: 0.38137 cumulative IPC: 0.29920 (Simulation time: 0 hr 4 min 47 sec) 
Heartbeat CPU  0 instructions:  182000001 cycles:  462971692 heartbeat IPC: 0.37367 cumulative IPC: 0.29965 (Simulation time: 0 hr 4 min 49 sec) 
Heartbeat CPU  0 instructions:  183000000 cycles:  465637587 heartbeat IPC: 0.37511 cumulative IPC: 0.30010 (Simulation time: 0 hr 4 min 50 sec) 
Heartbeat CPU  0 instructions:  184000000 cycles:  468279765 heartbeat IPC: 0.37848 cumulative IPC: 0.30057 (Simulation time: 0 hr 4 min 52 sec) 
Heartbeat CPU  0 instructions:  185000002 cycles:  471872536 heartbeat IPC: 0.27834 cumulative IPC: 0.30039 (Simulation time: 0 hr 4 min 54 sec) 
Heartbeat CPU  0 instructions:  186000003 cycles:  474592046 heartbeat IPC: 0.36771 cumulative IPC: 0.30080 (Simulation time: 0 hr 4 min 55 sec) 
Heartbeat CPU  0 instructions:  187000000 cycles:  477435309 heartbeat IPC: 0.35171 cumulative IPC: 0.30111 (Simulation time: 0 hr 4 min 57 sec) 
Heartbeat CPU  0 instructions:  188000000 cycles:  480269536 heartbeat IPC: 0.35283 cumulative IPC: 0.30143 (Simulation time: 0 hr 4 min 59 sec) 
Heartbeat CPU  0 instructions:  189000001 cycles:  483335979 heartbeat IPC: 0.32611 cumulative IPC: 0.30160 (Simulation time: 0 hr 5 min 1 sec) 
Heartbeat CPU  0 instructions:  190000003 cycles:  485850987 heartbeat IPC: 0.39761 cumulative IPC: 0.30212 (Simulation time: 0 hr 5 min 2 sec) 
Heartbeat CPU  0 instructions:  191000001 cycles:  488855584 heartbeat IPC: 0.33282 cumulative IPC: 0.30232 (Simulation time: 0 hr 5 min 4 sec) 
Heartbeat CPU  0 instructions:  192000000 cycles:  491852799 heartbeat IPC: 0.33364 cumulative IPC: 0.30252 (Simulation time: 0 hr 5 min 6 sec) 
Heartbeat CPU  0 instructions:  193000001 cycles:  494523282 heartbeat IPC: 0.37446 cumulative IPC: 0.30292 (Simulation time: 0 hr 5 min 7 sec) 
Heartbeat CPU  0 instructions:  194000001 cycles:  498398325 heartbeat IPC: 0.25806 cumulative IPC: 0.30256 (Simulation time: 0 hr 5 min 9 sec) 
Heartbeat CPU  0 instructions:  195000000 cycles:  501411628 heartbeat IPC: 0.33186 cumulative IPC: 0.30274 (Simulation time: 0 hr 5 min 11 sec) 
Heartbeat CPU  0 instructions:  196000000 cycles:  504503398 heartbeat IPC: 0.32344 cumulative IPC: 0.30288 (Simulation time: 0 hr 5 min 13 sec) 
Heartbeat CPU  0 instructions:  197000003 cycles:  507479986 heartbeat IPC: 0.33596 cumulative IPC: 0.30308 (Simulation time: 0 hr 5 min 15 sec) 
Heartbeat CPU  0 instructions:  198000002 cycles:  510085294 heartbeat IPC: 0.38383 cumulative IPC: 0.30351 (Simulation time: 0 hr 5 min 16 sec) 
Heartbeat CPU  0 instructions:  199000001 cycles:  512955366 heartbeat IPC: 0.34842 cumulative IPC: 0.30377 (Simulation time: 0 hr 5 min 18 sec) 
*** Reached end of trace for Core: 0 Repeating trace: /data2/Pythia5/CASSANDRA/traces/cassandra_phase2_core0.trace.xz
Heartbeat CPU  0 instructions:  200000000 cycles:  515524971 heartbeat IPC: 0.38916 cumulative IPC: 0.30422 (Simulation time: 0 hr 5 min 19 sec) 
Finished CPU 0 instructions: 150000001 cycles: 493067094 cumulative IPC: 0.30422 (Simulation time: 0 hr 5 min 19 sec) 

ChampSim completed all CPUs

[ROI Statistics]
Core_0_instructions 150000001
Core_0_cycles 493067094
Core_0_IPC 0.30422

Core_0_branch_prediction_accuracy 97.66783
Core_0_branch_MPKI 3.14885
Core_0_average_ROB_occupancy_at_mispredict 104.62372

Core_0_L1D_total_access 16051340
Core_0_L1D_total_hit 14801044
Core_0_L1D_total_miss 1250296
Core_0_L1D_loads 10496842
Core_0_L1D_load_hit 9388498
Core_0_L1D_load_miss 1108344
Core_0_L1D_RFOs 5554498
Core_0_L1D_RFO_hit 5412546
Core_0_L1D_RFO_miss 141952
Core_0_L1D_prefetches 0
Core_0_L1D_prefetch_hit 0
Core_0_L1D_prefetch_miss 0
Core_0_L1D_writebacks 0
Core_0_L1D_writeback_hit 0
Core_0_L1D_writeback_miss 0
Core_0_L1D_prefetch_requested 0
Core_0_L1D_prefetch_dropped 0
Core_0_L1D_prefetch_issued 0
Core_0_L1D_prefetch_filled 0
Core_0_L1D_prefetch_useful 0
Core_0_L1D_prefetch_useless 0
Core_0_L1D_prefetch_late 0
Core_0_L1D_average_miss_latency 213.81835

Core_0_L1D_rq_access 18244469
Core_0_L1D_rq_forward 0
Core_0_L1D_rq_merged 7547519
Core_0_L1D_rq_to_cache 10696637
Core_0_L1D_rq_full 0

Core_0_L1D_wq_access 6144464
Core_0_L1D_wq_forward 313
Core_0_L1D_wq_merged 147923
Core_0_L1D_wq_to_cache 5996541
Core_0_L1D_wq_full 10111

Core_0_L1D_pq_access 0
Core_0_L1D_pq_forward 0
Core_0_L1D_pq_merged 0
Core_0_L1D_pq_to_cache 0
Core_0_L1D_pq_full 0

Core_0_L1D_acc_epochs 0
Core_0_L1D_acc_level_0 0
Core_0_L1D_acc_level_1 0
Core_0_L1D_acc_level_2 0
Core_0_L1D_acc_level_3 0
Core_0_L1D_acc_level_4 0
Core_0_L1D_acc_level_5 0
Core_0_L1D_acc_level_6 0
Core_0_L1D_acc_level_7 0
Core_0_L1D_acc_level_8 0
Core_0_L1D_acc_level_9 0

Core_0_L1I_total_access 31237905
Core_0_L1I_total_hit 30899183
Core_0_L1I_total_miss 338722
Core_0_L1I_loads 31237905
Core_0_L1I_load_hit 30899183
Core_0_L1I_load_miss 338722
Core_0_L1I_RFOs 0
Core_0_L1I_RFO_hit 0
Core_0_L1I_RFO_miss 0
Core_0_L1I_prefetches 0
Core_0_L1I_prefetch_hit 0
Core_0_L1I_prefetch_miss 0
Core_0_L1I_writebacks 0
Core_0_L1I_writeback_hit 0
Core_0_L1I_writeback_miss 0
Core_0_L1I_prefetch_requested 0
Core_0_L1I_prefetch_dropped 0
Core_0_L1I_prefetch_issued 0
Core_0_L1I_prefetch_filled 0
Core_0_L1I_prefetch_useful 0
Core_0_L1I_prefetch_useless 0
Core_0_L1I_prefetch_late 0
Core_0_L1I_average_miss_latency 110.02549

Core_0_L1I_rq_access 150000158
Core_0_L1I_rq_forward 0
Core_0_L1I_rq_merged 118565103
Core_0_L1I_rq_to_cache 31435055
Core_0_L1I_rq_full 0

Core_0_L1I_wq_access 0
Core_0_L1I_wq_forward 0
Core_0_L1I_wq_merged 0
Core_0_L1I_wq_to_cache 0
Core_0_L1I_wq_full 0

Core_0_L1I_pq_access 0
Core_0_L1I_pq_forward 0
Core_0_L1I_pq_merged 0
Core_0_L1I_pq_to_cache 0
Core_0_L1I_pq_full 0

Core_0_L1I_acc_epochs 0
Core_0_L1I_acc_level_0 0
Core_0_L1I_acc_level_1 0
Core_0_L1I_acc_level_2 0
Core_0_L1I_acc_level_3 0
Core_0_L1I_acc_level_4 0
Core_0_L1I_acc_level_5 0
Core_0_L1I_acc_level_6 0
Core_0_L1I_acc_level_7 0
Core_0_L1I_acc_level_8 0
Core_0_L1I_acc_level_9 0

Core_0_L2C_total_access 3195451
Core_0_L2C_total_hit 627009
Core_0_L2C_total_miss 2568442
Core_0_L2C_loads 1447060
Core_0_L2C_load_hit 225491
Core_0_L2C_load_miss 1221569
Core_0_L2C_RFOs 141935
Core_0_L2C_RFO_hit 24011
Core_0_L2C_RFO_miss 117924
Core_0_L2C_prefetches 1221250
Core_0_L2C_prefetch_hit 0
Core_0_L2C_prefetch_miss 1221250
Core_0_L2C_writebacks 385206
Core_0_L2C_writeback_hit 377507
Core_0_L2C_writeback_miss 7699
Core_0_L2C_prefetch_requested 1581191
Core_0_L2C_prefetch_dropped 310
Core_0_L2C_prefetch_issued 1580881
Core_0_L2C_prefetch_filled 1580881
Core_0_L2C_prefetch_useful 0
Core_0_L2C_prefetch_useless 1580818
Core_0_L2C_prefetch_late 0
Core_0_L2C_average_miss_latency 327.06887

Core_0_L2C_rq_access 1589018
Core_0_L2C_rq_forward 0
Core_0_L2C_rq_merged 0
Core_0_L2C_rq_to_cache 1588995
Core_0_L2C_rq_full 0

Core_0_L2C_wq_access 385206
Core_0_L2C_wq_forward 23
Core_0_L2C_wq_merged 0
Core_0_L2C_wq_to_cache 385206
Core_0_L2C_wq_full 0

Core_0_L2C_pq_access 1580881
Core_0_L2C_pq_forward 0
Core_0_L2C_pq_merged 0
Core_0_L2C_pq_to_cache 1580881
Core_0_L2C_pq_full 0

Core_0_L2C_acc_epochs 0
Core_0_L2C_acc_level_0 0
Core_0_L2C_acc_level_1 0
Core_0_L2C_acc_level_2 0
Core_0_L2C_acc_level_3 0
Core_0_L2C_acc_level_4 0
Core_0_L2C_acc_level_5 0
Core_0_L2C_acc_level_6 0
Core_0_L2C_acc_level_7 0
Core_0_L2C_acc_level_8 0
Core_0_L2C_acc_level_9 0

Core_0_LLC_total_access 2905908
Core_0_LLC_total_hit 595980
Core_0_LLC_total_miss 2309928
Core_0_LLC_loads 1221567
Core_0_LLC_load_hit 397154
Core_0_LLC_load_miss 824413
Core_0_LLC_RFOs 117922
Core_0_LLC_RFO_hit 47686
Core_0_LLC_RFO_miss 70236
Core_0_LLC_prefetches 1221250
Core_0_LLC_prefetch_hit 6707
Core_0_LLC_prefetch_miss 1214543
Core_0_LLC_writebacks 345169
Core_0_LLC_writeback_hit 144433
Core_0_LLC_writeback_miss 200736
Core_0_LLC_prefetch_requested 0
Core_0_LLC_prefetch_dropped 0
Core_0_LLC_prefetch_issued 0
Core_0_LLC_prefetch_filled 1572494
Core_0_LLC_prefetch_useful 0
Core_0_LLC_prefetch_useless 1572011
Core_0_LLC_prefetch_late 0
Core_0_LLC_average_miss_latency 310.90253

Core_0_LLC_rq_access 1339493
Core_0_LLC_rq_forward 0
Core_0_LLC_rq_merged 0
Core_0_LLC_rq_to_cache 1339489
Core_0_LLC_rq_full 0

Core_0_LLC_wq_access 345169
Core_0_LLC_wq_forward 4
Core_0_LLC_wq_merged 0
Core_0_LLC_wq_to_cache 345169
Core_0_LLC_wq_full 0

Core_0_LLC_pq_access 1580881
Core_0_LLC_pq_forward 0
Core_0_LLC_pq_merged 0
Core_0_LLC_pq_to_cache 1580881
Core_0_LLC_pq_full 0

Core_0_LLC_acc_epochs 0
Core_0_LLC_acc_level_0 0
Core_0_LLC_acc_level_1 0
Core_0_LLC_acc_level_2 0
Core_0_LLC_acc_level_3 0
Core_0_LLC_acc_level_4 0
Core_0_LLC_acc_level_5 0
Core_0_LLC_acc_level_6 0
Core_0_LLC_acc_level_7 0
Core_0_LLC_acc_level_8 0
Core_0_LLC_acc_level_9 0

Core_0_major_page_fault 0
Core_0_minor_page_fault 46992

[L1D] L1D prefetcher final stats
Channel_0_RQ_row_buffer_hit 507534
Channel_0_RQ_row_buffer_miss 1601541
Channel_0_WQ_row_buffer_hit 38088
Channel_0_WQ_row_buffer_miss 238048
Channel_0_WQ_full 0
Channel_0_dbus_congested 515550

avg_congested_cycle 8

DRAM_bw_pochs 2013770
DRAM_bw_level_0 1808270
DRAM_bw_level_1 181091
DRAM_bw_level_2 17906
DRAM_bw_level_3 6503
