*************************************************
   ChampSim Multicore Out-of-Order Simulator
   Last compiled: Mar 31 2025 00:42:49
*************************************************
parsing config file: /data2/Pythia5/config/pythia.ini

trace_0 /data2/Pythia5/CASSANDRA/traces/cassandra_phase4_core0.trace.xz
[L1D] L1D prefetcher initialized
[L2C] Group10 L2C prefetcher initialized
Initialize SHIP state
warmup_instructions 50000000
simulation_instructions 150000000
champsim_seed 2188
measure_ipc 0
measure_ipc_epoch 1000
measure_dram_bw 1
measure_dram_bw_epoch 256
measure_cache_acc 1
measure_cache_acc_epoch 1024
l1d_perfect 0
l2c_perfect 0
llc_perfect 0
l1d_semi_perfect 0
l2c_semi_perfect 0
llc_semi_perfect 0
semi_perfect_cache_page_buffer_size 64

num_cpus 1
cpu_freq 4000
dram_io_freq 2400
page_size 4096
block_size 64
max_read_per_cycle 8
max_fill_per_cycle 1
dram_channels 1
log2_dram_channels 0
dram_ranks 1
dram_banks 8
dram_rows 65536
dram_columns 128
dram_row_size 8
dram_size 4096
dram_pages 1048576

fetch_width 6
decode_width 6
exec_width 4
lq_width 2
sq_width 2
retire_width 4
scheduler_size 128
branch_mispredict_penalty 20
rob_size 256
lq_size 72
sq_size 56
num_instr_destinations_sparc 4
num_instr_destinations 2
num_instr_sources 4

itlb_set 16
itlb_way 8
itlb_rq_size 16
itlb_wq_size 16
itlb_pq_size 0
itlb_mshr_size 8
itlb_latency 1

dtlb_set 16
dtlb_way 4
dtlb_rq_size 16
dtlb_wq_size 16
dtlb_pq_size 0
dtlb_mshr_size 8
dtlb_latency 1

stlb_set 128
stlb_way 12
stlb_rq_size 32
stlb_wq_size 32
stlb_pq_size 0
stlb_mshr_size 16
stlb_latency 8

l1i_size 32
l1i_set 64
l1i_way 8
l1i_rq_size 64
l1i_wq_size 64
l1i_pq_size 8
l1i_mshr_size 8
l1i_latency 1

l1d_size 32
l1d_set 64
l1d_way 8
l1d_rq_size 64
l1d_wq_size 64
l1d_pq_size 8
l1d_mshr_size 16
l1d_latency 4

l2c_size 256
l2c_set 512
l2c_way 8
l2c_rq_size 32
l2c_wq_size 32
l2c_pq_size 32
l2c_mshr_size 32
l2c_latency 10

llc_size 2048
llc_set 2048
llc_way 16
llc_rq_size 32
llc_wq_size 32
llc_pq_size 32
llc_mshr_size 64
llc_latency 20

dram_channel_width 8
dram_wq_size 64
dram_rq_size 64
tRP 15
tRCD 15
tCAS 12.5
dram_dbus_turn_around_time 30
dram_write_high_wm 56
dram_write_low_wm 48
min_dram_writes_per_switch 16
dram_mtps 2400
dram_dbus_return_time 13

[L1D] L1D prefetcher configuration

Heartbeat CPU  0 instructions:    1000000 cycles:     508871 heartbeat IPC: 1.96513 cumulative IPC: 1.96513 (Simulation time: 0 hr 0 min 1 sec) 
Heartbeat CPU  0 instructions:    2000003 cycles:     971028 heartbeat IPC: 2.16377 cumulative IPC: 2.05968 (Simulation time: 0 hr 0 min 3 sec) 
Heartbeat CPU  0 instructions:    3000002 cycles:    1296416 heartbeat IPC: 3.07325 cumulative IPC: 2.31407 (Simulation time: 0 hr 0 min 4 sec) 
Heartbeat CPU  0 instructions:    4000000 cycles:    1619405 heartbeat IPC: 3.09607 cumulative IPC: 2.47004 (Simulation time: 0 hr 0 min 5 sec) 
Heartbeat CPU  0 instructions:    5000000 cycles:    1945026 heartbeat IPC: 3.07105 cumulative IPC: 2.57066 (Simulation time: 0 hr 0 min 6 sec) 
Heartbeat CPU  0 instructions:    6000003 cycles:    2322238 heartbeat IPC: 2.65104 cumulative IPC: 2.58372 (Simulation time: 0 hr 0 min 7 sec) 
Heartbeat CPU  0 instructions:    7000000 cycles:    2861688 heartbeat IPC: 1.85373 cumulative IPC: 2.44611 (Simulation time: 0 hr 0 min 8 sec) 
Heartbeat CPU  0 instructions:    8000000 cycles:    3251440 heartbeat IPC: 2.56573 cumulative IPC: 2.46045 (Simulation time: 0 hr 0 min 9 sec) 
Heartbeat CPU  0 instructions:    9000002 cycles:    3693492 heartbeat IPC: 2.26218 cumulative IPC: 2.43672 (Simulation time: 0 hr 0 min 10 sec) 
Heartbeat CPU  0 instructions:   10000000 cycles:    4105765 heartbeat IPC: 2.42557 cumulative IPC: 2.43560 (Simulation time: 0 hr 0 min 11 sec) 
Heartbeat CPU  0 instructions:   11000001 cycles:    4447808 heartbeat IPC: 2.92361 cumulative IPC: 2.47313 (Simulation time: 0 hr 0 min 12 sec) 
Heartbeat CPU  0 instructions:   12000000 cycles:    4775953 heartbeat IPC: 3.04743 cumulative IPC: 2.51259 (Simulation time: 0 hr 0 min 13 sec) 
Heartbeat CPU  0 instructions:   13000002 cycles:    5104820 heartbeat IPC: 3.04075 cumulative IPC: 2.54661 (Simulation time: 0 hr 0 min 14 sec) 
Heartbeat CPU  0 instructions:   14000001 cycles:    5571732 heartbeat IPC: 2.14173 cumulative IPC: 2.51268 (Simulation time: 0 hr 0 min 15 sec) 
Heartbeat CPU  0 instructions:   15000000 cycles:    5971004 heartbeat IPC: 2.50456 cumulative IPC: 2.51214 (Simulation time: 0 hr 0 min 16 sec) 
Heartbeat CPU  0 instructions:   16000000 cycles:    6299419 heartbeat IPC: 3.04493 cumulative IPC: 2.53992 (Simulation time: 0 hr 0 min 17 sec) 
Heartbeat CPU  0 instructions:   17000003 cycles:    6625846 heartbeat IPC: 3.06348 cumulative IPC: 2.56571 (Simulation time: 0 hr 0 min 18 sec) 
Heartbeat CPU  0 instructions:   18000001 cycles:    7167892 heartbeat IPC: 1.84486 cumulative IPC: 2.51120 (Simulation time: 0 hr 0 min 19 sec) 
Heartbeat CPU  0 instructions:   19000000 cycles:    7623583 heartbeat IPC: 2.19447 cumulative IPC: 2.49227 (Simulation time: 0 hr 0 min 20 sec) 
Heartbeat CPU  0 instructions:   20000000 cycles:    8025286 heartbeat IPC: 2.48940 cumulative IPC: 2.49212 (Simulation time: 0 hr 0 min 21 sec) 
Heartbeat CPU  0 instructions:   21000000 cycles:    8507052 heartbeat IPC: 2.07570 cumulative IPC: 2.46854 (Simulation time: 0 hr 0 min 22 sec) 
Heartbeat CPU  0 instructions:   22000000 cycles:    9050531 heartbeat IPC: 1.84000 cumulative IPC: 2.43080 (Simulation time: 0 hr 0 min 24 sec) 
Heartbeat CPU  0 instructions:   23000003 cycles:    9388676 heartbeat IPC: 2.95732 cumulative IPC: 2.44976 (Simulation time: 0 hr 0 min 25 sec) 
Heartbeat CPU  0 instructions:   24000000 cycles:    9714362 heartbeat IPC: 3.07043 cumulative IPC: 2.47057 (Simulation time: 0 hr 0 min 26 sec) 
Heartbeat CPU  0 instructions:   25000000 cycles:   10039320 heartbeat IPC: 3.07732 cumulative IPC: 2.49021 (Simulation time: 0 hr 0 min 27 sec) 
Heartbeat CPU  0 instructions:   26000000 cycles:   10515065 heartbeat IPC: 2.10197 cumulative IPC: 2.47264 (Simulation time: 0 hr 0 min 28 sec) 
Heartbeat CPU  0 instructions:   27000001 cycles:   10847489 heartbeat IPC: 3.00821 cumulative IPC: 2.48906 (Simulation time: 0 hr 0 min 29 sec) 
Heartbeat CPU  0 instructions:   28000000 cycles:   11177395 heartbeat IPC: 3.03116 cumulative IPC: 2.50506 (Simulation time: 0 hr 0 min 30 sec) 
Heartbeat CPU  0 instructions:   29000003 cycles:   11506736 heartbeat IPC: 3.03638 cumulative IPC: 2.52026 (Simulation time: 0 hr 0 min 31 sec) 
Heartbeat CPU  0 instructions:   30000000 cycles:   11842638 heartbeat IPC: 2.97705 cumulative IPC: 2.53322 (Simulation time: 0 hr 0 min 32 sec) 
Heartbeat CPU  0 instructions:   31000003 cycles:   12237773 heartbeat IPC: 2.53079 cumulative IPC: 2.53314 (Simulation time: 0 hr 0 min 33 sec) 
Heartbeat CPU  0 instructions:   32000000 cycles:   12566077 heartbeat IPC: 3.04595 cumulative IPC: 2.54654 (Simulation time: 0 hr 0 min 34 sec) 
Heartbeat CPU  0 instructions:   33000003 cycles:   12889689 heartbeat IPC: 3.09013 cumulative IPC: 2.56019 (Simulation time: 0 hr 0 min 35 sec) 
Heartbeat CPU  0 instructions:   34000000 cycles:   13484666 heartbeat IPC: 1.68073 cumulative IPC: 2.52138 (Simulation time: 0 hr 0 min 36 sec) 
Heartbeat CPU  0 instructions:   35000001 cycles:   14097165 heartbeat IPC: 1.63266 cumulative IPC: 2.48277 (Simulation time: 0 hr 0 min 37 sec) 
Heartbeat CPU  0 instructions:   36000000 cycles:   14980599 heartbeat IPC: 1.13195 cumulative IPC: 2.40311 (Simulation time: 0 hr 0 min 38 sec) 
Heartbeat CPU  0 instructions:   37000001 cycles:   15716552 heartbeat IPC: 1.35878 cumulative IPC: 2.35421 (Simulation time: 0 hr 0 min 39 sec) 
Heartbeat CPU  0 instructions:   38000002 cycles:   16127412 heartbeat IPC: 2.43392 cumulative IPC: 2.35624 (Simulation time: 0 hr 0 min 40 sec) 
Heartbeat CPU  0 instructions:   39000000 cycles:   16542403 heartbeat IPC: 2.40969 cumulative IPC: 2.35758 (Simulation time: 0 hr 0 min 41 sec) 
Heartbeat CPU  0 instructions:   40000000 cycles:   17072095 heartbeat IPC: 1.88789 cumulative IPC: 2.34300 (Simulation time: 0 hr 0 min 42 sec) 
Heartbeat CPU  0 instructions:   41000000 cycles:   17396158 heartbeat IPC: 3.08582 cumulative IPC: 2.35684 (Simulation time: 0 hr 0 min 43 sec) 
Heartbeat CPU  0 instructions:   42000000 cycles:   17759408 heartbeat IPC: 2.75292 cumulative IPC: 2.36494 (Simulation time: 0 hr 0 min 44 sec) 
Heartbeat CPU  0 instructions:   43000001 cycles:   18585621 heartbeat IPC: 1.21034 cumulative IPC: 2.31362 (Simulation time: 0 hr 0 min 45 sec) 
Heartbeat CPU  0 instructions:   44000000 cycles:   19281967 heartbeat IPC: 1.43607 cumulative IPC: 2.28192 (Simulation time: 0 hr 0 min 47 sec) 
Heartbeat CPU  0 instructions:   45000003 cycles:   19964209 heartbeat IPC: 1.46576 cumulative IPC: 2.25403 (Simulation time: 0 hr 0 min 48 sec) 
Heartbeat CPU  0 instructions:   46000001 cycles:   20467080 heartbeat IPC: 1.98858 cumulative IPC: 2.24751 (Simulation time: 0 hr 0 min 49 sec) 
Heartbeat CPU  0 instructions:   47000001 cycles:   20848654 heartbeat IPC: 2.62072 cumulative IPC: 2.25434 (Simulation time: 0 hr 0 min 50 sec) 
Heartbeat CPU  0 instructions:   48000000 cycles:   21262119 heartbeat IPC: 2.41858 cumulative IPC: 2.25754 (Simulation time: 0 hr 0 min 51 sec) 
Heartbeat CPU  0 instructions:   49000003 cycles:   21588955 heartbeat IPC: 3.05965 cumulative IPC: 2.26968 (Simulation time: 0 hr 0 min 52 sec) 
Heartbeat CPU  0 instructions:   50000000 cycles:   22060677 heartbeat IPC: 2.11989 cumulative IPC: 2.26648 (Simulation time: 0 hr 0 min 53 sec) 

Warmup complete CPU  0 instructions:   50000004 cycles:   22060678 (Simulation time: 0 hr 0 min 53 sec) 

Heartbeat CPU  0 instructions:   51000000 cycles:   25517294 heartbeat IPC: 0.28930 cumulative IPC: 0.28930 (Simulation time: 0 hr 0 min 55 sec) 
Heartbeat CPU  0 instructions:   52000000 cycles:   28144379 heartbeat IPC: 0.38065 cumulative IPC: 0.32875 (Simulation time: 0 hr 0 min 56 sec) 
Heartbeat CPU  0 instructions:   53000002 cycles:   30730449 heartbeat IPC: 0.38669 cumulative IPC: 0.34603 (Simulation time: 0 hr 0 min 58 sec) 
Heartbeat CPU  0 instructions:   54000002 cycles:   34510722 heartbeat IPC: 0.26453 cumulative IPC: 0.32128 (Simulation time: 0 hr 1 min 0 sec) 
Heartbeat CPU  0 instructions:   55000003 cycles:   37448684 heartbeat IPC: 0.34037 cumulative IPC: 0.32493 (Simulation time: 0 hr 1 min 1 sec) 
Heartbeat CPU  0 instructions:   56000000 cycles:   40734910 heartbeat IPC: 0.30430 cumulative IPC: 0.32130 (Simulation time: 0 hr 1 min 3 sec) 
Heartbeat CPU  0 instructions:   57000000 cycles:   43598514 heartbeat IPC: 0.34921 cumulative IPC: 0.32501 (Simulation time: 0 hr 1 min 4 sec) 
Heartbeat CPU  0 instructions:   58000002 cycles:   46648768 heartbeat IPC: 0.32784 cumulative IPC: 0.32536 (Simulation time: 0 hr 1 min 6 sec) 
Heartbeat CPU  0 instructions:   59000002 cycles:   49100921 heartbeat IPC: 0.40780 cumulative IPC: 0.33284 (Simulation time: 0 hr 1 min 8 sec) 
Heartbeat CPU  0 instructions:   60000000 cycles:   54295813 heartbeat IPC: 0.19250 cumulative IPC: 0.31022 (Simulation time: 0 hr 1 min 10 sec) 
Heartbeat CPU  0 instructions:   61000003 cycles:   59499128 heartbeat IPC: 0.19219 cumulative IPC: 0.29382 (Simulation time: 0 hr 1 min 12 sec) 
Heartbeat CPU  0 instructions:   62000001 cycles:   63468743 heartbeat IPC: 0.25191 cumulative IPC: 0.28980 (Simulation time: 0 hr 1 min 14 sec) 
Heartbeat CPU  0 instructions:   63000000 cycles:   66696850 heartbeat IPC: 0.30978 cumulative IPC: 0.29124 (Simulation time: 0 hr 1 min 15 sec) 
Heartbeat CPU  0 instructions:   64000000 cycles:   70713793 heartbeat IPC: 0.24895 cumulative IPC: 0.28775 (Simulation time: 0 hr 1 min 17 sec) 
Heartbeat CPU  0 instructions:   65000000 cycles:   76721052 heartbeat IPC: 0.16647 cumulative IPC: 0.27442 (Simulation time: 0 hr 1 min 19 sec) 
Heartbeat CPU  0 instructions:   66000002 cycles:   80995063 heartbeat IPC: 0.23397 cumulative IPC: 0.27149 (Simulation time: 0 hr 1 min 21 sec) 
Heartbeat CPU  0 instructions:   67000001 cycles:   86467866 heartbeat IPC: 0.18272 cumulative IPC: 0.26395 (Simulation time: 0 hr 1 min 23 sec) 
Heartbeat CPU  0 instructions:   68000000 cycles:   91022259 heartbeat IPC: 0.21957 cumulative IPC: 0.26101 (Simulation time: 0 hr 1 min 25 sec) 
Heartbeat CPU  0 instructions:   69000002 cycles:   95349275 heartbeat IPC: 0.23111 cumulative IPC: 0.25925 (Simulation time: 0 hr 1 min 27 sec) 
Heartbeat CPU  0 instructions:   70000002 cycles:  101336215 heartbeat IPC: 0.16703 cumulative IPC: 0.25228 (Simulation time: 0 hr 1 min 28 sec) 
Heartbeat CPU  0 instructions:   71000003 cycles:  108120562 heartbeat IPC: 0.14740 cumulative IPC: 0.24402 (Simulation time: 0 hr 1 min 30 sec) 
Heartbeat CPU  0 instructions:   72000000 cycles:  114587078 heartbeat IPC: 0.15464 cumulative IPC: 0.23777 (Simulation time: 0 hr 1 min 32 sec) 
Heartbeat CPU  0 instructions:   73000001 cycles:  119609573 heartbeat IPC: 0.19910 cumulative IPC: 0.23578 (Simulation time: 0 hr 1 min 34 sec) 
Heartbeat CPU  0 instructions:   74000001 cycles:  124934164 heartbeat IPC: 0.18781 cumulative IPC: 0.23330 (Simulation time: 0 hr 1 min 36 sec) 
Heartbeat CPU  0 instructions:   75000001 cycles:  128657507 heartbeat IPC: 0.26858 cumulative IPC: 0.23453 (Simulation time: 0 hr 1 min 37 sec) 
Heartbeat CPU  0 instructions:   76000000 cycles:  132416868 heartbeat IPC: 0.26600 cumulative IPC: 0.23560 (Simulation time: 0 hr 1 min 39 sec) 
Heartbeat CPU  0 instructions:   77000001 cycles:  136798930 heartbeat IPC: 0.22820 cumulative IPC: 0.23532 (Simulation time: 0 hr 1 min 41 sec) 
Heartbeat CPU  0 instructions:   78000000 cycles:  141292886 heartbeat IPC: 0.22252 cumulative IPC: 0.23484 (Simulation time: 0 hr 1 min 43 sec) 
Heartbeat CPU  0 instructions:   79000002 cycles:  142856223 heartbeat IPC: 0.63966 cumulative IPC: 0.24008 (Simulation time: 0 hr 1 min 44 sec) 
Heartbeat CPU  0 instructions:   80000000 cycles:  143557585 heartbeat IPC: 1.42579 cumulative IPC: 0.24692 (Simulation time: 0 hr 1 min 45 sec) 
Heartbeat CPU  0 instructions:   81000002 cycles:  147039904 heartbeat IPC: 0.28717 cumulative IPC: 0.24804 (Simulation time: 0 hr 1 min 47 sec) 
Heartbeat CPU  0 instructions:   82000000 cycles:  149999926 heartbeat IPC: 0.33783 cumulative IPC: 0.25012 (Simulation time: 0 hr 1 min 49 sec) 
Heartbeat CPU  0 instructions:   83000002 cycles:  153882605 heartbeat IPC: 0.25755 cumulative IPC: 0.25034 (Simulation time: 0 hr 1 min 50 sec) 
Heartbeat CPU  0 instructions:   84000000 cycles:  157939176 heartbeat IPC: 0.24651 cumulative IPC: 0.25022 (Simulation time: 0 hr 1 min 52 sec) 
Heartbeat CPU  0 instructions:   85000000 cycles:  162624324 heartbeat IPC: 0.21344 cumulative IPC: 0.24900 (Simulation time: 0 hr 1 min 55 sec) 
Heartbeat CPU  0 instructions:   86000000 cycles:  165584151 heartbeat IPC: 0.33786 cumulative IPC: 0.25083 (Simulation time: 0 hr 1 min 56 sec) 
Heartbeat CPU  0 instructions:   87000003 cycles:  168349535 heartbeat IPC: 0.36161 cumulative IPC: 0.25292 (Simulation time: 0 hr 1 min 58 sec) 
Heartbeat CPU  0 instructions:   88000000 cycles:  171786768 heartbeat IPC: 0.29093 cumulative IPC: 0.25380 (Simulation time: 0 hr 1 min 59 sec) 
Heartbeat CPU  0 instructions:   89000000 cycles:  175231800 heartbeat IPC: 0.29027 cumulative IPC: 0.25462 (Simulation time: 0 hr 2 min 1 sec) 
Heartbeat CPU  0 instructions:   90000002 cycles:  178087285 heartbeat IPC: 0.35020 cumulative IPC: 0.25637 (Simulation time: 0 hr 2 min 3 sec) 
Heartbeat CPU  0 instructions:   91000003 cycles:  180835221 heartbeat IPC: 0.36391 cumulative IPC: 0.25823 (Simulation time: 0 hr 2 min 4 sec) 
Heartbeat CPU  0 instructions:   92000000 cycles:  184929832 heartbeat IPC: 0.24422 cumulative IPC: 0.25788 (Simulation time: 0 hr 2 min 7 sec) 
Heartbeat CPU  0 instructions:   93000003 cycles:  187923126 heartbeat IPC: 0.33408 cumulative IPC: 0.25925 (Simulation time: 0 hr 2 min 8 sec) 
Heartbeat CPU  0 instructions:   94000003 cycles:  191433652 heartbeat IPC: 0.28486 cumulative IPC: 0.25978 (Simulation time: 0 hr 2 min 10 sec) 
Heartbeat CPU  0 instructions:   95000001 cycles:  195471360 heartbeat IPC: 0.24766 cumulative IPC: 0.25950 (Simulation time: 0 hr 2 min 12 sec) 
Heartbeat CPU  0 instructions:   96000000 cycles:  198258142 heartbeat IPC: 0.35884 cumulative IPC: 0.26107 (Simulation time: 0 hr 2 min 14 sec) 
Heartbeat CPU  0 instructions:   97000002 cycles:  200987967 heartbeat IPC: 0.36632 cumulative IPC: 0.26268 (Simulation time: 0 hr 2 min 15 sec) 
Heartbeat CPU  0 instructions:   98000003 cycles:  203663469 heartbeat IPC: 0.37376 cumulative IPC: 0.26431 (Simulation time: 0 hr 2 min 17 sec) 
Heartbeat CPU  0 instructions:   99000000 cycles:  206450697 heartbeat IPC: 0.35878 cumulative IPC: 0.26574 (Simulation time: 0 hr 2 min 19 sec) 
*** Reached end of trace for Core: 0 Repeating trace: /data2/Pythia5/CASSANDRA/traces/cassandra_phase4_core0.trace.xz
Heartbeat CPU  0 instructions:  100000000 cycles:  209333199 heartbeat IPC: 0.34692 cumulative IPC: 0.26699 (Simulation time: 0 hr 2 min 20 sec) 
Heartbeat CPU  0 instructions:  101000003 cycles:  212956067 heartbeat IPC: 0.27603 cumulative IPC: 0.26716 (Simulation time: 0 hr 2 min 22 sec) 
Heartbeat CPU  0 instructions:  102000001 cycles:  216749150 heartbeat IPC: 0.26364 cumulative IPC: 0.26709 (Simulation time: 0 hr 2 min 24 sec) 
Heartbeat CPU  0 instructions:  103000002 cycles:  219400518 heartbeat IPC: 0.37716 cumulative IPC: 0.26857 (Simulation time: 0 hr 2 min 26 sec) 
Heartbeat CPU  0 instructions:  104000000 cycles:  222067341 heartbeat IPC: 0.37498 cumulative IPC: 0.26999 (Simulation time: 0 hr 2 min 27 sec) 
Heartbeat CPU  0 instructions:  105000001 cycles:  224768113 heartbeat IPC: 0.37026 cumulative IPC: 0.27133 (Simulation time: 0 hr 2 min 29 sec) 
Heartbeat CPU  0 instructions:  106000001 cycles:  227793740 heartbeat IPC: 0.33051 cumulative IPC: 0.27220 (Simulation time: 0 hr 2 min 30 sec) 
Heartbeat CPU  0 instructions:  107000000 cycles:  231799593 heartbeat IPC: 0.24963 cumulative IPC: 0.27177 (Simulation time: 0 hr 2 min 32 sec) 
Heartbeat CPU  0 instructions:  108000000 cycles:  234889924 heartbeat IPC: 0.32359 cumulative IPC: 0.27252 (Simulation time: 0 hr 2 min 34 sec) 
Heartbeat CPU  0 instructions:  109000002 cycles:  238443178 heartbeat IPC: 0.28143 cumulative IPC: 0.27267 (Simulation time: 0 hr 2 min 35 sec) 
Heartbeat CPU  0 instructions:  110000000 cycles:  241826634 heartbeat IPC: 0.29556 cumulative IPC: 0.27302 (Simulation time: 0 hr 2 min 37 sec) 
Heartbeat CPU  0 instructions:  111000000 cycles:  244614974 heartbeat IPC: 0.35864 cumulative IPC: 0.27409 (Simulation time: 0 hr 2 min 39 sec) 
Heartbeat CPU  0 instructions:  112000000 cycles:  247347782 heartbeat IPC: 0.36592 cumulative IPC: 0.27520 (Simulation time: 0 hr 2 min 40 sec) 
Heartbeat CPU  0 instructions:  113000002 cycles:  250073894 heartbeat IPC: 0.36682 cumulative IPC: 0.27630 (Simulation time: 0 hr 2 min 42 sec) 
Heartbeat CPU  0 instructions:  114000000 cycles:  253823184 heartbeat IPC: 0.26672 cumulative IPC: 0.27614 (Simulation time: 0 hr 2 min 44 sec) 
Heartbeat CPU  0 instructions:  115000002 cycles:  257109863 heartbeat IPC: 0.30426 cumulative IPC: 0.27654 (Simulation time: 0 hr 2 min 46 sec) 
Heartbeat CPU  0 instructions:  116000000 cycles:  259860952 heartbeat IPC: 0.36349 cumulative IPC: 0.27754 (Simulation time: 0 hr 2 min 47 sec) 
Heartbeat CPU  0 instructions:  117000002 cycles:  262591945 heartbeat IPC: 0.36617 cumulative IPC: 0.27855 (Simulation time: 0 hr 2 min 49 sec) 
Heartbeat CPU  0 instructions:  118000003 cycles:  266673155 heartbeat IPC: 0.24503 cumulative IPC: 0.27799 (Simulation time: 0 hr 2 min 51 sec) 
Heartbeat CPU  0 instructions:  119000000 cycles:  270313165 heartbeat IPC: 0.27472 cumulative IPC: 0.27794 (Simulation time: 0 hr 2 min 52 sec) 
Heartbeat CPU  0 instructions:  120000000 cycles:  273484632 heartbeat IPC: 0.31531 cumulative IPC: 0.27841 (Simulation time: 0 hr 2 min 54 sec) 
Heartbeat CPU  0 instructions:  121000001 cycles:  277055057 heartbeat IPC: 0.28008 cumulative IPC: 0.27844 (Simulation time: 0 hr 2 min 56 sec) 
Heartbeat CPU  0 instructions:  122000002 cycles:  281148575 heartbeat IPC: 0.24429 cumulative IPC: 0.27790 (Simulation time: 0 hr 2 min 58 sec) 
Heartbeat CPU  0 instructions:  123000000 cycles:  283933445 heartbeat IPC: 0.35908 cumulative IPC: 0.27876 (Simulation time: 0 hr 3 min 0 sec) 
Heartbeat CPU  0 instructions:  124000000 cycles:  286657386 heartbeat IPC: 0.36712 cumulative IPC: 0.27967 (Simulation time: 0 hr 3 min 1 sec) 
Heartbeat CPU  0 instructions:  125000001 cycles:  289388793 heartbeat IPC: 0.36611 cumulative IPC: 0.28055 (Simulation time: 0 hr 3 min 3 sec) 
Heartbeat CPU  0 instructions:  126000001 cycles:  293220420 heartbeat IPC: 0.26099 cumulative IPC: 0.28028 (Simulation time: 0 hr 3 min 5 sec) 
Heartbeat CPU  0 instructions:  127000000 cycles:  296052141 heartbeat IPC: 0.35314 cumulative IPC: 0.28103 (Simulation time: 0 hr 3 min 6 sec) 
Heartbeat CPU  0 instructions:  128000000 cycles:  298858262 heartbeat IPC: 0.35636 cumulative IPC: 0.28179 (Simulation time: 0 hr 3 min 8 sec) 
Heartbeat CPU  0 instructions:  129000002 cycles:  301709370 heartbeat IPC: 0.35074 cumulative IPC: 0.28250 (Simulation time: 0 hr 3 min 10 sec) 
Heartbeat CPU  0 instructions:  130000001 cycles:  304589604 heartbeat IPC: 0.34719 cumulative IPC: 0.28316 (Simulation time: 0 hr 3 min 11 sec) 
Heartbeat CPU  0 instructions:  131000001 cycles:  307841454 heartbeat IPC: 0.30752 cumulative IPC: 0.28343 (Simulation time: 0 hr 3 min 13 sec) 
Heartbeat CPU  0 instructions:  132000000 cycles:  310528671 heartbeat IPC: 0.37213 cumulative IPC: 0.28426 (Simulation time: 0 hr 3 min 14 sec) 
Heartbeat CPU  0 instructions:  133000001 cycles:  313127005 heartbeat IPC: 0.38486 cumulative IPC: 0.28516 (Simulation time: 0 hr 3 min 16 sec) 
Heartbeat CPU  0 instructions:  134000000 cycles:  318129527 heartbeat IPC: 0.19990 cumulative IPC: 0.28372 (Simulation time: 0 hr 3 min 18 sec) 
Heartbeat CPU  0 instructions:  135000000 cycles:  324247935 heartbeat IPC: 0.16344 cumulative IPC: 0.28128 (Simulation time: 0 hr 3 min 20 sec) 
Heartbeat CPU  0 instructions:  136000000 cycles:  331682493 heartbeat IPC: 0.13451 cumulative IPC: 0.27776 (Simulation time: 0 hr 3 min 22 sec) 
Heartbeat CPU  0 instructions:  137000003 cycles:  337855375 heartbeat IPC: 0.16200 cumulative IPC: 0.27550 (Simulation time: 0 hr 3 min 24 sec) 
Heartbeat CPU  0 instructions:  138000001 cycles:  341265894 heartbeat IPC: 0.29321 cumulative IPC: 0.27568 (Simulation time: 0 hr 3 min 26 sec) 
Heartbeat CPU  0 instructions:  139000001 cycles:  344354836 heartbeat IPC: 0.32374 cumulative IPC: 0.27615 (Simulation time: 0 hr 3 min 28 sec) 
Heartbeat CPU  0 instructions:  140000000 cycles:  348265324 heartbeat IPC: 0.25572 cumulative IPC: 0.27590 (Simulation time: 0 hr 3 min 29 sec) 
Heartbeat CPU  0 instructions:  141000001 cycles:  350858275 heartbeat IPC: 0.38566 cumulative IPC: 0.27677 (Simulation time: 0 hr 3 min 31 sec) 
Heartbeat CPU  0 instructions:  142000000 cycles:  353792143 heartbeat IPC: 0.34085 cumulative IPC: 0.27733 (Simulation time: 0 hr 3 min 33 sec) 
Heartbeat CPU  0 instructions:  143000002 cycles:  360931011 heartbeat IPC: 0.14008 cumulative IPC: 0.27444 (Simulation time: 0 hr 3 min 35 sec) 
Heartbeat CPU  0 instructions:  144000000 cycles:  367151433 heartbeat IPC: 0.16076 cumulative IPC: 0.27239 (Simulation time: 0 hr 3 min 37 sec) 
Heartbeat CPU  0 instructions:  145000002 cycles:  372841213 heartbeat IPC: 0.17575 cumulative IPC: 0.27082 (Simulation time: 0 hr 3 min 39 sec) 
Heartbeat CPU  0 instructions:  146000000 cycles:  376470921 heartbeat IPC: 0.27550 cumulative IPC: 0.27087 (Simulation time: 0 hr 3 min 41 sec) 
Heartbeat CPU  0 instructions:  147000003 cycles:  379675763 heartbeat IPC: 0.31203 cumulative IPC: 0.27124 (Simulation time: 0 hr 3 min 43 sec) 
Heartbeat CPU  0 instructions:  148000000 cycles:  382912764 heartbeat IPC: 0.30893 cumulative IPC: 0.27158 (Simulation time: 0 hr 3 min 45 sec) 
Heartbeat CPU  0 instructions:  149000001 cycles:  385569907 heartbeat IPC: 0.37634 cumulative IPC: 0.27235 (Simulation time: 0 hr 3 min 46 sec) 
Heartbeat CPU  0 instructions:  150000001 cycles:  389265452 heartbeat IPC: 0.27060 cumulative IPC: 0.27233 (Simulation time: 0 hr 3 min 48 sec) 
Heartbeat CPU  0 instructions:  151000000 cycles:  392666189 heartbeat IPC: 0.29405 cumulative IPC: 0.27253 (Simulation time: 0 hr 3 min 50 sec) 
Heartbeat CPU  0 instructions:  152000000 cycles:  395286549 heartbeat IPC: 0.38163 cumulative IPC: 0.27329 (Simulation time: 0 hr 3 min 51 sec) 
Heartbeat CPU  0 instructions:  153000000 cycles:  397866932 heartbeat IPC: 0.38754 cumulative IPC: 0.27408 (Simulation time: 0 hr 3 min 53 sec) 
Heartbeat CPU  0 instructions:  154000000 cycles:  401646298 heartbeat IPC: 0.26459 cumulative IPC: 0.27398 (Simulation time: 0 hr 3 min 55 sec) 
Heartbeat CPU  0 instructions:  155000003 cycles:  404593970 heartbeat IPC: 0.33925 cumulative IPC: 0.27449 (Simulation time: 0 hr 3 min 56 sec) 
Heartbeat CPU  0 instructions:  156000000 cycles:  407863365 heartbeat IPC: 0.30587 cumulative IPC: 0.27475 (Simulation time: 0 hr 3 min 58 sec) 
Heartbeat CPU  0 instructions:  157000001 cycles:  410718482 heartbeat IPC: 0.35025 cumulative IPC: 0.27531 (Simulation time: 0 hr 4 min 0 sec) 
Heartbeat CPU  0 instructions:  158000000 cycles:  413756309 heartbeat IPC: 0.32918 cumulative IPC: 0.27572 (Simulation time: 0 hr 4 min 1 sec) 
Heartbeat CPU  0 instructions:  159000000 cycles:  416277663 heartbeat IPC: 0.39661 cumulative IPC: 0.27650 (Simulation time: 0 hr 4 min 3 sec) 
Heartbeat CPU  0 instructions:  160000000 cycles:  421437665 heartbeat IPC: 0.19380 cumulative IPC: 0.27543 (Simulation time: 0 hr 4 min 5 sec) 
Heartbeat CPU  0 instructions:  161000001 cycles:  426683725 heartbeat IPC: 0.19062 cumulative IPC: 0.27433 (Simulation time: 0 hr 4 min 7 sec) 
Heartbeat CPU  0 instructions:  162000002 cycles:  430589219 heartbeat IPC: 0.25605 cumulative IPC: 0.27415 (Simulation time: 0 hr 4 min 9 sec) 
Heartbeat CPU  0 instructions:  163000003 cycles:  433832306 heartbeat IPC: 0.30835 cumulative IPC: 0.27442 (Simulation time: 0 hr 4 min 10 sec) 
Heartbeat CPU  0 instructions:  164000000 cycles:  437883130 heartbeat IPC: 0.24686 cumulative IPC: 0.27416 (Simulation time: 0 hr 4 min 12 sec) 
Heartbeat CPU  0 instructions:  165000000 cycles:  443857876 heartbeat IPC: 0.16737 cumulative IPC: 0.27264 (Simulation time: 0 hr 4 min 14 sec) 
Heartbeat CPU  0 instructions:  166000001 cycles:  448161381 heartbeat IPC: 0.23237 cumulative IPC: 0.27224 (Simulation time: 0 hr 4 min 16 sec) 
Heartbeat CPU  0 instructions:  167000001 cycles:  453664195 heartbeat IPC: 0.18173 cumulative IPC: 0.27108 (Simulation time: 0 hr 4 min 18 sec) 
Heartbeat CPU  0 instructions:  168000000 cycles:  458244675 heartbeat IPC: 0.21832 cumulative IPC: 0.27053 (Simulation time: 0 hr 4 min 20 sec) 
Heartbeat CPU  0 instructions:  169000001 cycles:  462548416 heartbeat IPC: 0.23236 cumulative IPC: 0.27016 (Simulation time: 0 hr 4 min 22 sec) 
Heartbeat CPU  0 instructions:  170000001 cycles:  468533582 heartbeat IPC: 0.16708 cumulative IPC: 0.26877 (Simulation time: 0 hr 4 min 24 sec) 
Heartbeat CPU  0 instructions:  171000002 cycles:  475392647 heartbeat IPC: 0.14579 cumulative IPC: 0.26691 (Simulation time: 0 hr 4 min 26 sec) 
Heartbeat CPU  0 instructions:  172000000 cycles:  481808841 heartbeat IPC: 0.15586 cumulative IPC: 0.26536 (Simulation time: 0 hr 4 min 27 sec) 
Heartbeat CPU  0 instructions:  173000002 cycles:  486879103 heartbeat IPC: 0.19723 cumulative IPC: 0.26462 (Simulation time: 0 hr 4 min 29 sec) 
Heartbeat CPU  0 instructions:  174000002 cycles:  492131068 heartbeat IPC: 0.19040 cumulative IPC: 0.26379 (Simulation time: 0 hr 4 min 31 sec) 
Heartbeat CPU  0 instructions:  175000003 cycles:  495841329 heartbeat IPC: 0.26952 cumulative IPC: 0.26384 (Simulation time: 0 hr 4 min 33 sec) 
Heartbeat CPU  0 instructions:  176000000 cycles:  499613247 heartbeat IPC: 0.26512 cumulative IPC: 0.26385 (Simulation time: 0 hr 4 min 34 sec) 
Heartbeat CPU  0 instructions:  177000001 cycles:  503998239 heartbeat IPC: 0.22805 cumulative IPC: 0.26352 (Simulation time: 0 hr 4 min 36 sec) 
Heartbeat CPU  0 instructions:  178000003 cycles:  508487947 heartbeat IPC: 0.22273 cumulative IPC: 0.26314 (Simulation time: 0 hr 4 min 38 sec) 
Heartbeat CPU  0 instructions:  179000000 cycles:  510012885 heartbeat IPC: 0.65576 cumulative IPC: 0.26437 (Simulation time: 0 hr 4 min 39 sec) 
Heartbeat CPU  0 instructions:  180000000 cycles:  510691511 heartbeat IPC: 1.47357 cumulative IPC: 0.26605 (Simulation time: 0 hr 4 min 40 sec) 
Heartbeat CPU  0 instructions:  181000001 cycles:  514165035 heartbeat IPC: 0.28789 cumulative IPC: 0.26620 (Simulation time: 0 hr 4 min 42 sec) 
Heartbeat CPU  0 instructions:  182000000 cycles:  517112736 heartbeat IPC: 0.33925 cumulative IPC: 0.26664 (Simulation time: 0 hr 4 min 44 sec) 
Heartbeat CPU  0 instructions:  183000002 cycles:  520990016 heartbeat IPC: 0.25791 cumulative IPC: 0.26657 (Simulation time: 0 hr 4 min 46 sec) 
Heartbeat CPU  0 instructions:  184000000 cycles:  525080220 heartbeat IPC: 0.24449 cumulative IPC: 0.26639 (Simulation time: 0 hr 4 min 48 sec) 
Heartbeat CPU  0 instructions:  185000000 cycles:  529798824 heartbeat IPC: 0.21193 cumulative IPC: 0.26589 (Simulation time: 0 hr 4 min 50 sec) 
Heartbeat CPU  0 instructions:  186000003 cycles:  532694912 heartbeat IPC: 0.34529 cumulative IPC: 0.26634 (Simulation time: 0 hr 4 min 51 sec) 
Heartbeat CPU  0 instructions:  187000003 cycles:  535460980 heartbeat IPC: 0.36152 cumulative IPC: 0.26685 (Simulation time: 0 hr 4 min 53 sec) 
Heartbeat CPU  0 instructions:  188000000 cycles:  538958702 heartbeat IPC: 0.28590 cumulative IPC: 0.26698 (Simulation time: 0 hr 4 min 55 sec) 
Heartbeat CPU  0 instructions:  189000002 cycles:  542353943 heartbeat IPC: 0.29453 cumulative IPC: 0.26716 (Simulation time: 0 hr 4 min 56 sec) 
Heartbeat CPU  0 instructions:  190000000 cycles:  545209735 heartbeat IPC: 0.35016 cumulative IPC: 0.26761 (Simulation time: 0 hr 4 min 58 sec) 
Heartbeat CPU  0 instructions:  191000002 cycles:  547951762 heartbeat IPC: 0.36469 cumulative IPC: 0.26812 (Simulation time: 0 hr 5 min 0 sec) 
Heartbeat CPU  0 instructions:  192000000 cycles:  552090657 heartbeat IPC: 0.24161 cumulative IPC: 0.26791 (Simulation time: 0 hr 5 min 2 sec) 
Heartbeat CPU  0 instructions:  193000003 cycles:  555044533 heartbeat IPC: 0.33854 cumulative IPC: 0.26830 (Simulation time: 0 hr 5 min 4 sec) 
Heartbeat CPU  0 instructions:  194000001 cycles:  558555389 heartbeat IPC: 0.28483 cumulative IPC: 0.26841 (Simulation time: 0 hr 5 min 5 sec) 
Heartbeat CPU  0 instructions:  195000000 cycles:  562595706 heartbeat IPC: 0.24751 cumulative IPC: 0.26825 (Simulation time: 0 hr 5 min 7 sec) 
Heartbeat CPU  0 instructions:  196000000 cycles:  565380334 heartbeat IPC: 0.35911 cumulative IPC: 0.26872 (Simulation time: 0 hr 5 min 9 sec) 
Heartbeat CPU  0 instructions:  197000003 cycles:  568109654 heartbeat IPC: 0.36639 cumulative IPC: 0.26921 (Simulation time: 0 hr 5 min 10 sec) 
Heartbeat CPU  0 instructions:  198000001 cycles:  570777087 heartbeat IPC: 0.37489 cumulative IPC: 0.26972 (Simulation time: 0 hr 5 min 12 sec) 
Heartbeat CPU  0 instructions:  199000002 cycles:  573562233 heartbeat IPC: 0.35905 cumulative IPC: 0.27017 (Simulation time: 0 hr 5 min 14 sec) 
*** Reached end of trace for Core: 0 Repeating trace: /data2/Pythia5/CASSANDRA/traces/cassandra_phase4_core0.trace.xz
Heartbeat CPU  0 instructions:  200000000 cycles:  576444663 heartbeat IPC: 0.34693 cumulative IPC: 0.27057 (Simulation time: 0 hr 5 min 15 sec) 
Finished CPU 0 instructions: 150000001 cycles: 554383995 cumulative IPC: 0.27057 (Simulation time: 0 hr 5 min 15 sec) 

ChampSim completed all CPUs

[ROI Statistics]
Core_0_instructions 150000001
Core_0_cycles 554383995
Core_0_IPC 0.27057

Core_0_branch_prediction_accuracy 96.85280
Core_0_branch_MPKI 4.79649
Core_0_average_ROB_occupancy_at_mispredict 92.39228

Core_0_L1D_total_access 18155227
Core_0_L1D_total_hit 16755771
Core_0_L1D_total_miss 1399456
Core_0_L1D_loads 12266702
Core_0_L1D_load_hit 11091402
Core_0_L1D_load_miss 1175300
Core_0_L1D_RFOs 5888525
Core_0_L1D_RFO_hit 5664369
Core_0_L1D_RFO_miss 224156
Core_0_L1D_prefetches 0
Core_0_L1D_prefetch_hit 0
Core_0_L1D_prefetch_miss 0
Core_0_L1D_writebacks 0
Core_0_L1D_writeback_hit 0
Core_0_L1D_writeback_miss 0
Core_0_L1D_prefetch_requested 0
Core_0_L1D_prefetch_dropped 0
Core_0_L1D_prefetch_issued 0
Core_0_L1D_prefetch_filled 0
Core_0_L1D_prefetch_useful 0
Core_0_L1D_prefetch_useless 0
Core_0_L1D_prefetch_late 0
Core_0_L1D_average_miss_latency 208.46040

Core_0_L1D_rq_access 20335722
Core_0_L1D_rq_forward 0
Core_0_L1D_rq_merged 7931981
Core_0_L1D_rq_to_cache 12403428
Core_0_L1D_rq_full 0

Core_0_L1D_wq_access 6677841
Core_0_L1D_wq_forward 313
Core_0_L1D_wq_merged 140419
Core_0_L1D_wq_to_cache 6537422
Core_0_L1D_wq_full 0

Core_0_L1D_pq_access 0
Core_0_L1D_pq_forward 0
Core_0_L1D_pq_merged 0
Core_0_L1D_pq_to_cache 0
Core_0_L1D_pq_full 0

Core_0_L1D_acc_epochs 0
Core_0_L1D_acc_level_0 0
Core_0_L1D_acc_level_1 0
Core_0_L1D_acc_level_2 0
Core_0_L1D_acc_level_3 0
Core_0_L1D_acc_level_4 0
Core_0_L1D_acc_level_5 0
Core_0_L1D_acc_level_6 0
Core_0_L1D_acc_level_7 0
Core_0_L1D_acc_level_8 0
Core_0_L1D_acc_level_9 0

Core_0_L1I_total_access 32739546
Core_0_L1I_total_hit 32030804
Core_0_L1I_total_miss 708742
Core_0_L1I_loads 32739546
Core_0_L1I_load_hit 32030804
Core_0_L1I_load_miss 708742
Core_0_L1I_RFOs 0
Core_0_L1I_RFO_hit 0
Core_0_L1I_RFO_miss 0
Core_0_L1I_prefetches 0
Core_0_L1I_prefetch_hit 0
Core_0_L1I_prefetch_miss 0
Core_0_L1I_writebacks 0
Core_0_L1I_writeback_hit 0
Core_0_L1I_writeback_miss 0
Core_0_L1I_prefetch_requested 0
Core_0_L1I_prefetch_dropped 0
Core_0_L1I_prefetch_issued 0
Core_0_L1I_prefetch_filled 0
Core_0_L1I_prefetch_useful 0
Core_0_L1I_prefetch_useless 0
Core_0_L1I_prefetch_late 0
Core_0_L1I_average_miss_latency 94.94329

Core_0_L1I_rq_access 150000252
Core_0_L1I_rq_forward 0
Core_0_L1I_rq_merged 116821011
Core_0_L1I_rq_to_cache 33179241
Core_0_L1I_rq_full 0

Core_0_L1I_wq_access 0
Core_0_L1I_wq_forward 0
Core_0_L1I_wq_merged 0
Core_0_L1I_wq_to_cache 0
Core_0_L1I_wq_full 0

Core_0_L1I_pq_access 0
Core_0_L1I_pq_forward 0
Core_0_L1I_pq_merged 0
Core_0_L1I_pq_to_cache 0
Core_0_L1I_pq_full 0

Core_0_L1I_acc_epochs 0
Core_0_L1I_acc_level_0 0
Core_0_L1I_acc_level_1 0
Core_0_L1I_acc_level_2 0
Core_0_L1I_acc_level_3 0
Core_0_L1I_acc_level_4 0
Core_0_L1I_acc_level_5 0
Core_0_L1I_acc_level_6 0
Core_0_L1I_acc_level_7 0
Core_0_L1I_acc_level_8 0
Core_0_L1I_acc_level_9 0

Core_0_L2C_total_access 3917249
Core_0_L2C_total_hit 1107648
Core_0_L2C_total_miss 2809601
Core_0_L2C_loads 1884030
Core_0_L2C_load_hit 577137
Core_0_L2C_load_miss 1306893
Core_0_L2C_RFOs 224135
Core_0_L2C_RFO_hit 39240
Core_0_L2C_RFO_miss 184895
Core_0_L2C_prefetches 1306770
Core_0_L2C_prefetch_hit 0
Core_0_L2C_prefetch_miss 1306770
Core_0_L2C_writebacks 502314
Core_0_L2C_writeback_hit 491271
Core_0_L2C_writeback_miss 11043
Core_0_L2C_prefetch_requested 1893197
Core_0_L2C_prefetch_dropped 111
Core_0_L2C_prefetch_issued 1893086
Core_0_L2C_prefetch_filled 1893086
Core_0_L2C_prefetch_useful 0
Core_0_L2C_prefetch_useless 1893023
Core_0_L2C_prefetch_late 0
Core_0_L2C_average_miss_latency 330.51867

Core_0_L2C_rq_access 2108198
Core_0_L2C_rq_forward 0
Core_0_L2C_rq_merged 0
Core_0_L2C_rq_to_cache 2108165
Core_0_L2C_rq_full 0

Core_0_L2C_wq_access 502314
Core_0_L2C_wq_forward 33
Core_0_L2C_wq_merged 0
Core_0_L2C_wq_to_cache 502314
Core_0_L2C_wq_full 0

Core_0_L2C_pq_access 1893086
Core_0_L2C_pq_forward 0
Core_0_L2C_pq_merged 0
Core_0_L2C_pq_to_cache 1893086
Core_0_L2C_pq_full 0

Core_0_L2C_acc_epochs 0
Core_0_L2C_acc_level_0 0
Core_0_L2C_acc_level_1 0
Core_0_L2C_acc_level_2 0
Core_0_L2C_acc_level_3 0
Core_0_L2C_acc_level_4 0
Core_0_L2C_acc_level_5 0
Core_0_L2C_acc_level_6 0
Core_0_L2C_acc_level_7 0
Core_0_L2C_acc_level_8 0
Core_0_L2C_acc_level_9 0

Core_0_LLC_total_access 3237384
Core_0_LLC_total_hit 724627
Core_0_LLC_total_miss 2512757
Core_0_LLC_loads 1306893
Core_0_LLC_load_hit 463964
Core_0_LLC_load_miss 842929
Core_0_LLC_RFOs 184893
Core_0_LLC_RFO_hit 48884
Core_0_LLC_RFO_miss 136009
Core_0_LLC_prefetches 1306770
Core_0_LLC_prefetch_hit 11115
Core_0_LLC_prefetch_miss 1295655
Core_0_LLC_writebacks 438828
Core_0_LLC_writeback_hit 200664
Core_0_LLC_writeback_miss 238164
Core_0_LLC_prefetch_requested 0
Core_0_LLC_prefetch_dropped 0
Core_0_LLC_prefetch_issued 0
Core_0_LLC_prefetch_filled 1876789
Core_0_LLC_prefetch_useful 0
Core_0_LLC_prefetch_useless 1876292
Core_0_LLC_prefetch_late 0
Core_0_LLC_average_miss_latency 314.92397

Core_0_LLC_rq_access 1491788
Core_0_LLC_rq_forward 0
Core_0_LLC_rq_merged 0
Core_0_LLC_rq_to_cache 1491786
Core_0_LLC_rq_full 0

Core_0_LLC_wq_access 438828
Core_0_LLC_wq_forward 2
Core_0_LLC_wq_merged 0
Core_0_LLC_wq_to_cache 438828
Core_0_LLC_wq_full 0

Core_0_LLC_pq_access 1893086
Core_0_LLC_pq_forward 0
Core_0_LLC_pq_merged 0
Core_0_LLC_pq_to_cache 1893086
Core_0_LLC_pq_full 0

Core_0_LLC_acc_epochs 0
Core_0_LLC_acc_level_0 0
Core_0_LLC_acc_level_1 0
Core_0_LLC_acc_level_2 0
Core_0_LLC_acc_level_3 0
Core_0_LLC_acc_level_4 0
Core_0_LLC_acc_level_5 0
Core_0_LLC_acc_level_6 0
Core_0_LLC_acc_level_7 0
Core_0_LLC_acc_level_8 0
Core_0_LLC_acc_level_9 0

Core_0_major_page_fault 0
Core_0_minor_page_fault 51884

[L1D] L1D prefetcher final stats
Channel_0_RQ_row_buffer_hit 636223
Channel_0_RQ_row_buffer_miss 1638341
Channel_0_WQ_row_buffer_hit 42769
Channel_0_WQ_row_buffer_miss 312180
Channel_0_WQ_full 0
Channel_0_dbus_congested 563745

avg_congested_cycle 8

DRAM_bw_pochs 2251738
DRAM_bw_level_0 2014528
DRAM_bw_level_1 202841
DRAM_bw_level_2 24251
DRAM_bw_level_3 10118
