*************************************************
   ChampSim Multicore Out-of-Order Simulator
   Last compiled: Mar 31 2025 00:42:49
*************************************************
parsing config file: /data2/Pythia5/config/pythia.ini

trace_0 /data2/Pythia5/CASSANDRA/traces/cassandra_phase0_core0.trace.xz
[L1D] L1D prefetcher initialized
[L2C] Group10 L2C prefetcher initialized
Initialize SHIP state
warmup_instructions 50000000
simulation_instructions 150000000
champsim_seed 2184
measure_ipc 0
measure_ipc_epoch 1000
measure_dram_bw 1
measure_dram_bw_epoch 256
measure_cache_acc 1
measure_cache_acc_epoch 1024
l1d_perfect 0
l2c_perfect 0
llc_perfect 0
l1d_semi_perfect 0
l2c_semi_perfect 0
llc_semi_perfect 0
semi_perfect_cache_page_buffer_size 64

num_cpus 1
cpu_freq 4000
dram_io_freq 2400
page_size 4096
block_size 64
max_read_per_cycle 8
max_fill_per_cycle 1
dram_channels 1
log2_dram_channels 0
dram_ranks 1
dram_banks 8
dram_rows 65536
dram_columns 128
dram_row_size 8
dram_size 4096
dram_pages 1048576

fetch_width 6
decode_width 6
exec_width 4
lq_width 2
sq_width 2
retire_width 4
scheduler_size 128
branch_mispredict_penalty 20
rob_size 256
lq_size 72
sq_size 56
num_instr_destinations_sparc 4
num_instr_destinations 2
num_instr_sources 4

itlb_set 16
itlb_way 8
itlb_rq_size 16
itlb_wq_size 16
itlb_pq_size 0
itlb_mshr_size 8
itlb_latency 1

dtlb_set 16
dtlb_way 4
dtlb_rq_size 16
dtlb_wq_size 16
dtlb_pq_size 0
dtlb_mshr_size 8
dtlb_latency 1

stlb_set 128
stlb_way 12
stlb_rq_size 32
stlb_wq_size 32
stlb_pq_size 0
stlb_mshr_size 16
stlb_latency 8

l1i_size 32
l1i_set 64
l1i_way 8
l1i_rq_size 64
l1i_wq_size 64
l1i_pq_size 8
l1i_mshr_size 8
l1i_latency 1

l1d_size 32
l1d_set 64
l1d_way 8
l1d_rq_size 64
l1d_wq_size 64
l1d_pq_size 8
l1d_mshr_size 16
l1d_latency 4

l2c_size 256
l2c_set 512
l2c_way 8
l2c_rq_size 32
l2c_wq_size 32
l2c_pq_size 32
l2c_mshr_size 32
l2c_latency 10

llc_size 2048
llc_set 2048
llc_way 16
llc_rq_size 32
llc_wq_size 32
llc_pq_size 32
llc_mshr_size 64
llc_latency 20

dram_channel_width 8
dram_wq_size 64
dram_rq_size 64
tRP 15
tRCD 15
tCAS 12.5
dram_dbus_turn_around_time 30
dram_write_high_wm 56
dram_write_low_wm 48
min_dram_writes_per_switch 16
dram_mtps 2400
dram_dbus_return_time 13

[L1D] L1D prefetcher configuration

Heartbeat CPU  0 instructions:    1000000 cycles:     536103 heartbeat IPC: 1.86531 cumulative IPC: 1.86531 (Simulation time: 0 hr 0 min 1 sec) 
Heartbeat CPU  0 instructions:    2000000 cycles:     906760 heartbeat IPC: 2.69791 cumulative IPC: 2.20566 (Simulation time: 0 hr 0 min 2 sec) 
Heartbeat CPU  0 instructions:    3000003 cycles:    1605925 heartbeat IPC: 1.43028 cumulative IPC: 1.86808 (Simulation time: 0 hr 0 min 3 sec) 
Heartbeat CPU  0 instructions:    4000000 cycles:    2014945 heartbeat IPC: 2.44486 cumulative IPC: 1.98517 (Simulation time: 0 hr 0 min 4 sec) 
Heartbeat CPU  0 instructions:    5000001 cycles:    2390714 heartbeat IPC: 2.66121 cumulative IPC: 2.09143 (Simulation time: 0 hr 0 min 5 sec) 
Heartbeat CPU  0 instructions:    6000002 cycles:    2715683 heartbeat IPC: 3.07722 cumulative IPC: 2.20939 (Simulation time: 0 hr 0 min 7 sec) 
Heartbeat CPU  0 instructions:    7000000 cycles:    3042734 heartbeat IPC: 3.05762 cumulative IPC: 2.30056 (Simulation time: 0 hr 0 min 8 sec) 
Heartbeat CPU  0 instructions:    8000000 cycles:    3362823 heartbeat IPC: 3.12413 cumulative IPC: 2.37895 (Simulation time: 0 hr 0 min 9 sec) 
Heartbeat CPU  0 instructions:    9000001 cycles:    3686542 heartbeat IPC: 3.08910 cumulative IPC: 2.44131 (Simulation time: 0 hr 0 min 10 sec) 
Heartbeat CPU  0 instructions:   10000000 cycles:    4090862 heartbeat IPC: 2.47329 cumulative IPC: 2.44447 (Simulation time: 0 hr 0 min 11 sec) 
Heartbeat CPU  0 instructions:   11000001 cycles:    4605139 heartbeat IPC: 1.94448 cumulative IPC: 2.38864 (Simulation time: 0 hr 0 min 12 sec) 
Heartbeat CPU  0 instructions:   12000000 cycles:    4944890 heartbeat IPC: 2.94333 cumulative IPC: 2.42675 (Simulation time: 0 hr 0 min 13 sec) 
Heartbeat CPU  0 instructions:   13000001 cycles:    5270721 heartbeat IPC: 3.06908 cumulative IPC: 2.46646 (Simulation time: 0 hr 0 min 14 sec) 
Heartbeat CPU  0 instructions:   14000000 cycles:    5671739 heartbeat IPC: 2.49365 cumulative IPC: 2.46838 (Simulation time: 0 hr 0 min 15 sec) 
Heartbeat CPU  0 instructions:   15000000 cycles:    6015282 heartbeat IPC: 2.91084 cumulative IPC: 2.49365 (Simulation time: 0 hr 0 min 16 sec) 
Heartbeat CPU  0 instructions:   16000000 cycles:    6339489 heartbeat IPC: 3.08445 cumulative IPC: 2.52386 (Simulation time: 0 hr 0 min 17 sec) 
Heartbeat CPU  0 instructions:   17000003 cycles:    6718692 heartbeat IPC: 2.63712 cumulative IPC: 2.53025 (Simulation time: 0 hr 0 min 19 sec) 
Heartbeat CPU  0 instructions:   18000001 cycles:    7057393 heartbeat IPC: 2.95245 cumulative IPC: 2.55052 (Simulation time: 0 hr 0 min 20 sec) 
Heartbeat CPU  0 instructions:   19000003 cycles:    7374136 heartbeat IPC: 3.15714 cumulative IPC: 2.57657 (Simulation time: 0 hr 0 min 21 sec) 
Heartbeat CPU  0 instructions:   20000000 cycles:    7704903 heartbeat IPC: 3.02327 cumulative IPC: 2.59575 (Simulation time: 0 hr 0 min 22 sec) 
Heartbeat CPU  0 instructions:   21000000 cycles:    8029531 heartbeat IPC: 3.08045 cumulative IPC: 2.61535 (Simulation time: 0 hr 0 min 23 sec) 
Heartbeat CPU  0 instructions:   22000001 cycles:    8354185 heartbeat IPC: 3.08021 cumulative IPC: 2.63341 (Simulation time: 0 hr 0 min 24 sec) 
Heartbeat CPU  0 instructions:   23000003 cycles:    8726849 heartbeat IPC: 2.68339 cumulative IPC: 2.63555 (Simulation time: 0 hr 0 min 25 sec) 
Heartbeat CPU  0 instructions:   24000000 cycles:    9176704 heartbeat IPC: 2.22293 cumulative IPC: 2.61532 (Simulation time: 0 hr 0 min 26 sec) 
Heartbeat CPU  0 instructions:   25000003 cycles:    9501027 heartbeat IPC: 3.08336 cumulative IPC: 2.63129 (Simulation time: 0 hr 0 min 27 sec) 
Heartbeat CPU  0 instructions:   26000000 cycles:    9827743 heartbeat IPC: 3.06075 cumulative IPC: 2.64557 (Simulation time: 0 hr 0 min 28 sec) 
Heartbeat CPU  0 instructions:   27000000 cycles:   10152158 heartbeat IPC: 3.08247 cumulative IPC: 2.65953 (Simulation time: 0 hr 0 min 29 sec) 
Heartbeat CPU  0 instructions:   28000000 cycles:   10476330 heartbeat IPC: 3.08478 cumulative IPC: 2.67269 (Simulation time: 0 hr 0 min 30 sec) 
Heartbeat CPU  0 instructions:   29000001 cycles:   10798879 heartbeat IPC: 3.10031 cumulative IPC: 2.68546 (Simulation time: 0 hr 0 min 32 sec) 
Heartbeat CPU  0 instructions:   30000002 cycles:   11122779 heartbeat IPC: 3.08738 cumulative IPC: 2.69717 (Simulation time: 0 hr 0 min 33 sec) 
Heartbeat CPU  0 instructions:   31000003 cycles:   11504186 heartbeat IPC: 2.62187 cumulative IPC: 2.69467 (Simulation time: 0 hr 0 min 34 sec) 
Heartbeat CPU  0 instructions:   32000000 cycles:   11878590 heartbeat IPC: 2.67090 cumulative IPC: 2.69392 (Simulation time: 0 hr 0 min 35 sec) 
Heartbeat CPU  0 instructions:   33000000 cycles:   12247013 heartbeat IPC: 2.71427 cumulative IPC: 2.69453 (Simulation time: 0 hr 0 min 36 sec) 
Heartbeat CPU  0 instructions:   34000003 cycles:   12699367 heartbeat IPC: 2.21066 cumulative IPC: 2.67730 (Simulation time: 0 hr 0 min 37 sec) 
Heartbeat CPU  0 instructions:   35000000 cycles:   13033308 heartbeat IPC: 2.99453 cumulative IPC: 2.68543 (Simulation time: 0 hr 0 min 38 sec) 
Heartbeat CPU  0 instructions:   36000000 cycles:   13353114 heartbeat IPC: 3.12690 cumulative IPC: 2.69600 (Simulation time: 0 hr 0 min 39 sec) 
Heartbeat CPU  0 instructions:   37000001 cycles:   13675004 heartbeat IPC: 3.10665 cumulative IPC: 2.70567 (Simulation time: 0 hr 0 min 40 sec) 
Heartbeat CPU  0 instructions:   38000003 cycles:   14053753 heartbeat IPC: 2.64028 cumulative IPC: 2.70390 (Simulation time: 0 hr 0 min 41 sec) 
Heartbeat CPU  0 instructions:   39000002 cycles:   14378934 heartbeat IPC: 3.07521 cumulative IPC: 2.71230 (Simulation time: 0 hr 0 min 42 sec) 
Heartbeat CPU  0 instructions:   40000000 cycles:   14704145 heartbeat IPC: 3.07492 cumulative IPC: 2.72032 (Simulation time: 0 hr 0 min 43 sec) 
Heartbeat CPU  0 instructions:   41000003 cycles:   15026697 heartbeat IPC: 3.10028 cumulative IPC: 2.72848 (Simulation time: 0 hr 0 min 45 sec) 
Heartbeat CPU  0 instructions:   42000001 cycles:   15710258 heartbeat IPC: 1.46292 cumulative IPC: 2.67341 (Simulation time: 0 hr 0 min 46 sec) 
Heartbeat CPU  0 instructions:   43000000 cycles:   16099395 heartbeat IPC: 2.56979 cumulative IPC: 2.67091 (Simulation time: 0 hr 0 min 47 sec) 
Heartbeat CPU  0 instructions:   44000000 cycles:   16469379 heartbeat IPC: 2.70282 cumulative IPC: 2.67162 (Simulation time: 0 hr 0 min 48 sec) 
Heartbeat CPU  0 instructions:   45000000 cycles:   16926460 heartbeat IPC: 2.18780 cumulative IPC: 2.65856 (Simulation time: 0 hr 0 min 49 sec) 
Heartbeat CPU  0 instructions:   46000001 cycles:   17374626 heartbeat IPC: 2.23132 cumulative IPC: 2.64754 (Simulation time: 0 hr 0 min 50 sec) 
Heartbeat CPU  0 instructions:   47000000 cycles:   17702356 heartbeat IPC: 3.05129 cumulative IPC: 2.65501 (Simulation time: 0 hr 0 min 51 sec) 
Heartbeat CPU  0 instructions:   48000000 cycles:   18028029 heartbeat IPC: 3.07056 cumulative IPC: 2.66252 (Simulation time: 0 hr 0 min 52 sec) 
Heartbeat CPU  0 instructions:   49000003 cycles:   18354212 heartbeat IPC: 3.06577 cumulative IPC: 2.66969 (Simulation time: 0 hr 0 min 53 sec) 
Heartbeat CPU  0 instructions:   50000002 cycles:   18666014 heartbeat IPC: 3.20716 cumulative IPC: 2.67867 (Simulation time: 0 hr 0 min 54 sec) 

Warmup complete CPU  0 instructions:   50000002 cycles:   18666014 (Simulation time: 0 hr 0 min 54 sec) 

Heartbeat CPU  0 instructions:   51000003 cycles:   21195932 heartbeat IPC: 0.39527 cumulative IPC: 0.39527 (Simulation time: 0 hr 0 min 56 sec) 
Heartbeat CPU  0 instructions:   52000000 cycles:   23934235 heartbeat IPC: 0.36519 cumulative IPC: 0.37963 (Simulation time: 0 hr 0 min 58 sec) 
Heartbeat CPU  0 instructions:   53000001 cycles:   27273089 heartbeat IPC: 0.29950 cumulative IPC: 0.34855 (Simulation time: 0 hr 0 min 59 sec) 
Heartbeat CPU  0 instructions:   54000000 cycles:   30938523 heartbeat IPC: 0.27282 cumulative IPC: 0.32593 (Simulation time: 0 hr 1 min 1 sec) 
Heartbeat CPU  0 instructions:   55000000 cycles:   34819362 heartbeat IPC: 0.25768 cumulative IPC: 0.30953 (Simulation time: 0 hr 1 min 4 sec) 
Heartbeat CPU  0 instructions:   56000000 cycles:   37842136 heartbeat IPC: 0.33082 cumulative IPC: 0.31289 (Simulation time: 0 hr 1 min 5 sec) 
Heartbeat CPU  0 instructions:   57000000 cycles:   40804289 heartbeat IPC: 0.33759 cumulative IPC: 0.31619 (Simulation time: 0 hr 1 min 7 sec) 
Heartbeat CPU  0 instructions:   58000000 cycles:   43788171 heartbeat IPC: 0.33513 cumulative IPC: 0.31844 (Simulation time: 0 hr 1 min 9 sec) 
Heartbeat CPU  0 instructions:   59000003 cycles:   46765451 heartbeat IPC: 0.33588 cumulative IPC: 0.32029 (Simulation time: 0 hr 1 min 10 sec) 
Heartbeat CPU  0 instructions:   60000000 cycles:   49665870 heartbeat IPC: 0.34478 cumulative IPC: 0.32258 (Simulation time: 0 hr 1 min 12 sec) 
Heartbeat CPU  0 instructions:   61000003 cycles:   53078197 heartbeat IPC: 0.29306 cumulative IPC: 0.31965 (Simulation time: 0 hr 1 min 14 sec) 
Heartbeat CPU  0 instructions:   62000002 cycles:   56522646 heartbeat IPC: 0.29032 cumulative IPC: 0.31699 (Simulation time: 0 hr 1 min 16 sec) 
Heartbeat CPU  0 instructions:   63000002 cycles:   59371464 heartbeat IPC: 0.35102 cumulative IPC: 0.31937 (Simulation time: 0 hr 1 min 17 sec) 
Heartbeat CPU  0 instructions:   64000000 cycles:   62371791 heartbeat IPC: 0.33330 cumulative IPC: 0.32032 (Simulation time: 0 hr 1 min 19 sec) 
Heartbeat CPU  0 instructions:   65000000 cycles:   65076157 heartbeat IPC: 0.36977 cumulative IPC: 0.32321 (Simulation time: 0 hr 1 min 21 sec) 
Heartbeat CPU  0 instructions:   66000000 cycles:   68388691 heartbeat IPC: 0.30188 cumulative IPC: 0.32178 (Simulation time: 0 hr 1 min 22 sec) 
Heartbeat CPU  0 instructions:   67000002 cycles:   71904003 heartbeat IPC: 0.28447 cumulative IPC: 0.31932 (Simulation time: 0 hr 1 min 25 sec) 
Heartbeat CPU  0 instructions:   68000000 cycles:   75545110 heartbeat IPC: 0.27464 cumulative IPC: 0.31646 (Simulation time: 0 hr 1 min 27 sec) 
Heartbeat CPU  0 instructions:   69000002 cycles:   78380708 heartbeat IPC: 0.35266 cumulative IPC: 0.31818 (Simulation time: 0 hr 1 min 28 sec) 
Heartbeat CPU  0 instructions:   70000001 cycles:   81099358 heartbeat IPC: 0.36783 cumulative IPC: 0.32034 (Simulation time: 0 hr 1 min 30 sec) 
Heartbeat CPU  0 instructions:   71000002 cycles:   83834580 heartbeat IPC: 0.36560 cumulative IPC: 0.32224 (Simulation time: 0 hr 1 min 32 sec) 
Heartbeat CPU  0 instructions:   72000000 cycles:   86609324 heartbeat IPC: 0.36039 cumulative IPC: 0.32380 (Simulation time: 0 hr 1 min 34 sec) 
Heartbeat CPU  0 instructions:   73000000 cycles:   89824826 heartbeat IPC: 0.31099 cumulative IPC: 0.32322 (Simulation time: 0 hr 1 min 35 sec) 
Heartbeat CPU  0 instructions:   74000002 cycles:   92488907 heartbeat IPC: 0.37536 cumulative IPC: 0.32510 (Simulation time: 0 hr 1 min 37 sec) 
Heartbeat CPU  0 instructions:   75000002 cycles:   95041924 heartbeat IPC: 0.39169 cumulative IPC: 0.32733 (Simulation time: 0 hr 1 min 39 sec) 
Heartbeat CPU  0 instructions:   76000000 cycles:   97546169 heartbeat IPC: 0.39932 cumulative IPC: 0.32961 (Simulation time: 0 hr 1 min 40 sec) 
Heartbeat CPU  0 instructions:   77000001 cycles:  100609748 heartbeat IPC: 0.32642 cumulative IPC: 0.32949 (Simulation time: 0 hr 1 min 42 sec) 
Heartbeat CPU  0 instructions:   78000001 cycles:  103415703 heartbeat IPC: 0.35638 cumulative IPC: 0.33038 (Simulation time: 0 hr 1 min 44 sec) 
Heartbeat CPU  0 instructions:   79000000 cycles:  106580582 heartbeat IPC: 0.31597 cumulative IPC: 0.32987 (Simulation time: 0 hr 1 min 46 sec) 
Heartbeat CPU  0 instructions:   80000000 cycles:  109956004 heartbeat IPC: 0.29626 cumulative IPC: 0.32862 (Simulation time: 0 hr 1 min 48 sec) 
Heartbeat CPU  0 instructions:   81000001 cycles:  112640314 heartbeat IPC: 0.37254 cumulative IPC: 0.32988 (Simulation time: 0 hr 1 min 49 sec) 
Heartbeat CPU  0 instructions:   82000003 cycles:  115674936 heartbeat IPC: 0.32953 cumulative IPC: 0.32987 (Simulation time: 0 hr 1 min 51 sec) 
Heartbeat CPU  0 instructions:   83000002 cycles:  118424633 heartbeat IPC: 0.36368 cumulative IPC: 0.33080 (Simulation time: 0 hr 1 min 53 sec) 
Heartbeat CPU  0 instructions:   84000000 cycles:  121433260 heartbeat IPC: 0.33238 cumulative IPC: 0.33084 (Simulation time: 0 hr 1 min 55 sec) 
Heartbeat CPU  0 instructions:   85000001 cycles:  124676888 heartbeat IPC: 0.30830 cumulative IPC: 0.33015 (Simulation time: 0 hr 1 min 56 sec) 
Heartbeat CPU  0 instructions:   86000002 cycles:  127274166 heartbeat IPC: 0.38502 cumulative IPC: 0.33147 (Simulation time: 0 hr 1 min 58 sec) 
Heartbeat CPU  0 instructions:   87000000 cycles:  129852422 heartbeat IPC: 0.38786 cumulative IPC: 0.33277 (Simulation time: 0 hr 2 min 0 sec) 
Heartbeat CPU  0 instructions:   88000000 cycles:  132994133 heartbeat IPC: 0.31830 cumulative IPC: 0.33238 (Simulation time: 0 hr 2 min 2 sec) 
Heartbeat CPU  0 instructions:   89000003 cycles:  135563653 heartbeat IPC: 0.38918 cumulative IPC: 0.33363 (Simulation time: 0 hr 2 min 3 sec) 
Heartbeat CPU  0 instructions:   90000000 cycles:  139106610 heartbeat IPC: 0.28225 cumulative IPC: 0.33211 (Simulation time: 0 hr 2 min 5 sec) 
Heartbeat CPU  0 instructions:   91000001 cycles:  141962402 heartbeat IPC: 0.35017 cumulative IPC: 0.33253 (Simulation time: 0 hr 2 min 7 sec) 
Heartbeat CPU  0 instructions:   92000000 cycles:  144764432 heartbeat IPC: 0.35688 cumulative IPC: 0.33307 (Simulation time: 0 hr 2 min 9 sec) 
Heartbeat CPU  0 instructions:   93000002 cycles:  147514847 heartbeat IPC: 0.36358 cumulative IPC: 0.33372 (Simulation time: 0 hr 2 min 10 sec) 
Heartbeat CPU  0 instructions:   94000002 cycles:  150798193 heartbeat IPC: 0.30457 cumulative IPC: 0.33300 (Simulation time: 0 hr 2 min 12 sec) 
Heartbeat CPU  0 instructions:   95000000 cycles:  153346028 heartbeat IPC: 0.39249 cumulative IPC: 0.33413 (Simulation time: 0 hr 2 min 14 sec) 
Heartbeat CPU  0 instructions:   96000000 cycles:  156238370 heartbeat IPC: 0.34574 cumulative IPC: 0.33437 (Simulation time: 0 hr 2 min 16 sec) 
Heartbeat CPU  0 instructions:   97000001 cycles:  158937216 heartbeat IPC: 0.37053 cumulative IPC: 0.33507 (Simulation time: 0 hr 2 min 17 sec) 
Heartbeat CPU  0 instructions:   98000003 cycles:  161406707 heartbeat IPC: 0.40494 cumulative IPC: 0.33627 (Simulation time: 0 hr 2 min 19 sec) 
Heartbeat CPU  0 instructions:   99000000 cycles:  164361117 heartbeat IPC: 0.33848 cumulative IPC: 0.33632 (Simulation time: 0 hr 2 min 21 sec) 
*** Reached end of trace for Core: 0 Repeating trace: /data2/Pythia5/CASSANDRA/traces/cassandra_phase0_core0.trace.xz
Heartbeat CPU  0 instructions:  100000000 cycles:  167256692 heartbeat IPC: 0.34535 cumulative IPC: 0.33649 (Simulation time: 0 hr 2 min 22 sec) 
Heartbeat CPU  0 instructions:  101000000 cycles:  171589142 heartbeat IPC: 0.23082 cumulative IPC: 0.33350 (Simulation time: 0 hr 2 min 24 sec) 
Heartbeat CPU  0 instructions:  102000002 cycles:  174500059 heartbeat IPC: 0.34354 cumulative IPC: 0.33369 (Simulation time: 0 hr 2 min 26 sec) 
Heartbeat CPU  0 instructions:  103000003 cycles:  179608286 heartbeat IPC: 0.19576 cumulative IPC: 0.32931 (Simulation time: 0 hr 2 min 29 sec) 
Heartbeat CPU  0 instructions:  104000000 cycles:  182637194 heartbeat IPC: 0.33015 cumulative IPC: 0.32933 (Simulation time: 0 hr 2 min 30 sec) 
Heartbeat CPU  0 instructions:  105000001 cycles:  185689971 heartbeat IPC: 0.32757 cumulative IPC: 0.32929 (Simulation time: 0 hr 2 min 32 sec) 
Heartbeat CPU  0 instructions:  106000001 cycles:  188384637 heartbeat IPC: 0.37110 cumulative IPC: 0.32996 (Simulation time: 0 hr 2 min 34 sec) 
Heartbeat CPU  0 instructions:  107000001 cycles:  191098671 heartbeat IPC: 0.36846 cumulative IPC: 0.33056 (Simulation time: 0 hr 2 min 35 sec) 
Heartbeat CPU  0 instructions:  108000000 cycles:  193683221 heartbeat IPC: 0.38691 cumulative IPC: 0.33140 (Simulation time: 0 hr 2 min 37 sec) 
Heartbeat CPU  0 instructions:  109000002 cycles:  196341019 heartbeat IPC: 0.37625 cumulative IPC: 0.33207 (Simulation time: 0 hr 2 min 39 sec) 
Heartbeat CPU  0 instructions:  110000000 cycles:  199558486 heartbeat IPC: 0.31080 cumulative IPC: 0.33169 (Simulation time: 0 hr 2 min 40 sec) 
Heartbeat CPU  0 instructions:  111000002 cycles:  203312724 heartbeat IPC: 0.26637 cumulative IPC: 0.33036 (Simulation time: 0 hr 2 min 43 sec) 
Heartbeat CPU  0 instructions:  112000000 cycles:  206033074 heartbeat IPC: 0.36760 cumulative IPC: 0.33090 (Simulation time: 0 hr 2 min 44 sec) 
Heartbeat CPU  0 instructions:  113000002 cycles:  208838752 heartbeat IPC: 0.35642 cumulative IPC: 0.33128 (Simulation time: 0 hr 2 min 46 sec) 
Heartbeat CPU  0 instructions:  114000000 cycles:  211861085 heartbeat IPC: 0.33087 cumulative IPC: 0.33127 (Simulation time: 0 hr 2 min 48 sec) 
Heartbeat CPU  0 instructions:  115000001 cycles:  214707469 heartbeat IPC: 0.35132 cumulative IPC: 0.33156 (Simulation time: 0 hr 2 min 49 sec) 
Heartbeat CPU  0 instructions:  116000000 cycles:  217475861 heartbeat IPC: 0.36122 cumulative IPC: 0.33198 (Simulation time: 0 hr 2 min 51 sec) 
Heartbeat CPU  0 instructions:  117000001 cycles:  220569996 heartbeat IPC: 0.32319 cumulative IPC: 0.33184 (Simulation time: 0 hr 2 min 53 sec) 
Heartbeat CPU  0 instructions:  118000003 cycles:  223430926 heartbeat IPC: 0.34954 cumulative IPC: 0.33209 (Simulation time: 0 hr 2 min 54 sec) 
Heartbeat CPU  0 instructions:  119000000 cycles:  226040770 heartbeat IPC: 0.38316 cumulative IPC: 0.33273 (Simulation time: 0 hr 2 min 56 sec) 
Heartbeat CPU  0 instructions:  120000000 cycles:  228811442 heartbeat IPC: 0.36092 cumulative IPC: 0.33310 (Simulation time: 0 hr 2 min 58 sec) 
Heartbeat CPU  0 instructions:  121000003 cycles:  231531578 heartbeat IPC: 0.36763 cumulative IPC: 0.33354 (Simulation time: 0 hr 2 min 59 sec) 
Heartbeat CPU  0 instructions:  122000000 cycles:  234268010 heartbeat IPC: 0.36544 cumulative IPC: 0.33395 (Simulation time: 0 hr 3 min 1 sec) 
Heartbeat CPU  0 instructions:  123000001 cycles:  237278814 heartbeat IPC: 0.33214 cumulative IPC: 0.33392 (Simulation time: 0 hr 3 min 2 sec) 
Heartbeat CPU  0 instructions:  124000000 cycles:  240874433 heartbeat IPC: 0.27812 cumulative IPC: 0.33302 (Simulation time: 0 hr 3 min 5 sec) 
Heartbeat CPU  0 instructions:  125000000 cycles:  243625036 heartbeat IPC: 0.36356 cumulative IPC: 0.33339 (Simulation time: 0 hr 3 min 6 sec) 
Heartbeat CPU  0 instructions:  126000001 cycles:  246414805 heartbeat IPC: 0.35845 cumulative IPC: 0.33370 (Simulation time: 0 hr 3 min 8 sec) 
Heartbeat CPU  0 instructions:  127000001 cycles:  249181952 heartbeat IPC: 0.36138 cumulative IPC: 0.33403 (Simulation time: 0 hr 3 min 9 sec) 
Heartbeat CPU  0 instructions:  128000000 cycles:  251856573 heartbeat IPC: 0.37388 cumulative IPC: 0.33449 (Simulation time: 0 hr 3 min 11 sec) 
Heartbeat CPU  0 instructions:  129000003 cycles:  254590033 heartbeat IPC: 0.36584 cumulative IPC: 0.33485 (Simulation time: 0 hr 3 min 13 sec) 
Heartbeat CPU  0 instructions:  130000001 cycles:  257320774 heartbeat IPC: 0.36620 cumulative IPC: 0.33521 (Simulation time: 0 hr 3 min 14 sec) 
Heartbeat CPU  0 instructions:  131000003 cycles:  260528605 heartbeat IPC: 0.31174 cumulative IPC: 0.33490 (Simulation time: 0 hr 3 min 16 sec) 
Heartbeat CPU  0 instructions:  132000000 cycles:  263452308 heartbeat IPC: 0.34203 cumulative IPC: 0.33499 (Simulation time: 0 hr 3 min 18 sec) 
Heartbeat CPU  0 instructions:  133000003 cycles:  266086207 heartbeat IPC: 0.37967 cumulative IPC: 0.33546 (Simulation time: 0 hr 3 min 20 sec) 
Heartbeat CPU  0 instructions:  134000000 cycles:  269636185 heartbeat IPC: 0.28169 cumulative IPC: 0.33470 (Simulation time: 0 hr 3 min 22 sec) 
Heartbeat CPU  0 instructions:  135000000 cycles:  272456331 heartbeat IPC: 0.35459 cumulative IPC: 0.33492 (Simulation time: 0 hr 3 min 23 sec) 
Heartbeat CPU  0 instructions:  136000000 cycles:  274984528 heartbeat IPC: 0.39554 cumulative IPC: 0.33552 (Simulation time: 0 hr 3 min 25 sec) 
Heartbeat CPU  0 instructions:  137000000 cycles:  277634955 heartbeat IPC: 0.37730 cumulative IPC: 0.33595 (Simulation time: 0 hr 3 min 27 sec) 
Heartbeat CPU  0 instructions:  138000002 cycles:  280673630 heartbeat IPC: 0.32909 cumulative IPC: 0.33587 (Simulation time: 0 hr 3 min 28 sec) 
Heartbeat CPU  0 instructions:  139000002 cycles:  283403282 heartbeat IPC: 0.36635 cumulative IPC: 0.33618 (Simulation time: 0 hr 3 min 30 sec) 
Heartbeat CPU  0 instructions:  140000000 cycles:  286115469 heartbeat IPC: 0.36871 cumulative IPC: 0.33651 (Simulation time: 0 hr 3 min 32 sec) 
Heartbeat CPU  0 instructions:  141000003 cycles:  288778364 heartbeat IPC: 0.37553 cumulative IPC: 0.33690 (Simulation time: 0 hr 3 min 33 sec) 
Heartbeat CPU  0 instructions:  142000000 cycles:  293790029 heartbeat IPC: 0.19953 cumulative IPC: 0.33439 (Simulation time: 0 hr 3 min 36 sec) 
Heartbeat CPU  0 instructions:  143000000 cycles:  296921055 heartbeat IPC: 0.31938 cumulative IPC: 0.33423 (Simulation time: 0 hr 3 min 38 sec) 
Heartbeat CPU  0 instructions:  144000000 cycles:  300000397 heartbeat IPC: 0.32474 cumulative IPC: 0.33412 (Simulation time: 0 hr 3 min 39 sec) 
Heartbeat CPU  0 instructions:  145000001 cycles:  303438634 heartbeat IPC: 0.29085 cumulative IPC: 0.33360 (Simulation time: 0 hr 3 min 41 sec) 
Heartbeat CPU  0 instructions:  146000002 cycles:  306881280 heartbeat IPC: 0.29047 cumulative IPC: 0.33308 (Simulation time: 0 hr 3 min 44 sec) 
Heartbeat CPU  0 instructions:  147000001 cycles:  309604511 heartbeat IPC: 0.36721 cumulative IPC: 0.33340 (Simulation time: 0 hr 3 min 45 sec) 
Heartbeat CPU  0 instructions:  148000000 cycles:  312287708 heartbeat IPC: 0.37269 cumulative IPC: 0.33376 (Simulation time: 0 hr 3 min 47 sec) 
Heartbeat CPU  0 instructions:  149000000 cycles:  315009349 heartbeat IPC: 0.36743 cumulative IPC: 0.33407 (Simulation time: 0 hr 3 min 48 sec) 
Heartbeat CPU  0 instructions:  150000001 cycles:  317498604 heartbeat IPC: 0.40173 cumulative IPC: 0.33464 (Simulation time: 0 hr 3 min 50 sec) 
Heartbeat CPU  0 instructions:  151000003 cycles:  320030749 heartbeat IPC: 0.39492 cumulative IPC: 0.33514 (Simulation time: 0 hr 3 min 52 sec) 
Heartbeat CPU  0 instructions:  152000000 cycles:  322770738 heartbeat IPC: 0.36496 cumulative IPC: 0.33541 (Simulation time: 0 hr 3 min 53 sec) 
Heartbeat CPU  0 instructions:  153000002 cycles:  326121706 heartbeat IPC: 0.29842 cumulative IPC: 0.33501 (Simulation time: 0 hr 3 min 55 sec) 
Heartbeat CPU  0 instructions:  154000001 cycles:  329815547 heartbeat IPC: 0.27072 cumulative IPC: 0.33424 (Simulation time: 0 hr 3 min 57 sec) 
Heartbeat CPU  0 instructions:  155000000 cycles:  333689273 heartbeat IPC: 0.25815 cumulative IPC: 0.33331 (Simulation time: 0 hr 4 min 0 sec) 
Heartbeat CPU  0 instructions:  156000000 cycles:  336682557 heartbeat IPC: 0.33408 cumulative IPC: 0.33332 (Simulation time: 0 hr 4 min 1 sec) 
Heartbeat CPU  0 instructions:  157000003 cycles:  339639290 heartbeat IPC: 0.33821 cumulative IPC: 0.33336 (Simulation time: 0 hr 4 min 3 sec) 
Heartbeat CPU  0 instructions:  158000001 cycles:  342606546 heartbeat IPC: 0.33701 cumulative IPC: 0.33339 (Simulation time: 0 hr 4 min 4 sec) 
Heartbeat CPU  0 instructions:  159000000 cycles:  345579134 heartbeat IPC: 0.33641 cumulative IPC: 0.33342 (Simulation time: 0 hr 4 min 6 sec) 
Heartbeat CPU  0 instructions:  160000000 cycles:  348470539 heartbeat IPC: 0.34585 cumulative IPC: 0.33353 (Simulation time: 0 hr 4 min 8 sec) 
Heartbeat CPU  0 instructions:  161000000 cycles:  351891322 heartbeat IPC: 0.29233 cumulative IPC: 0.33311 (Simulation time: 0 hr 4 min 10 sec) 
Heartbeat CPU  0 instructions:  162000001 cycles:  355300825 heartbeat IPC: 0.29330 cumulative IPC: 0.33270 (Simulation time: 0 hr 4 min 12 sec) 
Heartbeat CPU  0 instructions:  163000001 cycles:  358126842 heartbeat IPC: 0.35385 cumulative IPC: 0.33288 (Simulation time: 0 hr 4 min 13 sec) 
Heartbeat CPU  0 instructions:  164000000 cycles:  361126250 heartbeat IPC: 0.33340 cumulative IPC: 0.33289 (Simulation time: 0 hr 4 min 15 sec) 
Heartbeat CPU  0 instructions:  165000003 cycles:  363844211 heartbeat IPC: 0.36792 cumulative IPC: 0.33316 (Simulation time: 0 hr 4 min 17 sec) 
Heartbeat CPU  0 instructions:  166000003 cycles:  367165324 heartbeat IPC: 0.30110 cumulative IPC: 0.33286 (Simulation time: 0 hr 4 min 18 sec) 
Heartbeat CPU  0 instructions:  167000002 cycles:  370681766 heartbeat IPC: 0.28438 cumulative IPC: 0.33237 (Simulation time: 0 hr 4 min 21 sec) 
Heartbeat CPU  0 instructions:  168000000 cycles:  374321718 heartbeat IPC: 0.27473 cumulative IPC: 0.33178 (Simulation time: 0 hr 4 min 23 sec) 
Heartbeat CPU  0 instructions:  169000002 cycles:  377132239 heartbeat IPC: 0.35581 cumulative IPC: 0.33197 (Simulation time: 0 hr 4 min 24 sec) 
Heartbeat CPU  0 instructions:  170000001 cycles:  379833555 heartbeat IPC: 0.37019 cumulative IPC: 0.33226 (Simulation time: 0 hr 4 min 26 sec) 
Heartbeat CPU  0 instructions:  171000003 cycles:  382566559 heartbeat IPC: 0.36590 cumulative IPC: 0.33251 (Simulation time: 0 hr 4 min 28 sec) 
Heartbeat CPU  0 instructions:  172000000 cycles:  385344631 heartbeat IPC: 0.35996 cumulative IPC: 0.33272 (Simulation time: 0 hr 4 min 30 sec) 
Heartbeat CPU  0 instructions:  173000001 cycles:  388548107 heartbeat IPC: 0.31216 cumulative IPC: 0.33254 (Simulation time: 0 hr 4 min 31 sec) 
Heartbeat CPU  0 instructions:  174000001 cycles:  391195479 heartbeat IPC: 0.37773 cumulative IPC: 0.33286 (Simulation time: 0 hr 4 min 33 sec) 
Heartbeat CPU  0 instructions:  175000003 cycles:  393739339 heartbeat IPC: 0.39310 cumulative IPC: 0.33327 (Simulation time: 0 hr 4 min 35 sec) 
Heartbeat CPU  0 instructions:  176000000 cycles:  396231478 heartbeat IPC: 0.40126 cumulative IPC: 0.33372 (Simulation time: 0 hr 4 min 36 sec) 
Heartbeat CPU  0 instructions:  177000003 cycles:  399304858 heartbeat IPC: 0.32538 cumulative IPC: 0.33365 (Simulation time: 0 hr 4 min 38 sec) 
Heartbeat CPU  0 instructions:  178000000 cycles:  402076023 heartbeat IPC: 0.36086 cumulative IPC: 0.33385 (Simulation time: 0 hr 4 min 40 sec) 
Heartbeat CPU  0 instructions:  179000000 cycles:  405235304 heartbeat IPC: 0.31653 cumulative IPC: 0.33370 (Simulation time: 0 hr 4 min 42 sec) 
Heartbeat CPU  0 instructions:  180000000 cycles:  408613490 heartbeat IPC: 0.29602 cumulative IPC: 0.33338 (Simulation time: 0 hr 4 min 44 sec) 
Heartbeat CPU  0 instructions:  181000002 cycles:  411294739 heartbeat IPC: 0.37296 cumulative IPC: 0.33365 (Simulation time: 0 hr 4 min 46 sec) 
Heartbeat CPU  0 instructions:  182000002 cycles:  414331885 heartbeat IPC: 0.32926 cumulative IPC: 0.33361 (Simulation time: 0 hr 4 min 47 sec) 
Heartbeat CPU  0 instructions:  183000001 cycles:  417083755 heartbeat IPC: 0.36339 cumulative IPC: 0.33382 (Simulation time: 0 hr 4 min 49 sec) 
Heartbeat CPU  0 instructions:  184000000 cycles:  420088865 heartbeat IPC: 0.33277 cumulative IPC: 0.33381 (Simulation time: 0 hr 4 min 51 sec) 
Heartbeat CPU  0 instructions:  185000001 cycles:  423321755 heartbeat IPC: 0.30932 cumulative IPC: 0.33362 (Simulation time: 0 hr 4 min 53 sec) 
Heartbeat CPU  0 instructions:  186000002 cycles:  425910701 heartbeat IPC: 0.38626 cumulative IPC: 0.33395 (Simulation time: 0 hr 4 min 54 sec) 
Heartbeat CPU  0 instructions:  187000000 cycles:  428473944 heartbeat IPC: 0.39013 cumulative IPC: 0.33430 (Simulation time: 0 hr 4 min 56 sec) 
Heartbeat CPU  0 instructions:  188000000 cycles:  431601565 heartbeat IPC: 0.31973 cumulative IPC: 0.33419 (Simulation time: 0 hr 4 min 58 sec) 
Heartbeat CPU  0 instructions:  189000000 cycles:  434162454 heartbeat IPC: 0.39049 cumulative IPC: 0.33454 (Simulation time: 0 hr 4 min 59 sec) 
Heartbeat CPU  0 instructions:  190000002 cycles:  437706359 heartbeat IPC: 0.28218 cumulative IPC: 0.33410 (Simulation time: 0 hr 5 min 1 sec) 
Heartbeat CPU  0 instructions:  191000000 cycles:  440544984 heartbeat IPC: 0.35228 cumulative IPC: 0.33422 (Simulation time: 0 hr 5 min 3 sec) 
Heartbeat CPU  0 instructions:  192000000 cycles:  443340444 heartbeat IPC: 0.35772 cumulative IPC: 0.33437 (Simulation time: 0 hr 5 min 5 sec) 
Heartbeat CPU  0 instructions:  193000002 cycles:  446088765 heartbeat IPC: 0.36386 cumulative IPC: 0.33456 (Simulation time: 0 hr 5 min 7 sec) 
Heartbeat CPU  0 instructions:  194000002 cycles:  449370756 heartbeat IPC: 0.30469 cumulative IPC: 0.33434 (Simulation time: 0 hr 5 min 9 sec) 
Heartbeat CPU  0 instructions:  195000001 cycles:  451905814 heartbeat IPC: 0.39447 cumulative IPC: 0.33469 (Simulation time: 0 hr 5 min 10 sec) 
Heartbeat CPU  0 instructions:  196000000 cycles:  454789318 heartbeat IPC: 0.34680 cumulative IPC: 0.33477 (Simulation time: 0 hr 5 min 12 sec) 
Heartbeat CPU  0 instructions:  197000002 cycles:  457487896 heartbeat IPC: 0.37057 cumulative IPC: 0.33499 (Simulation time: 0 hr 5 min 13 sec) 
Heartbeat CPU  0 instructions:  198000003 cycles:  459970290 heartbeat IPC: 0.40284 cumulative IPC: 0.33537 (Simulation time: 0 hr 5 min 15 sec) 
Heartbeat CPU  0 instructions:  199000002 cycles:  462919046 heartbeat IPC: 0.33913 cumulative IPC: 0.33539 (Simulation time: 0 hr 5 min 17 sec) 
*** Reached end of trace for Core: 0 Repeating trace: /data2/Pythia5/CASSANDRA/traces/cassandra_phase0_core0.trace.xz
Heartbeat CPU  0 instructions:  200000000 cycles:  465833570 heartbeat IPC: 0.34311 cumulative IPC: 0.33544 (Simulation time: 0 hr 5 min 19 sec) 
Finished CPU 0 instructions: 150000000 cycles: 447167564 cumulative IPC: 0.33544 (Simulation time: 0 hr 5 min 19 sec) 

ChampSim completed all CPUs

[ROI Statistics]
Core_0_instructions 150000000
Core_0_cycles 447167564
Core_0_IPC 0.33544

Core_0_branch_prediction_accuracy 97.93615
Core_0_branch_MPKI 2.55272
Core_0_average_ROB_occupancy_at_mispredict 104.38096

Core_0_L1D_total_access 14387023
Core_0_L1D_total_hit 13014887
Core_0_L1D_total_miss 1372136
Core_0_L1D_loads 9520916
Core_0_L1D_load_hit 8296979
Core_0_L1D_load_miss 1223937
Core_0_L1D_RFOs 4866107
Core_0_L1D_RFO_hit 4717908
Core_0_L1D_RFO_miss 148199
Core_0_L1D_prefetches 0
Core_0_L1D_prefetch_hit 0
Core_0_L1D_prefetch_miss 0
Core_0_L1D_writebacks 0
Core_0_L1D_writeback_hit 0
Core_0_L1D_writeback_miss 0
Core_0_L1D_prefetch_requested 0
Core_0_L1D_prefetch_dropped 0
Core_0_L1D_prefetch_issued 0
Core_0_L1D_prefetch_filled 0
Core_0_L1D_prefetch_useful 0
Core_0_L1D_prefetch_useless 0
Core_0_L1D_prefetch_late 0
Core_0_L1D_average_miss_latency 214.27110

Core_0_L1D_rq_access 17431834
Core_0_L1D_rq_forward 0
Core_0_L1D_rq_merged 7419114
Core_0_L1D_rq_to_cache 10012561
Core_0_L1D_rq_full 0

Core_0_L1D_wq_access 5437501
Core_0_L1D_wq_forward 159
Core_0_L1D_wq_merged 116737
Core_0_L1D_wq_to_cache 5320764
Core_0_L1D_wq_full 18354

Core_0_L1D_pq_access 0
Core_0_L1D_pq_forward 0
Core_0_L1D_pq_merged 0
Core_0_L1D_pq_to_cache 0
Core_0_L1D_pq_full 0

Core_0_L1D_acc_epochs 0
Core_0_L1D_acc_level_0 0
Core_0_L1D_acc_level_1 0
Core_0_L1D_acc_level_2 0
Core_0_L1D_acc_level_3 0
Core_0_L1D_acc_level_4 0
Core_0_L1D_acc_level_5 0
Core_0_L1D_acc_level_6 0
Core_0_L1D_acc_level_7 0
Core_0_L1D_acc_level_8 0
Core_0_L1D_acc_level_9 0

Core_0_L1I_total_access 30097772
Core_0_L1I_total_hit 29758105
Core_0_L1I_total_miss 339667
Core_0_L1I_loads 30097772
Core_0_L1I_load_hit 29758105
Core_0_L1I_load_miss 339667
Core_0_L1I_RFOs 0
Core_0_L1I_RFO_hit 0
Core_0_L1I_RFO_miss 0
Core_0_L1I_prefetches 0
Core_0_L1I_prefetch_hit 0
Core_0_L1I_prefetch_miss 0
Core_0_L1I_writebacks 0
Core_0_L1I_writeback_hit 0
Core_0_L1I_writeback_miss 0
Core_0_L1I_prefetch_requested 0
Core_0_L1I_prefetch_dropped 0
Core_0_L1I_prefetch_issued 0
Core_0_L1I_prefetch_filled 0
Core_0_L1I_prefetch_useful 0
Core_0_L1I_prefetch_useless 0
Core_0_L1I_prefetch_late 0
Core_0_L1I_average_miss_latency 108.38264

Core_0_L1I_rq_access 149999809
Core_0_L1I_rq_forward 0
Core_0_L1I_rq_merged 119698193
Core_0_L1I_rq_to_cache 30301616
Core_0_L1I_rq_full 0

Core_0_L1I_wq_access 0
Core_0_L1I_wq_forward 0
Core_0_L1I_wq_merged 0
Core_0_L1I_wq_to_cache 0
Core_0_L1I_wq_full 0

Core_0_L1I_pq_access 0
Core_0_L1I_pq_forward 0
Core_0_L1I_pq_merged 0
Core_0_L1I_pq_to_cache 0
Core_0_L1I_pq_full 0

Core_0_L1I_acc_epochs 0
Core_0_L1I_acc_level_0 0
Core_0_L1I_acc_level_1 0
Core_0_L1I_acc_level_2 0
Core_0_L1I_acc_level_3 0
Core_0_L1I_acc_level_4 0
Core_0_L1I_acc_level_5 0
Core_0_L1I_acc_level_6 0
Core_0_L1I_acc_level_7 0
Core_0_L1I_acc_level_8 0
Core_0_L1I_acc_level_9 0

Core_0_L2C_total_access 3429959
Core_0_L2C_total_hit 627261
Core_0_L2C_total_miss 2802698
Core_0_L2C_loads 1563602
Core_0_L2C_load_hit 226057
Core_0_L2C_load_miss 1337545
Core_0_L2C_RFOs 148187
Core_0_L2C_RFO_hit 27418
Core_0_L2C_RFO_miss 120769
Core_0_L2C_prefetches 1336967
Core_0_L2C_prefetch_hit 0
Core_0_L2C_prefetch_miss 1336967
Core_0_L2C_writebacks 381203
Core_0_L2C_writeback_hit 373786
Core_0_L2C_writeback_miss 7417
Core_0_L2C_prefetch_requested 1781100
Core_0_L2C_prefetch_dropped 578
Core_0_L2C_prefetch_issued 1780522
Core_0_L2C_prefetch_filled 1780522
Core_0_L2C_prefetch_useful 0
Core_0_L2C_prefetch_useless 1780461
Core_0_L2C_prefetch_late 0
Core_0_L2C_average_miss_latency 335.90000

Core_0_L2C_rq_access 1711803
Core_0_L2C_rq_forward 0
Core_0_L2C_rq_merged 0
Core_0_L2C_rq_to_cache 1711789
Core_0_L2C_rq_full 0

Core_0_L2C_wq_access 381203
Core_0_L2C_wq_forward 14
Core_0_L2C_wq_merged 0
Core_0_L2C_wq_to_cache 381203
Core_0_L2C_wq_full 0

Core_0_L2C_pq_access 1780522
Core_0_L2C_pq_forward 0
Core_0_L2C_pq_merged 0
Core_0_L2C_pq_to_cache 1780522
Core_0_L2C_pq_full 0

Core_0_L2C_acc_epochs 0
Core_0_L2C_acc_level_0 0
Core_0_L2C_acc_level_1 0
Core_0_L2C_acc_level_2 0
Core_0_L2C_acc_level_3 0
Core_0_L2C_acc_level_4 0
Core_0_L2C_acc_level_5 0
Core_0_L2C_acc_level_6 0
Core_0_L2C_acc_level_7 0
Core_0_L2C_acc_level_8 0
Core_0_L2C_acc_level_9 0

Core_0_LLC_total_access 3136526
Core_0_LLC_total_hit 686537
Core_0_LLC_total_miss 2449989
Core_0_LLC_loads 1337545
Core_0_LLC_load_hit 464144
Core_0_LLC_load_miss 873401
Core_0_LLC_RFOs 120769
Core_0_LLC_RFO_hit 56812
Core_0_LLC_RFO_miss 63957
Core_0_LLC_prefetches 1336967
Core_0_LLC_prefetch_hit 6359
Core_0_LLC_prefetch_miss 1330608
Core_0_LLC_writebacks 341245
Core_0_LLC_writeback_hit 159222
Core_0_LLC_writeback_miss 182023
Core_0_LLC_prefetch_requested 0
Core_0_LLC_prefetch_dropped 0
Core_0_LLC_prefetch_issued 0
Core_0_LLC_prefetch_filled 1772298
Core_0_LLC_prefetch_useful 0
Core_0_LLC_prefetch_useless 1771795
Core_0_LLC_prefetch_late 0
Core_0_LLC_average_miss_latency 329.66765

Core_0_LLC_rq_access 1458314
Core_0_LLC_rq_forward 0
Core_0_LLC_rq_merged 0
Core_0_LLC_rq_to_cache 1458314
Core_0_LLC_rq_full 0

Core_0_LLC_wq_access 341245
Core_0_LLC_wq_forward 0
Core_0_LLC_wq_merged 0
Core_0_LLC_wq_to_cache 341245
Core_0_LLC_wq_full 0

Core_0_LLC_pq_access 1780522
Core_0_LLC_pq_forward 0
Core_0_LLC_pq_merged 0
Core_0_LLC_pq_to_cache 1780522
Core_0_LLC_pq_full 0

Core_0_LLC_acc_epochs 0
Core_0_LLC_acc_level_0 0
Core_0_LLC_acc_level_1 0
Core_0_LLC_acc_level_2 0
Core_0_LLC_acc_level_3 0
Core_0_LLC_acc_level_4 0
Core_0_LLC_acc_level_5 0
Core_0_LLC_acc_level_6 0
Core_0_LLC_acc_level_7 0
Core_0_LLC_acc_level_8 0
Core_0_LLC_acc_level_9 0

Core_0_major_page_fault 0
Core_0_minor_page_fault 42336

[L1D] L1D prefetcher final stats
Channel_0_RQ_row_buffer_hit 559770
Channel_0_RQ_row_buffer_miss 1708162
Channel_0_WQ_row_buffer_hit 48328
Channel_0_WQ_row_buffer_miss 212151
Channel_0_WQ_full 0
Channel_0_dbus_congested 578051

avg_congested_cycle 8

DRAM_bw_pochs 1819663
DRAM_bw_level_0 1601189
DRAM_bw_level_1 187661
DRAM_bw_level_2 21646
DRAM_bw_level_3 9167
