*************************************************
   ChampSim Multicore Out-of-Order Simulator
   Last compiled: Apr  2 2025 11:26:00
*************************************************
parsing config file: /data3/config/nopref.ini

trace_0 /data3/NUTCH/traces/nutch_phase0_core0.trace.xz
adding L2C_PREFETCHER: NONE
Initialize SHIP state
warmup_instructions 50000000
simulation_instructions 150000000
champsim_seed 1786
measure_ipc 0
measure_ipc_epoch 1000
measure_dram_bw 1
measure_dram_bw_epoch 256
measure_cache_acc 1
measure_cache_acc_epoch 1024
l1d_perfect 0
l2c_perfect 0
llc_perfect 0
l1d_semi_perfect 0
l2c_semi_perfect 0
llc_semi_perfect 0
semi_perfect_cache_page_buffer_size 64

num_cpus 1
cpu_freq 4000
dram_io_freq 2400
page_size 4096
block_size 64
max_read_per_cycle 8
max_fill_per_cycle 1
dram_channels 1
log2_dram_channels 0
dram_ranks 1
dram_banks 8
dram_rows 65536
dram_columns 128
dram_row_size 8
dram_size 4096
dram_pages 1048576

fetch_width 6
decode_width 6
exec_width 4
lq_width 2
sq_width 2
retire_width 4
scheduler_size 128
branch_mispredict_penalty 20
rob_size 256
lq_size 72
sq_size 56
num_instr_destinations_sparc 4
num_instr_destinations 2
num_instr_sources 4

itlb_set 16
itlb_way 8
itlb_rq_size 16
itlb_wq_size 16
itlb_pq_size 0
itlb_mshr_size 8
itlb_latency 1

dtlb_set 16
dtlb_way 4
dtlb_rq_size 16
dtlb_wq_size 16
dtlb_pq_size 0
dtlb_mshr_size 8
dtlb_latency 1

stlb_set 128
stlb_way 12
stlb_rq_size 32
stlb_wq_size 32
stlb_pq_size 0
stlb_mshr_size 16
stlb_latency 8

l1i_size 32
l1i_set 64
l1i_way 8
l1i_rq_size 64
l1i_wq_size 64
l1i_pq_size 8
l1i_mshr_size 8
l1i_latency 1

l1d_size 32
l1d_set 64
l1d_way 8
l1d_rq_size 64
l1d_wq_size 64
l1d_pq_size 8
l1d_mshr_size 16
l1d_latency 4

l2c_size 256
l2c_set 512
l2c_way 8
l2c_rq_size 32
l2c_wq_size 32
l2c_pq_size 32
l2c_mshr_size 32
l2c_latency 10

llc_size 2048
llc_set 2048
llc_way 16
llc_rq_size 32
llc_wq_size 32
llc_pq_size 32
llc_mshr_size 64
llc_latency 20

dram_channel_width 8
dram_wq_size 64
dram_rq_size 64
tRP 15
tRCD 15
tCAS 12.5
dram_dbus_turn_around_time 30
dram_write_high_wm 56
dram_write_low_wm 48
min_dram_writes_per_switch 16
dram_mtps 2400
dram_dbus_return_time 13


Heartbeat CPU  0 instructions:    1000000 cycles:     626408 heartbeat IPC: 1.59640 cumulative IPC: 1.59640 (Simulation time: 0 hr 0 min 1 sec) 
Heartbeat CPU  0 instructions:    2000001 cycles:    1382814 heartbeat IPC: 1.32204 cumulative IPC: 1.44633 (Simulation time: 0 hr 0 min 2 sec) 
Heartbeat CPU  0 instructions:    3000003 cycles:    1826931 heartbeat IPC: 2.25166 cumulative IPC: 1.64210 (Simulation time: 0 hr 0 min 3 sec) 
Heartbeat CPU  0 instructions:    4000000 cycles:    2296586 heartbeat IPC: 2.12922 cumulative IPC: 1.74172 (Simulation time: 0 hr 0 min 4 sec) 
Heartbeat CPU  0 instructions:    5000001 cycles:    3022533 heartbeat IPC: 1.37751 cumulative IPC: 1.65424 (Simulation time: 0 hr 0 min 5 sec) 
Heartbeat CPU  0 instructions:    6000002 cycles:    3587447 heartbeat IPC: 1.77018 cumulative IPC: 1.67250 (Simulation time: 0 hr 0 min 6 sec) 
Heartbeat CPU  0 instructions:    7000002 cycles:    4022514 heartbeat IPC: 2.29850 cumulative IPC: 1.74021 (Simulation time: 0 hr 0 min 7 sec) 
Heartbeat CPU  0 instructions:    8000000 cycles:    4444225 heartbeat IPC: 2.37129 cumulative IPC: 1.80009 (Simulation time: 0 hr 0 min 8 sec) 
Heartbeat CPU  0 instructions:    9000001 cycles:    4865048 heartbeat IPC: 2.37630 cumulative IPC: 1.84993 (Simulation time: 0 hr 0 min 9 sec) 
Heartbeat CPU  0 instructions:   10000000 cycles:    5279950 heartbeat IPC: 2.41021 cumulative IPC: 1.89396 (Simulation time: 0 hr 0 min 10 sec) 
Heartbeat CPU  0 instructions:   11000002 cycles:    5692643 heartbeat IPC: 2.42311 cumulative IPC: 1.93232 (Simulation time: 0 hr 0 min 11 sec) 
Heartbeat CPU  0 instructions:   12000000 cycles:    6167317 heartbeat IPC: 2.10670 cumulative IPC: 1.94574 (Simulation time: 0 hr 0 min 12 sec) 
Heartbeat CPU  0 instructions:   13000000 cycles:    6773803 heartbeat IPC: 1.64884 cumulative IPC: 1.91916 (Simulation time: 0 hr 0 min 14 sec) 
Heartbeat CPU  0 instructions:   14000001 cycles:    7252984 heartbeat IPC: 2.08690 cumulative IPC: 1.93024 (Simulation time: 0 hr 0 min 15 sec) 
Heartbeat CPU  0 instructions:   15000000 cycles:    7886843 heartbeat IPC: 1.57764 cumulative IPC: 1.90190 (Simulation time: 0 hr 0 min 16 sec) 
Heartbeat CPU  0 instructions:   16000000 cycles:    8430690 heartbeat IPC: 1.83875 cumulative IPC: 1.89783 (Simulation time: 0 hr 0 min 17 sec) 
Heartbeat CPU  0 instructions:   17000001 cycles:    8863347 heartbeat IPC: 2.31130 cumulative IPC: 1.91801 (Simulation time: 0 hr 0 min 18 sec) 
Heartbeat CPU  0 instructions:   18000002 cycles:    9446489 heartbeat IPC: 1.71485 cumulative IPC: 1.90547 (Simulation time: 0 hr 0 min 19 sec) 
Heartbeat CPU  0 instructions:   19000002 cycles:    9925411 heartbeat IPC: 2.08802 cumulative IPC: 1.91428 (Simulation time: 0 hr 0 min 20 sec) 
Heartbeat CPU  0 instructions:   20000000 cycles:   10516091 heartbeat IPC: 1.69296 cumulative IPC: 1.90185 (Simulation time: 0 hr 0 min 21 sec) 
Heartbeat CPU  0 instructions:   21000002 cycles:   10969270 heartbeat IPC: 2.20664 cumulative IPC: 1.91444 (Simulation time: 0 hr 0 min 22 sec) 
Heartbeat CPU  0 instructions:   22000003 cycles:   11392993 heartbeat IPC: 2.36003 cumulative IPC: 1.93101 (Simulation time: 0 hr 0 min 23 sec) 
Heartbeat CPU  0 instructions:   23000001 cycles:   11816589 heartbeat IPC: 2.36074 cumulative IPC: 1.94642 (Simulation time: 0 hr 0 min 24 sec) 
Heartbeat CPU  0 instructions:   24000000 cycles:   12238425 heartbeat IPC: 2.37059 cumulative IPC: 1.96104 (Simulation time: 0 hr 0 min 25 sec) 
Heartbeat CPU  0 instructions:   25000000 cycles:   12650776 heartbeat IPC: 2.42512 cumulative IPC: 1.97616 (Simulation time: 0 hr 0 min 26 sec) 
Heartbeat CPU  0 instructions:   26000000 cycles:   13059827 heartbeat IPC: 2.44468 cumulative IPC: 1.99084 (Simulation time: 0 hr 0 min 27 sec) 
Heartbeat CPU  0 instructions:   27000001 cycles:   13549156 heartbeat IPC: 2.04362 cumulative IPC: 1.99274 (Simulation time: 0 hr 0 min 28 sec) 
Heartbeat CPU  0 instructions:   28000000 cycles:   13970678 heartbeat IPC: 2.37235 cumulative IPC: 2.00420 (Simulation time: 0 hr 0 min 30 sec) 
Heartbeat CPU  0 instructions:   29000001 cycles:   14387393 heartbeat IPC: 2.39972 cumulative IPC: 2.01565 (Simulation time: 0 hr 0 min 31 sec) 
Heartbeat CPU  0 instructions:   30000000 cycles:   14803394 heartbeat IPC: 2.40384 cumulative IPC: 2.02656 (Simulation time: 0 hr 0 min 32 sec) 
Heartbeat CPU  0 instructions:   31000000 cycles:   15286575 heartbeat IPC: 2.06962 cumulative IPC: 2.02792 (Simulation time: 0 hr 0 min 33 sec) 
Heartbeat CPU  0 instructions:   32000000 cycles:   15702614 heartbeat IPC: 2.40362 cumulative IPC: 2.03788 (Simulation time: 0 hr 0 min 34 sec) 
Heartbeat CPU  0 instructions:   33000000 cycles:   16084922 heartbeat IPC: 2.61569 cumulative IPC: 2.05161 (Simulation time: 0 hr 0 min 35 sec) 
Heartbeat CPU  0 instructions:   34000000 cycles:   16494583 heartbeat IPC: 2.44104 cumulative IPC: 2.06128 (Simulation time: 0 hr 0 min 36 sec) 
Heartbeat CPU  0 instructions:   35000003 cycles:   16903281 heartbeat IPC: 2.44680 cumulative IPC: 2.07060 (Simulation time: 0 hr 0 min 37 sec) 
Heartbeat CPU  0 instructions:   36000000 cycles:   17309780 heartbeat IPC: 2.46002 cumulative IPC: 2.07975 (Simulation time: 0 hr 0 min 38 sec) 
Heartbeat CPU  0 instructions:   37000002 cycles:   17755654 heartbeat IPC: 2.24279 cumulative IPC: 2.08384 (Simulation time: 0 hr 0 min 39 sec) 
Heartbeat CPU  0 instructions:   38000000 cycles:   18401889 heartbeat IPC: 1.54742 cumulative IPC: 2.06501 (Simulation time: 0 hr 0 min 40 sec) 
Heartbeat CPU  0 instructions:   39000000 cycles:   18978916 heartbeat IPC: 1.73302 cumulative IPC: 2.05491 (Simulation time: 0 hr 0 min 41 sec) 
Heartbeat CPU  0 instructions:   40000000 cycles:   19427319 heartbeat IPC: 2.23014 cumulative IPC: 2.05896 (Simulation time: 0 hr 0 min 42 sec) 
Heartbeat CPU  0 instructions:   41000003 cycles:   19847849 heartbeat IPC: 2.37796 cumulative IPC: 2.06572 (Simulation time: 0 hr 0 min 43 sec) 
Heartbeat CPU  0 instructions:   42000002 cycles:   20266483 heartbeat IPC: 2.38872 cumulative IPC: 2.07239 (Simulation time: 0 hr 0 min 44 sec) 
Heartbeat CPU  0 instructions:   43000000 cycles:   20683202 heartbeat IPC: 2.39969 cumulative IPC: 2.07898 (Simulation time: 0 hr 0 min 46 sec) 
Heartbeat CPU  0 instructions:   44000000 cycles:   21091758 heartbeat IPC: 2.44764 cumulative IPC: 2.08612 (Simulation time: 0 hr 0 min 47 sec) 
Heartbeat CPU  0 instructions:   45000000 cycles:   21498131 heartbeat IPC: 2.46079 cumulative IPC: 2.09321 (Simulation time: 0 hr 0 min 48 sec) 
Heartbeat CPU  0 instructions:   46000001 cycles:   21987877 heartbeat IPC: 2.04188 cumulative IPC: 2.09206 (Simulation time: 0 hr 0 min 49 sec) 
Heartbeat CPU  0 instructions:   47000003 cycles:   22403730 heartbeat IPC: 2.40470 cumulative IPC: 2.09787 (Simulation time: 0 hr 0 min 50 sec) 
Heartbeat CPU  0 instructions:   48000000 cycles:   22813308 heartbeat IPC: 2.44153 cumulative IPC: 2.10404 (Simulation time: 0 hr 0 min 51 sec) 
Heartbeat CPU  0 instructions:   49000001 cycles:   23221209 heartbeat IPC: 2.45158 cumulative IPC: 2.11014 (Simulation time: 0 hr 0 min 52 sec) 
Heartbeat CPU  0 instructions:   50000000 cycles:   23631009 heartbeat IPC: 2.44021 cumulative IPC: 2.11586 (Simulation time: 0 hr 0 min 53 sec) 

Warmup complete CPU  0 instructions:   50000004 cycles:   23631010 (Simulation time: 0 hr 0 min 53 sec) 

Heartbeat CPU  0 instructions:   51000001 cycles:   26927275 heartbeat IPC: 0.30337 cumulative IPC: 0.30337 (Simulation time: 0 hr 0 min 55 sec) 
Heartbeat CPU  0 instructions:   52000000 cycles:   29947306 heartbeat IPC: 0.33112 cumulative IPC: 0.31664 (Simulation time: 0 hr 0 min 56 sec) 
Heartbeat CPU  0 instructions:   53000002 cycles:   33898909 heartbeat IPC: 0.25306 cumulative IPC: 0.29217 (Simulation time: 0 hr 0 min 58 sec) 
Heartbeat CPU  0 instructions:   54000000 cycles:   37984428 heartbeat IPC: 0.24477 cumulative IPC: 0.27868 (Simulation time: 0 hr 1 min 0 sec) 
Heartbeat CPU  0 instructions:   55000000 cycles:   41924704 heartbeat IPC: 0.25379 cumulative IPC: 0.27332 (Simulation time: 0 hr 1 min 1 sec) 
Heartbeat CPU  0 instructions:   56000000 cycles:   45902457 heartbeat IPC: 0.25140 cumulative IPC: 0.26940 (Simulation time: 0 hr 1 min 3 sec) 
Heartbeat CPU  0 instructions:   57000002 cycles:   50455257 heartbeat IPC: 0.21965 cumulative IPC: 0.26096 (Simulation time: 0 hr 1 min 5 sec) 
Heartbeat CPU  0 instructions:   58000001 cycles:   53999776 heartbeat IPC: 0.28213 cumulative IPC: 0.26343 (Simulation time: 0 hr 1 min 6 sec) 
Heartbeat CPU  0 instructions:   59000001 cycles:   56466190 heartbeat IPC: 0.40545 cumulative IPC: 0.27410 (Simulation time: 0 hr 1 min 8 sec) 
Heartbeat CPU  0 instructions:   60000000 cycles:   59646531 heartbeat IPC: 0.31443 cumulative IPC: 0.27766 (Simulation time: 0 hr 1 min 9 sec) 
Heartbeat CPU  0 instructions:   61000003 cycles:   62973257 heartbeat IPC: 0.30060 cumulative IPC: 0.27960 (Simulation time: 0 hr 1 min 11 sec) 
Heartbeat CPU  0 instructions:   62000003 cycles:   66413189 heartbeat IPC: 0.29070 cumulative IPC: 0.28049 (Simulation time: 0 hr 1 min 12 sec) 
Heartbeat CPU  0 instructions:   63000000 cycles:   69791213 heartbeat IPC: 0.29603 cumulative IPC: 0.28163 (Simulation time: 0 hr 1 min 14 sec) 
Heartbeat CPU  0 instructions:   64000000 cycles:   73142927 heartbeat IPC: 0.29835 cumulative IPC: 0.28276 (Simulation time: 0 hr 1 min 16 sec) 
Heartbeat CPU  0 instructions:   65000000 cycles:   76530338 heartbeat IPC: 0.29521 cumulative IPC: 0.28356 (Simulation time: 0 hr 1 min 17 sec) 
Heartbeat CPU  0 instructions:   66000000 cycles:   79530480 heartbeat IPC: 0.33332 cumulative IPC: 0.28623 (Simulation time: 0 hr 1 min 19 sec) 
Heartbeat CPU  0 instructions:   67000003 cycles:   82647753 heartbeat IPC: 0.32079 cumulative IPC: 0.28805 (Simulation time: 0 hr 1 min 20 sec) 
Heartbeat CPU  0 instructions:   68000000 cycles:   85914291 heartbeat IPC: 0.30613 cumulative IPC: 0.28900 (Simulation time: 0 hr 1 min 22 sec) 
Heartbeat CPU  0 instructions:   69000000 cycles:   88962897 heartbeat IPC: 0.32802 cumulative IPC: 0.29082 (Simulation time: 0 hr 1 min 24 sec) 
Heartbeat CPU  0 instructions:   70000001 cycles:   90988660 heartbeat IPC: 0.49364 cumulative IPC: 0.29692 (Simulation time: 0 hr 1 min 25 sec) 
Heartbeat CPU  0 instructions:   71000003 cycles:   94130153 heartbeat IPC: 0.31832 cumulative IPC: 0.29788 (Simulation time: 0 hr 1 min 27 sec) 
Heartbeat CPU  0 instructions:   72000000 cycles:   97632016 heartbeat IPC: 0.28556 cumulative IPC: 0.29729 (Simulation time: 0 hr 1 min 28 sec) 
Heartbeat CPU  0 instructions:   73000000 cycles:  100715628 heartbeat IPC: 0.32430 cumulative IPC: 0.29837 (Simulation time: 0 hr 1 min 30 sec) 
Heartbeat CPU  0 instructions:   74000000 cycles:  104281076 heartbeat IPC: 0.28047 cumulative IPC: 0.29758 (Simulation time: 0 hr 1 min 31 sec) 
Heartbeat CPU  0 instructions:   75000003 cycles:  107755497 heartbeat IPC: 0.28782 cumulative IPC: 0.29718 (Simulation time: 0 hr 1 min 33 sec) 
Heartbeat CPU  0 instructions:   76000000 cycles:  111004560 heartbeat IPC: 0.30778 cumulative IPC: 0.29757 (Simulation time: 0 hr 1 min 35 sec) 
Heartbeat CPU  0 instructions:   77000001 cycles:  113864302 heartbeat IPC: 0.34968 cumulative IPC: 0.29922 (Simulation time: 0 hr 1 min 36 sec) 
Heartbeat CPU  0 instructions:   78000000 cycles:  117274916 heartbeat IPC: 0.29320 cumulative IPC: 0.29901 (Simulation time: 0 hr 1 min 38 sec) 
Heartbeat CPU  0 instructions:   79000002 cycles:  120242080 heartbeat IPC: 0.33702 cumulative IPC: 0.30017 (Simulation time: 0 hr 1 min 39 sec) 
Heartbeat CPU  0 instructions:   80000000 cycles:  123233962 heartbeat IPC: 0.33424 cumulative IPC: 0.30120 (Simulation time: 0 hr 1 min 41 sec) 
Heartbeat CPU  0 instructions:   81000001 cycles:  126266780 heartbeat IPC: 0.32973 cumulative IPC: 0.30204 (Simulation time: 0 hr 1 min 42 sec) 
Heartbeat CPU  0 instructions:   82000001 cycles:  128555738 heartbeat IPC: 0.43688 cumulative IPC: 0.30498 (Simulation time: 0 hr 1 min 44 sec) 
Heartbeat CPU  0 instructions:   83000002 cycles:  129755069 heartbeat IPC: 0.83380 cumulative IPC: 0.31096 (Simulation time: 0 hr 1 min 45 sec) 
Heartbeat CPU  0 instructions:   84000000 cycles:  133037037 heartbeat IPC: 0.30469 cumulative IPC: 0.31077 (Simulation time: 0 hr 1 min 47 sec) 
Heartbeat CPU  0 instructions:   85000002 cycles:  136533672 heartbeat IPC: 0.28599 cumulative IPC: 0.31000 (Simulation time: 0 hr 1 min 48 sec) 
Heartbeat CPU  0 instructions:   86000001 cycles:  140001176 heartbeat IPC: 0.28839 cumulative IPC: 0.30936 (Simulation time: 0 hr 1 min 50 sec) 
Heartbeat CPU  0 instructions:   87000001 cycles:  143564042 heartbeat IPC: 0.28067 cumulative IPC: 0.30851 (Simulation time: 0 hr 1 min 52 sec) 
Heartbeat CPU  0 instructions:   88000000 cycles:  147058545 heartbeat IPC: 0.28616 cumulative IPC: 0.30787 (Simulation time: 0 hr 1 min 53 sec) 
Heartbeat CPU  0 instructions:   89000003 cycles:  150129675 heartbeat IPC: 0.32561 cumulative IPC: 0.30830 (Simulation time: 0 hr 1 min 55 sec) 
Heartbeat CPU  0 instructions:   90000003 cycles:  153363114 heartbeat IPC: 0.30927 cumulative IPC: 0.30833 (Simulation time: 0 hr 1 min 57 sec) 
Heartbeat CPU  0 instructions:   91000001 cycles:  156709963 heartbeat IPC: 0.29879 cumulative IPC: 0.30809 (Simulation time: 0 hr 1 min 58 sec) 
Heartbeat CPU  0 instructions:   92000000 cycles:  159586107 heartbeat IPC: 0.34769 cumulative IPC: 0.30893 (Simulation time: 0 hr 2 min 0 sec) 
Heartbeat CPU  0 instructions:   93000000 cycles:  162479001 heartbeat IPC: 0.34567 cumulative IPC: 0.30969 (Simulation time: 0 hr 2 min 1 sec) 
Heartbeat CPU  0 instructions:   94000001 cycles:  165651163 heartbeat IPC: 0.31524 cumulative IPC: 0.30982 (Simulation time: 0 hr 2 min 3 sec) 
Heartbeat CPU  0 instructions:   95000003 cycles:  168872169 heartbeat IPC: 0.31046 cumulative IPC: 0.30983 (Simulation time: 0 hr 2 min 4 sec) 
Heartbeat CPU  0 instructions:   96000000 cycles:  171734373 heartbeat IPC: 0.34938 cumulative IPC: 0.31059 (Simulation time: 0 hr 2 min 6 sec) 
Heartbeat CPU  0 instructions:   97000002 cycles:  174495232 heartbeat IPC: 0.36221 cumulative IPC: 0.31154 (Simulation time: 0 hr 2 min 7 sec) 
Heartbeat CPU  0 instructions:   98000000 cycles:  178048568 heartbeat IPC: 0.28143 cumulative IPC: 0.31085 (Simulation time: 0 hr 2 min 9 sec) 
Heartbeat CPU  0 instructions:   99000002 cycles:  181791111 heartbeat IPC: 0.26720 cumulative IPC: 0.30981 (Simulation time: 0 hr 2 min 11 sec) 
*** Reached end of trace for Core: 0 Repeating trace: /data3/NUTCH/traces/nutch_phase0_core0.trace.xz
Heartbeat CPU  0 instructions:  100000000 cycles:  184633808 heartbeat IPC: 0.35178 cumulative IPC: 0.31055 (Simulation time: 0 hr 2 min 12 sec) 
Heartbeat CPU  0 instructions:  101000002 cycles:  187424389 heartbeat IPC: 0.35835 cumulative IPC: 0.31137 (Simulation time: 0 hr 2 min 14 sec) 
Heartbeat CPU  0 instructions:  102000003 cycles:  192258363 heartbeat IPC: 0.20687 cumulative IPC: 0.30837 (Simulation time: 0 hr 2 min 15 sec) 
Heartbeat CPU  0 instructions:  103000001 cycles:  195787264 heartbeat IPC: 0.28337 cumulative IPC: 0.30786 (Simulation time: 0 hr 2 min 17 sec) 
Heartbeat CPU  0 instructions:  104000000 cycles:  198859144 heartbeat IPC: 0.32553 cumulative IPC: 0.30817 (Simulation time: 0 hr 2 min 19 sec) 
Heartbeat CPU  0 instructions:  105000000 cycles:  201989663 heartbeat IPC: 0.31944 cumulative IPC: 0.30837 (Simulation time: 0 hr 2 min 20 sec) 
Heartbeat CPU  0 instructions:  106000003 cycles:  203491199 heartbeat IPC: 0.66599 cumulative IPC: 0.31135 (Simulation time: 0 hr 2 min 22 sec) 
Heartbeat CPU  0 instructions:  107000000 cycles:  206864566 heartbeat IPC: 0.29644 cumulative IPC: 0.31108 (Simulation time: 0 hr 2 min 23 sec) 
Heartbeat CPU  0 instructions:  108000000 cycles:  210200950 heartbeat IPC: 0.29973 cumulative IPC: 0.31088 (Simulation time: 0 hr 2 min 25 sec) 
Heartbeat CPU  0 instructions:  109000000 cycles:  213570077 heartbeat IPC: 0.29681 cumulative IPC: 0.31063 (Simulation time: 0 hr 2 min 26 sec) 
Heartbeat CPU  0 instructions:  110000001 cycles:  216965632 heartbeat IPC: 0.29450 cumulative IPC: 0.31034 (Simulation time: 0 hr 2 min 28 sec) 
Heartbeat CPU  0 instructions:  111000003 cycles:  220335573 heartbeat IPC: 0.29674 cumulative IPC: 0.31011 (Simulation time: 0 hr 2 min 29 sec) 
Heartbeat CPU  0 instructions:  112000000 cycles:  223372098 heartbeat IPC: 0.32932 cumulative IPC: 0.31040 (Simulation time: 0 hr 2 min 31 sec) 
Heartbeat CPU  0 instructions:  113000001 cycles:  226135131 heartbeat IPC: 0.36192 cumulative IPC: 0.31110 (Simulation time: 0 hr 2 min 33 sec) 
Heartbeat CPU  0 instructions:  114000000 cycles:  228325725 heartbeat IPC: 0.45650 cumulative IPC: 0.31266 (Simulation time: 0 hr 2 min 34 sec) 
Heartbeat CPU  0 instructions:  115000001 cycles:  231668773 heartbeat IPC: 0.29913 cumulative IPC: 0.31244 (Simulation time: 0 hr 2 min 36 sec) 
Heartbeat CPU  0 instructions:  116000000 cycles:  235526071 heartbeat IPC: 0.25925 cumulative IPC: 0.31147 (Simulation time: 0 hr 2 min 37 sec) 
Heartbeat CPU  0 instructions:  117000001 cycles:  239000345 heartbeat IPC: 0.28783 cumulative IPC: 0.31109 (Simulation time: 0 hr 2 min 39 sec) 
Heartbeat CPU  0 instructions:  118000001 cycles:  242243920 heartbeat IPC: 0.30830 cumulative IPC: 0.31105 (Simulation time: 0 hr 2 min 41 sec) 
Heartbeat CPU  0 instructions:  119000000 cycles:  245350658 heartbeat IPC: 0.32188 cumulative IPC: 0.31120 (Simulation time: 0 hr 2 min 42 sec) 
Heartbeat CPU  0 instructions:  120000000 cycles:  246540050 heartbeat IPC: 0.84077 cumulative IPC: 0.31403 (Simulation time: 0 hr 2 min 44 sec) 
Heartbeat CPU  0 instructions:  121000002 cycles:  249586232 heartbeat IPC: 0.32828 cumulative IPC: 0.31422 (Simulation time: 0 hr 2 min 45 sec) 
Heartbeat CPU  0 instructions:  122000001 cycles:  252763298 heartbeat IPC: 0.31476 cumulative IPC: 0.31423 (Simulation time: 0 hr 2 min 47 sec) 
Heartbeat CPU  0 instructions:  123000003 cycles:  256060030 heartbeat IPC: 0.30333 cumulative IPC: 0.31407 (Simulation time: 0 hr 2 min 48 sec) 
Heartbeat CPU  0 instructions:  124000000 cycles:  259325903 heartbeat IPC: 0.30620 cumulative IPC: 0.31397 (Simulation time: 0 hr 2 min 50 sec) 
Heartbeat CPU  0 instructions:  125000002 cycles:  262737858 heartbeat IPC: 0.29309 cumulative IPC: 0.31367 (Simulation time: 0 hr 2 min 52 sec) 
Heartbeat CPU  0 instructions:  126000001 cycles:  266121789 heartbeat IPC: 0.29551 cumulative IPC: 0.31341 (Simulation time: 0 hr 2 min 53 sec) 
Heartbeat CPU  0 instructions:  127000002 cycles:  268971803 heartbeat IPC: 0.35088 cumulative IPC: 0.31385 (Simulation time: 0 hr 2 min 55 sec) 
Heartbeat CPU  0 instructions:  128000000 cycles:  272517095 heartbeat IPC: 0.28206 cumulative IPC: 0.31340 (Simulation time: 0 hr 2 min 57 sec) 
Heartbeat CPU  0 instructions:  129000003 cycles:  275868908 heartbeat IPC: 0.29835 cumulative IPC: 0.31320 (Simulation time: 0 hr 2 min 58 sec) 
Heartbeat CPU  0 instructions:  130000001 cycles:  279292057 heartbeat IPC: 0.29213 cumulative IPC: 0.31291 (Simulation time: 0 hr 3 min 0 sec) 
Heartbeat CPU  0 instructions:  131000000 cycles:  282326504 heartbeat IPC: 0.32955 cumulative IPC: 0.31311 (Simulation time: 0 hr 3 min 2 sec) 
Heartbeat CPU  0 instructions:  132000000 cycles:  285498982 heartbeat IPC: 0.31521 cumulative IPC: 0.31313 (Simulation time: 0 hr 3 min 3 sec) 
Heartbeat CPU  0 instructions:  133000000 cycles:  288644034 heartbeat IPC: 0.31796 cumulative IPC: 0.31319 (Simulation time: 0 hr 3 min 5 sec) 
Heartbeat CPU  0 instructions:  134000000 cycles:  291957938 heartbeat IPC: 0.30176 cumulative IPC: 0.31305 (Simulation time: 0 hr 3 min 7 sec) 
Heartbeat CPU  0 instructions:  135000000 cycles:  295348533 heartbeat IPC: 0.29493 cumulative IPC: 0.31282 (Simulation time: 0 hr 3 min 8 sec) 
Heartbeat CPU  0 instructions:  136000000 cycles:  298657739 heartbeat IPC: 0.30219 cumulative IPC: 0.31270 (Simulation time: 0 hr 3 min 10 sec) 
Heartbeat CPU  0 instructions:  137000001 cycles:  301452503 heartbeat IPC: 0.35781 cumulative IPC: 0.31315 (Simulation time: 0 hr 3 min 11 sec) 
Heartbeat CPU  0 instructions:  138000000 cycles:  304758717 heartbeat IPC: 0.30246 cumulative IPC: 0.31302 (Simulation time: 0 hr 3 min 13 sec) 
Heartbeat CPU  0 instructions:  139000003 cycles:  305992412 heartbeat IPC: 0.81058 cumulative IPC: 0.31520 (Simulation time: 0 hr 3 min 14 sec) 
Heartbeat CPU  0 instructions:  140000000 cycles:  308303671 heartbeat IPC: 0.43266 cumulative IPC: 0.31615 (Simulation time: 0 hr 3 min 16 sec) 
Heartbeat CPU  0 instructions:  141000001 cycles:  311663934 heartbeat IPC: 0.29760 cumulative IPC: 0.31594 (Simulation time: 0 hr 3 min 17 sec) 
Heartbeat CPU  0 instructions:  142000002 cycles:  315056346 heartbeat IPC: 0.29478 cumulative IPC: 0.31569 (Simulation time: 0 hr 3 min 19 sec) 
Heartbeat CPU  0 instructions:  143000002 cycles:  318466271 heartbeat IPC: 0.29326 cumulative IPC: 0.31543 (Simulation time: 0 hr 3 min 21 sec) 
Heartbeat CPU  0 instructions:  144000000 cycles:  321797327 heartbeat IPC: 0.30020 cumulative IPC: 0.31526 (Simulation time: 0 hr 3 min 22 sec) 
Heartbeat CPU  0 instructions:  145000001 cycles:  325162158 heartbeat IPC: 0.29719 cumulative IPC: 0.31506 (Simulation time: 0 hr 3 min 24 sec) 
Heartbeat CPU  0 instructions:  146000002 cycles:  327963202 heartbeat IPC: 0.35701 cumulative IPC: 0.31544 (Simulation time: 0 hr 3 min 26 sec) 
Heartbeat CPU  0 instructions:  147000001 cycles:  331049760 heartbeat IPC: 0.32399 cumulative IPC: 0.31553 (Simulation time: 0 hr 3 min 27 sec) 
Heartbeat CPU  0 instructions:  148000000 cycles:  334245663 heartbeat IPC: 0.31290 cumulative IPC: 0.31550 (Simulation time: 0 hr 3 min 29 sec) 
Heartbeat CPU  0 instructions:  149000002 cycles:  337437361 heartbeat IPC: 0.31331 cumulative IPC: 0.31548 (Simulation time: 0 hr 3 min 30 sec) 
Heartbeat CPU  0 instructions:  150000003 cycles:  340794152 heartbeat IPC: 0.29790 cumulative IPC: 0.31530 (Simulation time: 0 hr 3 min 32 sec) 
Heartbeat CPU  0 instructions:  151000003 cycles:  344096726 heartbeat IPC: 0.30279 cumulative IPC: 0.31517 (Simulation time: 0 hr 3 min 34 sec) 
Heartbeat CPU  0 instructions:  152000000 cycles:  347112492 heartbeat IPC: 0.33159 cumulative IPC: 0.31532 (Simulation time: 0 hr 3 min 35 sec) 
Heartbeat CPU  0 instructions:  153000003 cycles:  351047680 heartbeat IPC: 0.25412 cumulative IPC: 0.31458 (Simulation time: 0 hr 3 min 37 sec) 
Heartbeat CPU  0 instructions:  154000003 cycles:  355128521 heartbeat IPC: 0.24505 cumulative IPC: 0.31373 (Simulation time: 0 hr 3 min 39 sec) 
Heartbeat CPU  0 instructions:  155000001 cycles:  359057497 heartbeat IPC: 0.25452 cumulative IPC: 0.31303 (Simulation time: 0 hr 3 min 40 sec) 
Heartbeat CPU  0 instructions:  156000000 cycles:  363043086 heartbeat IPC: 0.25090 cumulative IPC: 0.31230 (Simulation time: 0 hr 3 min 42 sec) 
Heartbeat CPU  0 instructions:  157000001 cycles:  367573487 heartbeat IPC: 0.22073 cumulative IPC: 0.31110 (Simulation time: 0 hr 3 min 43 sec) 
Heartbeat CPU  0 instructions:  158000002 cycles:  371118116 heartbeat IPC: 0.28212 cumulative IPC: 0.31080 (Simulation time: 0 hr 3 min 45 sec) 
Heartbeat CPU  0 instructions:  159000003 cycles:  373565296 heartbeat IPC: 0.40863 cumulative IPC: 0.31149 (Simulation time: 0 hr 3 min 47 sec) 
Heartbeat CPU  0 instructions:  160000000 cycles:  376742890 heartbeat IPC: 0.31470 cumulative IPC: 0.31152 (Simulation time: 0 hr 3 min 48 sec) 
Heartbeat CPU  0 instructions:  161000000 cycles:  380075195 heartbeat IPC: 0.30009 cumulative IPC: 0.31141 (Simulation time: 0 hr 3 min 50 sec) 
Heartbeat CPU  0 instructions:  162000003 cycles:  383518728 heartbeat IPC: 0.29040 cumulative IPC: 0.31121 (Simulation time: 0 hr 3 min 51 sec) 
Heartbeat CPU  0 instructions:  163000003 cycles:  386897619 heartbeat IPC: 0.29596 cumulative IPC: 0.31107 (Simulation time: 0 hr 3 min 53 sec) 
Heartbeat CPU  0 instructions:  164000000 cycles:  390247127 heartbeat IPC: 0.29855 cumulative IPC: 0.31095 (Simulation time: 0 hr 3 min 55 sec) 
Heartbeat CPU  0 instructions:  165000000 cycles:  393641604 heartbeat IPC: 0.29460 cumulative IPC: 0.31080 (Simulation time: 0 hr 3 min 56 sec) 
Heartbeat CPU  0 instructions:  166000001 cycles:  396660798 heartbeat IPC: 0.33121 cumulative IPC: 0.31097 (Simulation time: 0 hr 3 min 58 sec) 
Heartbeat CPU  0 instructions:  167000000 cycles:  399752848 heartbeat IPC: 0.32341 cumulative IPC: 0.31107 (Simulation time: 0 hr 3 min 59 sec) 
Heartbeat CPU  0 instructions:  168000000 cycles:  403026075 heartbeat IPC: 0.30551 cumulative IPC: 0.31102 (Simulation time: 0 hr 4 min 1 sec) 
Heartbeat CPU  0 instructions:  169000000 cycles:  406057886 heartbeat IPC: 0.32984 cumulative IPC: 0.31117 (Simulation time: 0 hr 4 min 3 sec) 
Heartbeat CPU  0 instructions:  170000003 cycles:  408072189 heartbeat IPC: 0.49645 cumulative IPC: 0.31214 (Simulation time: 0 hr 4 min 4 sec) 
Heartbeat CPU  0 instructions:  171000002 cycles:  411216964 heartbeat IPC: 0.31799 cumulative IPC: 0.31219 (Simulation time: 0 hr 4 min 6 sec) 
Heartbeat CPU  0 instructions:  172000000 cycles:  414723555 heartbeat IPC: 0.28518 cumulative IPC: 0.31195 (Simulation time: 0 hr 4 min 7 sec) 
Heartbeat CPU  0 instructions:  173000001 cycles:  417794526 heartbeat IPC: 0.32563 cumulative IPC: 0.31205 (Simulation time: 0 hr 4 min 9 sec) 
Heartbeat CPU  0 instructions:  174000002 cycles:  421357476 heartbeat IPC: 0.28067 cumulative IPC: 0.31177 (Simulation time: 0 hr 4 min 10 sec) 
Heartbeat CPU  0 instructions:  175000002 cycles:  424846819 heartbeat IPC: 0.28659 cumulative IPC: 0.31155 (Simulation time: 0 hr 4 min 12 sec) 
Heartbeat CPU  0 instructions:  176000000 cycles:  428102829 heartbeat IPC: 0.30712 cumulative IPC: 0.31152 (Simulation time: 0 hr 4 min 14 sec) 
Heartbeat CPU  0 instructions:  177000002 cycles:  430960139 heartbeat IPC: 0.34998 cumulative IPC: 0.31179 (Simulation time: 0 hr 4 min 15 sec) 
Heartbeat CPU  0 instructions:  178000000 cycles:  434371997 heartbeat IPC: 0.29309 cumulative IPC: 0.31163 (Simulation time: 0 hr 4 min 17 sec) 
Heartbeat CPU  0 instructions:  179000003 cycles:  437329535 heartbeat IPC: 0.33812 cumulative IPC: 0.31182 (Simulation time: 0 hr 4 min 18 sec) 
Heartbeat CPU  0 instructions:  180000000 cycles:  440327030 heartbeat IPC: 0.33361 cumulative IPC: 0.31198 (Simulation time: 0 hr 4 min 20 sec) 
Heartbeat CPU  0 instructions:  181000001 cycles:  443351676 heartbeat IPC: 0.33062 cumulative IPC: 0.31211 (Simulation time: 0 hr 4 min 21 sec) 
Heartbeat CPU  0 instructions:  182000000 cycles:  445642888 heartbeat IPC: 0.43645 cumulative IPC: 0.31279 (Simulation time: 0 hr 4 min 23 sec) 
Heartbeat CPU  0 instructions:  183000003 cycles:  446847017 heartbeat IPC: 0.83048 cumulative IPC: 0.31426 (Simulation time: 0 hr 4 min 24 sec) 
Heartbeat CPU  0 instructions:  184000000 cycles:  450130216 heartbeat IPC: 0.30458 cumulative IPC: 0.31419 (Simulation time: 0 hr 4 min 26 sec) 
Heartbeat CPU  0 instructions:  185000001 cycles:  453626636 heartbeat IPC: 0.28601 cumulative IPC: 0.31396 (Simulation time: 0 hr 4 min 27 sec) 
Heartbeat CPU  0 instructions:  186000000 cycles:  457085564 heartbeat IPC: 0.28911 cumulative IPC: 0.31376 (Simulation time: 0 hr 4 min 29 sec) 
Heartbeat CPU  0 instructions:  187000003 cycles:  460644524 heartbeat IPC: 0.28098 cumulative IPC: 0.31349 (Simulation time: 0 hr 4 min 30 sec) 
Heartbeat CPU  0 instructions:  188000000 cycles:  464136206 heartbeat IPC: 0.28639 cumulative IPC: 0.31328 (Simulation time: 0 hr 4 min 32 sec) 
Heartbeat CPU  0 instructions:  189000001 cycles:  467212453 heartbeat IPC: 0.32507 cumulative IPC: 0.31336 (Simulation time: 0 hr 4 min 34 sec) 
Heartbeat CPU  0 instructions:  190000000 cycles:  470445968 heartbeat IPC: 0.30926 cumulative IPC: 0.31333 (Simulation time: 0 hr 4 min 35 sec) 
Heartbeat CPU  0 instructions:  191000000 cycles:  473786002 heartbeat IPC: 0.29940 cumulative IPC: 0.31323 (Simulation time: 0 hr 4 min 37 sec) 
Heartbeat CPU  0 instructions:  192000000 cycles:  476660352 heartbeat IPC: 0.34790 cumulative IPC: 0.31345 (Simulation time: 0 hr 4 min 38 sec) 
Heartbeat CPU  0 instructions:  193000002 cycles:  479552260 heartbeat IPC: 0.34579 cumulative IPC: 0.31365 (Simulation time: 0 hr 4 min 40 sec) 
Heartbeat CPU  0 instructions:  194000002 cycles:  482722123 heartbeat IPC: 0.31547 cumulative IPC: 0.31366 (Simulation time: 0 hr 4 min 42 sec) 
Heartbeat CPU  0 instructions:  195000000 cycles:  485949255 heartbeat IPC: 0.30987 cumulative IPC: 0.31364 (Simulation time: 0 hr 4 min 43 sec) 
Heartbeat CPU  0 instructions:  196000000 cycles:  488811627 heartbeat IPC: 0.34936 cumulative IPC: 0.31386 (Simulation time: 0 hr 4 min 45 sec) 
Heartbeat CPU  0 instructions:  197000000 cycles:  491567413 heartbeat IPC: 0.36287 cumulative IPC: 0.31415 (Simulation time: 0 hr 4 min 46 sec) 
Heartbeat CPU  0 instructions:  198000002 cycles:  495123562 heartbeat IPC: 0.28120 cumulative IPC: 0.31390 (Simulation time: 0 hr 4 min 48 sec) 
Heartbeat CPU  0 instructions:  199000001 cycles:  498863665 heartbeat IPC: 0.26737 cumulative IPC: 0.31353 (Simulation time: 0 hr 4 min 49 sec) 
*** Reached end of trace for Core: 0 Repeating trace: /data3/NUTCH/traces/nutch_phase0_core0.trace.xz
Heartbeat CPU  0 instructions:  200000000 cycles:  501700035 heartbeat IPC: 0.35256 cumulative IPC: 0.31376 (Simulation time: 0 hr 4 min 51 sec) 
Finished CPU 0 instructions: 150000001 cycles: 478069035 cumulative IPC: 0.31376 (Simulation time: 0 hr 4 min 51 sec) 

ChampSim completed all CPUs

[ROI Statistics]
Core_0_instructions 150000001
Core_0_cycles 478069035
Core_0_IPC 0.31376

Core_0_branch_prediction_accuracy 95.81770
Core_0_branch_MPKI 7.02069
Core_0_average_ROB_occupancy_at_mispredict 98.21464

Core_0_L1D_total_access 29294624
Core_0_L1D_total_hit 28198211
Core_0_L1D_total_miss 1096413
Core_0_L1D_loads 15822977
Core_0_L1D_load_hit 14987970
Core_0_L1D_load_miss 835007
Core_0_L1D_RFOs 13471647
Core_0_L1D_RFO_hit 13210241
Core_0_L1D_RFO_miss 261406
Core_0_L1D_prefetches 0
Core_0_L1D_prefetch_hit 0
Core_0_L1D_prefetch_miss 0
Core_0_L1D_writebacks 0
Core_0_L1D_writeback_hit 0
Core_0_L1D_writeback_miss 0
Core_0_L1D_prefetch_requested 0
Core_0_L1D_prefetch_dropped 0
Core_0_L1D_prefetch_issued 0
Core_0_L1D_prefetch_filled 0
Core_0_L1D_prefetch_useful 0
Core_0_L1D_prefetch_useless 0
Core_0_L1D_prefetch_late 0
Core_0_L1D_average_miss_latency 114.31239

Core_0_L1D_rq_access 25336934
Core_0_L1D_rq_forward 0
Core_0_L1D_rq_merged 9396190
Core_0_L1D_rq_to_cache 15939245
Core_0_L1D_rq_full 0

Core_0_L1D_wq_access 14765755
Core_0_L1D_wq_forward 1499
Core_0_L1D_wq_merged 349618
Core_0_L1D_wq_to_cache 14416137
Core_0_L1D_wq_full 83498

Core_0_L1D_pq_access 0
Core_0_L1D_pq_forward 0
Core_0_L1D_pq_merged 0
Core_0_L1D_pq_to_cache 0
Core_0_L1D_pq_full 0

Core_0_L1D_acc_epochs 185474
Core_0_L1D_acc_level_0 185474
Core_0_L1D_acc_level_1 0
Core_0_L1D_acc_level_2 0
Core_0_L1D_acc_level_3 0
Core_0_L1D_acc_level_4 0
Core_0_L1D_acc_level_5 0
Core_0_L1D_acc_level_6 0
Core_0_L1D_acc_level_7 0
Core_0_L1D_acc_level_8 0
Core_0_L1D_acc_level_9 0

Core_0_L1I_total_access 27870769
Core_0_L1I_total_hit 26598781
Core_0_L1I_total_miss 1271988
Core_0_L1I_loads 27870769
Core_0_L1I_load_hit 26598781
Core_0_L1I_load_miss 1271988
Core_0_L1I_RFOs 0
Core_0_L1I_RFO_hit 0
Core_0_L1I_RFO_miss 0
Core_0_L1I_prefetches 0
Core_0_L1I_prefetch_hit 0
Core_0_L1I_prefetch_miss 0
Core_0_L1I_writebacks 0
Core_0_L1I_writeback_hit 0
Core_0_L1I_writeback_miss 0
Core_0_L1I_prefetch_requested 0
Core_0_L1I_prefetch_dropped 0
Core_0_L1I_prefetch_issued 0
Core_0_L1I_prefetch_filled 0
Core_0_L1I_prefetch_useful 0
Core_0_L1I_prefetch_useless 0
Core_0_L1I_prefetch_late 0
Core_0_L1I_average_miss_latency 75.22664

Core_0_L1I_rq_access 149999929
Core_0_L1I_rq_forward 0
Core_0_L1I_rq_merged 121381981
Core_0_L1I_rq_to_cache 28617948
Core_0_L1I_rq_full 0

Core_0_L1I_wq_access 0
Core_0_L1I_wq_forward 0
Core_0_L1I_wq_merged 0
Core_0_L1I_wq_to_cache 0
Core_0_L1I_wq_full 0

Core_0_L1I_pq_access 0
Core_0_L1I_pq_forward 0
Core_0_L1I_pq_merged 0
Core_0_L1I_pq_to_cache 0
Core_0_L1I_pq_full 0

Core_0_L1I_acc_epochs 185474
Core_0_L1I_acc_level_0 185474
Core_0_L1I_acc_level_1 0
Core_0_L1I_acc_level_2 0
Core_0_L1I_acc_level_3 0
Core_0_L1I_acc_level_4 0
Core_0_L1I_acc_level_5 0
Core_0_L1I_acc_level_6 0
Core_0_L1I_acc_level_7 0
Core_0_L1I_acc_level_8 0
Core_0_L1I_acc_level_9 0

Core_0_L2C_total_access 2966446
Core_0_L2C_total_hit 2365914
Core_0_L2C_total_miss 600532
Core_0_L2C_loads 2106921
Core_0_L2C_load_hit 1571683
Core_0_L2C_load_miss 535238
Core_0_L2C_RFOs 261222
Core_0_L2C_RFO_hit 199132
Core_0_L2C_RFO_miss 62090
Core_0_L2C_prefetches 0
Core_0_L2C_prefetch_hit 0
Core_0_L2C_prefetch_miss 0
Core_0_L2C_writebacks 598303
Core_0_L2C_writeback_hit 595099
Core_0_L2C_writeback_miss 3204
Core_0_L2C_prefetch_requested 0
Core_0_L2C_prefetch_dropped 0
Core_0_L2C_prefetch_issued 0
Core_0_L2C_prefetch_filled 0
Core_0_L2C_prefetch_useful 0
Core_0_L2C_prefetch_useless 0
Core_0_L2C_prefetch_late 0
Core_0_L2C_average_miss_latency 157.45994

Core_0_L2C_rq_access 2368409
Core_0_L2C_rq_forward 0
Core_0_L2C_rq_merged 0
Core_0_L2C_rq_to_cache 2368151
Core_0_L2C_rq_full 0

Core_0_L2C_wq_access 598303
Core_0_L2C_wq_forward 258
Core_0_L2C_wq_merged 0
Core_0_L2C_wq_to_cache 598303
Core_0_L2C_wq_full 0

Core_0_L2C_pq_access 0
Core_0_L2C_pq_forward 0
Core_0_L2C_pq_merged 0
Core_0_L2C_pq_to_cache 0
Core_0_L2C_pq_full 0

Core_0_L2C_acc_epochs 185474
Core_0_L2C_acc_level_0 185474
Core_0_L2C_acc_level_1 0
Core_0_L2C_acc_level_2 0
Core_0_L2C_acc_level_3 0
Core_0_L2C_acc_level_4 0
Core_0_L2C_acc_level_5 0
Core_0_L2C_acc_level_6 0
Core_0_L2C_acc_level_7 0
Core_0_L2C_acc_level_8 0
Core_0_L2C_acc_level_9 0

Core_0_LLC_total_access 912203
Core_0_LLC_total_hit 302132
Core_0_LLC_total_miss 610071
Core_0_LLC_loads 535236
Core_0_LLC_load_hit 194329
Core_0_LLC_load_miss 340907
Core_0_LLC_RFOs 62091
Core_0_LLC_RFO_hit 13469
Core_0_LLC_RFO_miss 48622
Core_0_LLC_prefetches 0
Core_0_LLC_prefetch_hit 0
Core_0_LLC_prefetch_miss 0
Core_0_LLC_writebacks 314876
Core_0_LLC_writeback_hit 94334
Core_0_LLC_writeback_miss 220542
Core_0_LLC_prefetch_requested 0
Core_0_LLC_prefetch_dropped 0
Core_0_LLC_prefetch_issued 0
Core_0_LLC_prefetch_filled 0
Core_0_LLC_prefetch_useful 0
Core_0_LLC_prefetch_useless 0
Core_0_LLC_prefetch_late 0
Core_0_LLC_average_miss_latency 111.96643

Core_0_LLC_rq_access 597335
Core_0_LLC_rq_forward 0
Core_0_LLC_rq_merged 0
Core_0_LLC_rq_to_cache 597333
Core_0_LLC_rq_full 0

Core_0_LLC_wq_access 314876
Core_0_LLC_wq_forward 2
Core_0_LLC_wq_merged 0
Core_0_LLC_wq_to_cache 314876
Core_0_LLC_wq_full 0

Core_0_LLC_pq_access 0
Core_0_LLC_pq_forward 0
Core_0_LLC_pq_merged 0
Core_0_LLC_pq_to_cache 0
Core_0_LLC_pq_full 0

Core_0_LLC_acc_epochs 489942
Core_0_LLC_acc_level_0 489942
Core_0_LLC_acc_level_1 0
Core_0_LLC_acc_level_2 0
Core_0_LLC_acc_level_3 0
Core_0_LLC_acc_level_4 0
Core_0_LLC_acc_level_5 0
Core_0_LLC_acc_level_6 0
Core_0_LLC_acc_level_7 0
Core_0_LLC_acc_level_8 0
Core_0_LLC_acc_level_9 0

Core_0_major_page_fault 0
Core_0_minor_page_fault 6846

Channel_0_RQ_row_buffer_hit 119476
Channel_0_RQ_row_buffer_miss 270051
Channel_0_WQ_row_buffer_hit 28881
Channel_0_WQ_row_buffer_miss 271906
Channel_0_WQ_full 108
Channel_0_dbus_congested 147111

avg_congested_cycle 11

DRAM_bw_pochs 1959766
DRAM_bw_level_0 1940596
DRAM_bw_level_1 13975
DRAM_bw_level_2 3727
DRAM_bw_level_3 1468
