*************************************************
   ChampSim Multicore Out-of-Order Simulator
   Last compiled: Apr  2 2025 11:26:00
*************************************************
parsing config file: /data3/config/nopref.ini

trace_0 /data3/NUTCH/traces/nutch_phase1_core0.trace.xz
adding L2C_PREFETCHER: NONE
Initialize SHIP state
warmup_instructions 50000000
simulation_instructions 150000000
champsim_seed 1787
measure_ipc 0
measure_ipc_epoch 1000
measure_dram_bw 1
measure_dram_bw_epoch 256
measure_cache_acc 1
measure_cache_acc_epoch 1024
l1d_perfect 0
l2c_perfect 0
llc_perfect 0
l1d_semi_perfect 0
l2c_semi_perfect 0
llc_semi_perfect 0
semi_perfect_cache_page_buffer_size 64

num_cpus 1
cpu_freq 4000
dram_io_freq 2400
page_size 4096
block_size 64
max_read_per_cycle 8
max_fill_per_cycle 1
dram_channels 1
log2_dram_channels 0
dram_ranks 1
dram_banks 8
dram_rows 65536
dram_columns 128
dram_row_size 8
dram_size 4096
dram_pages 1048576

fetch_width 6
decode_width 6
exec_width 4
lq_width 2
sq_width 2
retire_width 4
scheduler_size 128
branch_mispredict_penalty 20
rob_size 256
lq_size 72
sq_size 56
num_instr_destinations_sparc 4
num_instr_destinations 2
num_instr_sources 4

itlb_set 16
itlb_way 8
itlb_rq_size 16
itlb_wq_size 16
itlb_pq_size 0
itlb_mshr_size 8
itlb_latency 1

dtlb_set 16
dtlb_way 4
dtlb_rq_size 16
dtlb_wq_size 16
dtlb_pq_size 0
dtlb_mshr_size 8
dtlb_latency 1

stlb_set 128
stlb_way 12
stlb_rq_size 32
stlb_wq_size 32
stlb_pq_size 0
stlb_mshr_size 16
stlb_latency 8

l1i_size 32
l1i_set 64
l1i_way 8
l1i_rq_size 64
l1i_wq_size 64
l1i_pq_size 8
l1i_mshr_size 8
l1i_latency 1

l1d_size 32
l1d_set 64
l1d_way 8
l1d_rq_size 64
l1d_wq_size 64
l1d_pq_size 8
l1d_mshr_size 16
l1d_latency 4

l2c_size 256
l2c_set 512
l2c_way 8
l2c_rq_size 32
l2c_wq_size 32
l2c_pq_size 32
l2c_mshr_size 32
l2c_latency 10

llc_size 2048
llc_set 2048
llc_way 16
llc_rq_size 32
llc_wq_size 32
llc_pq_size 32
llc_mshr_size 64
llc_latency 20

dram_channel_width 8
dram_wq_size 64
dram_rq_size 64
tRP 15
tRCD 15
tCAS 12.5
dram_dbus_turn_around_time 30
dram_write_high_wm 56
dram_write_low_wm 48
min_dram_writes_per_switch 16
dram_mtps 2400
dram_dbus_return_time 13


Heartbeat CPU  0 instructions:    1000002 cycles:     628844 heartbeat IPC: 1.59022 cumulative IPC: 1.59022 (Simulation time: 0 hr 0 min 1 sec) 
Heartbeat CPU  0 instructions:    2000000 cycles:    1086186 heartbeat IPC: 2.18654 cumulative IPC: 1.84131 (Simulation time: 0 hr 0 min 3 sec) 
Heartbeat CPU  0 instructions:    3000001 cycles:    1546996 heartbeat IPC: 2.17009 cumulative IPC: 1.93924 (Simulation time: 0 hr 0 min 4 sec) 
Heartbeat CPU  0 instructions:    4000000 cycles:    2173109 heartbeat IPC: 1.59715 cumulative IPC: 1.84068 (Simulation time: 0 hr 0 min 5 sec) 
Heartbeat CPU  0 instructions:    5000000 cycles:    2644997 heartbeat IPC: 2.11915 cumulative IPC: 1.89036 (Simulation time: 0 hr 0 min 5 sec) 
Heartbeat CPU  0 instructions:    6000003 cycles:    3072501 heartbeat IPC: 2.33917 cumulative IPC: 1.95281 (Simulation time: 0 hr 0 min 7 sec) 
Heartbeat CPU  0 instructions:    7000000 cycles:    3486657 heartbeat IPC: 2.41454 cumulative IPC: 2.00765 (Simulation time: 0 hr 0 min 8 sec) 
Heartbeat CPU  0 instructions:    8000000 cycles:    3900411 heartbeat IPC: 2.41690 cumulative IPC: 2.05107 (Simulation time: 0 hr 0 min 9 sec) 
Heartbeat CPU  0 instructions:    9000001 cycles:    4309135 heartbeat IPC: 2.44664 cumulative IPC: 2.08859 (Simulation time: 0 hr 0 min 10 sec) 
Heartbeat CPU  0 instructions:   10000001 cycles:    4719428 heartbeat IPC: 2.43728 cumulative IPC: 2.11890 (Simulation time: 0 hr 0 min 11 sec) 
Heartbeat CPU  0 instructions:   11000003 cycles:    5173806 heartbeat IPC: 2.20082 cumulative IPC: 2.12610 (Simulation time: 0 hr 0 min 12 sec) 
Heartbeat CPU  0 instructions:   12000000 cycles:    5636497 heartbeat IPC: 2.16126 cumulative IPC: 2.12898 (Simulation time: 0 hr 0 min 13 sec) 
Heartbeat CPU  0 instructions:   13000001 cycles:    6233905 heartbeat IPC: 1.67390 cumulative IPC: 2.08537 (Simulation time: 0 hr 0 min 14 sec) 
Heartbeat CPU  0 instructions:   14000002 cycles:    6743305 heartbeat IPC: 1.96310 cumulative IPC: 2.07613 (Simulation time: 0 hr 0 min 15 sec) 
Heartbeat CPU  0 instructions:   15000002 cycles:    7150145 heartbeat IPC: 2.45797 cumulative IPC: 2.09786 (Simulation time: 0 hr 0 min 16 sec) 
Heartbeat CPU  0 instructions:   16000000 cycles:    7617688 heartbeat IPC: 2.13884 cumulative IPC: 2.10037 (Simulation time: 0 hr 0 min 17 sec) 
Heartbeat CPU  0 instructions:   17000001 cycles:    8123276 heartbeat IPC: 1.97790 cumulative IPC: 2.09275 (Simulation time: 0 hr 0 min 18 sec) 
Heartbeat CPU  0 instructions:   18000001 cycles:    8660823 heartbeat IPC: 1.86030 cumulative IPC: 2.07832 (Simulation time: 0 hr 0 min 19 sec) 
Heartbeat CPU  0 instructions:   19000003 cycles:    9066212 heartbeat IPC: 2.46677 cumulative IPC: 2.09569 (Simulation time: 0 hr 0 min 20 sec) 
Heartbeat CPU  0 instructions:   20000000 cycles:    9463937 heartbeat IPC: 2.51429 cumulative IPC: 2.11329 (Simulation time: 0 hr 0 min 21 sec) 
Heartbeat CPU  0 instructions:   21000001 cycles:    9858481 heartbeat IPC: 2.53457 cumulative IPC: 2.13015 (Simulation time: 0 hr 0 min 22 sec) 
Heartbeat CPU  0 instructions:   22000002 cycles:   10257080 heartbeat IPC: 2.50879 cumulative IPC: 2.14486 (Simulation time: 0 hr 0 min 24 sec) 
Heartbeat CPU  0 instructions:   23000002 cycles:   10712354 heartbeat IPC: 2.19648 cumulative IPC: 2.14705 (Simulation time: 0 hr 0 min 25 sec) 
Heartbeat CPU  0 instructions:   24000000 cycles:   11099365 heartbeat IPC: 2.58390 cumulative IPC: 2.16229 (Simulation time: 0 hr 0 min 26 sec) 
Heartbeat CPU  0 instructions:   25000000 cycles:   11498293 heartbeat IPC: 2.50672 cumulative IPC: 2.17424 (Simulation time: 0 hr 0 min 27 sec) 
Heartbeat CPU  0 instructions:   26000000 cycles:   12119689 heartbeat IPC: 1.60928 cumulative IPC: 2.14527 (Simulation time: 0 hr 0 min 28 sec) 
Heartbeat CPU  0 instructions:   27000001 cycles:   12827502 heartbeat IPC: 1.41280 cumulative IPC: 2.10485 (Simulation time: 0 hr 0 min 29 sec) 
Heartbeat CPU  0 instructions:   28000000 cycles:   13270223 heartbeat IPC: 2.25876 cumulative IPC: 2.10999 (Simulation time: 0 hr 0 min 29 sec) 
Heartbeat CPU  0 instructions:   29000002 cycles:   13749232 heartbeat IPC: 2.08765 cumulative IPC: 2.10921 (Simulation time: 0 hr 0 min 30 sec) 
Heartbeat CPU  0 instructions:   30000002 cycles:   14175980 heartbeat IPC: 2.34330 cumulative IPC: 2.11626 (Simulation time: 0 hr 0 min 31 sec) 
Heartbeat CPU  0 instructions:   31000000 cycles:   14594383 heartbeat IPC: 2.39004 cumulative IPC: 2.12410 (Simulation time: 0 hr 0 min 32 sec) 
Heartbeat CPU  0 instructions:   32000000 cycles:   15011019 heartbeat IPC: 2.40018 cumulative IPC: 2.13177 (Simulation time: 0 hr 0 min 34 sec) 
Heartbeat CPU  0 instructions:   33000000 cycles:   15445316 heartbeat IPC: 2.30257 cumulative IPC: 2.13657 (Simulation time: 0 hr 0 min 35 sec) 
Heartbeat CPU  0 instructions:   34000000 cycles:   15861584 heartbeat IPC: 2.40230 cumulative IPC: 2.14354 (Simulation time: 0 hr 0 min 36 sec) 
Heartbeat CPU  0 instructions:   35000001 cycles:   16412040 heartbeat IPC: 1.81668 cumulative IPC: 2.13258 (Simulation time: 0 hr 0 min 37 sec) 
Heartbeat CPU  0 instructions:   36000000 cycles:   17055998 heartbeat IPC: 1.55289 cumulative IPC: 2.11069 (Simulation time: 0 hr 0 min 38 sec) 
Heartbeat CPU  0 instructions:   37000003 cycles:   17561843 heartbeat IPC: 1.97690 cumulative IPC: 2.10684 (Simulation time: 0 hr 0 min 39 sec) 
Heartbeat CPU  0 instructions:   38000000 cycles:   17980567 heartbeat IPC: 2.38820 cumulative IPC: 2.11339 (Simulation time: 0 hr 0 min 40 sec) 
Heartbeat CPU  0 instructions:   39000001 cycles:   18405072 heartbeat IPC: 2.35569 cumulative IPC: 2.11898 (Simulation time: 0 hr 0 min 41 sec) 
Heartbeat CPU  0 instructions:   40000000 cycles:   18821520 heartbeat IPC: 2.40126 cumulative IPC: 2.12523 (Simulation time: 0 hr 0 min 42 sec) 
Heartbeat CPU  0 instructions:   41000003 cycles:   19233969 heartbeat IPC: 2.42455 cumulative IPC: 2.13165 (Simulation time: 0 hr 0 min 43 sec) 
Heartbeat CPU  0 instructions:   42000002 cycles:   19646511 heartbeat IPC: 2.42399 cumulative IPC: 2.13778 (Simulation time: 0 hr 0 min 44 sec) 
Heartbeat CPU  0 instructions:   43000003 cycles:   20113477 heartbeat IPC: 2.14149 cumulative IPC: 2.13787 (Simulation time: 0 hr 0 min 45 sec) 
Heartbeat CPU  0 instructions:   44000000 cycles:   20648375 heartbeat IPC: 1.86951 cumulative IPC: 2.13092 (Simulation time: 0 hr 0 min 46 sec) 
Heartbeat CPU  0 instructions:   45000001 cycles:   21341122 heartbeat IPC: 1.44353 cumulative IPC: 2.10861 (Simulation time: 0 hr 0 min 47 sec) 
Heartbeat CPU  0 instructions:   46000000 cycles:   21807198 heartbeat IPC: 2.14557 cumulative IPC: 2.10940 (Simulation time: 0 hr 0 min 48 sec) 
Heartbeat CPU  0 instructions:   47000001 cycles:   22242491 heartbeat IPC: 2.29731 cumulative IPC: 2.11307 (Simulation time: 0 hr 0 min 49 sec) 
Heartbeat CPU  0 instructions:   48000000 cycles:   22656270 heartbeat IPC: 2.41675 cumulative IPC: 2.11862 (Simulation time: 0 hr 0 min 50 sec) 
Heartbeat CPU  0 instructions:   49000000 cycles:   23066153 heartbeat IPC: 2.43972 cumulative IPC: 2.12432 (Simulation time: 0 hr 0 min 51 sec) 
Heartbeat CPU  0 instructions:   50000003 cycles:   23478645 heartbeat IPC: 2.42430 cumulative IPC: 2.12959 (Simulation time: 0 hr 0 min 52 sec) 

Warmup complete CPU  0 instructions:   50000003 cycles:   23478645 (Simulation time: 0 hr 0 min 52 sec) 

Heartbeat CPU  0 instructions:   51000002 cycles:   27009255 heartbeat IPC: 0.28324 cumulative IPC: 0.28324 (Simulation time: 0 hr 0 min 54 sec) 
Heartbeat CPU  0 instructions:   52000000 cycles:   30179242 heartbeat IPC: 0.31546 cumulative IPC: 0.29848 (Simulation time: 0 hr 0 min 56 sec) 
Heartbeat CPU  0 instructions:   53000001 cycles:   33417519 heartbeat IPC: 0.30881 cumulative IPC: 0.30184 (Simulation time: 0 hr 0 min 57 sec) 
Heartbeat CPU  0 instructions:   54000003 cycles:   36596337 heartbeat IPC: 0.31458 cumulative IPC: 0.30493 (Simulation time: 0 hr 0 min 59 sec) 
Heartbeat CPU  0 instructions:   55000003 cycles:   39806811 heartbeat IPC: 0.31148 cumulative IPC: 0.30622 (Simulation time: 0 hr 1 min 1 sec) 
Heartbeat CPU  0 instructions:   56000000 cycles:   43039484 heartbeat IPC: 0.30934 cumulative IPC: 0.30674 (Simulation time: 0 hr 1 min 2 sec) 
Heartbeat CPU  0 instructions:   57000000 cycles:   46174521 heartbeat IPC: 0.31898 cumulative IPC: 0.30843 (Simulation time: 0 hr 1 min 4 sec) 
Heartbeat CPU  0 instructions:   58000003 cycles:   49359032 heartbeat IPC: 0.31402 cumulative IPC: 0.30911 (Simulation time: 0 hr 1 min 5 sec) 
Heartbeat CPU  0 instructions:   59000000 cycles:   52499067 heartbeat IPC: 0.31847 cumulative IPC: 0.31013 (Simulation time: 0 hr 1 min 7 sec) 
Heartbeat CPU  0 instructions:   60000000 cycles:   56602663 heartbeat IPC: 0.24369 cumulative IPC: 0.30190 (Simulation time: 0 hr 1 min 9 sec) 
Heartbeat CPU  0 instructions:   61000000 cycles:   59389510 heartbeat IPC: 0.35883 cumulative IPC: 0.30631 (Simulation time: 0 hr 1 min 11 sec) 
Heartbeat CPU  0 instructions:   62000000 cycles:   62831581 heartbeat IPC: 0.29052 cumulative IPC: 0.30493 (Simulation time: 0 hr 1 min 12 sec) 
Heartbeat CPU  0 instructions:   63000002 cycles:   65917745 heartbeat IPC: 0.32403 cumulative IPC: 0.30632 (Simulation time: 0 hr 1 min 14 sec) 
Heartbeat CPU  0 instructions:   64000000 cycles:   68774298 heartbeat IPC: 0.35007 cumulative IPC: 0.30908 (Simulation time: 0 hr 1 min 15 sec) 
Heartbeat CPU  0 instructions:   65000003 cycles:   71804650 heartbeat IPC: 0.33000 cumulative IPC: 0.31039 (Simulation time: 0 hr 1 min 17 sec) 
Heartbeat CPU  0 instructions:   66000001 cycles:   74729018 heartbeat IPC: 0.34195 cumulative IPC: 0.31219 (Simulation time: 0 hr 1 min 18 sec) 
Heartbeat CPU  0 instructions:   67000000 cycles:   77705595 heartbeat IPC: 0.33596 cumulative IPC: 0.31350 (Simulation time: 0 hr 1 min 20 sec) 
Heartbeat CPU  0 instructions:   68000000 cycles:   82247329 heartbeat IPC: 0.22018 cumulative IPC: 0.30629 (Simulation time: 0 hr 1 min 21 sec) 
Heartbeat CPU  0 instructions:   69000001 cycles:   84879163 heartbeat IPC: 0.37996 cumulative IPC: 0.30944 (Simulation time: 0 hr 1 min 23 sec) 
Heartbeat CPU  0 instructions:   70000003 cycles:   86878110 heartbeat IPC: 0.50026 cumulative IPC: 0.31546 (Simulation time: 0 hr 1 min 24 sec) 
Heartbeat CPU  0 instructions:   71000003 cycles:   90006863 heartbeat IPC: 0.31962 cumulative IPC: 0.31566 (Simulation time: 0 hr 1 min 26 sec) 
Heartbeat CPU  0 instructions:   72000000 cycles:   93391152 heartbeat IPC: 0.29548 cumulative IPC: 0.31468 (Simulation time: 0 hr 1 min 27 sec) 
Heartbeat CPU  0 instructions:   73000003 cycles:   96838772 heartbeat IPC: 0.29006 cumulative IPC: 0.31352 (Simulation time: 0 hr 1 min 29 sec) 
Heartbeat CPU  0 instructions:   74000001 cycles:  100220488 heartbeat IPC: 0.29571 cumulative IPC: 0.31274 (Simulation time: 0 hr 1 min 31 sec) 
Heartbeat CPU  0 instructions:   75000003 cycles:  103563480 heartbeat IPC: 0.29913 cumulative IPC: 0.31217 (Simulation time: 0 hr 1 min 32 sec) 
Heartbeat CPU  0 instructions:   76000000 cycles:  106501817 heartbeat IPC: 0.34033 cumulative IPC: 0.31317 (Simulation time: 0 hr 1 min 34 sec) 
Heartbeat CPU  0 instructions:   77000001 cycles:  109479119 heartbeat IPC: 0.33587 cumulative IPC: 0.31395 (Simulation time: 0 hr 1 min 36 sec) 
Heartbeat CPU  0 instructions:   78000000 cycles:  112104366 heartbeat IPC: 0.38092 cumulative IPC: 0.31594 (Simulation time: 0 hr 1 min 37 sec) 
Heartbeat CPU  0 instructions:   79000003 cycles:  115249592 heartbeat IPC: 0.31794 cumulative IPC: 0.31600 (Simulation time: 0 hr 1 min 39 sec) 
Heartbeat CPU  0 instructions:   80000000 cycles:  118474801 heartbeat IPC: 0.31006 cumulative IPC: 0.31580 (Simulation time: 0 hr 1 min 40 sec) 
Heartbeat CPU  0 instructions:   81000002 cycles:  121731484 heartbeat IPC: 0.30706 cumulative IPC: 0.31551 (Simulation time: 0 hr 1 min 42 sec) 
Heartbeat CPU  0 instructions:   82000002 cycles:  124807636 heartbeat IPC: 0.32508 cumulative IPC: 0.31580 (Simulation time: 0 hr 1 min 44 sec) 
Heartbeat CPU  0 instructions:   83000001 cycles:  127077115 heartbeat IPC: 0.44063 cumulative IPC: 0.31854 (Simulation time: 0 hr 1 min 45 sec) 
Heartbeat CPU  0 instructions:   84000000 cycles:  130320334 heartbeat IPC: 0.30834 cumulative IPC: 0.31823 (Simulation time: 0 hr 1 min 47 sec) 
Heartbeat CPU  0 instructions:   85000003 cycles:  133647372 heartbeat IPC: 0.30057 cumulative IPC: 0.31769 (Simulation time: 0 hr 1 min 48 sec) 
Heartbeat CPU  0 instructions:   86000002 cycles:  136900575 heartbeat IPC: 0.30739 cumulative IPC: 0.31740 (Simulation time: 0 hr 1 min 50 sec) 
Heartbeat CPU  0 instructions:   87000003 cycles:  140272557 heartbeat IPC: 0.29656 cumulative IPC: 0.31680 (Simulation time: 0 hr 1 min 51 sec) 
Heartbeat CPU  0 instructions:   88000000 cycles:  143686361 heartbeat IPC: 0.29293 cumulative IPC: 0.31612 (Simulation time: 0 hr 1 min 53 sec) 
Heartbeat CPU  0 instructions:   89000003 cycles:  146510841 heartbeat IPC: 0.35405 cumulative IPC: 0.31699 (Simulation time: 0 hr 1 min 55 sec) 
Heartbeat CPU  0 instructions:   90000000 cycles:  149807607 heartbeat IPC: 0.30333 cumulative IPC: 0.31663 (Simulation time: 0 hr 1 min 57 sec) 
Heartbeat CPU  0 instructions:   91000003 cycles:  153061716 heartbeat IPC: 0.30730 cumulative IPC: 0.31640 (Simulation time: 0 hr 1 min 58 sec) 
Heartbeat CPU  0 instructions:   92000000 cycles:  156186950 heartbeat IPC: 0.31998 cumulative IPC: 0.31648 (Simulation time: 0 hr 2 min 0 sec) 
Heartbeat CPU  0 instructions:   93000000 cycles:  159465347 heartbeat IPC: 0.30503 cumulative IPC: 0.31621 (Simulation time: 0 hr 2 min 1 sec) 
Heartbeat CPU  0 instructions:   94000003 cycles:  162824533 heartbeat IPC: 0.29769 cumulative IPC: 0.31576 (Simulation time: 0 hr 2 min 3 sec) 
Heartbeat CPU  0 instructions:   95000003 cycles:  166246947 heartbeat IPC: 0.29219 cumulative IPC: 0.31520 (Simulation time: 0 hr 2 min 4 sec) 
Heartbeat CPU  0 instructions:   96000000 cycles:  169613942 heartbeat IPC: 0.29700 cumulative IPC: 0.31478 (Simulation time: 0 hr 2 min 6 sec) 
Heartbeat CPU  0 instructions:   97000000 cycles:  172796657 heartbeat IPC: 0.31420 cumulative IPC: 0.31476 (Simulation time: 0 hr 2 min 8 sec) 
Heartbeat CPU  0 instructions:   98000000 cycles:  173973981 heartbeat IPC: 0.84938 cumulative IPC: 0.31895 (Simulation time: 0 hr 2 min 9 sec) 
Heartbeat CPU  0 instructions:   99000001 cycles:  177245454 heartbeat IPC: 0.30567 cumulative IPC: 0.31866 (Simulation time: 0 hr 2 min 11 sec) 
*** Reached end of trace for Core: 0 Repeating trace: /data3/NUTCH/traces/nutch_phase1_core0.trace.xz
Heartbeat CPU  0 instructions:  100000000 cycles:  179866940 heartbeat IPC: 0.38146 cumulative IPC: 0.31972 (Simulation time: 0 hr 2 min 12 sec) 
Heartbeat CPU  0 instructions:  101000002 cycles:  181469922 heartbeat IPC: 0.62384 cumulative IPC: 0.32280 (Simulation time: 0 hr 2 min 14 sec) 
Heartbeat CPU  0 instructions:  102000000 cycles:  183605868 heartbeat IPC: 0.46818 cumulative IPC: 0.32474 (Simulation time: 0 hr 2 min 15 sec) 
Heartbeat CPU  0 instructions:  103000003 cycles:  186982844 heartbeat IPC: 0.29612 cumulative IPC: 0.32415 (Simulation time: 0 hr 2 min 17 sec) 
Heartbeat CPU  0 instructions:  104000000 cycles:  189813662 heartbeat IPC: 0.35325 cumulative IPC: 0.32465 (Simulation time: 0 hr 2 min 19 sec) 
Heartbeat CPU  0 instructions:  105000000 cycles:  191851638 heartbeat IPC: 0.49068 cumulative IPC: 0.32666 (Simulation time: 0 hr 2 min 20 sec) 
Heartbeat CPU  0 instructions:  106000003 cycles:  195289370 heartbeat IPC: 0.29089 cumulative IPC: 0.32594 (Simulation time: 0 hr 2 min 22 sec) 
Heartbeat CPU  0 instructions:  107000002 cycles:  198799130 heartbeat IPC: 0.28492 cumulative IPC: 0.32512 (Simulation time: 0 hr 2 min 23 sec) 
Heartbeat CPU  0 instructions:  108000000 cycles:  202409197 heartbeat IPC: 0.27700 cumulative IPC: 0.32415 (Simulation time: 0 hr 2 min 25 sec) 
Heartbeat CPU  0 instructions:  109000003 cycles:  205897076 heartbeat IPC: 0.28671 cumulative IPC: 0.32343 (Simulation time: 0 hr 2 min 27 sec) 
Heartbeat CPU  0 instructions:  110000003 cycles:  209404495 heartbeat IPC: 0.28511 cumulative IPC: 0.32271 (Simulation time: 0 hr 2 min 28 sec) 
Heartbeat CPU  0 instructions:  111000001 cycles:  212136763 heartbeat IPC: 0.36600 cumulative IPC: 0.32334 (Simulation time: 0 hr 2 min 30 sec) 
Heartbeat CPU  0 instructions:  112000000 cycles:  215534636 heartbeat IPC: 0.29430 cumulative IPC: 0.32282 (Simulation time: 0 hr 2 min 32 sec) 
Heartbeat CPU  0 instructions:  113000003 cycles:  218612271 heartbeat IPC: 0.32493 cumulative IPC: 0.32286 (Simulation time: 0 hr 2 min 33 sec) 
Heartbeat CPU  0 instructions:  114000003 cycles:  221719027 heartbeat IPC: 0.32188 cumulative IPC: 0.32284 (Simulation time: 0 hr 2 min 35 sec) 
Heartbeat CPU  0 instructions:  115000000 cycles:  225148140 heartbeat IPC: 0.29162 cumulative IPC: 0.32231 (Simulation time: 0 hr 2 min 36 sec) 
Heartbeat CPU  0 instructions:  116000000 cycles:  228218862 heartbeat IPC: 0.32566 cumulative IPC: 0.32236 (Simulation time: 0 hr 2 min 38 sec) 
Heartbeat CPU  0 instructions:  117000001 cycles:  231416886 heartbeat IPC: 0.31269 cumulative IPC: 0.32221 (Simulation time: 0 hr 2 min 40 sec) 
Heartbeat CPU  0 instructions:  118000003 cycles:  233401102 heartbeat IPC: 0.50398 cumulative IPC: 0.32393 (Simulation time: 0 hr 2 min 41 sec) 
Heartbeat CPU  0 instructions:  119000000 cycles:  236620550 heartbeat IPC: 0.31061 cumulative IPC: 0.32373 (Simulation time: 0 hr 2 min 43 sec) 
Heartbeat CPU  0 instructions:  120000000 cycles:  239844427 heartbeat IPC: 0.31019 cumulative IPC: 0.32353 (Simulation time: 0 hr 2 min 44 sec) 
Heartbeat CPU  0 instructions:  121000003 cycles:  243050535 heartbeat IPC: 0.31191 cumulative IPC: 0.32336 (Simulation time: 0 hr 2 min 46 sec) 
Heartbeat CPU  0 instructions:  122000000 cycles:  246293308 heartbeat IPC: 0.30838 cumulative IPC: 0.32314 (Simulation time: 0 hr 2 min 47 sec) 
Heartbeat CPU  0 instructions:  123000000 cycles:  249082409 heartbeat IPC: 0.35854 cumulative IPC: 0.32358 (Simulation time: 0 hr 2 min 49 sec) 
Heartbeat CPU  0 instructions:  124000000 cycles:  252247327 heartbeat IPC: 0.31596 cumulative IPC: 0.32347 (Simulation time: 0 hr 2 min 51 sec) 
Heartbeat CPU  0 instructions:  125000002 cycles:  255329793 heartbeat IPC: 0.32442 cumulative IPC: 0.32348 (Simulation time: 0 hr 2 min 52 sec) 
Heartbeat CPU  0 instructions:  126000001 cycles:  258527858 heartbeat IPC: 0.31269 cumulative IPC: 0.32334 (Simulation time: 0 hr 2 min 54 sec) 
Heartbeat CPU  0 instructions:  127000001 cycles:  260332746 heartbeat IPC: 0.55405 cumulative IPC: 0.32509 (Simulation time: 0 hr 2 min 55 sec) 
Heartbeat CPU  0 instructions:  128000000 cycles:  261009333 heartbeat IPC: 1.47801 cumulative IPC: 0.32838 (Simulation time: 0 hr 2 min 57 sec) 
Heartbeat CPU  0 instructions:  129000002 cycles:  263087894 heartbeat IPC: 0.48110 cumulative IPC: 0.32970 (Simulation time: 0 hr 2 min 58 sec) 
Heartbeat CPU  0 instructions:  130000001 cycles:  266426625 heartbeat IPC: 0.29951 cumulative IPC: 0.32929 (Simulation time: 0 hr 3 min 0 sec) 
Heartbeat CPU  0 instructions:  131000002 cycles:  269802976 heartbeat IPC: 0.29618 cumulative IPC: 0.32883 (Simulation time: 0 hr 3 min 1 sec) 
Heartbeat CPU  0 instructions:  132000000 cycles:  273205666 heartbeat IPC: 0.29388 cumulative IPC: 0.32836 (Simulation time: 0 hr 3 min 3 sec) 
Heartbeat CPU  0 instructions:  133000000 cycles:  276703313 heartbeat IPC: 0.28591 cumulative IPC: 0.32777 (Simulation time: 0 hr 3 min 5 sec) 
Heartbeat CPU  0 instructions:  134000000 cycles:  280193591 heartbeat IPC: 0.28651 cumulative IPC: 0.32721 (Simulation time: 0 hr 3 min 6 sec) 
Heartbeat CPU  0 instructions:  135000001 cycles:  283201632 heartbeat IPC: 0.33244 cumulative IPC: 0.32727 (Simulation time: 0 hr 3 min 8 sec) 
Heartbeat CPU  0 instructions:  136000000 cycles:  285633548 heartbeat IPC: 0.41120 cumulative IPC: 0.32805 (Simulation time: 0 hr 3 min 9 sec) 
Heartbeat CPU  0 instructions:  137000000 cycles:  286936144 heartbeat IPC: 0.76770 cumulative IPC: 0.33022 (Simulation time: 0 hr 3 min 11 sec) 
Heartbeat CPU  0 instructions:  138000002 cycles:  290334104 heartbeat IPC: 0.29429 cumulative IPC: 0.32977 (Simulation time: 0 hr 3 min 12 sec) 
Heartbeat CPU  0 instructions:  139000000 cycles:  293657579 heartbeat IPC: 0.30089 cumulative IPC: 0.32941 (Simulation time: 0 hr 3 min 14 sec) 
Heartbeat CPU  0 instructions:  140000000 cycles:  297004354 heartbeat IPC: 0.29880 cumulative IPC: 0.32904 (Simulation time: 0 hr 3 min 15 sec) 
Heartbeat CPU  0 instructions:  141000000 cycles:  300392275 heartbeat IPC: 0.29517 cumulative IPC: 0.32862 (Simulation time: 0 hr 3 min 17 sec) 
Heartbeat CPU  0 instructions:  142000003 cycles:  303732640 heartbeat IPC: 0.29937 cumulative IPC: 0.32827 (Simulation time: 0 hr 3 min 19 sec) 
Heartbeat CPU  0 instructions:  143000003 cycles:  306881498 heartbeat IPC: 0.31758 cumulative IPC: 0.32815 (Simulation time: 0 hr 3 min 20 sec) 
Heartbeat CPU  0 instructions:  144000000 cycles:  310053057 heartbeat IPC: 0.31530 cumulative IPC: 0.32801 (Simulation time: 0 hr 3 min 22 sec) 
Heartbeat CPU  0 instructions:  145000000 cycles:  312179487 heartbeat IPC: 0.47027 cumulative IPC: 0.32906 (Simulation time: 0 hr 3 min 23 sec) 
Heartbeat CPU  0 instructions:  146000000 cycles:  313144133 heartbeat IPC: 1.03665 cumulative IPC: 0.33142 (Simulation time: 0 hr 3 min 25 sec) 
Heartbeat CPU  0 instructions:  147000000 cycles:  316668232 heartbeat IPC: 0.28376 cumulative IPC: 0.33084 (Simulation time: 0 hr 3 min 26 sec) 
Heartbeat CPU  0 instructions:  148000000 cycles:  320235689 heartbeat IPC: 0.28031 cumulative IPC: 0.33024 (Simulation time: 0 hr 3 min 28 sec) 
Heartbeat CPU  0 instructions:  149000001 cycles:  323815774 heartbeat IPC: 0.27932 cumulative IPC: 0.32963 (Simulation time: 0 hr 3 min 30 sec) 
Heartbeat CPU  0 instructions:  150000000 cycles:  327339260 heartbeat IPC: 0.28381 cumulative IPC: 0.32910 (Simulation time: 0 hr 3 min 31 sec) 
Heartbeat CPU  0 instructions:  151000001 cycles:  330869223 heartbeat IPC: 0.28329 cumulative IPC: 0.32857 (Simulation time: 0 hr 3 min 33 sec) 
Heartbeat CPU  0 instructions:  152000000 cycles:  334047746 heartbeat IPC: 0.31461 cumulative IPC: 0.32843 (Simulation time: 0 hr 3 min 35 sec) 
Heartbeat CPU  0 instructions:  153000000 cycles:  337286487 heartbeat IPC: 0.30876 cumulative IPC: 0.32823 (Simulation time: 0 hr 3 min 36 sec) 
Heartbeat CPU  0 instructions:  154000002 cycles:  340474646 heartbeat IPC: 0.31366 cumulative IPC: 0.32808 (Simulation time: 0 hr 3 min 38 sec) 
Heartbeat CPU  0 instructions:  155000001 cycles:  343681649 heartbeat IPC: 0.31182 cumulative IPC: 0.32792 (Simulation time: 0 hr 3 min 39 sec) 
Heartbeat CPU  0 instructions:  156000000 cycles:  346902526 heartbeat IPC: 0.31047 cumulative IPC: 0.32774 (Simulation time: 0 hr 3 min 41 sec) 
Heartbeat CPU  0 instructions:  157000001 cycles:  350037871 heartbeat IPC: 0.31894 cumulative IPC: 0.32766 (Simulation time: 0 hr 3 min 43 sec) 
Heartbeat CPU  0 instructions:  158000003 cycles:  353205592 heartbeat IPC: 0.31569 cumulative IPC: 0.32754 (Simulation time: 0 hr 3 min 44 sec) 
Heartbeat CPU  0 instructions:  159000002 cycles:  356354119 heartbeat IPC: 0.31761 cumulative IPC: 0.32745 (Simulation time: 0 hr 3 min 46 sec) 
Heartbeat CPU  0 instructions:  160000000 cycles:  360455181 heartbeat IPC: 0.24384 cumulative IPC: 0.32643 (Simulation time: 0 hr 3 min 48 sec) 
Heartbeat CPU  0 instructions:  161000003 cycles:  363233266 heartbeat IPC: 0.35996 cumulative IPC: 0.32671 (Simulation time: 0 hr 3 min 49 sec) 
Heartbeat CPU  0 instructions:  162000001 cycles:  366679902 heartbeat IPC: 0.29014 cumulative IPC: 0.32634 (Simulation time: 0 hr 3 min 51 sec) 
Heartbeat CPU  0 instructions:  163000001 cycles:  369771900 heartbeat IPC: 0.32342 cumulative IPC: 0.32631 (Simulation time: 0 hr 3 min 52 sec) 
Heartbeat CPU  0 instructions:  164000000 cycles:  372625646 heartbeat IPC: 0.35042 cumulative IPC: 0.32651 (Simulation time: 0 hr 3 min 54 sec) 
Heartbeat CPU  0 instructions:  165000003 cycles:  375656030 heartbeat IPC: 0.32999 cumulative IPC: 0.32654 (Simulation time: 0 hr 3 min 55 sec) 
Heartbeat CPU  0 instructions:  166000001 cycles:  378584780 heartbeat IPC: 0.34144 cumulative IPC: 0.32666 (Simulation time: 0 hr 3 min 56 sec) 
Heartbeat CPU  0 instructions:  167000003 cycles:  381557135 heartbeat IPC: 0.33643 cumulative IPC: 0.32674 (Simulation time: 0 hr 3 min 58 sec) 
Heartbeat CPU  0 instructions:  168000000 cycles:  386082246 heartbeat IPC: 0.22099 cumulative IPC: 0.32542 (Simulation time: 0 hr 4 min 0 sec) 
Heartbeat CPU  0 instructions:  169000001 cycles:  388706729 heartbeat IPC: 0.38103 cumulative IPC: 0.32582 (Simulation time: 0 hr 4 min 1 sec) 
Heartbeat CPU  0 instructions:  170000002 cycles:  390696974 heartbeat IPC: 0.50245 cumulative IPC: 0.32678 (Simulation time: 0 hr 4 min 3 sec) 
Heartbeat CPU  0 instructions:  171000001 cycles:  393841019 heartbeat IPC: 0.31806 cumulative IPC: 0.32671 (Simulation time: 0 hr 4 min 4 sec) 
Heartbeat CPU  0 instructions:  172000000 cycles:  397226187 heartbeat IPC: 0.29541 cumulative IPC: 0.32642 (Simulation time: 0 hr 4 min 6 sec) 
Heartbeat CPU  0 instructions:  173000001 cycles:  400678839 heartbeat IPC: 0.28963 cumulative IPC: 0.32609 (Simulation time: 0 hr 4 min 7 sec) 
Heartbeat CPU  0 instructions:  174000003 cycles:  404058165 heartbeat IPC: 0.29592 cumulative IPC: 0.32582 (Simulation time: 0 hr 4 min 9 sec) 
Heartbeat CPU  0 instructions:  175000001 cycles:  407394634 heartbeat IPC: 0.29972 cumulative IPC: 0.32559 (Simulation time: 0 hr 4 min 10 sec) 
Heartbeat CPU  0 instructions:  176000000 cycles:  410332799 heartbeat IPC: 0.34035 cumulative IPC: 0.32570 (Simulation time: 0 hr 4 min 12 sec) 
Heartbeat CPU  0 instructions:  177000000 cycles:  413308456 heartbeat IPC: 0.33606 cumulative IPC: 0.32578 (Simulation time: 0 hr 4 min 14 sec) 
Heartbeat CPU  0 instructions:  178000002 cycles:  415921695 heartbeat IPC: 0.38267 cumulative IPC: 0.32616 (Simulation time: 0 hr 4 min 15 sec) 
Heartbeat CPU  0 instructions:  179000000 cycles:  419056704 heartbeat IPC: 0.31898 cumulative IPC: 0.32611 (Simulation time: 0 hr 4 min 17 sec) 
Heartbeat CPU  0 instructions:  180000000 cycles:  422277212 heartbeat IPC: 0.31051 cumulative IPC: 0.32598 (Simulation time: 0 hr 4 min 18 sec) 
Heartbeat CPU  0 instructions:  181000003 cycles:  425536799 heartbeat IPC: 0.30679 cumulative IPC: 0.32582 (Simulation time: 0 hr 4 min 20 sec) 
Heartbeat CPU  0 instructions:  182000003 cycles:  428610371 heartbeat IPC: 0.32535 cumulative IPC: 0.32582 (Simulation time: 0 hr 4 min 22 sec) 
Heartbeat CPU  0 instructions:  183000000 cycles:  430878233 heartbeat IPC: 0.44094 cumulative IPC: 0.32646 (Simulation time: 0 hr 4 min 23 sec) 
Heartbeat CPU  0 instructions:  184000000 cycles:  434124924 heartbeat IPC: 0.30801 cumulative IPC: 0.32631 (Simulation time: 0 hr 4 min 24 sec) 
Heartbeat CPU  0 instructions:  185000001 cycles:  437454458 heartbeat IPC: 0.30034 cumulative IPC: 0.32611 (Simulation time: 0 hr 4 min 26 sec) 
Heartbeat CPU  0 instructions:  186000003 cycles:  440700531 heartbeat IPC: 0.30807 cumulative IPC: 0.32597 (Simulation time: 0 hr 4 min 28 sec) 
Heartbeat CPU  0 instructions:  187000001 cycles:  444067045 heartbeat IPC: 0.29704 cumulative IPC: 0.32573 (Simulation time: 0 hr 4 min 29 sec) 
Heartbeat CPU  0 instructions:  188000000 cycles:  447489480 heartbeat IPC: 0.29219 cumulative IPC: 0.32546 (Simulation time: 0 hr 4 min 31 sec) 
Heartbeat CPU  0 instructions:  189000000 cycles:  450323482 heartbeat IPC: 0.35286 cumulative IPC: 0.32565 (Simulation time: 0 hr 4 min 33 sec) 
Heartbeat CPU  0 instructions:  190000002 cycles:  453613310 heartbeat IPC: 0.30397 cumulative IPC: 0.32548 (Simulation time: 0 hr 4 min 34 sec) 
Heartbeat CPU  0 instructions:  191000001 cycles:  456853039 heartbeat IPC: 0.30867 cumulative IPC: 0.32535 (Simulation time: 0 hr 4 min 36 sec) 
Heartbeat CPU  0 instructions:  192000000 cycles:  459985538 heartbeat IPC: 0.31923 cumulative IPC: 0.32531 (Simulation time: 0 hr 4 min 38 sec) 
Heartbeat CPU  0 instructions:  193000003 cycles:  463252715 heartbeat IPC: 0.30608 cumulative IPC: 0.32517 (Simulation time: 0 hr 4 min 39 sec) 
Heartbeat CPU  0 instructions:  194000003 cycles:  466617290 heartbeat IPC: 0.29721 cumulative IPC: 0.32495 (Simulation time: 0 hr 4 min 41 sec) 
Heartbeat CPU  0 instructions:  195000000 cycles:  470044634 heartbeat IPC: 0.29177 cumulative IPC: 0.32470 (Simulation time: 0 hr 4 min 42 sec) 
Heartbeat CPU  0 instructions:  196000000 cycles:  473423499 heartbeat IPC: 0.29596 cumulative IPC: 0.32448 (Simulation time: 0 hr 4 min 44 sec) 
Heartbeat CPU  0 instructions:  197000001 cycles:  476613853 heartbeat IPC: 0.31345 cumulative IPC: 0.32441 (Simulation time: 0 hr 4 min 45 sec) 
Heartbeat CPU  0 instructions:  198000003 cycles:  477789880 heartbeat IPC: 0.85032 cumulative IPC: 0.32577 (Simulation time: 0 hr 4 min 47 sec) 
Heartbeat CPU  0 instructions:  199000002 cycles:  481052746 heartbeat IPC: 0.30648 cumulative IPC: 0.32563 (Simulation time: 0 hr 4 min 48 sec) 
*** Reached end of trace for Core: 0 Repeating trace: /data3/NUTCH/traces/nutch_phase1_core0.trace.xz
Heartbeat CPU  0 instructions:  200000000 cycles:  483668391 heartbeat IPC: 0.38231 cumulative IPC: 0.32595 (Simulation time: 0 hr 4 min 50 sec) 
Finished CPU 0 instructions: 150000002 cycles: 460189768 cumulative IPC: 0.32595 (Simulation time: 0 hr 4 min 50 sec) 

ChampSim completed all CPUs

[ROI Statistics]
Core_0_instructions 150000002
Core_0_cycles 460189768
Core_0_IPC 0.32595

Core_0_branch_prediction_accuracy 96.17886
Core_0_branch_MPKI 6.37213
Core_0_average_ROB_occupancy_at_mispredict 104.58153

Core_0_L1D_total_access 28916350
Core_0_L1D_total_hit 28005858
Core_0_L1D_total_miss 910492
Core_0_L1D_loads 15246839
Core_0_L1D_load_hit 14533661
Core_0_L1D_load_miss 713178
Core_0_L1D_RFOs 13669511
Core_0_L1D_RFO_hit 13472197
Core_0_L1D_RFO_miss 197314
Core_0_L1D_prefetches 0
Core_0_L1D_prefetch_hit 0
Core_0_L1D_prefetch_miss 0
Core_0_L1D_writebacks 0
Core_0_L1D_writeback_hit 0
Core_0_L1D_writeback_miss 0
Core_0_L1D_prefetch_requested 0
Core_0_L1D_prefetch_dropped 0
Core_0_L1D_prefetch_issued 0
Core_0_L1D_prefetch_filled 0
Core_0_L1D_prefetch_useful 0
Core_0_L1D_prefetch_useless 0
Core_0_L1D_prefetch_late 0
Core_0_L1D_average_miss_latency 143.94758

Core_0_L1D_rq_access 24062546
Core_0_L1D_rq_forward 0
Core_0_L1D_rq_merged 8713818
Core_0_L1D_rq_to_cache 15347277
Core_0_L1D_rq_full 0

Core_0_L1D_wq_access 14816745
Core_0_L1D_wq_forward 1451
Core_0_L1D_wq_merged 399982
Core_0_L1D_wq_to_cache 14416763
Core_0_L1D_wq_full 183464

Core_0_L1D_pq_access 0
Core_0_L1D_pq_forward 0
Core_0_L1D_pq_merged 0
Core_0_L1D_pq_to_cache 0
Core_0_L1D_pq_full 0

Core_0_L1D_acc_epochs 182251
Core_0_L1D_acc_level_0 182251
Core_0_L1D_acc_level_1 0
Core_0_L1D_acc_level_2 0
Core_0_L1D_acc_level_3 0
Core_0_L1D_acc_level_4 0
Core_0_L1D_acc_level_5 0
Core_0_L1D_acc_level_6 0
Core_0_L1D_acc_level_7 0
Core_0_L1D_acc_level_8 0
Core_0_L1D_acc_level_9 0

Core_0_L1I_total_access 28259364
Core_0_L1I_total_hit 27574366
Core_0_L1I_total_miss 684998
Core_0_L1I_loads 28259364
Core_0_L1I_load_hit 27574366
Core_0_L1I_load_miss 684998
Core_0_L1I_RFOs 0
Core_0_L1I_RFO_hit 0
Core_0_L1I_RFO_miss 0
Core_0_L1I_prefetches 0
Core_0_L1I_prefetch_hit 0
Core_0_L1I_prefetch_miss 0
Core_0_L1I_writebacks 0
Core_0_L1I_writeback_hit 0
Core_0_L1I_writeback_miss 0
Core_0_L1I_prefetch_requested 0
Core_0_L1I_prefetch_dropped 0
Core_0_L1I_prefetch_issued 0
Core_0_L1I_prefetch_filled 0
Core_0_L1I_prefetch_useful 0
Core_0_L1I_prefetch_useless 0
Core_0_L1I_prefetch_late 0
Core_0_L1I_average_miss_latency 76.45217

Core_0_L1I_rq_access 149999990
Core_0_L1I_rq_forward 0
Core_0_L1I_rq_merged 121358755
Core_0_L1I_rq_to_cache 28641235
Core_0_L1I_rq_full 0

Core_0_L1I_wq_access 0
Core_0_L1I_wq_forward 0
Core_0_L1I_wq_merged 0
Core_0_L1I_wq_to_cache 0
Core_0_L1I_wq_full 0

Core_0_L1I_pq_access 0
Core_0_L1I_pq_forward 0
Core_0_L1I_pq_merged 0
Core_0_L1I_pq_to_cache 0
Core_0_L1I_pq_full 0

Core_0_L1I_acc_epochs 182251
Core_0_L1I_acc_level_0 182251
Core_0_L1I_acc_level_1 0
Core_0_L1I_acc_level_2 0
Core_0_L1I_acc_level_3 0
Core_0_L1I_acc_level_4 0
Core_0_L1I_acc_level_5 0
Core_0_L1I_acc_level_6 0
Core_0_L1I_acc_level_7 0
Core_0_L1I_acc_level_8 0
Core_0_L1I_acc_level_9 0

Core_0_L2C_total_access 2146723
Core_0_L2C_total_hit 1507925
Core_0_L2C_total_miss 638798
Core_0_L2C_loads 1398127
Core_0_L2C_load_hit 823982
Core_0_L2C_load_miss 574145
Core_0_L2C_RFOs 197059
Core_0_L2C_RFO_hit 135070
Core_0_L2C_RFO_miss 61989
Core_0_L2C_prefetches 0
Core_0_L2C_prefetch_hit 0
Core_0_L2C_prefetch_miss 0
Core_0_L2C_writebacks 551537
Core_0_L2C_writeback_hit 548873
Core_0_L2C_writeback_miss 2664
Core_0_L2C_prefetch_requested 0
Core_0_L2C_prefetch_dropped 0
Core_0_L2C_prefetch_issued 0
Core_0_L2C_prefetch_filled 0
Core_0_L2C_prefetch_useful 0
Core_0_L2C_prefetch_useless 0
Core_0_L2C_prefetch_late 0
Core_0_L2C_average_miss_latency 169.38713

Core_0_L2C_rq_access 1595490
Core_0_L2C_rq_forward 0
Core_0_L2C_rq_merged 0
Core_0_L2C_rq_to_cache 1595186
Core_0_L2C_rq_full 0

Core_0_L2C_wq_access 551537
Core_0_L2C_wq_forward 304
Core_0_L2C_wq_merged 0
Core_0_L2C_wq_to_cache 551537
Core_0_L2C_wq_full 0

Core_0_L2C_pq_access 0
Core_0_L2C_pq_forward 0
Core_0_L2C_pq_merged 0
Core_0_L2C_pq_to_cache 0
Core_0_L2C_pq_full 0

Core_0_L2C_acc_epochs 182251
Core_0_L2C_acc_level_0 182251
Core_0_L2C_acc_level_1 0
Core_0_L2C_acc_level_2 0
Core_0_L2C_acc_level_3 0
Core_0_L2C_acc_level_4 0
Core_0_L2C_acc_level_5 0
Core_0_L2C_acc_level_6 0
Core_0_L2C_acc_level_7 0
Core_0_L2C_acc_level_8 0
Core_0_L2C_acc_level_9 0

Core_0_LLC_total_access 1015732
Core_0_LLC_total_hit 293575
Core_0_LLC_total_miss 722157
Core_0_LLC_loads 574142
Core_0_LLC_load_hit 185951
Core_0_LLC_load_miss 388191
Core_0_LLC_RFOs 61986
Core_0_LLC_RFO_hit 13157
Core_0_LLC_RFO_miss 48829
Core_0_LLC_prefetches 0
Core_0_LLC_prefetch_hit 0
Core_0_LLC_prefetch_miss 0
Core_0_LLC_writebacks 379604
Core_0_LLC_writeback_hit 94467
Core_0_LLC_writeback_miss 285137
Core_0_LLC_prefetch_requested 0
Core_0_LLC_prefetch_dropped 0
Core_0_LLC_prefetch_issued 0
Core_0_LLC_prefetch_filled 0
Core_0_LLC_prefetch_useful 0
Core_0_LLC_prefetch_useless 0
Core_0_LLC_prefetch_late 0
Core_0_LLC_average_miss_latency 110.30758

Core_0_LLC_rq_access 636134
Core_0_LLC_rq_forward 0
Core_0_LLC_rq_merged 0
Core_0_LLC_rq_to_cache 636128
Core_0_LLC_rq_full 0

Core_0_LLC_wq_access 379604
Core_0_LLC_wq_forward 6
Core_0_LLC_wq_merged 0
Core_0_LLC_wq_to_cache 379604
Core_0_LLC_wq_full 0

Core_0_LLC_pq_access 0
Core_0_LLC_pq_forward 0
Core_0_LLC_pq_merged 0
Core_0_LLC_pq_to_cache 0
Core_0_LLC_pq_full 0

Core_0_LLC_acc_epochs 472333
Core_0_LLC_acc_level_0 472333
Core_0_LLC_acc_level_1 0
Core_0_LLC_acc_level_2 0
Core_0_LLC_acc_level_3 0
Core_0_LLC_acc_level_4 0
Core_0_LLC_acc_level_5 0
Core_0_LLC_acc_level_6 0
Core_0_LLC_acc_level_7 0
Core_0_LLC_acc_level_8 0
Core_0_LLC_acc_level_9 0

Core_0_major_page_fault 0
Core_0_minor_page_fault 6930

Channel_0_RQ_row_buffer_hit 126074
Channel_0_RQ_row_buffer_miss 310945
Channel_0_WQ_row_buffer_hit 34213
Channel_0_WQ_row_buffer_miss 326331
Channel_0_WQ_full 282
Channel_0_dbus_congested 162036

avg_congested_cycle 11

DRAM_bw_pochs 1889330
DRAM_bw_level_0 1870191
DRAM_bw_level_1 13923
DRAM_bw_level_2 3626
DRAM_bw_level_3 1590
