*************************************************
   ChampSim Multicore Out-of-Order Simulator
   Last compiled: Apr  2 2025 11:26:00
*************************************************
parsing config file: /data3/config/nopref.ini

trace_0 /data3/NUTCH/traces/nutch_phase3_core0.trace.xz
adding L2C_PREFETCHER: NONE
Initialize SHIP state
warmup_instructions 50000000
simulation_instructions 150000000
champsim_seed 1789
measure_ipc 0
measure_ipc_epoch 1000
measure_dram_bw 1
measure_dram_bw_epoch 256
measure_cache_acc 1
measure_cache_acc_epoch 1024
l1d_perfect 0
l2c_perfect 0
llc_perfect 0
l1d_semi_perfect 0
l2c_semi_perfect 0
llc_semi_perfect 0
semi_perfect_cache_page_buffer_size 64

num_cpus 1
cpu_freq 4000
dram_io_freq 2400
page_size 4096
block_size 64
max_read_per_cycle 8
max_fill_per_cycle 1
dram_channels 1
log2_dram_channels 0
dram_ranks 1
dram_banks 8
dram_rows 65536
dram_columns 128
dram_row_size 8
dram_size 4096
dram_pages 1048576

fetch_width 6
decode_width 6
exec_width 4
lq_width 2
sq_width 2
retire_width 4
scheduler_size 128
branch_mispredict_penalty 20
rob_size 256
lq_size 72
sq_size 56
num_instr_destinations_sparc 4
num_instr_destinations 2
num_instr_sources 4

itlb_set 16
itlb_way 8
itlb_rq_size 16
itlb_wq_size 16
itlb_pq_size 0
itlb_mshr_size 8
itlb_latency 1

dtlb_set 16
dtlb_way 4
dtlb_rq_size 16
dtlb_wq_size 16
dtlb_pq_size 0
dtlb_mshr_size 8
dtlb_latency 1

stlb_set 128
stlb_way 12
stlb_rq_size 32
stlb_wq_size 32
stlb_pq_size 0
stlb_mshr_size 16
stlb_latency 8

l1i_size 32
l1i_set 64
l1i_way 8
l1i_rq_size 64
l1i_wq_size 64
l1i_pq_size 8
l1i_mshr_size 8
l1i_latency 1

l1d_size 32
l1d_set 64
l1d_way 8
l1d_rq_size 64
l1d_wq_size 64
l1d_pq_size 8
l1d_mshr_size 16
l1d_latency 4

l2c_size 256
l2c_set 512
l2c_way 8
l2c_rq_size 32
l2c_wq_size 32
l2c_pq_size 32
l2c_mshr_size 32
l2c_latency 10

llc_size 2048
llc_set 2048
llc_way 16
llc_rq_size 32
llc_wq_size 32
llc_pq_size 32
llc_mshr_size 64
llc_latency 20

dram_channel_width 8
dram_wq_size 64
dram_rq_size 64
tRP 15
tRCD 15
tCAS 12.5
dram_dbus_turn_around_time 30
dram_write_high_wm 56
dram_write_low_wm 48
min_dram_writes_per_switch 16
dram_mtps 2400
dram_dbus_return_time 13


Heartbeat CPU  0 instructions:    1000003 cycles:     462564 heartbeat IPC: 2.16187 cumulative IPC: 2.16187 (Simulation time: 0 hr 0 min 1 sec) 
Heartbeat CPU  0 instructions:    2000002 cycles:     889638 heartbeat IPC: 2.34151 cumulative IPC: 2.24811 (Simulation time: 0 hr 0 min 2 sec) 
Heartbeat CPU  0 instructions:    3000002 cycles:    1306588 heartbeat IPC: 2.39837 cumulative IPC: 2.29606 (Simulation time: 0 hr 0 min 3 sec) 
Heartbeat CPU  0 instructions:    4000000 cycles:    1753973 heartbeat IPC: 2.23521 cumulative IPC: 2.28054 (Simulation time: 0 hr 0 min 4 sec) 
Heartbeat CPU  0 instructions:    5000002 cycles:    2314461 heartbeat IPC: 1.78416 cumulative IPC: 2.16033 (Simulation time: 0 hr 0 min 5 sec) 
Heartbeat CPU  0 instructions:    6000000 cycles:    2935593 heartbeat IPC: 1.60996 cumulative IPC: 2.04388 (Simulation time: 0 hr 0 min 6 sec) 
Heartbeat CPU  0 instructions:    7000002 cycles:    3388913 heartbeat IPC: 2.20595 cumulative IPC: 2.06556 (Simulation time: 0 hr 0 min 7 sec) 
Heartbeat CPU  0 instructions:    8000000 cycles:    3804939 heartbeat IPC: 2.40369 cumulative IPC: 2.10253 (Simulation time: 0 hr 0 min 8 sec) 
Heartbeat CPU  0 instructions:    9000000 cycles:    4225335 heartbeat IPC: 2.37871 cumulative IPC: 2.13001 (Simulation time: 0 hr 0 min 9 sec) 
Heartbeat CPU  0 instructions:   10000001 cycles:    4644623 heartbeat IPC: 2.38500 cumulative IPC: 2.15303 (Simulation time: 0 hr 0 min 10 sec) 
Heartbeat CPU  0 instructions:   11000000 cycles:    5057110 heartbeat IPC: 2.42432 cumulative IPC: 2.17516 (Simulation time: 0 hr 0 min 11 sec) 
Heartbeat CPU  0 instructions:   12000000 cycles:    5469306 heartbeat IPC: 2.42603 cumulative IPC: 2.19406 (Simulation time: 0 hr 0 min 12 sec) 
Heartbeat CPU  0 instructions:   13000002 cycles:    6010907 heartbeat IPC: 1.84638 cumulative IPC: 2.16274 (Simulation time: 0 hr 0 min 13 sec) 
Heartbeat CPU  0 instructions:   14000000 cycles:    6596973 heartbeat IPC: 1.70629 cumulative IPC: 2.12219 (Simulation time: 0 hr 0 min 14 sec) 
Heartbeat CPU  0 instructions:   15000003 cycles:    7197487 heartbeat IPC: 1.66525 cumulative IPC: 2.08406 (Simulation time: 0 hr 0 min 15 sec) 
Heartbeat CPU  0 instructions:   16000000 cycles:    7674913 heartbeat IPC: 2.09456 cumulative IPC: 2.08471 (Simulation time: 0 hr 0 min 16 sec) 
Heartbeat CPU  0 instructions:   17000002 cycles:    8100872 heartbeat IPC: 2.34765 cumulative IPC: 2.09854 (Simulation time: 0 hr 0 min 17 sec) 
Heartbeat CPU  0 instructions:   18000001 cycles:    8520495 heartbeat IPC: 2.38309 cumulative IPC: 2.11255 (Simulation time: 0 hr 0 min 18 sec) 
Heartbeat CPU  0 instructions:   19000001 cycles:    8939488 heartbeat IPC: 2.38667 cumulative IPC: 2.12540 (Simulation time: 0 hr 0 min 19 sec) 
Heartbeat CPU  0 instructions:   20000000 cycles:    9353822 heartbeat IPC: 2.41351 cumulative IPC: 2.13816 (Simulation time: 0 hr 0 min 21 sec) 
Heartbeat CPU  0 instructions:   21000002 cycles:    9763319 heartbeat IPC: 2.44203 cumulative IPC: 2.15091 (Simulation time: 0 hr 0 min 22 sec) 
Heartbeat CPU  0 instructions:   22000001 cycles:   10508281 heartbeat IPC: 1.34235 cumulative IPC: 2.09359 (Simulation time: 0 hr 0 min 23 sec) 
Heartbeat CPU  0 instructions:   23000000 cycles:   11164232 heartbeat IPC: 1.52450 cumulative IPC: 2.06015 (Simulation time: 0 hr 0 min 24 sec) 
Heartbeat CPU  0 instructions:   24000000 cycles:   11742966 heartbeat IPC: 1.72791 cumulative IPC: 2.04378 (Simulation time: 0 hr 0 min 25 sec) 
Heartbeat CPU  0 instructions:   25000001 cycles:   12238441 heartbeat IPC: 2.01827 cumulative IPC: 2.04274 (Simulation time: 0 hr 0 min 26 sec) 
Heartbeat CPU  0 instructions:   26000001 cycles:   12736724 heartbeat IPC: 2.00689 cumulative IPC: 2.04134 (Simulation time: 0 hr 0 min 27 sec) 
Heartbeat CPU  0 instructions:   27000000 cycles:   13316763 heartbeat IPC: 1.72402 cumulative IPC: 2.02752 (Simulation time: 0 hr 0 min 28 sec) 
Heartbeat CPU  0 instructions:   28000000 cycles:   13881115 heartbeat IPC: 1.77194 cumulative IPC: 2.01713 (Simulation time: 0 hr 0 min 29 sec) 
Heartbeat CPU  0 instructions:   29000001 cycles:   14391911 heartbeat IPC: 1.95773 cumulative IPC: 2.01502 (Simulation time: 0 hr 0 min 30 sec) 
Heartbeat CPU  0 instructions:   30000002 cycles:   14871796 heartbeat IPC: 2.08383 cumulative IPC: 2.01724 (Simulation time: 0 hr 0 min 31 sec) 
Heartbeat CPU  0 instructions:   31000000 cycles:   15359981 heartbeat IPC: 2.04840 cumulative IPC: 2.01823 (Simulation time: 0 hr 0 min 32 sec) 
Heartbeat CPU  0 instructions:   32000000 cycles:   15988804 heartbeat IPC: 1.59027 cumulative IPC: 2.00140 (Simulation time: 0 hr 0 min 33 sec) 
Heartbeat CPU  0 instructions:   33000000 cycles:   16534843 heartbeat IPC: 1.83137 cumulative IPC: 1.99579 (Simulation time: 0 hr 0 min 35 sec) 
Heartbeat CPU  0 instructions:   34000001 cycles:   17014400 heartbeat IPC: 2.08526 cumulative IPC: 1.99831 (Simulation time: 0 hr 0 min 36 sec) 
Heartbeat CPU  0 instructions:   35000000 cycles:   17501548 heartbeat IPC: 2.05276 cumulative IPC: 1.99982 (Simulation time: 0 hr 0 min 37 sec) 
Heartbeat CPU  0 instructions:   36000000 cycles:   17991503 heartbeat IPC: 2.04100 cumulative IPC: 2.00094 (Simulation time: 0 hr 0 min 38 sec) 
Heartbeat CPU  0 instructions:   37000002 cycles:   18635500 heartbeat IPC: 1.55281 cumulative IPC: 1.98546 (Simulation time: 0 hr 0 min 39 sec) 
Heartbeat CPU  0 instructions:   38000003 cycles:   19153766 heartbeat IPC: 1.92951 cumulative IPC: 1.98394 (Simulation time: 0 hr 0 min 40 sec) 
Heartbeat CPU  0 instructions:   39000003 cycles:   19633595 heartbeat IPC: 2.08408 cumulative IPC: 1.98639 (Simulation time: 0 hr 0 min 41 sec) 
Heartbeat CPU  0 instructions:   40000000 cycles:   20117893 heartbeat IPC: 2.06484 cumulative IPC: 1.98828 (Simulation time: 0 hr 0 min 42 sec) 
Heartbeat CPU  0 instructions:   41000001 cycles:   20815508 heartbeat IPC: 1.43346 cumulative IPC: 1.96969 (Simulation time: 0 hr 0 min 43 sec) 
Heartbeat CPU  0 instructions:   42000000 cycles:   21307154 heartbeat IPC: 2.03398 cumulative IPC: 1.97117 (Simulation time: 0 hr 0 min 44 sec) 
Heartbeat CPU  0 instructions:   43000000 cycles:   21855206 heartbeat IPC: 1.82464 cumulative IPC: 1.96749 (Simulation time: 0 hr 0 min 45 sec) 
Heartbeat CPU  0 instructions:   44000000 cycles:   22360552 heartbeat IPC: 1.97884 cumulative IPC: 1.96775 (Simulation time: 0 hr 0 min 47 sec) 
Heartbeat CPU  0 instructions:   45000001 cycles:   22847780 heartbeat IPC: 2.05243 cumulative IPC: 1.96956 (Simulation time: 0 hr 0 min 48 sec) 
Heartbeat CPU  0 instructions:   46000002 cycles:   23331632 heartbeat IPC: 2.06675 cumulative IPC: 1.97157 (Simulation time: 0 hr 0 min 49 sec) 
Heartbeat CPU  0 instructions:   47000000 cycles:   23877147 heartbeat IPC: 1.83313 cumulative IPC: 1.96841 (Simulation time: 0 hr 0 min 50 sec) 
Heartbeat CPU  0 instructions:   48000000 cycles:   24417272 heartbeat IPC: 1.85142 cumulative IPC: 1.96582 (Simulation time: 0 hr 0 min 51 sec) 
Heartbeat CPU  0 instructions:   49000002 cycles:   24919160 heartbeat IPC: 1.99248 cumulative IPC: 1.96636 (Simulation time: 0 hr 0 min 52 sec) 
Heartbeat CPU  0 instructions:   50000002 cycles:   25404715 heartbeat IPC: 2.05950 cumulative IPC: 1.96814 (Simulation time: 0 hr 0 min 53 sec) 

Warmup complete CPU  0 instructions:   50000002 cycles:   25404715 (Simulation time: 0 hr 0 min 53 sec) 

Heartbeat CPU  0 instructions:   51000003 cycles:   27521519 heartbeat IPC: 0.47241 cumulative IPC: 0.47241 (Simulation time: 0 hr 0 min 55 sec) 
Heartbeat CPU  0 instructions:   52000000 cycles:   29661310 heartbeat IPC: 0.46733 cumulative IPC: 0.46986 (Simulation time: 0 hr 0 min 56 sec) 
Heartbeat CPU  0 instructions:   53000003 cycles:   34907035 heartbeat IPC: 0.19063 cumulative IPC: 0.31571 (Simulation time: 0 hr 0 min 58 sec) 
Heartbeat CPU  0 instructions:   54000000 cycles:   39847677 heartbeat IPC: 0.20240 cumulative IPC: 0.27695 (Simulation time: 0 hr 0 min 59 sec) 
Heartbeat CPU  0 instructions:   55000001 cycles:   44033765 heartbeat IPC: 0.23889 cumulative IPC: 0.26840 (Simulation time: 0 hr 1 min 1 sec) 
Heartbeat CPU  0 instructions:   56000000 cycles:   47883012 heartbeat IPC: 0.25979 cumulative IPC: 0.26692 (Simulation time: 0 hr 1 min 2 sec) 
Heartbeat CPU  0 instructions:   57000002 cycles:   49941285 heartbeat IPC: 0.48585 cumulative IPC: 0.28529 (Simulation time: 0 hr 1 min 4 sec) 
Heartbeat CPU  0 instructions:   58000003 cycles:   52017985 heartbeat IPC: 0.48153 cumulative IPC: 0.30060 (Simulation time: 0 hr 1 min 5 sec) 
Heartbeat CPU  0 instructions:   59000000 cycles:   54213850 heartbeat IPC: 0.45540 cumulative IPC: 0.31240 (Simulation time: 0 hr 1 min 7 sec) 
Heartbeat CPU  0 instructions:   60000000 cycles:   56400620 heartbeat IPC: 0.45730 cumulative IPC: 0.32262 (Simulation time: 0 hr 1 min 9 sec) 
Heartbeat CPU  0 instructions:   61000001 cycles:   58986462 heartbeat IPC: 0.38672 cumulative IPC: 0.32756 (Simulation time: 0 hr 1 min 10 sec) 
Heartbeat CPU  0 instructions:   62000000 cycles:   62581645 heartbeat IPC: 0.27815 cumulative IPC: 0.32278 (Simulation time: 0 hr 1 min 12 sec) 
Heartbeat CPU  0 instructions:   63000003 cycles:   66268211 heartbeat IPC: 0.27126 cumulative IPC: 0.31813 (Simulation time: 0 hr 1 min 14 sec) 
Heartbeat CPU  0 instructions:   64000000 cycles:   69967319 heartbeat IPC: 0.27033 cumulative IPC: 0.31416 (Simulation time: 0 hr 1 min 15 sec) 
Heartbeat CPU  0 instructions:   65000000 cycles:   73552948 heartbeat IPC: 0.27889 cumulative IPC: 0.31154 (Simulation time: 0 hr 1 min 17 sec) 
Heartbeat CPU  0 instructions:   66000000 cycles:   77133830 heartbeat IPC: 0.27926 cumulative IPC: 0.30930 (Simulation time: 0 hr 1 min 19 sec) 
Heartbeat CPU  0 instructions:   67000000 cycles:   79985433 heartbeat IPC: 0.35068 cumulative IPC: 0.31147 (Simulation time: 0 hr 1 min 20 sec) 
Heartbeat CPU  0 instructions:   68000000 cycles:   84240778 heartbeat IPC: 0.23500 cumulative IPC: 0.30593 (Simulation time: 0 hr 1 min 22 sec) 
Heartbeat CPU  0 instructions:   69000001 cycles:   87746018 heartbeat IPC: 0.28529 cumulative IPC: 0.30477 (Simulation time: 0 hr 1 min 23 sec) 
Heartbeat CPU  0 instructions:   70000000 cycles:   90313598 heartbeat IPC: 0.38947 cumulative IPC: 0.30812 (Simulation time: 0 hr 1 min 25 sec) 
Heartbeat CPU  0 instructions:   71000001 cycles:   93275688 heartbeat IPC: 0.33760 cumulative IPC: 0.30941 (Simulation time: 0 hr 1 min 26 sec) 
Heartbeat CPU  0 instructions:   72000000 cycles:   96359930 heartbeat IPC: 0.32423 cumulative IPC: 0.31005 (Simulation time: 0 hr 1 min 28 sec) 
Heartbeat CPU  0 instructions:   73000003 cycles:   99654828 heartbeat IPC: 0.30350 cumulative IPC: 0.30976 (Simulation time: 0 hr 1 min 30 sec) 
Heartbeat CPU  0 instructions:   74000003 cycles:  102878713 heartbeat IPC: 0.31018 cumulative IPC: 0.30978 (Simulation time: 0 hr 1 min 31 sec) 
Heartbeat CPU  0 instructions:   75000003 cycles:  106022639 heartbeat IPC: 0.31807 cumulative IPC: 0.31010 (Simulation time: 0 hr 1 min 33 sec) 
Heartbeat CPU  0 instructions:   76000000 cycles:  108506104 heartbeat IPC: 0.40266 cumulative IPC: 0.31287 (Simulation time: 0 hr 1 min 34 sec) 
Heartbeat CPU  0 instructions:   77000003 cycles:  111628091 heartbeat IPC: 0.32031 cumulative IPC: 0.31314 (Simulation time: 0 hr 1 min 36 sec) 
Heartbeat CPU  0 instructions:   78000002 cycles:  114643291 heartbeat IPC: 0.33165 cumulative IPC: 0.31377 (Simulation time: 0 hr 1 min 37 sec) 
Heartbeat CPU  0 instructions:   79000002 cycles:  117720894 heartbeat IPC: 0.32493 cumulative IPC: 0.31414 (Simulation time: 0 hr 1 min 39 sec) 
Heartbeat CPU  0 instructions:   80000000 cycles:  121192101 heartbeat IPC: 0.28808 cumulative IPC: 0.31319 (Simulation time: 0 hr 1 min 41 sec) 
Heartbeat CPU  0 instructions:   81000002 cycles:  124438566 heartbeat IPC: 0.30803 cumulative IPC: 0.31302 (Simulation time: 0 hr 1 min 42 sec) 
Heartbeat CPU  0 instructions:   82000001 cycles:  126642430 heartbeat IPC: 0.45375 cumulative IPC: 0.31609 (Simulation time: 0 hr 1 min 44 sec) 
Heartbeat CPU  0 instructions:   83000002 cycles:  130024253 heartbeat IPC: 0.29570 cumulative IPC: 0.31543 (Simulation time: 0 hr 1 min 45 sec) 
Heartbeat CPU  0 instructions:   84000000 cycles:  133354900 heartbeat IPC: 0.30024 cumulative IPC: 0.31496 (Simulation time: 0 hr 1 min 47 sec) 
Heartbeat CPU  0 instructions:   85000000 cycles:  136717095 heartbeat IPC: 0.29742 cumulative IPC: 0.31443 (Simulation time: 0 hr 1 min 48 sec) 
Heartbeat CPU  0 instructions:   86000001 cycles:  140191789 heartbeat IPC: 0.28780 cumulative IPC: 0.31362 (Simulation time: 0 hr 1 min 50 sec) 
Heartbeat CPU  0 instructions:   87000001 cycles:  143753659 heartbeat IPC: 0.28075 cumulative IPC: 0.31263 (Simulation time: 0 hr 1 min 52 sec) 
Heartbeat CPU  0 instructions:   88000000 cycles:  147310674 heartbeat IPC: 0.28113 cumulative IPC: 0.31172 (Simulation time: 0 hr 1 min 53 sec) 
Heartbeat CPU  0 instructions:   89000001 cycles:  151050399 heartbeat IPC: 0.26740 cumulative IPC: 0.31040 (Simulation time: 0 hr 1 min 55 sec) 
Heartbeat CPU  0 instructions:   90000003 cycles:  154271577 heartbeat IPC: 0.31045 cumulative IPC: 0.31040 (Simulation time: 0 hr 1 min 57 sec) 
Heartbeat CPU  0 instructions:   91000001 cycles:  156895861 heartbeat IPC: 0.38106 cumulative IPC: 0.31181 (Simulation time: 0 hr 1 min 58 sec) 
Heartbeat CPU  0 instructions:   92000000 cycles:  158217576 heartbeat IPC: 0.75659 cumulative IPC: 0.31623 (Simulation time: 0 hr 1 min 59 sec) 
Heartbeat CPU  0 instructions:   93000002 cycles:  161599035 heartbeat IPC: 0.29573 cumulative IPC: 0.31573 (Simulation time: 0 hr 2 min 1 sec) 
Heartbeat CPU  0 instructions:   94000003 cycles:  164384878 heartbeat IPC: 0.35896 cumulative IPC: 0.31659 (Simulation time: 0 hr 2 min 3 sec) 
Heartbeat CPU  0 instructions:   95000000 cycles:  166385125 heartbeat IPC: 0.49994 cumulative IPC: 0.31919 (Simulation time: 0 hr 2 min 4 sec) 
Heartbeat CPU  0 instructions:   96000000 cycles:  169060128 heartbeat IPC: 0.37383 cumulative IPC: 0.32021 (Simulation time: 0 hr 2 min 6 sec) 
Heartbeat CPU  0 instructions:   97000000 cycles:  172483959 heartbeat IPC: 0.29207 cumulative IPC: 0.31956 (Simulation time: 0 hr 2 min 7 sec) 
Heartbeat CPU  0 instructions:   98000001 cycles:  176006785 heartbeat IPC: 0.28386 cumulative IPC: 0.31872 (Simulation time: 0 hr 2 min 9 sec) 
Heartbeat CPU  0 instructions:   99000003 cycles:  179488609 heartbeat IPC: 0.28721 cumulative IPC: 0.31801 (Simulation time: 0 hr 2 min 10 sec) 
*** Reached end of trace for Core: 0 Repeating trace: /data3/NUTCH/traces/nutch_phase3_core0.trace.xz
Heartbeat CPU  0 instructions:  100000000 cycles:  183010914 heartbeat IPC: 0.28390 cumulative IPC: 0.31725 (Simulation time: 0 hr 2 min 12 sec) 
Heartbeat CPU  0 instructions:  101000001 cycles:  186519797 heartbeat IPC: 0.28499 cumulative IPC: 0.31654 (Simulation time: 0 hr 2 min 14 sec) 
Heartbeat CPU  0 instructions:  102000002 cycles:  190051733 heartbeat IPC: 0.28313 cumulative IPC: 0.31583 (Simulation time: 0 hr 2 min 15 sec) 
Heartbeat CPU  0 instructions:  103000001 cycles:  193532785 heartbeat IPC: 0.28727 cumulative IPC: 0.31524 (Simulation time: 0 hr 2 min 17 sec) 
Heartbeat CPU  0 instructions:  104000000 cycles:  196777469 heartbeat IPC: 0.30820 cumulative IPC: 0.31510 (Simulation time: 0 hr 2 min 19 sec) 
Heartbeat CPU  0 instructions:  105000003 cycles:  200010970 heartbeat IPC: 0.30926 cumulative IPC: 0.31499 (Simulation time: 0 hr 2 min 20 sec) 
Heartbeat CPU  0 instructions:  106000000 cycles:  202243268 heartbeat IPC: 0.44797 cumulative IPC: 0.31667 (Simulation time: 0 hr 2 min 22 sec) 
Heartbeat CPU  0 instructions:  107000001 cycles:  204560703 heartbeat IPC: 0.43151 cumulative IPC: 0.31816 (Simulation time: 0 hr 2 min 23 sec) 
Heartbeat CPU  0 instructions:  108000000 cycles:  207816158 heartbeat IPC: 0.30718 cumulative IPC: 0.31796 (Simulation time: 0 hr 2 min 25 sec) 
Heartbeat CPU  0 instructions:  109000003 cycles:  211304130 heartbeat IPC: 0.28670 cumulative IPC: 0.31738 (Simulation time: 0 hr 2 min 26 sec) 
Heartbeat CPU  0 instructions:  110000002 cycles:  214830041 heartbeat IPC: 0.28361 cumulative IPC: 0.31675 (Simulation time: 0 hr 2 min 28 sec) 
Heartbeat CPU  0 instructions:  111000003 cycles:  218337913 heartbeat IPC: 0.28507 cumulative IPC: 0.31617 (Simulation time: 0 hr 2 min 30 sec) 
Heartbeat CPU  0 instructions:  112000000 cycles:  221839627 heartbeat IPC: 0.28557 cumulative IPC: 0.31563 (Simulation time: 0 hr 2 min 31 sec) 
Heartbeat CPU  0 instructions:  113000000 cycles:  225058841 heartbeat IPC: 0.31063 cumulative IPC: 0.31555 (Simulation time: 0 hr 2 min 33 sec) 
Heartbeat CPU  0 instructions:  114000000 cycles:  228006806 heartbeat IPC: 0.33922 cumulative IPC: 0.31589 (Simulation time: 0 hr 2 min 35 sec) 
Heartbeat CPU  0 instructions:  115000003 cycles:  229321334 heartbeat IPC: 0.76073 cumulative IPC: 0.31876 (Simulation time: 0 hr 2 min 36 sec) 
Heartbeat CPU  0 instructions:  116000000 cycles:  231707181 heartbeat IPC: 0.41914 cumulative IPC: 0.31992 (Simulation time: 0 hr 2 min 37 sec) 
Heartbeat CPU  0 instructions:  117000002 cycles:  235049429 heartbeat IPC: 0.29920 cumulative IPC: 0.31959 (Simulation time: 0 hr 2 min 39 sec) 
Heartbeat CPU  0 instructions:  118000003 cycles:  238500414 heartbeat IPC: 0.28977 cumulative IPC: 0.31911 (Simulation time: 0 hr 2 min 41 sec) 
Heartbeat CPU  0 instructions:  119000003 cycles:  241943142 heartbeat IPC: 0.29047 cumulative IPC: 0.31865 (Simulation time: 0 hr 2 min 42 sec) 
Heartbeat CPU  0 instructions:  120000000 cycles:  245432241 heartbeat IPC: 0.28661 cumulative IPC: 0.31814 (Simulation time: 0 hr 2 min 44 sec) 
Heartbeat CPU  0 instructions:  121000000 cycles:  248902807 heartbeat IPC: 0.28814 cumulative IPC: 0.31768 (Simulation time: 0 hr 2 min 45 sec) 
Heartbeat CPU  0 instructions:  122000003 cycles:  253095131 heartbeat IPC: 0.23853 cumulative IPC: 0.31622 (Simulation time: 0 hr 2 min 47 sec) 
Heartbeat CPU  0 instructions:  123000000 cycles:  256502867 heartbeat IPC: 0.29345 cumulative IPC: 0.31588 (Simulation time: 0 hr 2 min 49 sec) 
Heartbeat CPU  0 instructions:  124000000 cycles:  259533838 heartbeat IPC: 0.32993 cumulative IPC: 0.31606 (Simulation time: 0 hr 2 min 50 sec) 
Heartbeat CPU  0 instructions:  125000002 cycles:  261531214 heartbeat IPC: 0.50066 cumulative IPC: 0.31763 (Simulation time: 0 hr 2 min 52 sec) 
Heartbeat CPU  0 instructions:  126000000 cycles:  264248691 heartbeat IPC: 0.36799 cumulative IPC: 0.31820 (Simulation time: 0 hr 2 min 53 sec) 
Heartbeat CPU  0 instructions:  127000003 cycles:  267153525 heartbeat IPC: 0.34425 cumulative IPC: 0.31851 (Simulation time: 0 hr 2 min 55 sec) 
Heartbeat CPU  0 instructions:  128000000 cycles:  270571671 heartbeat IPC: 0.29256 cumulative IPC: 0.31815 (Simulation time: 0 hr 2 min 56 sec) 
Heartbeat CPU  0 instructions:  129000000 cycles:  272816673 heartbeat IPC: 0.44543 cumulative IPC: 0.31931 (Simulation time: 0 hr 2 min 58 sec) 
Heartbeat CPU  0 instructions:  130000001 cycles:  274897734 heartbeat IPC: 0.48052 cumulative IPC: 0.32065 (Simulation time: 0 hr 2 min 59 sec) 
Heartbeat CPU  0 instructions:  131000000 cycles:  277786485 heartbeat IPC: 0.34617 cumulative IPC: 0.32094 (Simulation time: 0 hr 3 min 1 sec) 
Heartbeat CPU  0 instructions:  132000000 cycles:  281039006 heartbeat IPC: 0.30745 cumulative IPC: 0.32077 (Simulation time: 0 hr 3 min 2 sec) 
Heartbeat CPU  0 instructions:  133000001 cycles:  284181599 heartbeat IPC: 0.31821 cumulative IPC: 0.32074 (Simulation time: 0 hr 3 min 4 sec) 
Heartbeat CPU  0 instructions:  134000001 cycles:  286019283 heartbeat IPC: 0.54416 cumulative IPC: 0.32232 (Simulation time: 0 hr 3 min 5 sec) 
Heartbeat CPU  0 instructions:  135000002 cycles:  288131903 heartbeat IPC: 0.47335 cumulative IPC: 0.32353 (Simulation time: 0 hr 3 min 7 sec) 
Heartbeat CPU  0 instructions:  136000000 cycles:  290794813 heartbeat IPC: 0.37553 cumulative IPC: 0.32405 (Simulation time: 0 hr 3 min 9 sec) 
Heartbeat CPU  0 instructions:  137000000 cycles:  294511833 heartbeat IPC: 0.26903 cumulative IPC: 0.32329 (Simulation time: 0 hr 3 min 10 sec) 
Heartbeat CPU  0 instructions:  138000003 cycles:  297102088 heartbeat IPC: 0.38606 cumulative IPC: 0.32389 (Simulation time: 0 hr 3 min 12 sec) 
Heartbeat CPU  0 instructions:  139000001 cycles:  298963104 heartbeat IPC: 0.53734 cumulative IPC: 0.32534 (Simulation time: 0 hr 3 min 13 sec) 
Heartbeat CPU  0 instructions:  140000000 cycles:  301943763 heartbeat IPC: 0.33550 cumulative IPC: 0.32545 (Simulation time: 0 hr 3 min 15 sec) 
Heartbeat CPU  0 instructions:  141000002 cycles:  305394354 heartbeat IPC: 0.28981 cumulative IPC: 0.32501 (Simulation time: 0 hr 3 min 16 sec) 
Heartbeat CPU  0 instructions:  142000002 cycles:  307510138 heartbeat IPC: 0.47264 cumulative IPC: 0.32612 (Simulation time: 0 hr 3 min 18 sec) 
Heartbeat CPU  0 instructions:  143000001 cycles:  310928713 heartbeat IPC: 0.29252 cumulative IPC: 0.32572 (Simulation time: 0 hr 3 min 19 sec) 
Heartbeat CPU  0 instructions:  144000000 cycles:  312958508 heartbeat IPC: 0.49266 cumulative IPC: 0.32690 (Simulation time: 0 hr 3 min 21 sec) 
Heartbeat CPU  0 instructions:  145000003 cycles:  315149359 heartbeat IPC: 0.45645 cumulative IPC: 0.32787 (Simulation time: 0 hr 3 min 22 sec) 
Heartbeat CPU  0 instructions:  146000003 cycles:  317208303 heartbeat IPC: 0.48569 cumulative IPC: 0.32899 (Simulation time: 0 hr 3 min 24 sec) 
Heartbeat CPU  0 instructions:  147000000 cycles:  319730591 heartbeat IPC: 0.39646 cumulative IPC: 0.32957 (Simulation time: 0 hr 3 min 25 sec) 
Heartbeat CPU  0 instructions:  148000000 cycles:  323242584 heartbeat IPC: 0.28474 cumulative IPC: 0.32904 (Simulation time: 0 hr 3 min 27 sec) 
Heartbeat CPU  0 instructions:  149000001 cycles:  325269807 heartbeat IPC: 0.49329 cumulative IPC: 0.33015 (Simulation time: 0 hr 3 min 28 sec) 
Heartbeat CPU  0 instructions:  150000002 cycles:  327376098 heartbeat IPC: 0.47477 cumulative IPC: 0.33116 (Simulation time: 0 hr 3 min 29 sec) 
Heartbeat CPU  0 instructions:  151000002 cycles:  329494546 heartbeat IPC: 0.47204 cumulative IPC: 0.33214 (Simulation time: 0 hr 3 min 31 sec) 
Heartbeat CPU  0 instructions:  152000000 cycles:  331639725 heartbeat IPC: 0.46616 cumulative IPC: 0.33308 (Simulation time: 0 hr 3 min 32 sec) 
Heartbeat CPU  0 instructions:  153000002 cycles:  336891543 heartbeat IPC: 0.19041 cumulative IPC: 0.33067 (Simulation time: 0 hr 3 min 34 sec) 
Heartbeat CPU  0 instructions:  154000002 cycles:  341828141 heartbeat IPC: 0.20257 cumulative IPC: 0.32867 (Simulation time: 0 hr 3 min 36 sec) 
Heartbeat CPU  0 instructions:  155000003 cycles:  346017399 heartbeat IPC: 0.23871 cumulative IPC: 0.32750 (Simulation time: 0 hr 3 min 37 sec) 
Heartbeat CPU  0 instructions:  156000000 cycles:  349861757 heartbeat IPC: 0.26012 cumulative IPC: 0.32670 (Simulation time: 0 hr 3 min 39 sec) 
Heartbeat CPU  0 instructions:  157000003 cycles:  351932002 heartbeat IPC: 0.48304 cumulative IPC: 0.32769 (Simulation time: 0 hr 3 min 40 sec) 
Heartbeat CPU  0 instructions:  158000001 cycles:  354006608 heartbeat IPC: 0.48202 cumulative IPC: 0.32867 (Simulation time: 0 hr 3 min 42 sec) 
Heartbeat CPU  0 instructions:  159000002 cycles:  356204384 heartbeat IPC: 0.45501 cumulative IPC: 0.32950 (Simulation time: 0 hr 3 min 43 sec) 
Heartbeat CPU  0 instructions:  160000000 cycles:  358390987 heartbeat IPC: 0.45733 cumulative IPC: 0.33034 (Simulation time: 0 hr 3 min 45 sec) 
Heartbeat CPU  0 instructions:  161000003 cycles:  360915696 heartbeat IPC: 0.39609 cumulative IPC: 0.33084 (Simulation time: 0 hr 3 min 47 sec) 
Heartbeat CPU  0 instructions:  162000003 cycles:  364511618 heartbeat IPC: 0.27809 cumulative IPC: 0.33028 (Simulation time: 0 hr 3 min 48 sec) 
Heartbeat CPU  0 instructions:  163000002 cycles:  368188371 heartbeat IPC: 0.27198 cumulative IPC: 0.32965 (Simulation time: 0 hr 3 min 50 sec) 
Heartbeat CPU  0 instructions:  164000000 cycles:  371905252 heartbeat IPC: 0.26904 cumulative IPC: 0.32900 (Simulation time: 0 hr 3 min 52 sec) 
Heartbeat CPU  0 instructions:  165000003 cycles:  375498102 heartbeat IPC: 0.27833 cumulative IPC: 0.32848 (Simulation time: 0 hr 3 min 53 sec) 
Heartbeat CPU  0 instructions:  166000001 cycles:  379073486 heartbeat IPC: 0.27969 cumulative IPC: 0.32799 (Simulation time: 0 hr 3 min 55 sec) 
Heartbeat CPU  0 instructions:  167000000 cycles:  381932623 heartbeat IPC: 0.34976 cumulative IPC: 0.32817 (Simulation time: 0 hr 3 min 56 sec) 
Heartbeat CPU  0 instructions:  168000000 cycles:  386183066 heartbeat IPC: 0.23527 cumulative IPC: 0.32707 (Simulation time: 0 hr 3 min 58 sec) 
Heartbeat CPU  0 instructions:  169000003 cycles:  389689583 heartbeat IPC: 0.28518 cumulative IPC: 0.32667 (Simulation time: 0 hr 4 min 0 sec) 
Heartbeat CPU  0 instructions:  170000002 cycles:  392242294 heartbeat IPC: 0.39174 cumulative IPC: 0.32712 (Simulation time: 0 hr 4 min 1 sec) 
Heartbeat CPU  0 instructions:  171000001 cycles:  395221637 heartbeat IPC: 0.33564 cumulative IPC: 0.32719 (Simulation time: 0 hr 4 min 3 sec) 
Heartbeat CPU  0 instructions:  172000000 cycles:  398304853 heartbeat IPC: 0.32434 cumulative IPC: 0.32717 (Simulation time: 0 hr 4 min 4 sec) 
Heartbeat CPU  0 instructions:  173000003 cycles:  401606056 heartbeat IPC: 0.30292 cumulative IPC: 0.32695 (Simulation time: 0 hr 4 min 6 sec) 
Heartbeat CPU  0 instructions:  174000001 cycles:  404830534 heartbeat IPC: 0.31013 cumulative IPC: 0.32681 (Simulation time: 0 hr 4 min 7 sec) 
Heartbeat CPU  0 instructions:  175000002 cycles:  407972594 heartbeat IPC: 0.31826 cumulative IPC: 0.32674 (Simulation time: 0 hr 4 min 9 sec) 
Heartbeat CPU  0 instructions:  176000000 cycles:  410457180 heartbeat IPC: 0.40248 cumulative IPC: 0.32723 (Simulation time: 0 hr 4 min 10 sec) 
Heartbeat CPU  0 instructions:  177000000 cycles:  413573774 heartbeat IPC: 0.32086 cumulative IPC: 0.32718 (Simulation time: 0 hr 4 min 12 sec) 
Heartbeat CPU  0 instructions:  178000003 cycles:  416596857 heartbeat IPC: 0.33079 cumulative IPC: 0.32720 (Simulation time: 0 hr 4 min 14 sec) 
Heartbeat CPU  0 instructions:  179000000 cycles:  419671251 heartbeat IPC: 0.32527 cumulative IPC: 0.32719 (Simulation time: 0 hr 4 min 15 sec) 
Heartbeat CPU  0 instructions:  180000000 cycles:  423139258 heartbeat IPC: 0.28835 cumulative IPC: 0.32685 (Simulation time: 0 hr 4 min 17 sec) 
Heartbeat CPU  0 instructions:  181000001 cycles:  426386564 heartbeat IPC: 0.30795 cumulative IPC: 0.32670 (Simulation time: 0 hr 4 min 18 sec) 
Heartbeat CPU  0 instructions:  182000003 cycles:  428599561 heartbeat IPC: 0.45188 cumulative IPC: 0.32739 (Simulation time: 0 hr 4 min 20 sec) 
Heartbeat CPU  0 instructions:  183000002 cycles:  431983343 heartbeat IPC: 0.29553 cumulative IPC: 0.32712 (Simulation time: 0 hr 4 min 21 sec) 
Heartbeat CPU  0 instructions:  184000000 cycles:  435316792 heartbeat IPC: 0.29999 cumulative IPC: 0.32690 (Simulation time: 0 hr 4 min 23 sec) 
Heartbeat CPU  0 instructions:  185000002 cycles:  438671380 heartbeat IPC: 0.29810 cumulative IPC: 0.32667 (Simulation time: 0 hr 4 min 24 sec) 
Heartbeat CPU  0 instructions:  186000000 cycles:  442157037 heartbeat IPC: 0.28689 cumulative IPC: 0.32633 (Simulation time: 0 hr 4 min 26 sec) 
Heartbeat CPU  0 instructions:  187000001 cycles:  445730215 heartbeat IPC: 0.27986 cumulative IPC: 0.32594 (Simulation time: 0 hr 4 min 28 sec) 
Heartbeat CPU  0 instructions:  188000000 cycles:  449290071 heartbeat IPC: 0.28091 cumulative IPC: 0.32556 (Simulation time: 0 hr 4 min 29 sec) 
Heartbeat CPU  0 instructions:  189000001 cycles:  453030072 heartbeat IPC: 0.26738 cumulative IPC: 0.32505 (Simulation time: 0 hr 4 min 31 sec) 
Heartbeat CPU  0 instructions:  190000002 cycles:  456261457 heartbeat IPC: 0.30947 cumulative IPC: 0.32493 (Simulation time: 0 hr 4 min 33 sec) 
Heartbeat CPU  0 instructions:  191000002 cycles:  458879408 heartbeat IPC: 0.38198 cumulative IPC: 0.32528 (Simulation time: 0 hr 4 min 34 sec) 
Heartbeat CPU  0 instructions:  192000000 cycles:  460197287 heartbeat IPC: 0.75879 cumulative IPC: 0.32659 (Simulation time: 0 hr 4 min 35 sec) 
Heartbeat CPU  0 instructions:  193000001 cycles:  463574929 heartbeat IPC: 0.29606 cumulative IPC: 0.32636 (Simulation time: 0 hr 4 min 37 sec) 
Heartbeat CPU  0 instructions:  194000003 cycles:  466361568 heartbeat IPC: 0.35886 cumulative IPC: 0.32656 (Simulation time: 0 hr 4 min 39 sec) 
Heartbeat CPU  0 instructions:  195000001 cycles:  468357500 heartbeat IPC: 0.50102 cumulative IPC: 0.32735 (Simulation time: 0 hr 4 min 40 sec) 
Heartbeat CPU  0 instructions:  196000000 cycles:  471032902 heartbeat IPC: 0.37378 cumulative IPC: 0.32763 (Simulation time: 0 hr 4 min 41 sec) 
Heartbeat CPU  0 instructions:  197000001 cycles:  474459511 heartbeat IPC: 0.29183 cumulative IPC: 0.32735 (Simulation time: 0 hr 4 min 43 sec) 
Heartbeat CPU  0 instructions:  198000003 cycles:  477988118 heartbeat IPC: 0.28340 cumulative IPC: 0.32701 (Simulation time: 0 hr 4 min 45 sec) 
Heartbeat CPU  0 instructions:  199000000 cycles:  481483714 heartbeat IPC: 0.28607 cumulative IPC: 0.32670 (Simulation time: 0 hr 4 min 46 sec) 
*** Reached end of trace for Core: 0 Repeating trace: /data3/NUTCH/traces/nutch_phase3_core0.trace.xz
Heartbeat CPU  0 instructions:  200000000 cycles:  485001628 heartbeat IPC: 0.28426 cumulative IPC: 0.32637 (Simulation time: 0 hr 4 min 48 sec) 
Finished CPU 0 instructions: 150000001 cycles: 459596921 cumulative IPC: 0.32637 (Simulation time: 0 hr 4 min 48 sec) 

ChampSim completed all CPUs

[ROI Statistics]
Core_0_instructions 150000001
Core_0_cycles 459596921
Core_0_IPC 0.32637

Core_0_branch_prediction_accuracy 95.62160
Core_0_branch_MPKI 7.38279
Core_0_average_ROB_occupancy_at_mispredict 95.46823

Core_0_L1D_total_access 29466754
Core_0_L1D_total_hit 28421728
Core_0_L1D_total_miss 1045026
Core_0_L1D_loads 16372973
Core_0_L1D_load_hit 15576467
Core_0_L1D_load_miss 796506
Core_0_L1D_RFOs 13093781
Core_0_L1D_RFO_hit 12845261
Core_0_L1D_RFO_miss 248520
Core_0_L1D_prefetches 0
Core_0_L1D_prefetch_hit 0
Core_0_L1D_prefetch_miss 0
Core_0_L1D_writebacks 0
Core_0_L1D_writeback_hit 0
Core_0_L1D_writeback_miss 0
Core_0_L1D_prefetch_requested 0
Core_0_L1D_prefetch_dropped 0
Core_0_L1D_prefetch_issued 0
Core_0_L1D_prefetch_filled 0
Core_0_L1D_prefetch_useful 0
Core_0_L1D_prefetch_useless 0
Core_0_L1D_prefetch_late 0
Core_0_L1D_average_miss_latency 112.37174

Core_0_L1D_rq_access 26116911
Core_0_L1D_rq_forward 0
Core_0_L1D_rq_merged 9618798
Core_0_L1D_rq_to_cache 16496787
Core_0_L1D_rq_full 0

Core_0_L1D_wq_access 14371774
Core_0_L1D_wq_forward 1326
Core_0_L1D_wq_merged 362120
Core_0_L1D_wq_to_cache 14009654
Core_0_L1D_wq_full 32565

Core_0_L1D_pq_access 0
Core_0_L1D_pq_forward 0
Core_0_L1D_pq_merged 0
Core_0_L1D_pq_to_cache 0
Core_0_L1D_pq_full 0

Core_0_L1D_acc_epochs 189917
Core_0_L1D_acc_level_0 189917
Core_0_L1D_acc_level_1 0
Core_0_L1D_acc_level_2 0
Core_0_L1D_acc_level_3 0
Core_0_L1D_acc_level_4 0
Core_0_L1D_acc_level_5 0
Core_0_L1D_acc_level_6 0
Core_0_L1D_acc_level_7 0
Core_0_L1D_acc_level_8 0
Core_0_L1D_acc_level_9 0

Core_0_L1I_total_access 27815380
Core_0_L1I_total_hit 26630269
Core_0_L1I_total_miss 1185111
Core_0_L1I_loads 27815380
Core_0_L1I_load_hit 26630269
Core_0_L1I_load_miss 1185111
Core_0_L1I_RFOs 0
Core_0_L1I_RFO_hit 0
Core_0_L1I_RFO_miss 0
Core_0_L1I_prefetches 0
Core_0_L1I_prefetch_hit 0
Core_0_L1I_prefetch_miss 0
Core_0_L1I_writebacks 0
Core_0_L1I_writeback_hit 0
Core_0_L1I_writeback_miss 0
Core_0_L1I_prefetch_requested 0
Core_0_L1I_prefetch_dropped 0
Core_0_L1I_prefetch_issued 0
Core_0_L1I_prefetch_filled 0
Core_0_L1I_prefetch_useful 0
Core_0_L1I_prefetch_useless 0
Core_0_L1I_prefetch_late 0
Core_0_L1I_average_miss_latency 75.98664

Core_0_L1I_rq_access 150000128
Core_0_L1I_rq_forward 0
Core_0_L1I_rq_merged 121499079
Core_0_L1I_rq_to_cache 28501049
Core_0_L1I_rq_full 0

Core_0_L1I_wq_access 0
Core_0_L1I_wq_forward 0
Core_0_L1I_wq_merged 0
Core_0_L1I_wq_to_cache 0
Core_0_L1I_wq_full 0

Core_0_L1I_pq_access 0
Core_0_L1I_pq_forward 0
Core_0_L1I_pq_merged 0
Core_0_L1I_pq_to_cache 0
Core_0_L1I_pq_full 0

Core_0_L1I_acc_epochs 189917
Core_0_L1I_acc_level_0 189917
Core_0_L1I_acc_level_1 0
Core_0_L1I_acc_level_2 0
Core_0_L1I_acc_level_3 0
Core_0_L1I_acc_level_4 0
Core_0_L1I_acc_level_5 0
Core_0_L1I_acc_level_6 0
Core_0_L1I_acc_level_7 0
Core_0_L1I_acc_level_8 0
Core_0_L1I_acc_level_9 0

Core_0_L2C_total_access 2792136
Core_0_L2C_total_hit 2187678
Core_0_L2C_total_miss 604458
Core_0_L2C_loads 1981538
Core_0_L2C_load_hit 1450009
Core_0_L2C_load_miss 531529
Core_0_L2C_RFOs 248302
Core_0_L2C_RFO_hit 179371
Core_0_L2C_RFO_miss 68931
Core_0_L2C_prefetches 0
Core_0_L2C_prefetch_hit 0
Core_0_L2C_prefetch_miss 0
Core_0_L2C_writebacks 562296
Core_0_L2C_writeback_hit 558298
Core_0_L2C_writeback_miss 3998
Core_0_L2C_prefetch_requested 0
Core_0_L2C_prefetch_dropped 0
Core_0_L2C_prefetch_issued 0
Core_0_L2C_prefetch_filled 0
Core_0_L2C_prefetch_useful 0
Core_0_L2C_prefetch_useless 0
Core_0_L2C_prefetch_late 0
Core_0_L2C_average_miss_latency 148.56977

Core_0_L2C_rq_access 2230137
Core_0_L2C_rq_forward 0
Core_0_L2C_rq_merged 0
Core_0_L2C_rq_to_cache 2229840
Core_0_L2C_rq_full 0

Core_0_L2C_wq_access 562296
Core_0_L2C_wq_forward 297
Core_0_L2C_wq_merged 0
Core_0_L2C_wq_to_cache 562296
Core_0_L2C_wq_full 0

Core_0_L2C_pq_access 0
Core_0_L2C_pq_forward 0
Core_0_L2C_pq_merged 0
Core_0_L2C_pq_to_cache 0
Core_0_L2C_pq_full 0

Core_0_L2C_acc_epochs 189917
Core_0_L2C_acc_level_0 189917
Core_0_L2C_acc_level_1 0
Core_0_L2C_acc_level_2 0
Core_0_L2C_acc_level_3 0
Core_0_L2C_acc_level_4 0
Core_0_L2C_acc_level_5 0
Core_0_L2C_acc_level_6 0
Core_0_L2C_acc_level_7 0
Core_0_L2C_acc_level_8 0
Core_0_L2C_acc_level_9 0

Core_0_LLC_total_access 896488
Core_0_LLC_total_hit 330600
Core_0_LLC_total_miss 565888
Core_0_LLC_loads 531527
Core_0_LLC_load_hit 205582
Core_0_LLC_load_miss 325945
Core_0_LLC_RFOs 68918
Core_0_LLC_RFO_hit 15267
Core_0_LLC_RFO_miss 53651
Core_0_LLC_prefetches 0
Core_0_LLC_prefetch_hit 0
Core_0_LLC_prefetch_miss 0
Core_0_LLC_writebacks 296043
Core_0_LLC_writeback_hit 109751
Core_0_LLC_writeback_miss 186292
Core_0_LLC_prefetch_requested 0
Core_0_LLC_prefetch_dropped 0
Core_0_LLC_prefetch_issued 0
Core_0_LLC_prefetch_filled 0
Core_0_LLC_prefetch_useful 0
Core_0_LLC_prefetch_useless 0
Core_0_LLC_prefetch_late 0
Core_0_LLC_average_miss_latency 111.74702

Core_0_LLC_rq_access 600460
Core_0_LLC_rq_forward 0
Core_0_LLC_rq_merged 0
Core_0_LLC_rq_to_cache 600445
Core_0_LLC_rq_full 0

Core_0_LLC_wq_access 296043
Core_0_LLC_wq_forward 15
Core_0_LLC_wq_merged 0
Core_0_LLC_wq_to_cache 296043
Core_0_LLC_wq_full 0

Core_0_LLC_pq_access 0
Core_0_LLC_pq_forward 0
Core_0_LLC_pq_merged 0
Core_0_LLC_pq_to_cache 0
Core_0_LLC_pq_full 0

Core_0_LLC_acc_epochs 473635
Core_0_LLC_acc_level_0 473635
Core_0_LLC_acc_level_1 0
Core_0_LLC_acc_level_2 0
Core_0_LLC_acc_level_3 0
Core_0_LLC_acc_level_4 0
Core_0_LLC_acc_level_5 0
Core_0_LLC_acc_level_6 0
Core_0_LLC_acc_level_7 0
Core_0_LLC_acc_level_8 0
Core_0_LLC_acc_level_9 0

Core_0_major_page_fault 0
Core_0_minor_page_fault 7416

Channel_0_RQ_row_buffer_hit 121979
Channel_0_RQ_row_buffer_miss 257612
Channel_0_WQ_row_buffer_hit 25891
Channel_0_WQ_row_buffer_miss 235528
Channel_0_WQ_full 97
Channel_0_dbus_congested 135719

avg_congested_cycle 11

DRAM_bw_pochs 1894538
DRAM_bw_level_0 1874574
DRAM_bw_level_1 14736
DRAM_bw_level_2 3615
DRAM_bw_level_3 1613
