*************************************************
   ChampSim Multicore Out-of-Order Simulator
   Last compiled: Apr  2 2025 11:26:00
*************************************************
parsing config file: /data3/config/nopref.ini

trace_0 /data3/NUTCH/traces/nutch_phase5_core0.trace.xz
adding L2C_PREFETCHER: NONE
Initialize SHIP state
warmup_instructions 50000000
simulation_instructions 150000000
champsim_seed 1791
measure_ipc 0
measure_ipc_epoch 1000
measure_dram_bw 1
measure_dram_bw_epoch 256
measure_cache_acc 1
measure_cache_acc_epoch 1024
l1d_perfect 0
l2c_perfect 0
llc_perfect 0
l1d_semi_perfect 0
l2c_semi_perfect 0
llc_semi_perfect 0
semi_perfect_cache_page_buffer_size 64

num_cpus 1
cpu_freq 4000
dram_io_freq 2400
page_size 4096
block_size 64
max_read_per_cycle 8
max_fill_per_cycle 1
dram_channels 1
log2_dram_channels 0
dram_ranks 1
dram_banks 8
dram_rows 65536
dram_columns 128
dram_row_size 8
dram_size 4096
dram_pages 1048576

fetch_width 6
decode_width 6
exec_width 4
lq_width 2
sq_width 2
retire_width 4
scheduler_size 128
branch_mispredict_penalty 20
rob_size 256
lq_size 72
sq_size 56
num_instr_destinations_sparc 4
num_instr_destinations 2
num_instr_sources 4

itlb_set 16
itlb_way 8
itlb_rq_size 16
itlb_wq_size 16
itlb_pq_size 0
itlb_mshr_size 8
itlb_latency 1

dtlb_set 16
dtlb_way 4
dtlb_rq_size 16
dtlb_wq_size 16
dtlb_pq_size 0
dtlb_mshr_size 8
dtlb_latency 1

stlb_set 128
stlb_way 12
stlb_rq_size 32
stlb_wq_size 32
stlb_pq_size 0
stlb_mshr_size 16
stlb_latency 8

l1i_size 32
l1i_set 64
l1i_way 8
l1i_rq_size 64
l1i_wq_size 64
l1i_pq_size 8
l1i_mshr_size 8
l1i_latency 1

l1d_size 32
l1d_set 64
l1d_way 8
l1d_rq_size 64
l1d_wq_size 64
l1d_pq_size 8
l1d_mshr_size 16
l1d_latency 4

l2c_size 256
l2c_set 512
l2c_way 8
l2c_rq_size 32
l2c_wq_size 32
l2c_pq_size 32
l2c_mshr_size 32
l2c_latency 10

llc_size 2048
llc_set 2048
llc_way 16
llc_rq_size 32
llc_wq_size 32
llc_pq_size 32
llc_mshr_size 64
llc_latency 20

dram_channel_width 8
dram_wq_size 64
dram_rq_size 64
tRP 15
tRCD 15
tCAS 12.5
dram_dbus_turn_around_time 30
dram_write_high_wm 56
dram_write_low_wm 48
min_dram_writes_per_switch 16
dram_mtps 2400
dram_dbus_return_time 13


Heartbeat CPU  0 instructions:    1000000 cycles:     598906 heartbeat IPC: 1.66971 cumulative IPC: 1.66971 (Simulation time: 0 hr 0 min 1 sec) 
Heartbeat CPU  0 instructions:    2000002 cycles:    1197783 heartbeat IPC: 1.66980 cumulative IPC: 1.66975 (Simulation time: 0 hr 0 min 2 sec) 
Heartbeat CPU  0 instructions:    3000002 cycles:    1796654 heartbeat IPC: 1.66981 cumulative IPC: 1.66977 (Simulation time: 0 hr 0 min 3 sec) 
Heartbeat CPU  0 instructions:    4000000 cycles:    2395526 heartbeat IPC: 1.66980 cumulative IPC: 1.66978 (Simulation time: 0 hr 0 min 4 sec) 
Heartbeat CPU  0 instructions:    5000001 cycles:    2994399 heartbeat IPC: 1.66980 cumulative IPC: 1.66978 (Simulation time: 0 hr 0 min 5 sec) 
Heartbeat CPU  0 instructions:    6000002 cycles:    3593270 heartbeat IPC: 1.66981 cumulative IPC: 1.66979 (Simulation time: 0 hr 0 min 6 sec) 
Heartbeat CPU  0 instructions:    7000002 cycles:    4192148 heartbeat IPC: 1.66979 cumulative IPC: 1.66979 (Simulation time: 0 hr 0 min 8 sec) 
Heartbeat CPU  0 instructions:    8000000 cycles:    4791018 heartbeat IPC: 1.66981 cumulative IPC: 1.66979 (Simulation time: 0 hr 0 min 9 sec) 
Heartbeat CPU  0 instructions:    9000001 cycles:    5389896 heartbeat IPC: 1.66979 cumulative IPC: 1.66979 (Simulation time: 0 hr 0 min 10 sec) 
Heartbeat CPU  0 instructions:   10000000 cycles:    5988765 heartbeat IPC: 1.66981 cumulative IPC: 1.66979 (Simulation time: 0 hr 0 min 11 sec) 
Heartbeat CPU  0 instructions:   11000000 cycles:    6587639 heartbeat IPC: 1.66980 cumulative IPC: 1.66979 (Simulation time: 0 hr 0 min 12 sec) 
Heartbeat CPU  0 instructions:   12000000 cycles:    7186512 heartbeat IPC: 1.66980 cumulative IPC: 1.66979 (Simulation time: 0 hr 0 min 13 sec) 
Heartbeat CPU  0 instructions:   13000003 cycles:    7791499 heartbeat IPC: 1.65293 cumulative IPC: 1.66849 (Simulation time: 0 hr 0 min 14 sec) 
Heartbeat CPU  0 instructions:   14000000 cycles:    8390369 heartbeat IPC: 1.66981 cumulative IPC: 1.66858 (Simulation time: 0 hr 0 min 15 sec) 
Heartbeat CPU  0 instructions:   15000000 cycles:    8989246 heartbeat IPC: 1.66979 cumulative IPC: 1.66866 (Simulation time: 0 hr 0 min 17 sec) 
Heartbeat CPU  0 instructions:   16000000 cycles:    9588119 heartbeat IPC: 1.66980 cumulative IPC: 1.66873 (Simulation time: 0 hr 0 min 18 sec) 
Heartbeat CPU  0 instructions:   17000003 cycles:   10186990 heartbeat IPC: 1.66981 cumulative IPC: 1.66880 (Simulation time: 0 hr 0 min 19 sec) 
Heartbeat CPU  0 instructions:   18000000 cycles:   10785859 heartbeat IPC: 1.66981 cumulative IPC: 1.66885 (Simulation time: 0 hr 0 min 20 sec) 
Heartbeat CPU  0 instructions:   19000003 cycles:   11384734 heartbeat IPC: 1.66980 cumulative IPC: 1.66890 (Simulation time: 0 hr 0 min 21 sec) 
Heartbeat CPU  0 instructions:   20000000 cycles:   11983606 heartbeat IPC: 1.66980 cumulative IPC: 1.66895 (Simulation time: 0 hr 0 min 22 sec) 
Heartbeat CPU  0 instructions:   21000000 cycles:   12582481 heartbeat IPC: 1.66980 cumulative IPC: 1.66899 (Simulation time: 0 hr 0 min 23 sec) 
Heartbeat CPU  0 instructions:   22000001 cycles:   13181354 heartbeat IPC: 1.66980 cumulative IPC: 1.66902 (Simulation time: 0 hr 0 min 24 sec) 
Heartbeat CPU  0 instructions:   23000003 cycles:   13780227 heartbeat IPC: 1.66981 cumulative IPC: 1.66906 (Simulation time: 0 hr 0 min 25 sec) 
Heartbeat CPU  0 instructions:   24000000 cycles:   14379098 heartbeat IPC: 1.66980 cumulative IPC: 1.66909 (Simulation time: 0 hr 0 min 27 sec) 
Heartbeat CPU  0 instructions:   25000000 cycles:   14977970 heartbeat IPC: 1.66981 cumulative IPC: 1.66912 (Simulation time: 0 hr 0 min 28 sec) 
Heartbeat CPU  0 instructions:   26000000 cycles:   15576846 heartbeat IPC: 1.66979 cumulative IPC: 1.66914 (Simulation time: 0 hr 0 min 29 sec) 
Heartbeat CPU  0 instructions:   27000000 cycles:   16175716 heartbeat IPC: 1.66981 cumulative IPC: 1.66917 (Simulation time: 0 hr 0 min 30 sec) 
Heartbeat CPU  0 instructions:   28000000 cycles:   16774591 heartbeat IPC: 1.66980 cumulative IPC: 1.66919 (Simulation time: 0 hr 0 min 31 sec) 
Heartbeat CPU  0 instructions:   29000002 cycles:   17373467 heartbeat IPC: 1.66980 cumulative IPC: 1.66921 (Simulation time: 0 hr 0 min 32 sec) 
Heartbeat CPU  0 instructions:   30000000 cycles:   17972340 heartbeat IPC: 1.66980 cumulative IPC: 1.66923 (Simulation time: 0 hr 0 min 33 sec) 
Heartbeat CPU  0 instructions:   31000001 cycles:   18571213 heartbeat IPC: 1.66980 cumulative IPC: 1.66925 (Simulation time: 0 hr 0 min 34 sec) 
Heartbeat CPU  0 instructions:   32000000 cycles:   19170083 heartbeat IPC: 1.66981 cumulative IPC: 1.66927 (Simulation time: 0 hr 0 min 35 sec) 
Heartbeat CPU  0 instructions:   33000001 cycles:   19779089 heartbeat IPC: 1.64202 cumulative IPC: 1.66843 (Simulation time: 0 hr 0 min 36 sec) 
Heartbeat CPU  0 instructions:   34000001 cycles:   20378350 heartbeat IPC: 1.66872 cumulative IPC: 1.66844 (Simulation time: 0 hr 0 min 38 sec) 
Heartbeat CPU  0 instructions:   35000000 cycles:   20977601 heartbeat IPC: 1.66875 cumulative IPC: 1.66845 (Simulation time: 0 hr 0 min 39 sec) 
Heartbeat CPU  0 instructions:   36000000 cycles:   21576861 heartbeat IPC: 1.66872 cumulative IPC: 1.66845 (Simulation time: 0 hr 0 min 40 sec) 
Heartbeat CPU  0 instructions:   37000000 cycles:   22176120 heartbeat IPC: 1.66873 cumulative IPC: 1.66846 (Simulation time: 0 hr 0 min 41 sec) 
Heartbeat CPU  0 instructions:   38000000 cycles:   22775381 heartbeat IPC: 1.66872 cumulative IPC: 1.66847 (Simulation time: 0 hr 0 min 42 sec) 
Heartbeat CPU  0 instructions:   39000002 cycles:   23374633 heartbeat IPC: 1.66875 cumulative IPC: 1.66848 (Simulation time: 0 hr 0 min 43 sec) 
Heartbeat CPU  0 instructions:   40000000 cycles:   23973890 heartbeat IPC: 1.66873 cumulative IPC: 1.66848 (Simulation time: 0 hr 0 min 44 sec) 
Heartbeat CPU  0 instructions:   41000001 cycles:   24573150 heartbeat IPC: 1.66873 cumulative IPC: 1.66849 (Simulation time: 0 hr 0 min 45 sec) 
Heartbeat CPU  0 instructions:   42000001 cycles:   25172408 heartbeat IPC: 1.66873 cumulative IPC: 1.66849 (Simulation time: 0 hr 0 min 46 sec) 
Heartbeat CPU  0 instructions:   43000002 cycles:   25771666 heartbeat IPC: 1.66873 cumulative IPC: 1.66850 (Simulation time: 0 hr 0 min 47 sec) 
Heartbeat CPU  0 instructions:   44000000 cycles:   26370923 heartbeat IPC: 1.66873 cumulative IPC: 1.66850 (Simulation time: 0 hr 0 min 49 sec) 
Heartbeat CPU  0 instructions:   45000002 cycles:   26970184 heartbeat IPC: 1.66873 cumulative IPC: 1.66851 (Simulation time: 0 hr 0 min 50 sec) 
Heartbeat CPU  0 instructions:   46000001 cycles:   27569441 heartbeat IPC: 1.66873 cumulative IPC: 1.66851 (Simulation time: 0 hr 0 min 51 sec) 
Heartbeat CPU  0 instructions:   47000003 cycles:   28168702 heartbeat IPC: 1.66873 cumulative IPC: 1.66852 (Simulation time: 0 hr 0 min 52 sec) 
Heartbeat CPU  0 instructions:   48000000 cycles:   28767956 heartbeat IPC: 1.66874 cumulative IPC: 1.66852 (Simulation time: 0 hr 0 min 53 sec) 
Heartbeat CPU  0 instructions:   49000002 cycles:   29367209 heartbeat IPC: 1.66875 cumulative IPC: 1.66853 (Simulation time: 0 hr 0 min 54 sec) 
Heartbeat CPU  0 instructions:   50000002 cycles:   29966465 heartbeat IPC: 1.66874 cumulative IPC: 1.66853 (Simulation time: 0 hr 0 min 56 sec) 

Warmup complete CPU  0 instructions:   50000002 cycles:   29966465 (Simulation time: 0 hr 0 min 56 sec) 

Heartbeat CPU  0 instructions:   51000003 cycles:   30616517 heartbeat IPC: 1.53834 cumulative IPC: 1.53834 (Simulation time: 0 hr 0 min 57 sec) 
Heartbeat CPU  0 instructions:   52000000 cycles:   31266479 heartbeat IPC: 1.53855 cumulative IPC: 1.53844 (Simulation time: 0 hr 0 min 59 sec) 
Heartbeat CPU  0 instructions:   53000000 cycles:   32441575 heartbeat IPC: 0.85099 cumulative IPC: 1.21207 (Simulation time: 0 hr 1 min 0 sec) 
Heartbeat CPU  0 instructions:   54000003 cycles:   33334333 heartbeat IPC: 1.12013 cumulative IPC: 1.18770 (Simulation time: 0 hr 1 min 2 sec) 
Heartbeat CPU  0 instructions:   55000001 cycles:   33986234 heartbeat IPC: 1.53397 cumulative IPC: 1.24385 (Simulation time: 0 hr 1 min 4 sec) 
Heartbeat CPU  0 instructions:   56000000 cycles:   34638240 heartbeat IPC: 1.53373 cumulative IPC: 1.28431 (Simulation time: 0 hr 1 min 5 sec) 
Heartbeat CPU  0 instructions:   57000001 cycles:   35290276 heartbeat IPC: 1.53366 cumulative IPC: 1.31485 (Simulation time: 0 hr 1 min 7 sec) 
Heartbeat CPU  0 instructions:   58000001 cycles:   35942223 heartbeat IPC: 1.53387 cumulative IPC: 1.33874 (Simulation time: 0 hr 1 min 9 sec) 
Heartbeat CPU  0 instructions:   59000000 cycles:   36594217 heartbeat IPC: 1.53375 cumulative IPC: 1.35793 (Simulation time: 0 hr 1 min 10 sec) 
Heartbeat CPU  0 instructions:   60000000 cycles:   37246173 heartbeat IPC: 1.53385 cumulative IPC: 1.37368 (Simulation time: 0 hr 1 min 12 sec) 
Heartbeat CPU  0 instructions:   61000001 cycles:   37975498 heartbeat IPC: 1.37113 cumulative IPC: 1.37345 (Simulation time: 0 hr 1 min 13 sec) 
Heartbeat CPU  0 instructions:   62000001 cycles:   38627978 heartbeat IPC: 1.53261 cumulative IPC: 1.38544 (Simulation time: 0 hr 1 min 15 sec) 
Heartbeat CPU  0 instructions:   63000003 cycles:   39280425 heartbeat IPC: 1.53269 cumulative IPC: 1.39575 (Simulation time: 0 hr 1 min 17 sec) 
Heartbeat CPU  0 instructions:   64000000 cycles:   39932954 heartbeat IPC: 1.53249 cumulative IPC: 1.40471 (Simulation time: 0 hr 1 min 18 sec) 
Heartbeat CPU  0 instructions:   65000000 cycles:   40585481 heartbeat IPC: 1.53250 cumulative IPC: 1.41256 (Simulation time: 0 hr 1 min 20 sec) 
Heartbeat CPU  0 instructions:   66000003 cycles:   41238016 heartbeat IPC: 1.53249 cumulative IPC: 1.41950 (Simulation time: 0 hr 1 min 22 sec) 
Heartbeat CPU  0 instructions:   67000002 cycles:   41890486 heartbeat IPC: 1.53264 cumulative IPC: 1.42569 (Simulation time: 0 hr 1 min 23 sec) 
Heartbeat CPU  0 instructions:   68000000 cycles:   42542981 heartbeat IPC: 1.53258 cumulative IPC: 1.43124 (Simulation time: 0 hr 1 min 25 sec) 
Heartbeat CPU  0 instructions:   69000002 cycles:   43195500 heartbeat IPC: 1.53253 cumulative IPC: 1.43623 (Simulation time: 0 hr 1 min 26 sec) 
Heartbeat CPU  0 instructions:   70000002 cycles:   45557514 heartbeat IPC: 0.42337 cumulative IPC: 1.28279 (Simulation time: 0 hr 1 min 28 sec) 
Heartbeat CPU  0 instructions:   71000000 cycles:   47442627 heartbeat IPC: 0.53047 cumulative IPC: 1.20164 (Simulation time: 0 hr 1 min 30 sec) 
Heartbeat CPU  0 instructions:   72000000 cycles:   50867645 heartbeat IPC: 0.29197 cumulative IPC: 1.05257 (Simulation time: 0 hr 1 min 31 sec) 
Heartbeat CPU  0 instructions:   73000002 cycles:   54029277 heartbeat IPC: 0.31629 cumulative IPC: 0.95583 (Simulation time: 0 hr 1 min 33 sec) 
Heartbeat CPU  0 instructions:   74000001 cycles:   56182855 heartbeat IPC: 0.46434 cumulative IPC: 0.91546 (Simulation time: 0 hr 1 min 35 sec) 
Heartbeat CPU  0 instructions:   75000000 cycles:   58306555 heartbeat IPC: 0.47088 cumulative IPC: 0.88214 (Simulation time: 0 hr 1 min 36 sec) 
Heartbeat CPU  0 instructions:   76000000 cycles:   60398021 heartbeat IPC: 0.47813 cumulative IPC: 0.85438 (Simulation time: 0 hr 1 min 38 sec) 
Heartbeat CPU  0 instructions:   77000000 cycles:   62940579 heartbeat IPC: 0.39330 cumulative IPC: 0.81882 (Simulation time: 0 hr 1 min 40 sec) 
Heartbeat CPU  0 instructions:   78000000 cycles:   65995519 heartbeat IPC: 0.32734 cumulative IPC: 0.77715 (Simulation time: 0 hr 1 min 41 sec) 
Heartbeat CPU  0 instructions:   79000002 cycles:   68783684 heartbeat IPC: 0.35866 cumulative IPC: 0.74709 (Simulation time: 0 hr 1 min 43 sec) 
Heartbeat CPU  0 instructions:   80000000 cycles:   70555301 heartbeat IPC: 0.56445 cumulative IPC: 0.73912 (Simulation time: 0 hr 1 min 44 sec) 
Heartbeat CPU  0 instructions:   81000002 cycles:   73827559 heartbeat IPC: 0.30560 cumulative IPC: 0.70678 (Simulation time: 0 hr 1 min 46 sec) 
Heartbeat CPU  0 instructions:   82000000 cycles:   77400499 heartbeat IPC: 0.27988 cumulative IPC: 0.67462 (Simulation time: 0 hr 1 min 48 sec) 
Heartbeat CPU  0 instructions:   83000000 cycles:   80977488 heartbeat IPC: 0.27956 cumulative IPC: 0.64692 (Simulation time: 0 hr 1 min 49 sec) 
Heartbeat CPU  0 instructions:   84000000 cycles:   84574637 heartbeat IPC: 0.27800 cumulative IPC: 0.62262 (Simulation time: 0 hr 1 min 51 sec) 
Heartbeat CPU  0 instructions:   85000000 cycles:   88097976 heartbeat IPC: 0.28382 cumulative IPC: 0.60208 (Simulation time: 0 hr 1 min 53 sec) 
Heartbeat CPU  0 instructions:   86000002 cycles:   91212977 heartbeat IPC: 0.32103 cumulative IPC: 0.58779 (Simulation time: 0 hr 1 min 55 sec) 
Heartbeat CPU  0 instructions:   87000003 cycles:   94077120 heartbeat IPC: 0.34914 cumulative IPC: 0.57713 (Simulation time: 0 hr 1 min 56 sec) 
Heartbeat CPU  0 instructions:   88000000 cycles:   97370053 heartbeat IPC: 0.30368 cumulative IPC: 0.56377 (Simulation time: 0 hr 1 min 58 sec) 
Heartbeat CPU  0 instructions:   89000000 cycles:  100552569 heartbeat IPC: 0.31422 cumulative IPC: 0.55252 (Simulation time: 0 hr 2 min 0 sec) 
Heartbeat CPU  0 instructions:   90000002 cycles:  103193121 heartbeat IPC: 0.37871 cumulative IPC: 0.54625 (Simulation time: 0 hr 2 min 1 sec) 
Heartbeat CPU  0 instructions:   91000000 cycles:  104776192 heartbeat IPC: 0.63168 cumulative IPC: 0.54806 (Simulation time: 0 hr 2 min 3 sec) 
Heartbeat CPU  0 instructions:   92000000 cycles:  105921375 heartbeat IPC: 0.87322 cumulative IPC: 0.55296 (Simulation time: 0 hr 2 min 4 sec) 
Heartbeat CPU  0 instructions:   93000003 cycles:  109365635 heartbeat IPC: 0.29034 cumulative IPC: 0.54157 (Simulation time: 0 hr 2 min 6 sec) 
Heartbeat CPU  0 instructions:   94000000 cycles:  112670123 heartbeat IPC: 0.30262 cumulative IPC: 0.53202 (Simulation time: 0 hr 2 min 8 sec) 
Heartbeat CPU  0 instructions:   95000001 cycles:  116002211 heartbeat IPC: 0.30011 cumulative IPC: 0.52304 (Simulation time: 0 hr 2 min 9 sec) 
Heartbeat CPU  0 instructions:   96000000 cycles:  119383201 heartbeat IPC: 0.29577 cumulative IPC: 0.51445 (Simulation time: 0 hr 2 min 11 sec) 
Heartbeat CPU  0 instructions:   97000001 cycles:  122969872 heartbeat IPC: 0.27881 cumulative IPC: 0.50536 (Simulation time: 0 hr 2 min 13 sec) 
Heartbeat CPU  0 instructions:   98000002 cycles:  125249329 heartbeat IPC: 0.43870 cumulative IPC: 0.50376 (Simulation time: 0 hr 2 min 15 sec) 
Heartbeat CPU  0 instructions:   99000002 cycles:  128633363 heartbeat IPC: 0.29551 cumulative IPC: 0.49662 (Simulation time: 0 hr 2 min 16 sec) 
*** Reached end of trace for Core: 0 Repeating trace: /data3/NUTCH/traces/nutch_phase5_core0.trace.xz
Heartbeat CPU  0 instructions:  100000000 cycles:  132020437 heartbeat IPC: 0.29524 cumulative IPC: 0.48994 (Simulation time: 0 hr 2 min 18 sec) 
Heartbeat CPU  0 instructions:  101000000 cycles:  132679635 heartbeat IPC: 1.51699 cumulative IPC: 0.49653 (Simulation time: 0 hr 2 min 20 sec) 
Heartbeat CPU  0 instructions:  102000001 cycles:  133336502 heartbeat IPC: 1.52238 cumulative IPC: 0.50305 (Simulation time: 0 hr 2 min 21 sec) 
Heartbeat CPU  0 instructions:  103000000 cycles:  133993335 heartbeat IPC: 1.52246 cumulative IPC: 0.50948 (Simulation time: 0 hr 2 min 23 sec) 
Heartbeat CPU  0 instructions:  104000000 cycles:  134650153 heartbeat IPC: 1.52249 cumulative IPC: 0.51584 (Simulation time: 0 hr 2 min 25 sec) 
Heartbeat CPU  0 instructions:  105000000 cycles:  135307072 heartbeat IPC: 1.52226 cumulative IPC: 0.52212 (Simulation time: 0 hr 2 min 26 sec) 
Heartbeat CPU  0 instructions:  106000003 cycles:  135963963 heartbeat IPC: 1.52233 cumulative IPC: 0.52831 (Simulation time: 0 hr 2 min 28 sec) 
Heartbeat CPU  0 instructions:  107000001 cycles:  136620803 heartbeat IPC: 1.52244 cumulative IPC: 0.53444 (Simulation time: 0 hr 2 min 29 sec) 
Heartbeat CPU  0 instructions:  108000000 cycles:  137277723 heartbeat IPC: 1.52225 cumulative IPC: 0.54048 (Simulation time: 0 hr 2 min 31 sec) 
Heartbeat CPU  0 instructions:  109000002 cycles:  137934631 heartbeat IPC: 1.52229 cumulative IPC: 0.54646 (Simulation time: 0 hr 2 min 33 sec) 
Heartbeat CPU  0 instructions:  110000001 cycles:  138591596 heartbeat IPC: 1.52215 cumulative IPC: 0.55236 (Simulation time: 0 hr 2 min 34 sec) 
Heartbeat CPU  0 instructions:  111000000 cycles:  139248408 heartbeat IPC: 1.52250 cumulative IPC: 0.55819 (Simulation time: 0 hr 2 min 36 sec) 
Heartbeat CPU  0 instructions:  112000000 cycles:  139905211 heartbeat IPC: 1.52253 cumulative IPC: 0.56395 (Simulation time: 0 hr 2 min 37 sec) 
Heartbeat CPU  0 instructions:  113000002 cycles:  140620942 heartbeat IPC: 1.39718 cumulative IPC: 0.56934 (Simulation time: 0 hr 2 min 39 sec) 
Heartbeat CPU  0 instructions:  114000001 cycles:  141270944 heartbeat IPC: 1.53846 cumulative IPC: 0.57500 (Simulation time: 0 hr 2 min 41 sec) 
Heartbeat CPU  0 instructions:  115000000 cycles:  141920901 heartbeat IPC: 1.53856 cumulative IPC: 0.58059 (Simulation time: 0 hr 2 min 42 sec) 
Heartbeat CPU  0 instructions:  116000000 cycles:  142570865 heartbeat IPC: 1.53855 cumulative IPC: 0.58612 (Simulation time: 0 hr 2 min 44 sec) 
Heartbeat CPU  0 instructions:  117000000 cycles:  143220848 heartbeat IPC: 1.53850 cumulative IPC: 0.59159 (Simulation time: 0 hr 2 min 46 sec) 
Heartbeat CPU  0 instructions:  118000003 cycles:  143870845 heartbeat IPC: 1.53847 cumulative IPC: 0.59699 (Simulation time: 0 hr 2 min 47 sec) 
Heartbeat CPU  0 instructions:  119000002 cycles:  144520814 heartbeat IPC: 1.53853 cumulative IPC: 0.60233 (Simulation time: 0 hr 2 min 49 sec) 
Heartbeat CPU  0 instructions:  120000000 cycles:  145170761 heartbeat IPC: 1.53858 cumulative IPC: 0.60762 (Simulation time: 0 hr 2 min 50 sec) 
Heartbeat CPU  0 instructions:  121000002 cycles:  145820744 heartbeat IPC: 1.53850 cumulative IPC: 0.61284 (Simulation time: 0 hr 2 min 52 sec) 
Heartbeat CPU  0 instructions:  122000001 cycles:  146470742 heartbeat IPC: 1.53846 cumulative IPC: 0.61800 (Simulation time: 0 hr 2 min 54 sec) 
Heartbeat CPU  0 instructions:  123000003 cycles:  147120703 heartbeat IPC: 1.53856 cumulative IPC: 0.62311 (Simulation time: 0 hr 2 min 55 sec) 
Heartbeat CPU  0 instructions:  124000000 cycles:  147770642 heartbeat IPC: 1.53860 cumulative IPC: 0.62816 (Simulation time: 0 hr 2 min 57 sec) 
Heartbeat CPU  0 instructions:  125000002 cycles:  148420613 heartbeat IPC: 1.53853 cumulative IPC: 0.63316 (Simulation time: 0 hr 2 min 59 sec) 
Heartbeat CPU  0 instructions:  126000003 cycles:  149070608 heartbeat IPC: 1.53847 cumulative IPC: 0.63810 (Simulation time: 0 hr 3 min 0 sec) 
Heartbeat CPU  0 instructions:  127000001 cycles:  149720561 heartbeat IPC: 1.53857 cumulative IPC: 0.64298 (Simulation time: 0 hr 3 min 2 sec) 
Heartbeat CPU  0 instructions:  128000000 cycles:  150370518 heartbeat IPC: 1.53856 cumulative IPC: 0.64782 (Simulation time: 0 hr 3 min 3 sec) 
Heartbeat CPU  0 instructions:  129000003 cycles:  151020502 heartbeat IPC: 1.53850 cumulative IPC: 0.65260 (Simulation time: 0 hr 3 min 5 sec) 
Heartbeat CPU  0 instructions:  130000001 cycles:  151670495 heartbeat IPC: 1.53848 cumulative IPC: 0.65733 (Simulation time: 0 hr 3 min 7 sec) 
Heartbeat CPU  0 instructions:  131000001 cycles:  152320453 heartbeat IPC: 1.53856 cumulative IPC: 0.66201 (Simulation time: 0 hr 3 min 8 sec) 
Heartbeat CPU  0 instructions:  132000000 cycles:  152970413 heartbeat IPC: 1.53855 cumulative IPC: 0.66665 (Simulation time: 0 hr 3 min 10 sec) 
Heartbeat CPU  0 instructions:  133000000 cycles:  153727575 heartbeat IPC: 1.32072 cumulative IPC: 0.67065 (Simulation time: 0 hr 3 min 12 sec) 
Heartbeat CPU  0 instructions:  134000000 cycles:  154378598 heartbeat IPC: 1.53604 cumulative IPC: 0.67518 (Simulation time: 0 hr 3 min 13 sec) 
Heartbeat CPU  0 instructions:  135000002 cycles:  155029572 heartbeat IPC: 1.53616 cumulative IPC: 0.67966 (Simulation time: 0 hr 3 min 15 sec) 
Heartbeat CPU  0 instructions:  136000000 cycles:  155680557 heartbeat IPC: 1.53613 cumulative IPC: 0.68409 (Simulation time: 0 hr 3 min 16 sec) 
Heartbeat CPU  0 instructions:  137000000 cycles:  156331551 heartbeat IPC: 1.53611 cumulative IPC: 0.68848 (Simulation time: 0 hr 3 min 18 sec) 
Heartbeat CPU  0 instructions:  138000002 cycles:  156982553 heartbeat IPC: 1.53610 cumulative IPC: 0.69283 (Simulation time: 0 hr 3 min 20 sec) 
Heartbeat CPU  0 instructions:  139000002 cycles:  157633520 heartbeat IPC: 1.53618 cumulative IPC: 0.69713 (Simulation time: 0 hr 3 min 21 sec) 
Heartbeat CPU  0 instructions:  140000000 cycles:  158284500 heartbeat IPC: 1.53614 cumulative IPC: 0.70138 (Simulation time: 0 hr 3 min 23 sec) 
Heartbeat CPU  0 instructions:  141000002 cycles:  158935539 heartbeat IPC: 1.53601 cumulative IPC: 0.70560 (Simulation time: 0 hr 3 min 25 sec) 
Heartbeat CPU  0 instructions:  142000000 cycles:  159586524 heartbeat IPC: 1.53613 cumulative IPC: 0.70977 (Simulation time: 0 hr 3 min 26 sec) 
Heartbeat CPU  0 instructions:  143000000 cycles:  160237503 heartbeat IPC: 1.53615 cumulative IPC: 0.71390 (Simulation time: 0 hr 3 min 28 sec) 
Heartbeat CPU  0 instructions:  144000000 cycles:  160888484 heartbeat IPC: 1.53614 cumulative IPC: 0.71798 (Simulation time: 0 hr 3 min 30 sec) 
Heartbeat CPU  0 instructions:  145000000 cycles:  161539537 heartbeat IPC: 1.53597 cumulative IPC: 0.72203 (Simulation time: 0 hr 3 min 31 sec) 
Heartbeat CPU  0 instructions:  146000000 cycles:  162190469 heartbeat IPC: 1.53626 cumulative IPC: 0.72604 (Simulation time: 0 hr 3 min 33 sec) 
Heartbeat CPU  0 instructions:  147000002 cycles:  162841482 heartbeat IPC: 1.53607 cumulative IPC: 0.73001 (Simulation time: 0 hr 3 min 34 sec) 
Heartbeat CPU  0 instructions:  148000000 cycles:  163492472 heartbeat IPC: 1.53612 cumulative IPC: 0.73394 (Simulation time: 0 hr 3 min 36 sec) 
Heartbeat CPU  0 instructions:  149000002 cycles:  164143536 heartbeat IPC: 1.53595 cumulative IPC: 0.73783 (Simulation time: 0 hr 3 min 38 sec) 
Heartbeat CPU  0 instructions:  150000002 cycles:  164794488 heartbeat IPC: 1.53621 cumulative IPC: 0.74169 (Simulation time: 0 hr 3 min 39 sec) 
Heartbeat CPU  0 instructions:  151000000 cycles:  165445487 heartbeat IPC: 1.53610 cumulative IPC: 0.74550 (Simulation time: 0 hr 3 min 41 sec) 
Heartbeat CPU  0 instructions:  152000000 cycles:  166096479 heartbeat IPC: 1.53612 cumulative IPC: 0.74928 (Simulation time: 0 hr 3 min 42 sec) 
Heartbeat CPU  0 instructions:  153000001 cycles:  167309382 heartbeat IPC: 0.82447 cumulative IPC: 0.74995 (Simulation time: 0 hr 3 min 44 sec) 
Heartbeat CPU  0 instructions:  154000000 cycles:  168218136 heartbeat IPC: 1.10041 cumulative IPC: 0.75225 (Simulation time: 0 hr 3 min 46 sec) 
Heartbeat CPU  0 instructions:  155000003 cycles:  168871014 heartbeat IPC: 1.53168 cumulative IPC: 0.75591 (Simulation time: 0 hr 3 min 47 sec) 
Heartbeat CPU  0 instructions:  156000000 cycles:  169523830 heartbeat IPC: 1.53182 cumulative IPC: 0.75954 (Simulation time: 0 hr 3 min 49 sec) 
Heartbeat CPU  0 instructions:  157000003 cycles:  170176734 heartbeat IPC: 1.53162 cumulative IPC: 0.76314 (Simulation time: 0 hr 3 min 51 sec) 
Heartbeat CPU  0 instructions:  158000002 cycles:  170829599 heartbeat IPC: 1.53171 cumulative IPC: 0.76670 (Simulation time: 0 hr 3 min 52 sec) 
Heartbeat CPU  0 instructions:  159000000 cycles:  171482466 heartbeat IPC: 1.53170 cumulative IPC: 0.77023 (Simulation time: 0 hr 3 min 54 sec) 
Heartbeat CPU  0 instructions:  160000000 cycles:  172135310 heartbeat IPC: 1.53176 cumulative IPC: 0.77373 (Simulation time: 0 hr 3 min 55 sec) 
Heartbeat CPU  0 instructions:  161000003 cycles:  172872938 heartbeat IPC: 1.35570 cumulative IPC: 0.77673 (Simulation time: 0 hr 3 min 57 sec) 
Heartbeat CPU  0 instructions:  162000002 cycles:  173526359 heartbeat IPC: 1.53041 cumulative IPC: 0.78016 (Simulation time: 0 hr 3 min 59 sec) 
Heartbeat CPU  0 instructions:  163000001 cycles:  174179734 heartbeat IPC: 1.53051 cumulative IPC: 0.78356 (Simulation time: 0 hr 4 min 0 sec) 
Heartbeat CPU  0 instructions:  164000000 cycles:  174833086 heartbeat IPC: 1.53057 cumulative IPC: 0.78693 (Simulation time: 0 hr 4 min 2 sec) 
Heartbeat CPU  0 instructions:  165000001 cycles:  175486529 heartbeat IPC: 1.53036 cumulative IPC: 0.79027 (Simulation time: 0 hr 4 min 3 sec) 
Heartbeat CPU  0 instructions:  166000000 cycles:  176139946 heartbeat IPC: 1.53041 cumulative IPC: 0.79358 (Simulation time: 0 hr 4 min 5 sec) 
Heartbeat CPU  0 instructions:  167000000 cycles:  176793312 heartbeat IPC: 1.53054 cumulative IPC: 0.79686 (Simulation time: 0 hr 4 min 7 sec) 
Heartbeat CPU  0 instructions:  168000000 cycles:  177446692 heartbeat IPC: 1.53050 cumulative IPC: 0.80011 (Simulation time: 0 hr 4 min 8 sec) 
Heartbeat CPU  0 instructions:  169000000 cycles:  178100108 heartbeat IPC: 1.53042 cumulative IPC: 0.80333 (Simulation time: 0 hr 4 min 10 sec) 
Heartbeat CPU  0 instructions:  170000003 cycles:  180518988 heartbeat IPC: 0.41342 cumulative IPC: 0.79706 (Simulation time: 0 hr 4 min 12 sec) 
Heartbeat CPU  0 instructions:  171000001 cycles:  182445262 heartbeat IPC: 0.51914 cumulative IPC: 0.79355 (Simulation time: 0 hr 4 min 13 sec) 
Heartbeat CPU  0 instructions:  172000000 cycles:  185898140 heartbeat IPC: 0.28961 cumulative IPC: 0.78239 (Simulation time: 0 hr 4 min 15 sec) 
Heartbeat CPU  0 instructions:  173000003 cycles:  189088364 heartbeat IPC: 0.31346 cumulative IPC: 0.77299 (Simulation time: 0 hr 4 min 17 sec) 
Heartbeat CPU  0 instructions:  174000000 cycles:  191260558 heartbeat IPC: 0.46036 cumulative IPC: 0.76878 (Simulation time: 0 hr 4 min 18 sec) 
Heartbeat CPU  0 instructions:  175000000 cycles:  193391866 heartbeat IPC: 0.46920 cumulative IPC: 0.76487 (Simulation time: 0 hr 4 min 20 sec) 
Heartbeat CPU  0 instructions:  176000000 cycles:  195494623 heartbeat IPC: 0.47557 cumulative IPC: 0.76120 (Simulation time: 0 hr 4 min 22 sec) 
Heartbeat CPU  0 instructions:  177000001 cycles:  198028240 heartbeat IPC: 0.39469 cumulative IPC: 0.75567 (Simulation time: 0 hr 4 min 23 sec) 
Heartbeat CPU  0 instructions:  178000002 cycles:  201091940 heartbeat IPC: 0.32640 cumulative IPC: 0.74799 (Simulation time: 0 hr 4 min 25 sec) 
Heartbeat CPU  0 instructions:  179000000 cycles:  203803133 heartbeat IPC: 0.36884 cumulative IPC: 0.74208 (Simulation time: 0 hr 4 min 27 sec) 
Heartbeat CPU  0 instructions:  180000000 cycles:  205571555 heartbeat IPC: 0.56548 cumulative IPC: 0.74030 (Simulation time: 0 hr 4 min 28 sec) 
Heartbeat CPU  0 instructions:  181000002 cycles:  208878882 heartbeat IPC: 0.30236 cumulative IPC: 0.73220 (Simulation time: 0 hr 4 min 30 sec) 
Heartbeat CPU  0 instructions:  182000003 cycles:  212469363 heartbeat IPC: 0.27851 cumulative IPC: 0.72328 (Simulation time: 0 hr 4 min 31 sec) 
Heartbeat CPU  0 instructions:  183000001 cycles:  216088481 heartbeat IPC: 0.27631 cumulative IPC: 0.71459 (Simulation time: 0 hr 4 min 33 sec) 
Heartbeat CPU  0 instructions:  184000000 cycles:  219727857 heartbeat IPC: 0.27477 cumulative IPC: 0.70615 (Simulation time: 0 hr 4 min 35 sec) 
Heartbeat CPU  0 instructions:  185000002 cycles:  223257466 heartbeat IPC: 0.28332 cumulative IPC: 0.69843 (Simulation time: 0 hr 4 min 37 sec) 
Heartbeat CPU  0 instructions:  186000003 cycles:  226425114 heartbeat IPC: 0.31569 cumulative IPC: 0.69226 (Simulation time: 0 hr 4 min 39 sec) 
Heartbeat CPU  0 instructions:  187000000 cycles:  229316473 heartbeat IPC: 0.34586 cumulative IPC: 0.68723 (Simulation time: 0 hr 4 min 40 sec) 
Heartbeat CPU  0 instructions:  188000000 cycles:  232609098 heartbeat IPC: 0.30371 cumulative IPC: 0.68100 (Simulation time: 0 hr 4 min 42 sec) 
Heartbeat CPU  0 instructions:  189000003 cycles:  235762100 heartbeat IPC: 0.31716 cumulative IPC: 0.67543 (Simulation time: 0 hr 4 min 44 sec) 
Heartbeat CPU  0 instructions:  190000001 cycles:  238391761 heartbeat IPC: 0.38028 cumulative IPC: 0.67170 (Simulation time: 0 hr 4 min 45 sec) 
Heartbeat CPU  0 instructions:  191000003 cycles:  239954524 heartbeat IPC: 0.63989 cumulative IPC: 0.67147 (Simulation time: 0 hr 4 min 47 sec) 
Heartbeat CPU  0 instructions:  192000000 cycles:  241090746 heartbeat IPC: 0.88011 cumulative IPC: 0.67259 (Simulation time: 0 hr 4 min 48 sec) 
Heartbeat CPU  0 instructions:  193000001 cycles:  244517208 heartbeat IPC: 0.29185 cumulative IPC: 0.66651 (Simulation time: 0 hr 4 min 50 sec) 
Heartbeat CPU  0 instructions:  194000002 cycles:  247848707 heartbeat IPC: 0.30017 cumulative IPC: 0.66091 (Simulation time: 0 hr 4 min 51 sec) 
Heartbeat CPU  0 instructions:  195000001 cycles:  251181276 heartbeat IPC: 0.30007 cumulative IPC: 0.65547 (Simulation time: 0 hr 4 min 53 sec) 
Heartbeat CPU  0 instructions:  196000000 cycles:  254560739 heartbeat IPC: 0.29590 cumulative IPC: 0.65006 (Simulation time: 0 hr 4 min 55 sec) 
Heartbeat CPU  0 instructions:  197000001 cycles:  258144471 heartbeat IPC: 0.27904 cumulative IPC: 0.64423 (Simulation time: 0 hr 4 min 56 sec) 
Heartbeat CPU  0 instructions:  198000001 cycles:  260418054 heartbeat IPC: 0.43983 cumulative IPC: 0.64222 (Simulation time: 0 hr 4 min 58 sec) 
Heartbeat CPU  0 instructions:  199000000 cycles:  263788295 heartbeat IPC: 0.29671 cumulative IPC: 0.63724 (Simulation time: 0 hr 5 min 0 sec) 
*** Reached end of trace for Core: 0 Repeating trace: /data3/NUTCH/traces/nutch_phase5_core0.trace.xz
Heartbeat CPU  0 instructions:  200000000 cycles:  267175943 heartbeat IPC: 0.29519 cumulative IPC: 0.63235 (Simulation time: 0 hr 5 min 1 sec) 
Finished CPU 0 instructions: 150000001 cycles: 237209502 cumulative IPC: 0.63235 (Simulation time: 0 hr 5 min 1 sec) 

ChampSim completed all CPUs

[ROI Statistics]
Core_0_instructions 150000001
Core_0_cycles 237209502
Core_0_IPC 0.63235

Core_0_branch_prediction_accuracy 98.68964
Core_0_branch_MPKI 2.88131
Core_0_average_ROB_occupancy_at_mispredict 95.01498

Core_0_L1D_total_access 26476778
Core_0_L1D_total_hit 26085352
Core_0_L1D_total_miss 391426
Core_0_L1D_loads 19831655
Core_0_L1D_load_hit 19539696
Core_0_L1D_load_miss 291959
Core_0_L1D_RFOs 6645123
Core_0_L1D_RFO_hit 6545656
Core_0_L1D_RFO_miss 99467
Core_0_L1D_prefetches 0
Core_0_L1D_prefetch_hit 0
Core_0_L1D_prefetch_miss 0
Core_0_L1D_writebacks 0
Core_0_L1D_writeback_hit 0
Core_0_L1D_writeback_miss 0
Core_0_L1D_prefetch_requested 0
Core_0_L1D_prefetch_dropped 0
Core_0_L1D_prefetch_issued 0
Core_0_L1D_prefetch_filled 0
Core_0_L1D_prefetch_useful 0
Core_0_L1D_prefetch_useless 0
Core_0_L1D_prefetch_late 0
Core_0_L1D_average_miss_latency 112.05326

Core_0_L1D_rq_access 30463318
Core_0_L1D_rq_forward 0
Core_0_L1D_rq_merged 10584397
Core_0_L1D_rq_to_cache 19878389
Core_0_L1D_rq_full 0

Core_0_L1D_wq_access 7148835
Core_0_L1D_wq_forward 532
Core_0_L1D_wq_merged 136479
Core_0_L1D_wq_to_cache 7012356
Core_0_L1D_wq_full 17094

Core_0_L1D_pq_access 0
Core_0_L1D_pq_forward 0
Core_0_L1D_pq_merged 0
Core_0_L1D_pq_to_cache 0
Core_0_L1D_pq_full 0

Core_0_L1D_acc_epochs 150792
Core_0_L1D_acc_level_0 150792
Core_0_L1D_acc_level_1 0
Core_0_L1D_acc_level_2 0
Core_0_L1D_acc_level_3 0
Core_0_L1D_acc_level_4 0
Core_0_L1D_acc_level_5 0
Core_0_L1D_acc_level_6 0
Core_0_L1D_acc_level_7 0
Core_0_L1D_acc_level_8 0
Core_0_L1D_acc_level_9 0

Core_0_L1I_total_access 35934170
Core_0_L1I_total_hit 35558896
Core_0_L1I_total_miss 375274
Core_0_L1I_loads 35934170
Core_0_L1I_load_hit 35558896
Core_0_L1I_load_miss 375274
Core_0_L1I_RFOs 0
Core_0_L1I_RFO_hit 0
Core_0_L1I_RFO_miss 0
Core_0_L1I_prefetches 0
Core_0_L1I_prefetch_hit 0
Core_0_L1I_prefetch_miss 0
Core_0_L1I_writebacks 0
Core_0_L1I_writeback_hit 0
Core_0_L1I_writeback_miss 0
Core_0_L1I_prefetch_requested 0
Core_0_L1I_prefetch_dropped 0
Core_0_L1I_prefetch_issued 0
Core_0_L1I_prefetch_filled 0
Core_0_L1I_prefetch_useful 0
Core_0_L1I_prefetch_useless 0
Core_0_L1I_prefetch_late 0
Core_0_L1I_average_miss_latency 75.07616

Core_0_L1I_rq_access 149999757
Core_0_L1I_rq_forward 0
Core_0_L1I_rq_merged 113854755
Core_0_L1I_rq_to_cache 36145002
Core_0_L1I_rq_full 0

Core_0_L1I_wq_access 0
Core_0_L1I_wq_forward 0
Core_0_L1I_wq_merged 0
Core_0_L1I_wq_to_cache 0
Core_0_L1I_wq_full 0

Core_0_L1I_pq_access 0
Core_0_L1I_pq_forward 0
Core_0_L1I_pq_merged 0
Core_0_L1I_pq_to_cache 0
Core_0_L1I_pq_full 0

Core_0_L1I_acc_epochs 150792
Core_0_L1I_acc_level_0 150792
Core_0_L1I_acc_level_1 0
Core_0_L1I_acc_level_2 0
Core_0_L1I_acc_level_3 0
Core_0_L1I_acc_level_4 0
Core_0_L1I_acc_level_5 0
Core_0_L1I_acc_level_6 0
Core_0_L1I_acc_level_7 0
Core_0_L1I_acc_level_8 0
Core_0_L1I_acc_level_9 0

Core_0_L2C_total_access 995118
Core_0_L2C_total_hit 767329
Core_0_L2C_total_miss 227789
Core_0_L2C_loads 667213
Core_0_L2C_load_hit 468488
Core_0_L2C_load_miss 198725
Core_0_L2C_RFOs 99423
Core_0_L2C_RFO_hit 71563
Core_0_L2C_RFO_miss 27860
Core_0_L2C_prefetches 0
Core_0_L2C_prefetch_hit 0
Core_0_L2C_prefetch_miss 0
Core_0_L2C_writebacks 228482
Core_0_L2C_writeback_hit 227278
Core_0_L2C_writeback_miss 1204
Core_0_L2C_prefetch_requested 0
Core_0_L2C_prefetch_dropped 0
Core_0_L2C_prefetch_issued 0
Core_0_L2C_prefetch_filled 0
Core_0_L2C_prefetch_useful 0
Core_0_L2C_prefetch_useless 0
Core_0_L2C_prefetch_late 0
Core_0_L2C_average_miss_latency 150.46551

Core_0_L2C_rq_access 766700
Core_0_L2C_rq_forward 0
Core_0_L2C_rq_merged 0
Core_0_L2C_rq_to_cache 766636
Core_0_L2C_rq_full 0

Core_0_L2C_wq_access 228482
Core_0_L2C_wq_forward 64
Core_0_L2C_wq_merged 0
Core_0_L2C_wq_to_cache 228482
Core_0_L2C_wq_full 0

Core_0_L2C_pq_access 0
Core_0_L2C_pq_forward 0
Core_0_L2C_pq_merged 0
Core_0_L2C_pq_to_cache 0
Core_0_L2C_pq_full 0

Core_0_L2C_acc_epochs 150792
Core_0_L2C_acc_level_0 150792
Core_0_L2C_acc_level_1 0
Core_0_L2C_acc_level_2 0
Core_0_L2C_acc_level_3 0
Core_0_L2C_acc_level_4 0
Core_0_L2C_acc_level_5 0
Core_0_L2C_acc_level_6 0
Core_0_L2C_acc_level_7 0
Core_0_L2C_acc_level_8 0
Core_0_L2C_acc_level_9 0

Core_0_LLC_total_access 351249
Core_0_LLC_total_hit 142089
Core_0_LLC_total_miss 209160
Core_0_LLC_loads 198725
Core_0_LLC_load_hit 63889
Core_0_LLC_load_miss 134836
Core_0_LLC_RFOs 27860
Core_0_LLC_RFO_hit 6869
Core_0_LLC_RFO_miss 20991
Core_0_LLC_prefetches 0
Core_0_LLC_prefetch_hit 0
Core_0_LLC_prefetch_miss 0
Core_0_LLC_writebacks 124664
Core_0_LLC_writeback_hit 71331
Core_0_LLC_writeback_miss 53333
Core_0_LLC_prefetch_requested 0
Core_0_LLC_prefetch_dropped 0
Core_0_LLC_prefetch_issued 0
Core_0_LLC_prefetch_filled 0
Core_0_LLC_prefetch_useful 0
Core_0_LLC_prefetch_useless 0
Core_0_LLC_prefetch_late 0
Core_0_LLC_average_miss_latency 115.66952

Core_0_LLC_rq_access 226585
Core_0_LLC_rq_forward 0
Core_0_LLC_rq_merged 0
Core_0_LLC_rq_to_cache 226585
Core_0_LLC_rq_full 0

Core_0_LLC_wq_access 124664
Core_0_LLC_wq_forward 0
Core_0_LLC_wq_merged 0
Core_0_LLC_wq_to_cache 124664
Core_0_LLC_wq_full 0

Core_0_LLC_pq_access 0
Core_0_LLC_pq_forward 0
Core_0_LLC_pq_merged 0
Core_0_LLC_pq_to_cache 0
Core_0_LLC_pq_full 0

Core_0_LLC_acc_epochs 260915
Core_0_LLC_acc_level_0 260915
Core_0_LLC_acc_level_1 0
Core_0_LLC_acc_level_2 0
Core_0_LLC_acc_level_3 0
Core_0_LLC_acc_level_4 0
Core_0_LLC_acc_level_5 0
Core_0_LLC_acc_level_6 0
Core_0_LLC_acc_level_7 0
Core_0_LLC_acc_level_8 0
Core_0_LLC_acc_level_9 0

Core_0_major_page_fault 0
Core_0_minor_page_fault 3402

Channel_0_RQ_row_buffer_hit 66309
Channel_0_RQ_row_buffer_miss 89518
Channel_0_WQ_row_buffer_hit 9643
Channel_0_WQ_row_buffer_miss 75105
Channel_0_WQ_full 0
Channel_0_dbus_congested 51109

avg_congested_cycle 11

DRAM_bw_pochs 1043657
DRAM_bw_level_0 1034869
DRAM_bw_level_1 6413
DRAM_bw_level_2 1533
DRAM_bw_level_3 842
