*************************************************
   ChampSim Multicore Out-of-Order Simulator
   Last compiled: Apr  2 2025 11:26:00
*************************************************
parsing config file: /data3/config/nopref.ini

trace_0 /data3/NUTCH/traces/nutch_phase2_core0.trace.xz
adding L2C_PREFETCHER: NONE
Initialize SHIP state
warmup_instructions 50000000
simulation_instructions 150000000
champsim_seed 1788
measure_ipc 0
measure_ipc_epoch 1000
measure_dram_bw 1
measure_dram_bw_epoch 256
measure_cache_acc 1
measure_cache_acc_epoch 1024
l1d_perfect 0
l2c_perfect 0
llc_perfect 0
l1d_semi_perfect 0
l2c_semi_perfect 0
llc_semi_perfect 0
semi_perfect_cache_page_buffer_size 64

num_cpus 1
cpu_freq 4000
dram_io_freq 2400
page_size 4096
block_size 64
max_read_per_cycle 8
max_fill_per_cycle 1
dram_channels 1
log2_dram_channels 0
dram_ranks 1
dram_banks 8
dram_rows 65536
dram_columns 128
dram_row_size 8
dram_size 4096
dram_pages 1048576

fetch_width 6
decode_width 6
exec_width 4
lq_width 2
sq_width 2
retire_width 4
scheduler_size 128
branch_mispredict_penalty 20
rob_size 256
lq_size 72
sq_size 56
num_instr_destinations_sparc 4
num_instr_destinations 2
num_instr_sources 4

itlb_set 16
itlb_way 8
itlb_rq_size 16
itlb_wq_size 16
itlb_pq_size 0
itlb_mshr_size 8
itlb_latency 1

dtlb_set 16
dtlb_way 4
dtlb_rq_size 16
dtlb_wq_size 16
dtlb_pq_size 0
dtlb_mshr_size 8
dtlb_latency 1

stlb_set 128
stlb_way 12
stlb_rq_size 32
stlb_wq_size 32
stlb_pq_size 0
stlb_mshr_size 16
stlb_latency 8

l1i_size 32
l1i_set 64
l1i_way 8
l1i_rq_size 64
l1i_wq_size 64
l1i_pq_size 8
l1i_mshr_size 8
l1i_latency 1

l1d_size 32
l1d_set 64
l1d_way 8
l1d_rq_size 64
l1d_wq_size 64
l1d_pq_size 8
l1d_mshr_size 16
l1d_latency 4

l2c_size 256
l2c_set 512
l2c_way 8
l2c_rq_size 32
l2c_wq_size 32
l2c_pq_size 32
l2c_mshr_size 32
l2c_latency 10

llc_size 2048
llc_set 2048
llc_way 16
llc_rq_size 32
llc_wq_size 32
llc_pq_size 32
llc_mshr_size 64
llc_latency 20

dram_channel_width 8
dram_wq_size 64
dram_rq_size 64
tRP 15
tRCD 15
tCAS 12.5
dram_dbus_turn_around_time 30
dram_write_high_wm 56
dram_write_low_wm 48
min_dram_writes_per_switch 16
dram_mtps 2400
dram_dbus_return_time 13


Heartbeat CPU  0 instructions:    1000002 cycles:     581941 heartbeat IPC: 1.71839 cumulative IPC: 1.71839 (Simulation time: 0 hr 0 min 1 sec) 
Heartbeat CPU  0 instructions:    2000001 cycles:    1182884 heartbeat IPC: 1.66405 cumulative IPC: 1.69078 (Simulation time: 0 hr 0 min 2 sec) 
Heartbeat CPU  0 instructions:    3000000 cycles:    1720217 heartbeat IPC: 1.86104 cumulative IPC: 1.74397 (Simulation time: 0 hr 0 min 3 sec) 
Heartbeat CPU  0 instructions:    4000000 cycles:    2219101 heartbeat IPC: 2.00447 cumulative IPC: 1.80253 (Simulation time: 0 hr 0 min 4 sec) 
Heartbeat CPU  0 instructions:    5000001 cycles:    2707286 heartbeat IPC: 2.04841 cumulative IPC: 1.84687 (Simulation time: 0 hr 0 min 5 sec) 
Heartbeat CPU  0 instructions:    6000000 cycles:    3263031 heartbeat IPC: 1.79938 cumulative IPC: 1.83878 (Simulation time: 0 hr 0 min 6 sec) 
Heartbeat CPU  0 instructions:    7000003 cycles:    3779261 heartbeat IPC: 1.93713 cumulative IPC: 1.85221 (Simulation time: 0 hr 0 min 6 sec) 
Heartbeat CPU  0 instructions:    8000000 cycles:    4260500 heartbeat IPC: 2.07796 cumulative IPC: 1.87771 (Simulation time: 0 hr 0 min 7 sec) 
Heartbeat CPU  0 instructions:    9000003 cycles:    4754620 heartbeat IPC: 2.02381 cumulative IPC: 1.89290 (Simulation time: 0 hr 0 min 8 sec) 
Heartbeat CPU  0 instructions:   10000002 cycles:    5573558 heartbeat IPC: 1.22109 cumulative IPC: 1.79419 (Simulation time: 0 hr 0 min 9 sec) 
Heartbeat CPU  0 instructions:   11000002 cycles:    6018870 heartbeat IPC: 2.24562 cumulative IPC: 1.82759 (Simulation time: 0 hr 0 min 10 sec) 
Heartbeat CPU  0 instructions:   12000000 cycles:    6407057 heartbeat IPC: 2.57607 cumulative IPC: 1.87293 (Simulation time: 0 hr 0 min 11 sec) 
Heartbeat CPU  0 instructions:   13000001 cycles:    6803441 heartbeat IPC: 2.52281 cumulative IPC: 1.91080 (Simulation time: 0 hr 0 min 12 sec) 
Heartbeat CPU  0 instructions:   14000000 cycles:    7192701 heartbeat IPC: 2.56897 cumulative IPC: 1.94642 (Simulation time: 0 hr 0 min 13 sec) 
Heartbeat CPU  0 instructions:   15000001 cycles:    7582017 heartbeat IPC: 2.56861 cumulative IPC: 1.97837 (Simulation time: 0 hr 0 min 14 sec) 
Heartbeat CPU  0 instructions:   16000000 cycles:    7971084 heartbeat IPC: 2.57025 cumulative IPC: 2.00726 (Simulation time: 0 hr 0 min 15 sec) 
Heartbeat CPU  0 instructions:   17000003 cycles:    8363007 heartbeat IPC: 2.55153 cumulative IPC: 2.03276 (Simulation time: 0 hr 0 min 16 sec) 
Heartbeat CPU  0 instructions:   18000001 cycles:    8758658 heartbeat IPC: 2.52747 cumulative IPC: 2.05511 (Simulation time: 0 hr 0 min 17 sec) 
Heartbeat CPU  0 instructions:   19000001 cycles:    9164894 heartbeat IPC: 2.46162 cumulative IPC: 2.07313 (Simulation time: 0 hr 0 min 18 sec) 
Heartbeat CPU  0 instructions:   20000000 cycles:    9586334 heartbeat IPC: 2.37281 cumulative IPC: 2.08630 (Simulation time: 0 hr 0 min 19 sec) 
Heartbeat CPU  0 instructions:   21000001 cycles:   10007191 heartbeat IPC: 2.37611 cumulative IPC: 2.09849 (Simulation time: 0 hr 0 min 20 sec) 
Heartbeat CPU  0 instructions:   22000001 cycles:   10437189 heartbeat IPC: 2.32559 cumulative IPC: 2.10785 (Simulation time: 0 hr 0 min 21 sec) 
Heartbeat CPU  0 instructions:   23000001 cycles:   10850085 heartbeat IPC: 2.42192 cumulative IPC: 2.11980 (Simulation time: 0 hr 0 min 22 sec) 
Heartbeat CPU  0 instructions:   24000000 cycles:   11399613 heartbeat IPC: 1.81974 cumulative IPC: 2.10533 (Simulation time: 0 hr 0 min 23 sec) 
Heartbeat CPU  0 instructions:   25000001 cycles:   12044739 heartbeat IPC: 1.55009 cumulative IPC: 2.07560 (Simulation time: 0 hr 0 min 24 sec) 
Heartbeat CPU  0 instructions:   26000001 cycles:   12688670 heartbeat IPC: 1.55296 cumulative IPC: 2.04907 (Simulation time: 0 hr 0 min 25 sec) 
Heartbeat CPU  0 instructions:   27000000 cycles:   13307467 heartbeat IPC: 1.61604 cumulative IPC: 2.02894 (Simulation time: 0 hr 0 min 26 sec) 
Heartbeat CPU  0 instructions:   28000000 cycles:   13919462 heartbeat IPC: 1.63400 cumulative IPC: 2.01157 (Simulation time: 0 hr 0 min 27 sec) 
Heartbeat CPU  0 instructions:   29000000 cycles:   14520791 heartbeat IPC: 1.66298 cumulative IPC: 1.99714 (Simulation time: 0 hr 0 min 28 sec) 
Heartbeat CPU  0 instructions:   30000002 cycles:   15034983 heartbeat IPC: 1.94480 cumulative IPC: 1.99535 (Simulation time: 0 hr 0 min 29 sec) 
Heartbeat CPU  0 instructions:   31000000 cycles:   15469558 heartbeat IPC: 2.30109 cumulative IPC: 2.00394 (Simulation time: 0 hr 0 min 30 sec) 
Heartbeat CPU  0 instructions:   32000000 cycles:   15902329 heartbeat IPC: 2.31069 cumulative IPC: 2.01228 (Simulation time: 0 hr 0 min 31 sec) 
Heartbeat CPU  0 instructions:   33000002 cycles:   16340059 heartbeat IPC: 2.28452 cumulative IPC: 2.01958 (Simulation time: 0 hr 0 min 32 sec) 
Heartbeat CPU  0 instructions:   34000002 cycles:   16768795 heartbeat IPC: 2.33244 cumulative IPC: 2.02758 (Simulation time: 0 hr 0 min 33 sec) 
Heartbeat CPU  0 instructions:   35000000 cycles:   17198981 heartbeat IPC: 2.32457 cumulative IPC: 2.03500 (Simulation time: 0 hr 0 min 34 sec) 
Heartbeat CPU  0 instructions:   36000000 cycles:   17625574 heartbeat IPC: 2.34415 cumulative IPC: 2.04249 (Simulation time: 0 hr 0 min 35 sec) 
Heartbeat CPU  0 instructions:   37000001 cycles:   18050289 heartbeat IPC: 2.35452 cumulative IPC: 2.04983 (Simulation time: 0 hr 0 min 36 sec) 
Heartbeat CPU  0 instructions:   38000000 cycles:   18478444 heartbeat IPC: 2.33560 cumulative IPC: 2.05645 (Simulation time: 0 hr 0 min 37 sec) 
Heartbeat CPU  0 instructions:   39000001 cycles:   18983168 heartbeat IPC: 1.98128 cumulative IPC: 2.05445 (Simulation time: 0 hr 0 min 38 sec) 
Heartbeat CPU  0 instructions:   40000000 cycles:   19510270 heartbeat IPC: 1.89716 cumulative IPC: 2.05020 (Simulation time: 0 hr 0 min 39 sec) 
Heartbeat CPU  0 instructions:   41000003 cycles:   19977600 heartbeat IPC: 2.13982 cumulative IPC: 2.05230 (Simulation time: 0 hr 0 min 40 sec) 
Heartbeat CPU  0 instructions:   42000000 cycles:   20560692 heartbeat IPC: 1.71499 cumulative IPC: 2.04273 (Simulation time: 0 hr 0 min 41 sec) 
Heartbeat CPU  0 instructions:   43000002 cycles:   21169706 heartbeat IPC: 1.64200 cumulative IPC: 2.03120 (Simulation time: 0 hr 0 min 42 sec) 
Heartbeat CPU  0 instructions:   44000000 cycles:   21629499 heartbeat IPC: 2.17489 cumulative IPC: 2.03426 (Simulation time: 0 hr 0 min 43 sec) 
Heartbeat CPU  0 instructions:   45000001 cycles:   22083013 heartbeat IPC: 2.20501 cumulative IPC: 2.03777 (Simulation time: 0 hr 0 min 44 sec) 
Heartbeat CPU  0 instructions:   46000001 cycles:   22528799 heartbeat IPC: 2.24323 cumulative IPC: 2.04183 (Simulation time: 0 hr 0 min 45 sec) 
Heartbeat CPU  0 instructions:   47000002 cycles:   22993069 heartbeat IPC: 2.15392 cumulative IPC: 2.04409 (Simulation time: 0 hr 0 min 46 sec) 
Heartbeat CPU  0 instructions:   48000000 cycles:   23339222 heartbeat IPC: 2.88889 cumulative IPC: 2.05662 (Simulation time: 0 hr 0 min 47 sec) 
Heartbeat CPU  0 instructions:   49000003 cycles:   23684387 heartbeat IPC: 2.89717 cumulative IPC: 2.06887 (Simulation time: 0 hr 0 min 48 sec) 
Heartbeat CPU  0 instructions:   50000000 cycles:   24029923 heartbeat IPC: 2.89405 cumulative IPC: 2.08074 (Simulation time: 0 hr 0 min 50 sec) 

Warmup complete CPU  0 instructions:   50000004 cycles:   24029924 (Simulation time: 0 hr 0 min 50 sec) 

Heartbeat CPU  0 instructions:   51000003 cycles:   25591456 heartbeat IPC: 0.64040 cumulative IPC: 0.64040 (Simulation time: 0 hr 0 min 51 sec) 
Heartbeat CPU  0 instructions:   52000000 cycles:   27092178 heartbeat IPC: 0.66634 cumulative IPC: 0.65311 (Simulation time: 0 hr 0 min 53 sec) 
Heartbeat CPU  0 instructions:   53000000 cycles:   28530046 heartbeat IPC: 0.69547 cumulative IPC: 0.66665 (Simulation time: 0 hr 0 min 55 sec) 
Heartbeat CPU  0 instructions:   54000001 cycles:   29921344 heartbeat IPC: 0.71875 cumulative IPC: 0.67895 (Simulation time: 0 hr 0 min 57 sec) 
Heartbeat CPU  0 instructions:   55000000 cycles:   31339232 heartbeat IPC: 0.70527 cumulative IPC: 0.68406 (Simulation time: 0 hr 0 min 59 sec) 
Heartbeat CPU  0 instructions:   56000000 cycles:   33283149 heartbeat IPC: 0.51443 cumulative IPC: 0.64842 (Simulation time: 0 hr 1 min 0 sec) 
Heartbeat CPU  0 instructions:   57000000 cycles:   34628578 heartbeat IPC: 0.74326 cumulative IPC: 0.66046 (Simulation time: 0 hr 1 min 2 sec) 
Heartbeat CPU  0 instructions:   58000003 cycles:   36191634 heartbeat IPC: 0.63977 cumulative IPC: 0.65780 (Simulation time: 0 hr 1 min 4 sec) 
Heartbeat CPU  0 instructions:   59000003 cycles:   37467620 heartbeat IPC: 0.78371 cumulative IPC: 0.66976 (Simulation time: 0 hr 1 min 5 sec) 
Heartbeat CPU  0 instructions:   60000000 cycles:   38485742 heartbeat IPC: 0.98220 cumulative IPC: 0.69176 (Simulation time: 0 hr 1 min 6 sec) 
Heartbeat CPU  0 instructions:   61000000 cycles:   39992617 heartbeat IPC: 0.66363 cumulative IPC: 0.68911 (Simulation time: 0 hr 1 min 8 sec) 
Heartbeat CPU  0 instructions:   62000001 cycles:   41398618 heartbeat IPC: 0.71124 cumulative IPC: 0.69090 (Simulation time: 0 hr 1 min 9 sec) 
Heartbeat CPU  0 instructions:   63000002 cycles:   43381576 heartbeat IPC: 0.50430 cumulative IPC: 0.67178 (Simulation time: 0 hr 1 min 12 sec) 
Heartbeat CPU  0 instructions:   64000000 cycles:   45410919 heartbeat IPC: 0.49277 cumulative IPC: 0.65479 (Simulation time: 0 hr 1 min 14 sec) 
Heartbeat CPU  0 instructions:   65000002 cycles:   47472263 heartbeat IPC: 0.48512 cumulative IPC: 0.63987 (Simulation time: 0 hr 1 min 15 sec) 
Heartbeat CPU  0 instructions:   66000002 cycles:   50066082 heartbeat IPC: 0.38553 cumulative IPC: 0.61453 (Simulation time: 0 hr 1 min 17 sec) 
Heartbeat CPU  0 instructions:   67000002 cycles:   52442431 heartbeat IPC: 0.42081 cumulative IPC: 0.59833 (Simulation time: 0 hr 1 min 19 sec) 
Heartbeat CPU  0 instructions:   68000000 cycles:   54413209 heartbeat IPC: 0.50741 cumulative IPC: 0.59243 (Simulation time: 0 hr 1 min 21 sec) 
Heartbeat CPU  0 instructions:   69000003 cycles:   57160590 heartbeat IPC: 0.36398 cumulative IPC: 0.57349 (Simulation time: 0 hr 1 min 22 sec) 
Heartbeat CPU  0 instructions:   70000003 cycles:   58656168 heartbeat IPC: 0.66864 cumulative IPC: 0.57760 (Simulation time: 0 hr 1 min 24 sec) 
Heartbeat CPU  0 instructions:   71000000 cycles:   60693840 heartbeat IPC: 0.49075 cumulative IPC: 0.57277 (Simulation time: 0 hr 1 min 26 sec) 
Heartbeat CPU  0 instructions:   72000000 cycles:   63141328 heartbeat IPC: 0.40858 cumulative IPC: 0.56250 (Simulation time: 0 hr 1 min 27 sec) 
Heartbeat CPU  0 instructions:   73000003 cycles:   65477740 heartbeat IPC: 0.42801 cumulative IPC: 0.55491 (Simulation time: 0 hr 1 min 29 sec) 
Heartbeat CPU  0 instructions:   74000000 cycles:   67909617 heartbeat IPC: 0.41120 cumulative IPC: 0.54695 (Simulation time: 0 hr 1 min 31 sec) 
Heartbeat CPU  0 instructions:   75000003 cycles:   70491325 heartbeat IPC: 0.38734 cumulative IPC: 0.53808 (Simulation time: 0 hr 1 min 32 sec) 
Heartbeat CPU  0 instructions:   76000000 cycles:   72946508 heartbeat IPC: 0.40730 cumulative IPC: 0.53152 (Simulation time: 0 hr 1 min 34 sec) 
Heartbeat CPU  0 instructions:   77000001 cycles:   75418128 heartbeat IPC: 0.40459 cumulative IPC: 0.52541 (Simulation time: 0 hr 1 min 35 sec) 
Heartbeat CPU  0 instructions:   78000003 cycles:   77904823 heartbeat IPC: 0.40214 cumulative IPC: 0.51972 (Simulation time: 0 hr 1 min 37 sec) 
Heartbeat CPU  0 instructions:   79000000 cycles:   80402718 heartbeat IPC: 0.40034 cumulative IPC: 0.51443 (Simulation time: 0 hr 1 min 39 sec) 
Heartbeat CPU  0 instructions:   80000000 cycles:   82896902 heartbeat IPC: 0.40093 cumulative IPC: 0.50962 (Simulation time: 0 hr 1 min 40 sec) 
Heartbeat CPU  0 instructions:   81000002 cycles:   85493878 heartbeat IPC: 0.38506 cumulative IPC: 0.50436 (Simulation time: 0 hr 1 min 42 sec) 
Heartbeat CPU  0 instructions:   82000003 cycles:   87797957 heartbeat IPC: 0.43401 cumulative IPC: 0.50182 (Simulation time: 0 hr 1 min 43 sec) 
Heartbeat CPU  0 instructions:   83000000 cycles:   90145231 heartbeat IPC: 0.42602 cumulative IPC: 0.49913 (Simulation time: 0 hr 1 min 45 sec) 
Heartbeat CPU  0 instructions:   84000000 cycles:   92552318 heartbeat IPC: 0.41544 cumulative IPC: 0.49619 (Simulation time: 0 hr 1 min 47 sec) 
Heartbeat CPU  0 instructions:   85000003 cycles:   95242434 heartbeat IPC: 0.37173 cumulative IPC: 0.49149 (Simulation time: 0 hr 1 min 48 sec) 
Heartbeat CPU  0 instructions:   86000002 cycles:   97911961 heartbeat IPC: 0.37460 cumulative IPC: 0.48726 (Simulation time: 0 hr 1 min 50 sec) 
Heartbeat CPU  0 instructions:   87000002 cycles:  100343343 heartbeat IPC: 0.41129 cumulative IPC: 0.48484 (Simulation time: 0 hr 1 min 51 sec) 
Heartbeat CPU  0 instructions:   88000000 cycles:  102750097 heartbeat IPC: 0.41550 cumulative IPC: 0.48272 (Simulation time: 0 hr 1 min 53 sec) 
Heartbeat CPU  0 instructions:   89000000 cycles:  105333908 heartbeat IPC: 0.38703 cumulative IPC: 0.47968 (Simulation time: 0 hr 1 min 55 sec) 
Heartbeat CPU  0 instructions:   90000001 cycles:  108216283 heartbeat IPC: 0.34694 cumulative IPC: 0.47514 (Simulation time: 0 hr 1 min 56 sec) 
Heartbeat CPU  0 instructions:   91000001 cycles:  111547011 heartbeat IPC: 0.30023 cumulative IPC: 0.46848 (Simulation time: 0 hr 1 min 58 sec) 
Heartbeat CPU  0 instructions:   92000000 cycles:  114323804 heartbeat IPC: 0.36013 cumulative IPC: 0.46515 (Simulation time: 0 hr 2 min 0 sec) 
Heartbeat CPU  0 instructions:   93000003 cycles:  116348793 heartbeat IPC: 0.49383 cumulative IPC: 0.46578 (Simulation time: 0 hr 2 min 2 sec) 
Heartbeat CPU  0 instructions:   94000003 cycles:  118508721 heartbeat IPC: 0.46298 cumulative IPC: 0.46571 (Simulation time: 0 hr 2 min 4 sec) 
Heartbeat CPU  0 instructions:   95000003 cycles:  121362806 heartbeat IPC: 0.35037 cumulative IPC: 0.46233 (Simulation time: 0 hr 2 min 7 sec) 
Heartbeat CPU  0 instructions:   96000000 cycles:  125631405 heartbeat IPC: 0.23427 cumulative IPC: 0.45275 (Simulation time: 0 hr 2 min 11 sec) 
Heartbeat CPU  0 instructions:   97000003 cycles:  129792034 heartbeat IPC: 0.24035 cumulative IPC: 0.44439 (Simulation time: 0 hr 2 min 14 sec) 
Heartbeat CPU  0 instructions:   98000002 cycles:  132384458 heartbeat IPC: 0.38574 cumulative IPC: 0.44299 (Simulation time: 0 hr 2 min 16 sec) 
Heartbeat CPU  0 instructions:   99000002 cycles:  134527352 heartbeat IPC: 0.46666 cumulative IPC: 0.44345 (Simulation time: 0 hr 2 min 17 sec) 
*** Reached end of trace for Core: 0 Repeating trace: /data3/NUTCH/traces/nutch_phase2_core0.trace.xz
Heartbeat CPU  0 instructions:  100000000 cycles:  136611562 heartbeat IPC: 0.47980 cumulative IPC: 0.44412 (Simulation time: 0 hr 2 min 19 sec) 
Heartbeat CPU  0 instructions:  101000001 cycles:  138384543 heartbeat IPC: 0.56402 cumulative IPC: 0.44598 (Simulation time: 0 hr 2 min 20 sec) 
Heartbeat CPU  0 instructions:  102000000 cycles:  140150139 heartbeat IPC: 0.56638 cumulative IPC: 0.44781 (Simulation time: 0 hr 2 min 22 sec) 
Heartbeat CPU  0 instructions:  103000001 cycles:  142011053 heartbeat IPC: 0.53737 cumulative IPC: 0.44922 (Simulation time: 0 hr 2 min 24 sec) 
Heartbeat CPU  0 instructions:  104000000 cycles:  143997803 heartbeat IPC: 0.50333 cumulative IPC: 0.45012 (Simulation time: 0 hr 2 min 26 sec) 
Heartbeat CPU  0 instructions:  105000000 cycles:  145951467 heartbeat IPC: 0.51186 cumulative IPC: 0.45111 (Simulation time: 0 hr 2 min 28 sec) 
Heartbeat CPU  0 instructions:  106000002 cycles:  148978154 heartbeat IPC: 0.33039 cumulative IPC: 0.44819 (Simulation time: 0 hr 2 min 30 sec) 
Heartbeat CPU  0 instructions:  107000002 cycles:  151799006 heartbeat IPC: 0.35450 cumulative IPC: 0.44612 (Simulation time: 0 hr 2 min 31 sec) 
Heartbeat CPU  0 instructions:  108000000 cycles:  153965937 heartbeat IPC: 0.46148 cumulative IPC: 0.44637 (Simulation time: 0 hr 2 min 33 sec) 
Heartbeat CPU  0 instructions:  109000000 cycles:  157287409 heartbeat IPC: 0.30107 cumulative IPC: 0.44275 (Simulation time: 0 hr 2 min 35 sec) 
Heartbeat CPU  0 instructions:  110000001 cycles:  168547831 heartbeat IPC: 0.08881 cumulative IPC: 0.41517 (Simulation time: 0 hr 2 min 38 sec) 
Heartbeat CPU  0 instructions:  111000003 cycles:  171725557 heartbeat IPC: 0.31469 cumulative IPC: 0.41301 (Simulation time: 0 hr 2 min 40 sec) 
Heartbeat CPU  0 instructions:  112000000 cycles:  173166210 heartbeat IPC: 0.69413 cumulative IPC: 0.41573 (Simulation time: 0 hr 2 min 42 sec) 
Heartbeat CPU  0 instructions:  113000001 cycles:  174883632 heartbeat IPC: 0.58227 cumulative IPC: 0.41762 (Simulation time: 0 hr 2 min 44 sec) 
Heartbeat CPU  0 instructions:  114000002 cycles:  176732140 heartbeat IPC: 0.54098 cumulative IPC: 0.41912 (Simulation time: 0 hr 2 min 46 sec) 
Heartbeat CPU  0 instructions:  115000000 cycles:  178508651 heartbeat IPC: 0.56290 cumulative IPC: 0.42077 (Simulation time: 0 hr 2 min 48 sec) 
Heartbeat CPU  0 instructions:  116000000 cycles:  180256093 heartbeat IPC: 0.57227 cumulative IPC: 0.42246 (Simulation time: 0 hr 2 min 50 sec) 
Heartbeat CPU  0 instructions:  117000002 cycles:  182095433 heartbeat IPC: 0.54367 cumulative IPC: 0.42387 (Simulation time: 0 hr 2 min 52 sec) 
Heartbeat CPU  0 instructions:  118000002 cycles:  183881272 heartbeat IPC: 0.55996 cumulative IPC: 0.42540 (Simulation time: 0 hr 2 min 54 sec) 
Heartbeat CPU  0 instructions:  119000000 cycles:  185862747 heartbeat IPC: 0.50467 cumulative IPC: 0.42637 (Simulation time: 0 hr 2 min 56 sec) 
Heartbeat CPU  0 instructions:  120000000 cycles:  187864280 heartbeat IPC: 0.49962 cumulative IPC: 0.42726 (Simulation time: 0 hr 2 min 59 sec) 
Heartbeat CPU  0 instructions:  121000002 cycles:  189885044 heartbeat IPC: 0.49486 cumulative IPC: 0.42808 (Simulation time: 0 hr 3 min 1 sec) 
Heartbeat CPU  0 instructions:  122000000 cycles:  192168027 heartbeat IPC: 0.43802 cumulative IPC: 0.42822 (Simulation time: 0 hr 3 min 3 sec) 
Heartbeat CPU  0 instructions:  123000002 cycles:  194352537 heartbeat IPC: 0.45777 cumulative IPC: 0.42860 (Simulation time: 0 hr 3 min 5 sec) 
Heartbeat CPU  0 instructions:  124000000 cycles:  197401059 heartbeat IPC: 0.32803 cumulative IPC: 0.42683 (Simulation time: 0 hr 3 min 8 sec) 
Heartbeat CPU  0 instructions:  125000001 cycles:  200403839 heartbeat IPC: 0.33303 cumulative IPC: 0.42523 (Simulation time: 0 hr 3 min 10 sec) 
Heartbeat CPU  0 instructions:  126000003 cycles:  203500953 heartbeat IPC: 0.32288 cumulative IPC: 0.42347 (Simulation time: 0 hr 3 min 12 sec) 
Heartbeat CPU  0 instructions:  127000003 cycles:  206521625 heartbeat IPC: 0.33105 cumulative IPC: 0.42194 (Simulation time: 0 hr 3 min 14 sec) 
Heartbeat CPU  0 instructions:  128000000 cycles:  209332660 heartbeat IPC: 0.35574 cumulative IPC: 0.42093 (Simulation time: 0 hr 3 min 16 sec) 
Heartbeat CPU  0 instructions:  129000002 cycles:  212457299 heartbeat IPC: 0.32004 cumulative IPC: 0.41926 (Simulation time: 0 hr 3 min 18 sec) 
Heartbeat CPU  0 instructions:  130000001 cycles:  214720241 heartbeat IPC: 0.44190 cumulative IPC: 0.41953 (Simulation time: 0 hr 3 min 20 sec) 
Heartbeat CPU  0 instructions:  131000001 cycles:  216851407 heartbeat IPC: 0.46923 cumulative IPC: 0.42008 (Simulation time: 0 hr 3 min 22 sec) 
Heartbeat CPU  0 instructions:  132000000 cycles:  219569715 heartbeat IPC: 0.36788 cumulative IPC: 0.41935 (Simulation time: 0 hr 3 min 25 sec) 
Heartbeat CPU  0 instructions:  133000000 cycles:  222494803 heartbeat IPC: 0.34187 cumulative IPC: 0.41821 (Simulation time: 0 hr 3 min 28 sec) 
Heartbeat CPU  0 instructions:  134000003 cycles:  225330357 heartbeat IPC: 0.35267 cumulative IPC: 0.41729 (Simulation time: 0 hr 3 min 30 sec) 
Heartbeat CPU  0 instructions:  135000001 cycles:  228282839 heartbeat IPC: 0.33870 cumulative IPC: 0.41615 (Simulation time: 0 hr 3 min 33 sec) 
Heartbeat CPU  0 instructions:  136000000 cycles:  231107051 heartbeat IPC: 0.35408 cumulative IPC: 0.41530 (Simulation time: 0 hr 3 min 36 sec) 
Heartbeat CPU  0 instructions:  137000000 cycles:  234084829 heartbeat IPC: 0.33582 cumulative IPC: 0.41418 (Simulation time: 0 hr 3 min 39 sec) 
Heartbeat CPU  0 instructions:  138000002 cycles:  237143589 heartbeat IPC: 0.32693 cumulative IPC: 0.41293 (Simulation time: 0 hr 3 min 41 sec) 
Heartbeat CPU  0 instructions:  139000003 cycles:  241575808 heartbeat IPC: 0.22562 cumulative IPC: 0.40911 (Simulation time: 0 hr 3 min 43 sec) 
Heartbeat CPU  0 instructions:  140000000 cycles:  244629882 heartbeat IPC: 0.32743 cumulative IPC: 0.40798 (Simulation time: 0 hr 3 min 45 sec) 
Heartbeat CPU  0 instructions:  141000001 cycles:  246903998 heartbeat IPC: 0.43973 cumulative IPC: 0.40830 (Simulation time: 0 hr 3 min 47 sec) 
Heartbeat CPU  0 instructions:  142000002 cycles:  253049531 heartbeat IPC: 0.16272 cumulative IPC: 0.40171 (Simulation time: 0 hr 3 min 49 sec) 
Heartbeat CPU  0 instructions:  143000003 cycles:  260533527 heartbeat IPC: 0.13362 cumulative IPC: 0.39323 (Simulation time: 0 hr 3 min 51 sec) 
Heartbeat CPU  0 instructions:  144000000 cycles:  263876434 heartbeat IPC: 0.29914 cumulative IPC: 0.39192 (Simulation time: 0 hr 3 min 54 sec) 
Heartbeat CPU  0 instructions:  145000000 cycles:  266843133 heartbeat IPC: 0.33707 cumulative IPC: 0.39125 (Simulation time: 0 hr 3 min 56 sec) 
Heartbeat CPU  0 instructions:  146000003 cycles:  269504589 heartbeat IPC: 0.37574 cumulative IPC: 0.39108 (Simulation time: 0 hr 3 min 58 sec) 
Heartbeat CPU  0 instructions:  147000003 cycles:  271094225 heartbeat IPC: 0.62907 cumulative IPC: 0.39261 (Simulation time: 0 hr 4 min 0 sec) 
Heartbeat CPU  0 instructions:  148000000 cycles:  272506334 heartbeat IPC: 0.70816 cumulative IPC: 0.39440 (Simulation time: 0 hr 4 min 2 sec) 
Heartbeat CPU  0 instructions:  149000003 cycles:  273914875 heartbeat IPC: 0.70996 cumulative IPC: 0.39618 (Simulation time: 0 hr 4 min 4 sec) 
Heartbeat CPU  0 instructions:  150000001 cycles:  275237406 heartbeat IPC: 0.75612 cumulative IPC: 0.39808 (Simulation time: 0 hr 4 min 5 sec) 
Heartbeat CPU  0 instructions:  151000000 cycles:  276585982 heartbeat IPC: 0.74152 cumulative IPC: 0.39991 (Simulation time: 0 hr 4 min 7 sec) 
Heartbeat CPU  0 instructions:  152000000 cycles:  277939584 heartbeat IPC: 0.73877 cumulative IPC: 0.40172 (Simulation time: 0 hr 4 min 9 sec) 
Heartbeat CPU  0 instructions:  153000000 cycles:  279363370 heartbeat IPC: 0.70235 cumulative IPC: 0.40339 (Simulation time: 0 hr 4 min 11 sec) 
Heartbeat CPU  0 instructions:  154000001 cycles:  280758649 heartbeat IPC: 0.71670 cumulative IPC: 0.40510 (Simulation time: 0 hr 4 min 12 sec) 
Heartbeat CPU  0 instructions:  155000003 cycles:  282178375 heartbeat IPC: 0.70436 cumulative IPC: 0.40674 (Simulation time: 0 hr 4 min 14 sec) 
Heartbeat CPU  0 instructions:  156000000 cycles:  284385436 heartbeat IPC: 0.45309 cumulative IPC: 0.40714 (Simulation time: 0 hr 4 min 16 sec) 
Heartbeat CPU  0 instructions:  157000001 cycles:  285734688 heartbeat IPC: 0.74115 cumulative IPC: 0.40886 (Simulation time: 0 hr 4 min 18 sec) 
Heartbeat CPU  0 instructions:  158000000 cycles:  287293173 heartbeat IPC: 0.64165 cumulative IPC: 0.41024 (Simulation time: 0 hr 4 min 20 sec) 
Heartbeat CPU  0 instructions:  159000002 cycles:  288574188 heartbeat IPC: 0.78063 cumulative IPC: 0.41203 (Simulation time: 0 hr 4 min 21 sec) 
Heartbeat CPU  0 instructions:  160000000 cycles:  289592322 heartbeat IPC: 0.98219 cumulative IPC: 0.41422 (Simulation time: 0 hr 4 min 22 sec) 
Heartbeat CPU  0 instructions:  161000003 cycles:  291099573 heartbeat IPC: 0.66346 cumulative IPC: 0.41562 (Simulation time: 0 hr 4 min 24 sec) 
Heartbeat CPU  0 instructions:  162000000 cycles:  292533789 heartbeat IPC: 0.69724 cumulative IPC: 0.41713 (Simulation time: 0 hr 4 min 25 sec) 
Heartbeat CPU  0 instructions:  163000001 cycles:  294897897 heartbeat IPC: 0.42299 cumulative IPC: 0.41718 (Simulation time: 0 hr 4 min 27 sec) 
Heartbeat CPU  0 instructions:  164000000 cycles:  297184639 heartbeat IPC: 0.43730 cumulative IPC: 0.41735 (Simulation time: 0 hr 4 min 30 sec) 
Heartbeat CPU  0 instructions:  165000001 cycles:  299268239 heartbeat IPC: 0.47994 cumulative IPC: 0.41782 (Simulation time: 0 hr 4 min 31 sec) 
Heartbeat CPU  0 instructions:  166000002 cycles:  301839910 heartbeat IPC: 0.38885 cumulative IPC: 0.41755 (Simulation time: 0 hr 4 min 33 sec) 
Heartbeat CPU  0 instructions:  167000003 cycles:  304158774 heartbeat IPC: 0.43125 cumulative IPC: 0.41766 (Simulation time: 0 hr 4 min 35 sec) 
Heartbeat CPU  0 instructions:  168000000 cycles:  306141891 heartbeat IPC: 0.50426 cumulative IPC: 0.41827 (Simulation time: 0 hr 4 min 37 sec) 
Heartbeat CPU  0 instructions:  169000000 cycles:  308884582 heartbeat IPC: 0.36461 cumulative IPC: 0.41776 (Simulation time: 0 hr 4 min 38 sec) 
Heartbeat CPU  0 instructions:  170000002 cycles:  310377577 heartbeat IPC: 0.66980 cumulative IPC: 0.41907 (Simulation time: 0 hr 4 min 40 sec) 
Heartbeat CPU  0 instructions:  171000001 cycles:  312398079 heartbeat IPC: 0.49493 cumulative IPC: 0.41960 (Simulation time: 0 hr 4 min 42 sec) 
Heartbeat CPU  0 instructions:  172000000 cycles:  314832907 heartbeat IPC: 0.41071 cumulative IPC: 0.41953 (Simulation time: 0 hr 4 min 43 sec) 
Heartbeat CPU  0 instructions:  173000003 cycles:  317131773 heartbeat IPC: 0.43500 cumulative IPC: 0.41965 (Simulation time: 0 hr 4 min 45 sec) 
Heartbeat CPU  0 instructions:  174000000 cycles:  319489905 heartbeat IPC: 0.42406 cumulative IPC: 0.41968 (Simulation time: 0 hr 4 min 46 sec) 
Heartbeat CPU  0 instructions:  175000000 cycles:  322004122 heartbeat IPC: 0.39774 cumulative IPC: 0.41950 (Simulation time: 0 hr 4 min 48 sec) 
Heartbeat CPU  0 instructions:  176000000 cycles:  324435418 heartbeat IPC: 0.41130 cumulative IPC: 0.41943 (Simulation time: 0 hr 4 min 50 sec) 
Heartbeat CPU  0 instructions:  177000003 cycles:  326890472 heartbeat IPC: 0.40732 cumulative IPC: 0.41933 (Simulation time: 0 hr 4 min 51 sec) 
Heartbeat CPU  0 instructions:  178000003 cycles:  329385013 heartbeat IPC: 0.40088 cumulative IPC: 0.41918 (Simulation time: 0 hr 4 min 53 sec) 
Heartbeat CPU  0 instructions:  179000000 cycles:  331894592 heartbeat IPC: 0.39847 cumulative IPC: 0.41902 (Simulation time: 0 hr 4 min 54 sec) 
Heartbeat CPU  0 instructions:  180000000 cycles:  334416637 heartbeat IPC: 0.39650 cumulative IPC: 0.41883 (Simulation time: 0 hr 4 min 56 sec) 
Heartbeat CPU  0 instructions:  181000002 cycles:  337038348 heartbeat IPC: 0.38143 cumulative IPC: 0.41852 (Simulation time: 0 hr 4 min 58 sec) 
Heartbeat CPU  0 instructions:  182000003 cycles:  339359769 heartbeat IPC: 0.43077 cumulative IPC: 0.41861 (Simulation time: 0 hr 4 min 59 sec) 
Heartbeat CPU  0 instructions:  183000003 cycles:  341737986 heartbeat IPC: 0.42048 cumulative IPC: 0.41862 (Simulation time: 0 hr 5 min 1 sec) 
Heartbeat CPU  0 instructions:  184000000 cycles:  344167932 heartbeat IPC: 0.41153 cumulative IPC: 0.41857 (Simulation time: 0 hr 5 min 2 sec) 
Heartbeat CPU  0 instructions:  185000002 cycles:  346875750 heartbeat IPC: 0.36930 cumulative IPC: 0.41816 (Simulation time: 0 hr 5 min 4 sec) 
Heartbeat CPU  0 instructions:  186000003 cycles:  349560001 heartbeat IPC: 0.37254 cumulative IPC: 0.41778 (Simulation time: 0 hr 5 min 6 sec) 
Heartbeat CPU  0 instructions:  187000003 cycles:  352004837 heartbeat IPC: 0.40903 cumulative IPC: 0.41771 (Simulation time: 0 hr 5 min 7 sec) 
Heartbeat CPU  0 instructions:  188000000 cycles:  354419681 heartbeat IPC: 0.41410 cumulative IPC: 0.41769 (Simulation time: 0 hr 5 min 9 sec) 
Heartbeat CPU  0 instructions:  189000000 cycles:  357014252 heartbeat IPC: 0.38542 cumulative IPC: 0.41744 (Simulation time: 0 hr 5 min 10 sec) 
Heartbeat CPU  0 instructions:  190000002 cycles:  359898896 heartbeat IPC: 0.34666 cumulative IPC: 0.41683 (Simulation time: 0 hr 5 min 12 sec) 
Heartbeat CPU  0 instructions:  191000000 cycles:  363229546 heartbeat IPC: 0.30024 cumulative IPC: 0.41568 (Simulation time: 0 hr 5 min 14 sec) 
Heartbeat CPU  0 instructions:  192000000 cycles:  366003091 heartbeat IPC: 0.36055 cumulative IPC: 0.41524 (Simulation time: 0 hr 5 min 16 sec) 
Heartbeat CPU  0 instructions:  193000003 cycles:  368003966 heartbeat IPC: 0.49978 cumulative IPC: 0.41573 (Simulation time: 0 hr 5 min 18 sec) 
Heartbeat CPU  0 instructions:  194000001 cycles:  370109952 heartbeat IPC: 0.47484 cumulative IPC: 0.41609 (Simulation time: 0 hr 5 min 20 sec) 
Heartbeat CPU  0 instructions:  195000003 cycles:  373076336 heartbeat IPC: 0.33711 cumulative IPC: 0.41542 (Simulation time: 0 hr 5 min 23 sec) 
Heartbeat CPU  0 instructions:  196000000 cycles:  377290177 heartbeat IPC: 0.23731 cumulative IPC: 0.41329 (Simulation time: 0 hr 5 min 26 sec) 
Heartbeat CPU  0 instructions:  197000001 cycles:  381469311 heartbeat IPC: 0.23928 cumulative IPC: 0.41126 (Simulation time: 0 hr 5 min 30 sec) 
Heartbeat CPU  0 instructions:  198000000 cycles:  384000568 heartbeat IPC: 0.39506 cumulative IPC: 0.41114 (Simulation time: 0 hr 5 min 32 sec) 
Heartbeat CPU  0 instructions:  199000002 cycles:  386031345 heartbeat IPC: 0.49242 cumulative IPC: 0.41160 (Simulation time: 0 hr 5 min 33 sec) 
*** Reached end of trace for Core: 0 Repeating trace: /data3/NUTCH/traces/nutch_phase2_core0.trace.xz
Heartbeat CPU  0 instructions:  200000000 cycles:  388004792 heartbeat IPC: 0.50673 cumulative IPC: 0.41212 (Simulation time: 0 hr 5 min 35 sec) 
Finished CPU 0 instructions: 150000001 cycles: 363974883 cumulative IPC: 0.41212 (Simulation time: 0 hr 5 min 35 sec) 

ChampSim completed all CPUs

[ROI Statistics]
Core_0_instructions 150000001
Core_0_cycles 363974883
Core_0_IPC 0.41212

Core_0_branch_prediction_accuracy 98.36670
Core_0_branch_MPKI 3.29419
Core_0_average_ROB_occupancy_at_mispredict 120.00915

Core_0_L1D_total_access 20399009
Core_0_L1D_total_hit 18217855
Core_0_L1D_total_miss 2181154
Core_0_L1D_loads 16560452
Core_0_L1D_load_hit 14634343
Core_0_L1D_load_miss 1926109
Core_0_L1D_RFOs 3838557
Core_0_L1D_RFO_hit 3583512
Core_0_L1D_RFO_miss 255045
Core_0_L1D_prefetches 0
Core_0_L1D_prefetch_hit 0
Core_0_L1D_prefetch_miss 0
Core_0_L1D_writebacks 0
Core_0_L1D_writeback_hit 0
Core_0_L1D_writeback_miss 0
Core_0_L1D_prefetch_requested 0
Core_0_L1D_prefetch_dropped 0
Core_0_L1D_prefetch_issued 0
Core_0_L1D_prefetch_filled 0
Core_0_L1D_prefetch_useful 0
Core_0_L1D_prefetch_useless 0
Core_0_L1D_prefetch_late 0
Core_0_L1D_average_miss_latency 194.26912

Core_0_L1D_rq_access 27166660
Core_0_L1D_rq_forward 0
Core_0_L1D_rq_merged 9680059
Core_0_L1D_rq_to_cache 17486557
Core_0_L1D_rq_full 0

Core_0_L1D_wq_access 4085912
Core_0_L1D_wq_forward 44
Core_0_L1D_wq_merged 20585
Core_0_L1D_wq_to_cache 4065327
Core_0_L1D_wq_full 235039

Core_0_L1D_pq_access 0
Core_0_L1D_pq_forward 0
Core_0_L1D_pq_merged 0
Core_0_L1D_pq_to_cache 0
Core_0_L1D_pq_full 0

Core_0_L1D_acc_epochs 293435
Core_0_L1D_acc_level_0 293435
Core_0_L1D_acc_level_1 0
Core_0_L1D_acc_level_2 0
Core_0_L1D_acc_level_3 0
Core_0_L1D_acc_level_4 0
Core_0_L1D_acc_level_5 0
Core_0_L1D_acc_level_6 0
Core_0_L1D_acc_level_7 0
Core_0_L1D_acc_level_8 0
Core_0_L1D_acc_level_9 0

Core_0_L1I_total_access 38567683
Core_0_L1I_total_hit 38564619
Core_0_L1I_total_miss 3064
Core_0_L1I_loads 38567683
Core_0_L1I_load_hit 38564619
Core_0_L1I_load_miss 3064
Core_0_L1I_RFOs 0
Core_0_L1I_RFO_hit 0
Core_0_L1I_RFO_miss 0
Core_0_L1I_prefetches 0
Core_0_L1I_prefetch_hit 0
Core_0_L1I_prefetch_miss 0
Core_0_L1I_writebacks 0
Core_0_L1I_writeback_hit 0
Core_0_L1I_writeback_miss 0
Core_0_L1I_prefetch_requested 0
Core_0_L1I_prefetch_dropped 0
Core_0_L1I_prefetch_issued 0
Core_0_L1I_prefetch_filled 0
Core_0_L1I_prefetch_useful 0
Core_0_L1I_prefetch_useless 0
Core_0_L1I_prefetch_late 0
Core_0_L1I_average_miss_latency 247.04667

Core_0_L1I_rq_access 149999822
Core_0_L1I_rq_forward 0
Core_0_L1I_rq_merged 111430846
Core_0_L1I_rq_to_cache 38568976
Core_0_L1I_rq_full 0

Core_0_L1I_wq_access 0
Core_0_L1I_wq_forward 0
Core_0_L1I_wq_merged 0
Core_0_L1I_wq_to_cache 0
Core_0_L1I_wq_full 0

Core_0_L1I_pq_access 0
Core_0_L1I_pq_forward 0
Core_0_L1I_pq_merged 0
Core_0_L1I_pq_to_cache 0
Core_0_L1I_pq_full 0

Core_0_L1I_acc_epochs 293435
Core_0_L1I_acc_level_0 293435
Core_0_L1I_acc_level_1 0
Core_0_L1I_acc_level_2 0
Core_0_L1I_acc_level_3 0
Core_0_L1I_acc_level_4 0
Core_0_L1I_acc_level_5 0
Core_0_L1I_acc_level_6 0
Core_0_L1I_acc_level_7 0
Core_0_L1I_acc_level_8 0
Core_0_L1I_acc_level_9 0

Core_0_L2C_total_access 2747898
Core_0_L2C_total_hit 762207
Core_0_L2C_total_miss 1985691
Core_0_L2C_loads 1929172
Core_0_L2C_load_hit 176554
Core_0_L2C_load_miss 1752618
Core_0_L2C_RFOs 255036
Core_0_L2C_RFO_hit 22141
Core_0_L2C_RFO_miss 232895
Core_0_L2C_prefetches 0
Core_0_L2C_prefetch_hit 0
Core_0_L2C_prefetch_miss 0
Core_0_L2C_writebacks 563690
Core_0_L2C_writeback_hit 563512
Core_0_L2C_writeback_miss 178
Core_0_L2C_prefetch_requested 0
Core_0_L2C_prefetch_dropped 0
Core_0_L2C_prefetch_issued 0
Core_0_L2C_prefetch_filled 0
Core_0_L2C_prefetch_useful 0
Core_0_L2C_prefetch_useless 0
Core_0_L2C_prefetch_late 0
Core_0_L2C_average_miss_latency 191.56141

Core_0_L2C_rq_access 2184218
Core_0_L2C_rq_forward 0
Core_0_L2C_rq_merged 0
Core_0_L2C_rq_to_cache 2184208
Core_0_L2C_rq_full 0

Core_0_L2C_wq_access 563690
Core_0_L2C_wq_forward 10
Core_0_L2C_wq_merged 0
Core_0_L2C_wq_to_cache 563690
Core_0_L2C_wq_full 0

Core_0_L2C_pq_access 0
Core_0_L2C_pq_forward 0
Core_0_L2C_pq_merged 0
Core_0_L2C_pq_to_cache 0
Core_0_L2C_pq_full 0

Core_0_L2C_acc_epochs 293435
Core_0_L2C_acc_level_0 293435
Core_0_L2C_acc_level_1 0
Core_0_L2C_acc_level_2 0
Core_0_L2C_acc_level_3 0
Core_0_L2C_acc_level_4 0
Core_0_L2C_acc_level_5 0
Core_0_L2C_acc_level_6 0
Core_0_L2C_acc_level_7 0
Core_0_L2C_acc_level_8 0
Core_0_L2C_acc_level_9 0

Core_0_LLC_total_access 2524671
Core_0_LLC_total_hit 225297
Core_0_LLC_total_miss 2299374
Core_0_LLC_loads 1752618
Core_0_LLC_load_hit 143773
Core_0_LLC_load_miss 1608845
Core_0_LLC_RFOs 232895
Core_0_LLC_RFO_hit 2961
Core_0_LLC_RFO_miss 229934
Core_0_LLC_prefetches 0
Core_0_LLC_prefetch_hit 0
Core_0_LLC_prefetch_miss 0
Core_0_LLC_writebacks 539158
Core_0_LLC_writeback_hit 78563
Core_0_LLC_writeback_miss 460595
Core_0_LLC_prefetch_requested 0
Core_0_LLC_prefetch_dropped 0
Core_0_LLC_prefetch_issued 0
Core_0_LLC_prefetch_filled 0
Core_0_LLC_prefetch_useful 0
Core_0_LLC_prefetch_useless 0
Core_0_LLC_prefetch_late 0
Core_0_LLC_average_miss_latency 135.53706

Core_0_LLC_rq_access 1985513
Core_0_LLC_rq_forward 0
Core_0_LLC_rq_merged 0
Core_0_LLC_rq_to_cache 1985513
Core_0_LLC_rq_full 0

Core_0_LLC_wq_access 539158
Core_0_LLC_wq_forward 0
Core_0_LLC_wq_merged 0
Core_0_LLC_wq_to_cache 539158
Core_0_LLC_wq_full 0

Core_0_LLC_pq_access 0
Core_0_LLC_pq_forward 0
Core_0_LLC_pq_merged 0
Core_0_LLC_pq_to_cache 0
Core_0_LLC_pq_full 0

Core_0_LLC_acc_epochs 378911
Core_0_LLC_acc_level_0 378911
Core_0_LLC_acc_level_1 0
Core_0_LLC_acc_level_2 0
Core_0_LLC_acc_level_3 0
Core_0_LLC_acc_level_4 0
Core_0_LLC_acc_level_5 0
Core_0_LLC_acc_level_6 0
Core_0_LLC_acc_level_7 0
Core_0_LLC_acc_level_8 0
Core_0_LLC_acc_level_9 0

Core_0_major_page_fault 0
Core_0_minor_page_fault 11115

Channel_0_RQ_row_buffer_hit 918019
Channel_0_RQ_row_buffer_miss 920760
Channel_0_WQ_row_buffer_hit 202442
Channel_0_WQ_row_buffer_miss 311391
Channel_0_WQ_full 0
Channel_0_dbus_congested 717337

avg_congested_cycle 11

DRAM_bw_pochs 1515644
DRAM_bw_level_0 1369180
DRAM_bw_level_1 103682
DRAM_bw_level_2 34293
DRAM_bw_level_3 8489
