*************************************************
   ChampSim Multicore Out-of-Order Simulator
   Last compiled: Apr  2 2025 11:26:00
*************************************************
parsing config file: /data3/config/nopref.ini

trace_0 /data3/NUTCH/traces/nutch_phase4_core0.trace.xz
adding L2C_PREFETCHER: NONE
Initialize SHIP state
warmup_instructions 50000000
simulation_instructions 150000000
champsim_seed 1790
measure_ipc 0
measure_ipc_epoch 1000
measure_dram_bw 1
measure_dram_bw_epoch 256
measure_cache_acc 1
measure_cache_acc_epoch 1024
l1d_perfect 0
l2c_perfect 0
llc_perfect 0
l1d_semi_perfect 0
l2c_semi_perfect 0
llc_semi_perfect 0
semi_perfect_cache_page_buffer_size 64

num_cpus 1
cpu_freq 4000
dram_io_freq 2400
page_size 4096
block_size 64
max_read_per_cycle 8
max_fill_per_cycle 1
dram_channels 1
log2_dram_channels 0
dram_ranks 1
dram_banks 8
dram_rows 65536
dram_columns 128
dram_row_size 8
dram_size 4096
dram_pages 1048576

fetch_width 6
decode_width 6
exec_width 4
lq_width 2
sq_width 2
retire_width 4
scheduler_size 128
branch_mispredict_penalty 20
rob_size 256
lq_size 72
sq_size 56
num_instr_destinations_sparc 4
num_instr_destinations 2
num_instr_sources 4

itlb_set 16
itlb_way 8
itlb_rq_size 16
itlb_wq_size 16
itlb_pq_size 0
itlb_mshr_size 8
itlb_latency 1

dtlb_set 16
dtlb_way 4
dtlb_rq_size 16
dtlb_wq_size 16
dtlb_pq_size 0
dtlb_mshr_size 8
dtlb_latency 1

stlb_set 128
stlb_way 12
stlb_rq_size 32
stlb_wq_size 32
stlb_pq_size 0
stlb_mshr_size 16
stlb_latency 8

l1i_size 32
l1i_set 64
l1i_way 8
l1i_rq_size 64
l1i_wq_size 64
l1i_pq_size 8
l1i_mshr_size 8
l1i_latency 1

l1d_size 32
l1d_set 64
l1d_way 8
l1d_rq_size 64
l1d_wq_size 64
l1d_pq_size 8
l1d_mshr_size 16
l1d_latency 4

l2c_size 256
l2c_set 512
l2c_way 8
l2c_rq_size 32
l2c_wq_size 32
l2c_pq_size 32
l2c_mshr_size 32
l2c_latency 10

llc_size 2048
llc_set 2048
llc_way 16
llc_rq_size 32
llc_wq_size 32
llc_pq_size 32
llc_mshr_size 64
llc_latency 20

dram_channel_width 8
dram_wq_size 64
dram_rq_size 64
tRP 15
tRCD 15
tCAS 12.5
dram_dbus_turn_around_time 30
dram_write_high_wm 56
dram_write_low_wm 48
min_dram_writes_per_switch 16
dram_mtps 2400
dram_dbus_return_time 13


Heartbeat CPU  0 instructions:    1000001 cycles:     430170 heartbeat IPC: 2.32466 cumulative IPC: 2.32466 (Simulation time: 0 hr 0 min 1 sec) 
Heartbeat CPU  0 instructions:    2000001 cycles:    1001340 heartbeat IPC: 1.75079 cumulative IPC: 1.99732 (Simulation time: 0 hr 0 min 2 sec) 
Heartbeat CPU  0 instructions:    3000000 cycles:    1527846 heartbeat IPC: 1.89931 cumulative IPC: 1.96355 (Simulation time: 0 hr 0 min 3 sec) 
Heartbeat CPU  0 instructions:    4000000 cycles:    2018718 heartbeat IPC: 2.03719 cumulative IPC: 1.98146 (Simulation time: 0 hr 0 min 4 sec) 
Heartbeat CPU  0 instructions:    5000003 cycles:    2442951 heartbeat IPC: 2.35720 cumulative IPC: 2.04671 (Simulation time: 0 hr 0 min 5 sec) 
Heartbeat CPU  0 instructions:    6000002 cycles:    2854452 heartbeat IPC: 2.43013 cumulative IPC: 2.10198 (Simulation time: 0 hr 0 min 6 sec) 
Heartbeat CPU  0 instructions:    7000000 cycles:    3265608 heartbeat IPC: 2.43216 cumulative IPC: 2.14355 (Simulation time: 0 hr 0 min 7 sec) 
Heartbeat CPU  0 instructions:    8000000 cycles:    3675682 heartbeat IPC: 2.43858 cumulative IPC: 2.17647 (Simulation time: 0 hr 0 min 8 sec) 
Heartbeat CPU  0 instructions:    9000002 cycles:    4134006 heartbeat IPC: 2.18187 cumulative IPC: 2.17707 (Simulation time: 0 hr 0 min 9 sec) 
Heartbeat CPU  0 instructions:   10000002 cycles:    4658294 heartbeat IPC: 1.90735 cumulative IPC: 2.14671 (Simulation time: 0 hr 0 min 11 sec) 
Heartbeat CPU  0 instructions:   11000003 cycles:    5222542 heartbeat IPC: 1.77227 cumulative IPC: 2.10625 (Simulation time: 0 hr 0 min 12 sec) 
Heartbeat CPU  0 instructions:   12000000 cycles:    5657069 heartbeat IPC: 2.30135 cumulative IPC: 2.12124 (Simulation time: 0 hr 0 min 13 sec) 
Heartbeat CPU  0 instructions:   13000001 cycles:    6085021 heartbeat IPC: 2.33671 cumulative IPC: 2.13639 (Simulation time: 0 hr 0 min 14 sec) 
Heartbeat CPU  0 instructions:   14000003 cycles:    6496785 heartbeat IPC: 2.42858 cumulative IPC: 2.15491 (Simulation time: 0 hr 0 min 15 sec) 
Heartbeat CPU  0 instructions:   15000000 cycles:    6906057 heartbeat IPC: 2.44336 cumulative IPC: 2.17201 (Simulation time: 0 hr 0 min 16 sec) 
Heartbeat CPU  0 instructions:   16000000 cycles:    7385000 heartbeat IPC: 2.08793 cumulative IPC: 2.16655 (Simulation time: 0 hr 0 min 17 sec) 
Heartbeat CPU  0 instructions:   17000001 cycles:    7886898 heartbeat IPC: 1.99244 cumulative IPC: 2.15547 (Simulation time: 0 hr 0 min 18 sec) 
Heartbeat CPU  0 instructions:   18000002 cycles:    8443787 heartbeat IPC: 1.79569 cumulative IPC: 2.13175 (Simulation time: 0 hr 0 min 19 sec) 
Heartbeat CPU  0 instructions:   19000001 cycles:    8860399 heartbeat IPC: 2.40031 cumulative IPC: 2.14437 (Simulation time: 0 hr 0 min 20 sec) 
Heartbeat CPU  0 instructions:   20000000 cycles:    9262860 heartbeat IPC: 2.48471 cumulative IPC: 2.15916 (Simulation time: 0 hr 0 min 21 sec) 
Heartbeat CPU  0 instructions:   21000002 cycles:    9665448 heartbeat IPC: 2.48393 cumulative IPC: 2.17269 (Simulation time: 0 hr 0 min 22 sec) 
Heartbeat CPU  0 instructions:   22000001 cycles:   10065510 heartbeat IPC: 2.49961 cumulative IPC: 2.18568 (Simulation time: 0 hr 0 min 24 sec) 
Heartbeat CPU  0 instructions:   23000001 cycles:   10465198 heartbeat IPC: 2.50195 cumulative IPC: 2.19776 (Simulation time: 0 hr 0 min 25 sec) 
Heartbeat CPU  0 instructions:   24000000 cycles:   10861180 heartbeat IPC: 2.52536 cumulative IPC: 2.20970 (Simulation time: 0 hr 0 min 26 sec) 
Heartbeat CPU  0 instructions:   25000001 cycles:   11320741 heartbeat IPC: 2.17599 cumulative IPC: 2.20834 (Simulation time: 0 hr 0 min 27 sec) 
Heartbeat CPU  0 instructions:   26000000 cycles:   11861045 heartbeat IPC: 1.85081 cumulative IPC: 2.19205 (Simulation time: 0 hr 0 min 28 sec) 
Heartbeat CPU  0 instructions:   27000002 cycles:   12318968 heartbeat IPC: 2.18378 cumulative IPC: 2.19174 (Simulation time: 0 hr 0 min 29 sec) 
Heartbeat CPU  0 instructions:   28000000 cycles:   12852260 heartbeat IPC: 1.87514 cumulative IPC: 2.17861 (Simulation time: 0 hr 0 min 30 sec) 
Heartbeat CPU  0 instructions:   29000001 cycles:   13288453 heartbeat IPC: 2.29257 cumulative IPC: 2.18235 (Simulation time: 0 hr 0 min 31 sec) 
Heartbeat CPU  0 instructions:   30000003 cycles:   13871505 heartbeat IPC: 1.71512 cumulative IPC: 2.16271 (Simulation time: 0 hr 0 min 32 sec) 
Heartbeat CPU  0 instructions:   31000000 cycles:   14720856 heartbeat IPC: 1.17737 cumulative IPC: 2.10586 (Simulation time: 0 hr 0 min 33 sec) 
Heartbeat CPU  0 instructions:   32000000 cycles:   15469804 heartbeat IPC: 1.33521 cumulative IPC: 2.06855 (Simulation time: 0 hr 0 min 34 sec) 
Heartbeat CPU  0 instructions:   33000000 cycles:   16058336 heartbeat IPC: 1.69914 cumulative IPC: 2.05501 (Simulation time: 0 hr 0 min 35 sec) 
Heartbeat CPU  0 instructions:   34000001 cycles:   16674169 heartbeat IPC: 1.62382 cumulative IPC: 2.03908 (Simulation time: 0 hr 0 min 37 sec) 
Heartbeat CPU  0 instructions:   35000002 cycles:   17362977 heartbeat IPC: 1.45178 cumulative IPC: 2.01578 (Simulation time: 0 hr 0 min 38 sec) 
Heartbeat CPU  0 instructions:   36000000 cycles:   17994174 heartbeat IPC: 1.58429 cumulative IPC: 2.00065 (Simulation time: 0 hr 0 min 39 sec) 
Heartbeat CPU  0 instructions:   37000002 cycles:   18638359 heartbeat IPC: 1.55235 cumulative IPC: 1.98515 (Simulation time: 0 hr 0 min 40 sec) 
Heartbeat CPU  0 instructions:   38000003 cycles:   19185942 heartbeat IPC: 1.82621 cumulative IPC: 1.98062 (Simulation time: 0 hr 0 min 41 sec) 
Heartbeat CPU  0 instructions:   39000001 cycles:   19712410 heartbeat IPC: 1.89945 cumulative IPC: 1.97845 (Simulation time: 0 hr 0 min 43 sec) 
Heartbeat CPU  0 instructions:   40000000 cycles:   20180677 heartbeat IPC: 2.13553 cumulative IPC: 1.98209 (Simulation time: 0 hr 0 min 44 sec) 
Heartbeat CPU  0 instructions:   41000003 cycles:   20625002 heartbeat IPC: 2.25061 cumulative IPC: 1.98788 (Simulation time: 0 hr 0 min 45 sec) 
Heartbeat CPU  0 instructions:   42000003 cycles:   21066216 heartbeat IPC: 2.26647 cumulative IPC: 1.99371 (Simulation time: 0 hr 0 min 46 sec) 
Heartbeat CPU  0 instructions:   43000002 cycles:   21585304 heartbeat IPC: 1.92645 cumulative IPC: 1.99210 (Simulation time: 0 hr 0 min 48 sec) 
Heartbeat CPU  0 instructions:   44000000 cycles:   22236552 heartbeat IPC: 1.53551 cumulative IPC: 1.97872 (Simulation time: 0 hr 0 min 49 sec) 
Heartbeat CPU  0 instructions:   45000000 cycles:   22796453 heartbeat IPC: 1.78603 cumulative IPC: 1.97399 (Simulation time: 0 hr 0 min 50 sec) 
Heartbeat CPU  0 instructions:   46000002 cycles:   23289183 heartbeat IPC: 2.02951 cumulative IPC: 1.97517 (Simulation time: 0 hr 0 min 51 sec) 
Heartbeat CPU  0 instructions:   47000000 cycles:   23761838 heartbeat IPC: 2.11570 cumulative IPC: 1.97796 (Simulation time: 0 hr 0 min 52 sec) 
Heartbeat CPU  0 instructions:   48000000 cycles:   24235866 heartbeat IPC: 2.10958 cumulative IPC: 1.98054 (Simulation time: 0 hr 0 min 54 sec) 
Heartbeat CPU  0 instructions:   49000001 cycles:   24781505 heartbeat IPC: 1.83272 cumulative IPC: 1.97728 (Simulation time: 0 hr 0 min 55 sec) 
Heartbeat CPU  0 instructions:   50000000 cycles:   25324316 heartbeat IPC: 1.84226 cumulative IPC: 1.97439 (Simulation time: 0 hr 0 min 56 sec) 

Warmup complete CPU  0 instructions:   50000003 cycles:   25324317 (Simulation time: 0 hr 0 min 56 sec) 

Heartbeat CPU  0 instructions:   51000001 cycles:   27526093 heartbeat IPC: 0.45418 cumulative IPC: 0.45418 (Simulation time: 0 hr 0 min 58 sec) 
Heartbeat CPU  0 instructions:   52000000 cycles:   29621282 heartbeat IPC: 0.47728 cumulative IPC: 0.46544 (Simulation time: 0 hr 0 min 59 sec) 
Heartbeat CPU  0 instructions:   53000002 cycles:   31844458 heartbeat IPC: 0.44981 cumulative IPC: 0.46011 (Simulation time: 0 hr 1 min 1 sec) 
Heartbeat CPU  0 instructions:   54000002 cycles:   33963563 heartbeat IPC: 0.47190 cumulative IPC: 0.46300 (Simulation time: 0 hr 1 min 3 sec) 
Heartbeat CPU  0 instructions:   55000003 cycles:   37887419 heartbeat IPC: 0.25485 cumulative IPC: 0.39799 (Simulation time: 0 hr 1 min 4 sec) 
Heartbeat CPU  0 instructions:   56000000 cycles:   40439809 heartbeat IPC: 0.39179 cumulative IPC: 0.39694 (Simulation time: 0 hr 1 min 6 sec) 
Heartbeat CPU  0 instructions:   57000000 cycles:   41665140 heartbeat IPC: 0.81611 cumulative IPC: 0.42837 (Simulation time: 0 hr 1 min 7 sec) 
Heartbeat CPU  0 instructions:   58000001 cycles:   45063578 heartbeat IPC: 0.29425 cumulative IPC: 0.40528 (Simulation time: 0 hr 1 min 9 sec) 
Heartbeat CPU  0 instructions:   59000001 cycles:   48128648 heartbeat IPC: 0.32626 cumulative IPC: 0.39466 (Simulation time: 0 hr 1 min 11 sec) 
Heartbeat CPU  0 instructions:   60000000 cycles:   49562736 heartbeat IPC: 0.69731 cumulative IPC: 0.41257 (Simulation time: 0 hr 1 min 12 sec) 
Heartbeat CPU  0 instructions:   61000000 cycles:   53133442 heartbeat IPC: 0.28006 cumulative IPC: 0.39555 (Simulation time: 0 hr 1 min 14 sec) 
Heartbeat CPU  0 instructions:   62000000 cycles:   56623950 heartbeat IPC: 0.28649 cumulative IPC: 0.38339 (Simulation time: 0 hr 1 min 15 sec) 
Heartbeat CPU  0 instructions:   63000001 cycles:   60130524 heartbeat IPC: 0.28518 cumulative IPC: 0.37350 (Simulation time: 0 hr 1 min 17 sec) 
Heartbeat CPU  0 instructions:   64000000 cycles:   63504629 heartbeat IPC: 0.29637 cumulative IPC: 0.36668 (Simulation time: 0 hr 1 min 19 sec) 
Heartbeat CPU  0 instructions:   65000001 cycles:   67000601 heartbeat IPC: 0.28604 cumulative IPC: 0.35992 (Simulation time: 0 hr 1 min 20 sec) 
Heartbeat CPU  0 instructions:   66000002 cycles:   70267134 heartbeat IPC: 0.30614 cumulative IPC: 0.35601 (Simulation time: 0 hr 1 min 22 sec) 
Heartbeat CPU  0 instructions:   67000002 cycles:   73464702 heartbeat IPC: 0.31274 cumulative IPC: 0.35313 (Simulation time: 0 hr 1 min 24 sec) 
Heartbeat CPU  0 instructions:   68000000 cycles:   76857598 heartbeat IPC: 0.29473 cumulative IPC: 0.34929 (Simulation time: 0 hr 1 min 25 sec) 
Heartbeat CPU  0 instructions:   69000000 cycles:   80204684 heartbeat IPC: 0.29877 cumulative IPC: 0.34621 (Simulation time: 0 hr 1 min 27 sec) 
Heartbeat CPU  0 instructions:   70000002 cycles:   83573077 heartbeat IPC: 0.29688 cumulative IPC: 0.34335 (Simulation time: 0 hr 1 min 29 sec) 
Heartbeat CPU  0 instructions:   71000001 cycles:   86861878 heartbeat IPC: 0.30406 cumulative IPC: 0.34125 (Simulation time: 0 hr 1 min 30 sec) 
Heartbeat CPU  0 instructions:   72000000 cycles:   89615546 heartbeat IPC: 0.36315 cumulative IPC: 0.34219 (Simulation time: 0 hr 1 min 32 sec) 
Heartbeat CPU  0 instructions:   73000001 cycles:   91030756 heartbeat IPC: 0.70661 cumulative IPC: 0.35004 (Simulation time: 0 hr 1 min 33 sec) 
Heartbeat CPU  0 instructions:   74000000 cycles:   92870635 heartbeat IPC: 0.54351 cumulative IPC: 0.35531 (Simulation time: 0 hr 1 min 35 sec) 
Heartbeat CPU  0 instructions:   75000000 cycles:   95556300 heartbeat IPC: 0.37235 cumulative IPC: 0.35596 (Simulation time: 0 hr 1 min 37 sec) 
Heartbeat CPU  0 instructions:   76000000 cycles:   97595364 heartbeat IPC: 0.49042 cumulative IPC: 0.35976 (Simulation time: 0 hr 1 min 39 sec) 
Heartbeat CPU  0 instructions:   77000000 cycles:  101322410 heartbeat IPC: 0.26831 cumulative IPC: 0.35527 (Simulation time: 0 hr 1 min 40 sec) 
Heartbeat CPU  0 instructions:   78000002 cycles:  105082134 heartbeat IPC: 0.26598 cumulative IPC: 0.35106 (Simulation time: 0 hr 1 min 42 sec) 
Heartbeat CPU  0 instructions:   79000003 cycles:  108708185 heartbeat IPC: 0.27578 cumulative IPC: 0.34779 (Simulation time: 0 hr 1 min 44 sec) 
Heartbeat CPU  0 instructions:   80000000 cycles:  112448288 heartbeat IPC: 0.26737 cumulative IPC: 0.34434 (Simulation time: 0 hr 1 min 45 sec) 
Heartbeat CPU  0 instructions:   81000000 cycles:  116241758 heartbeat IPC: 0.26361 cumulative IPC: 0.34097 (Simulation time: 0 hr 1 min 47 sec) 
Heartbeat CPU  0 instructions:   82000000 cycles:  119081337 heartbeat IPC: 0.35216 cumulative IPC: 0.34131 (Simulation time: 0 hr 1 min 48 sec) 
Heartbeat CPU  0 instructions:   83000000 cycles:  122084058 heartbeat IPC: 0.33303 cumulative IPC: 0.34105 (Simulation time: 0 hr 1 min 50 sec) 
Heartbeat CPU  0 instructions:   84000000 cycles:  125393492 heartbeat IPC: 0.30217 cumulative IPC: 0.33976 (Simulation time: 0 hr 1 min 52 sec) 
Heartbeat CPU  0 instructions:   85000002 cycles:  127476968 heartbeat IPC: 0.47997 cumulative IPC: 0.34262 (Simulation time: 0 hr 1 min 53 sec) 
Heartbeat CPU  0 instructions:   86000000 cycles:  130579661 heartbeat IPC: 0.32230 cumulative IPC: 0.34203 (Simulation time: 0 hr 1 min 55 sec) 
Heartbeat CPU  0 instructions:   87000003 cycles:  133633154 heartbeat IPC: 0.32749 cumulative IPC: 0.34162 (Simulation time: 0 hr 1 min 56 sec) 
Heartbeat CPU  0 instructions:   88000000 cycles:  136856088 heartbeat IPC: 0.31028 cumulative IPC: 0.34071 (Simulation time: 0 hr 1 min 58 sec) 
Heartbeat CPU  0 instructions:   89000000 cycles:  140232680 heartbeat IPC: 0.29616 cumulative IPC: 0.33940 (Simulation time: 0 hr 2 min 0 sec) 
Heartbeat CPU  0 instructions:   90000003 cycles:  141658106 heartbeat IPC: 0.70155 cumulative IPC: 0.34384 (Simulation time: 0 hr 2 min 1 sec) 
Heartbeat CPU  0 instructions:   91000001 cycles:  144994404 heartbeat IPC: 0.29973 cumulative IPC: 0.34261 (Simulation time: 0 hr 2 min 3 sec) 
Heartbeat CPU  0 instructions:   92000000 cycles:  148386203 heartbeat IPC: 0.29483 cumulative IPC: 0.34129 (Simulation time: 0 hr 2 min 4 sec) 
Heartbeat CPU  0 instructions:   93000000 cycles:  151882264 heartbeat IPC: 0.28604 cumulative IPC: 0.33977 (Simulation time: 0 hr 2 min 6 sec) 
Heartbeat CPU  0 instructions:   94000001 cycles:  155377143 heartbeat IPC: 0.28613 cumulative IPC: 0.33832 (Simulation time: 0 hr 2 min 8 sec) 
Heartbeat CPU  0 instructions:   95000001 cycles:  158805574 heartbeat IPC: 0.29168 cumulative IPC: 0.33713 (Simulation time: 0 hr 2 min 9 sec) 
Heartbeat CPU  0 instructions:   96000000 cycles:  162203394 heartbeat IPC: 0.29431 cumulative IPC: 0.33606 (Simulation time: 0 hr 2 min 11 sec) 
Heartbeat CPU  0 instructions:   97000002 cycles:  165100032 heartbeat IPC: 0.34523 cumulative IPC: 0.33625 (Simulation time: 0 hr 2 min 13 sec) 
Heartbeat CPU  0 instructions:   98000001 cycles:  168392258 heartbeat IPC: 0.30375 cumulative IPC: 0.33550 (Simulation time: 0 hr 2 min 14 sec) 
Heartbeat CPU  0 instructions:   99000003 cycles:  171519242 heartbeat IPC: 0.31980 cumulative IPC: 0.33517 (Simulation time: 0 hr 2 min 16 sec) 
*** Reached end of trace for Core: 0 Repeating trace: /data3/NUTCH/traces/nutch_phase4_core0.trace.xz
Heartbeat CPU  0 instructions:  100000000 cycles:  176933888 heartbeat IPC: 0.18468 cumulative IPC: 0.32979 (Simulation time: 0 hr 2 min 18 sec) 
Heartbeat CPU  0 instructions:  101000000 cycles:  180253215 heartbeat IPC: 0.30127 cumulative IPC: 0.32918 (Simulation time: 0 hr 2 min 19 sec) 
Heartbeat CPU  0 instructions:  102000002 cycles:  183426298 heartbeat IPC: 0.31515 cumulative IPC: 0.32890 (Simulation time: 0 hr 2 min 21 sec) 
Heartbeat CPU  0 instructions:  103000000 cycles:  186256331 heartbeat IPC: 0.35335 cumulative IPC: 0.32933 (Simulation time: 0 hr 2 min 23 sec) 
Heartbeat CPU  0 instructions:  104000000 cycles:  188922450 heartbeat IPC: 0.37508 cumulative IPC: 0.33008 (Simulation time: 0 hr 2 min 24 sec) 
Heartbeat CPU  0 instructions:  105000003 cycles:  192082159 heartbeat IPC: 0.31649 cumulative IPC: 0.32982 (Simulation time: 0 hr 2 min 26 sec) 
Heartbeat CPU  0 instructions:  106000001 cycles:  195270961 heartbeat IPC: 0.31360 cumulative IPC: 0.32952 (Simulation time: 0 hr 2 min 27 sec) 
Heartbeat CPU  0 instructions:  107000003 cycles:  198512758 heartbeat IPC: 0.30847 cumulative IPC: 0.32912 (Simulation time: 0 hr 2 min 29 sec) 
Heartbeat CPU  0 instructions:  108000000 cycles:  201703561 heartbeat IPC: 0.31340 cumulative IPC: 0.32884 (Simulation time: 0 hr 2 min 31 sec) 
Heartbeat CPU  0 instructions:  109000002 cycles:  204578485 heartbeat IPC: 0.34784 cumulative IPC: 0.32914 (Simulation time: 0 hr 2 min 32 sec) 
Heartbeat CPU  0 instructions:  110000003 cycles:  207739130 heartbeat IPC: 0.31639 cumulative IPC: 0.32892 (Simulation time: 0 hr 2 min 34 sec) 
Heartbeat CPU  0 instructions:  111000001 cycles:  210167746 heartbeat IPC: 0.41176 cumulative IPC: 0.33001 (Simulation time: 0 hr 2 min 36 sec) 
Heartbeat CPU  0 instructions:  112000000 cycles:  213320549 heartbeat IPC: 0.31718 cumulative IPC: 0.32979 (Simulation time: 0 hr 2 min 37 sec) 
Heartbeat CPU  0 instructions:  113000003 cycles:  216637274 heartbeat IPC: 0.30150 cumulative IPC: 0.32930 (Simulation time: 0 hr 2 min 39 sec) 
Heartbeat CPU  0 instructions:  114000002 cycles:  219894626 heartbeat IPC: 0.30700 cumulative IPC: 0.32893 (Simulation time: 0 hr 2 min 41 sec) 
Heartbeat CPU  0 instructions:  115000002 cycles:  223079372 heartbeat IPC: 0.31400 cumulative IPC: 0.32869 (Simulation time: 0 hr 2 min 42 sec) 
Heartbeat CPU  0 instructions:  116000000 cycles:  226184746 heartbeat IPC: 0.32202 cumulative IPC: 0.32859 (Simulation time: 0 hr 2 min 44 sec) 
Heartbeat CPU  0 instructions:  117000001 cycles:  229483445 heartbeat IPC: 0.30315 cumulative IPC: 0.32818 (Simulation time: 0 hr 2 min 46 sec) 
Heartbeat CPU  0 instructions:  118000002 cycles:  231044371 heartbeat IPC: 0.64065 cumulative IPC: 0.33055 (Simulation time: 0 hr 2 min 47 sec) 
Heartbeat CPU  0 instructions:  119000000 cycles:  234253521 heartbeat IPC: 0.31161 cumulative IPC: 0.33026 (Simulation time: 0 hr 2 min 48 sec) 
Heartbeat CPU  0 instructions:  120000000 cycles:  237405329 heartbeat IPC: 0.31728 cumulative IPC: 0.33006 (Simulation time: 0 hr 2 min 50 sec) 
Heartbeat CPU  0 instructions:  121000003 cycles:  240661557 heartbeat IPC: 0.30710 cumulative IPC: 0.32972 (Simulation time: 0 hr 2 min 52 sec) 
Heartbeat CPU  0 instructions:  122000001 cycles:  243862673 heartbeat IPC: 0.31239 cumulative IPC: 0.32946 (Simulation time: 0 hr 2 min 53 sec) 
Heartbeat CPU  0 instructions:  123000000 cycles:  247064040 heartbeat IPC: 0.31237 cumulative IPC: 0.32921 (Simulation time: 0 hr 2 min 55 sec) 
Heartbeat CPU  0 instructions:  124000000 cycles:  250347766 heartbeat IPC: 0.30453 cumulative IPC: 0.32885 (Simulation time: 0 hr 2 min 57 sec) 
Heartbeat CPU  0 instructions:  125000002 cycles:  253124504 heartbeat IPC: 0.36014 cumulative IPC: 0.32924 (Simulation time: 0 hr 2 min 59 sec) 
Heartbeat CPU  0 instructions:  126000000 cycles:  256271163 heartbeat IPC: 0.31780 cumulative IPC: 0.32908 (Simulation time: 0 hr 3 min 0 sec) 
Heartbeat CPU  0 instructions:  127000003 cycles:  259544946 heartbeat IPC: 0.30546 cumulative IPC: 0.32875 (Simulation time: 0 hr 3 min 2 sec) 
Heartbeat CPU  0 instructions:  128000000 cycles:  262237033 heartbeat IPC: 0.37146 cumulative IPC: 0.32924 (Simulation time: 0 hr 3 min 4 sec) 
Heartbeat CPU  0 instructions:  129000001 cycles:  265468058 heartbeat IPC: 0.30950 cumulative IPC: 0.32897 (Simulation time: 0 hr 3 min 5 sec) 
Heartbeat CPU  0 instructions:  130000002 cycles:  269111297 heartbeat IPC: 0.27448 cumulative IPC: 0.32816 (Simulation time: 0 hr 3 min 7 sec) 
Heartbeat CPU  0 instructions:  131000000 cycles:  273770165 heartbeat IPC: 0.21464 cumulative IPC: 0.32603 (Simulation time: 0 hr 3 min 9 sec) 
Heartbeat CPU  0 instructions:  132000000 cycles:  278429022 heartbeat IPC: 0.21464 cumulative IPC: 0.32398 (Simulation time: 0 hr 3 min 10 sec) 
Heartbeat CPU  0 instructions:  133000002 cycles:  281178311 heartbeat IPC: 0.36373 cumulative IPC: 0.32440 (Simulation time: 0 hr 3 min 12 sec) 
Heartbeat CPU  0 instructions:  134000001 cycles:  284332473 heartbeat IPC: 0.31704 cumulative IPC: 0.32431 (Simulation time: 0 hr 3 min 13 sec) 
Heartbeat CPU  0 instructions:  135000001 cycles:  288113986 heartbeat IPC: 0.26444 cumulative IPC: 0.32345 (Simulation time: 0 hr 3 min 15 sec) 
Heartbeat CPU  0 instructions:  136000000 cycles:  291348729 heartbeat IPC: 0.30914 cumulative IPC: 0.32328 (Simulation time: 0 hr 3 min 17 sec) 
Heartbeat CPU  0 instructions:  137000000 cycles:  294742775 heartbeat IPC: 0.29463 cumulative IPC: 0.32292 (Simulation time: 0 hr 3 min 18 sec) 
Heartbeat CPU  0 instructions:  138000001 cycles:  298187336 heartbeat IPC: 0.29031 cumulative IPC: 0.32251 (Simulation time: 0 hr 3 min 20 sec) 
Heartbeat CPU  0 instructions:  139000001 cycles:  301084452 heartbeat IPC: 0.34517 cumulative IPC: 0.32274 (Simulation time: 0 hr 3 min 22 sec) 
Heartbeat CPU  0 instructions:  140000000 cycles:  303284420 heartbeat IPC: 0.45455 cumulative IPC: 0.32379 (Simulation time: 0 hr 3 min 24 sec) 
Heartbeat CPU  0 instructions:  141000001 cycles:  305444587 heartbeat IPC: 0.46293 cumulative IPC: 0.32486 (Simulation time: 0 hr 3 min 25 sec) 
Heartbeat CPU  0 instructions:  142000001 cycles:  307392808 heartbeat IPC: 0.51329 cumulative IPC: 0.32616 (Simulation time: 0 hr 3 min 27 sec) 
Heartbeat CPU  0 instructions:  143000001 cycles:  309711190 heartbeat IPC: 0.43134 cumulative IPC: 0.32702 (Simulation time: 0 hr 3 min 29 sec) 
Heartbeat CPU  0 instructions:  144000000 cycles:  313382180 heartbeat IPC: 0.27241 cumulative IPC: 0.32632 (Simulation time: 0 hr 3 min 30 sec) 
Heartbeat CPU  0 instructions:  145000000 cycles:  316187201 heartbeat IPC: 0.35650 cumulative IPC: 0.32661 (Simulation time: 0 hr 3 min 32 sec) 
Heartbeat CPU  0 instructions:  146000000 cycles:  318267755 heartbeat IPC: 0.48064 cumulative IPC: 0.32771 (Simulation time: 0 hr 3 min 34 sec) 
Heartbeat CPU  0 instructions:  147000001 cycles:  320296224 heartbeat IPC: 0.49298 cumulative IPC: 0.32884 (Simulation time: 0 hr 3 min 35 sec) 
Heartbeat CPU  0 instructions:  148000000 cycles:  322369076 heartbeat IPC: 0.48243 cumulative IPC: 0.32992 (Simulation time: 0 hr 3 min 37 sec) 
Heartbeat CPU  0 instructions:  149000003 cycles:  324835134 heartbeat IPC: 0.40551 cumulative IPC: 0.33054 (Simulation time: 0 hr 3 min 39 sec) 
Heartbeat CPU  0 instructions:  150000001 cycles:  328233846 heartbeat IPC: 0.29423 cumulative IPC: 0.33013 (Simulation time: 0 hr 3 min 40 sec) 
Heartbeat CPU  0 instructions:  151000002 cycles:  330438791 heartbeat IPC: 0.45353 cumulative IPC: 0.33102 (Simulation time: 0 hr 3 min 42 sec) 
Heartbeat CPU  0 instructions:  152000000 cycles:  332529441 heartbeat IPC: 0.47832 cumulative IPC: 0.33203 (Simulation time: 0 hr 3 min 44 sec) 
Heartbeat CPU  0 instructions:  153000003 cycles:  334757369 heartbeat IPC: 0.44885 cumulative IPC: 0.33287 (Simulation time: 0 hr 3 min 45 sec) 
Heartbeat CPU  0 instructions:  154000002 cycles:  336877760 heartbeat IPC: 0.47161 cumulative IPC: 0.33381 (Simulation time: 0 hr 3 min 47 sec) 
Heartbeat CPU  0 instructions:  155000003 cycles:  340801653 heartbeat IPC: 0.25485 cumulative IPC: 0.33283 (Simulation time: 0 hr 3 min 49 sec) 
Heartbeat CPU  0 instructions:  156000000 cycles:  343346858 heartbeat IPC: 0.39289 cumulative IPC: 0.33331 (Simulation time: 0 hr 3 min 50 sec) 
Heartbeat CPU  0 instructions:  157000002 cycles:  344565794 heartbeat IPC: 0.82039 cumulative IPC: 0.33517 (Simulation time: 0 hr 3 min 52 sec) 
Heartbeat CPU  0 instructions:  158000002 cycles:  347958813 heartbeat IPC: 0.29472 cumulative IPC: 0.33474 (Simulation time: 0 hr 3 min 53 sec) 
Heartbeat CPU  0 instructions:  159000001 cycles:  351025099 heartbeat IPC: 0.32613 cumulative IPC: 0.33466 (Simulation time: 0 hr 3 min 55 sec) 
Heartbeat CPU  0 instructions:  160000000 cycles:  352456752 heartbeat IPC: 0.69849 cumulative IPC: 0.33626 (Simulation time: 0 hr 3 min 57 sec) 
Heartbeat CPU  0 instructions:  161000003 cycles:  356012478 heartbeat IPC: 0.28124 cumulative IPC: 0.33566 (Simulation time: 0 hr 3 min 58 sec) 
Heartbeat CPU  0 instructions:  162000000 cycles:  359507730 heartbeat IPC: 0.28610 cumulative IPC: 0.33515 (Simulation time: 0 hr 4 min 0 sec) 
Heartbeat CPU  0 instructions:  163000001 cycles:  363018573 heartbeat IPC: 0.28483 cumulative IPC: 0.33462 (Simulation time: 0 hr 4 min 2 sec) 
Heartbeat CPU  0 instructions:  164000000 cycles:  366397329 heartbeat IPC: 0.29597 cumulative IPC: 0.33424 (Simulation time: 0 hr 4 min 4 sec) 
Heartbeat CPU  0 instructions:  165000000 cycles:  369899498 heartbeat IPC: 0.28554 cumulative IPC: 0.33374 (Simulation time: 0 hr 4 min 5 sec) 
Heartbeat CPU  0 instructions:  166000000 cycles:  373168117 heartbeat IPC: 0.30594 cumulative IPC: 0.33348 (Simulation time: 0 hr 4 min 7 sec) 
Heartbeat CPU  0 instructions:  167000002 cycles:  376368319 heartbeat IPC: 0.31248 cumulative IPC: 0.33329 (Simulation time: 0 hr 4 min 9 sec) 
Heartbeat CPU  0 instructions:  168000000 cycles:  379761870 heartbeat IPC: 0.29468 cumulative IPC: 0.33292 (Simulation time: 0 hr 4 min 11 sec) 
Heartbeat CPU  0 instructions:  169000003 cycles:  383109199 heartbeat IPC: 0.29875 cumulative IPC: 0.33260 (Simulation time: 0 hr 4 min 13 sec) 
Heartbeat CPU  0 instructions:  170000002 cycles:  386480159 heartbeat IPC: 0.29665 cumulative IPC: 0.33227 (Simulation time: 0 hr 4 min 14 sec) 
Heartbeat CPU  0 instructions:  171000003 cycles:  389762493 heartbeat IPC: 0.30466 cumulative IPC: 0.33202 (Simulation time: 0 hr 4 min 16 sec) 
Heartbeat CPU  0 instructions:  172000000 cycles:  392506402 heartbeat IPC: 0.36444 cumulative IPC: 0.33226 (Simulation time: 0 hr 4 min 18 sec) 
Heartbeat CPU  0 instructions:  173000003 cycles:  393918732 heartbeat IPC: 0.70805 cumulative IPC: 0.33370 (Simulation time: 0 hr 4 min 19 sec) 
Heartbeat CPU  0 instructions:  174000001 cycles:  395770235 heartbeat IPC: 0.54010 cumulative IPC: 0.33473 (Simulation time: 0 hr 4 min 21 sec) 
Heartbeat CPU  0 instructions:  175000003 cycles:  398397752 heartbeat IPC: 0.38059 cumulative IPC: 0.33505 (Simulation time: 0 hr 4 min 23 sec) 
Heartbeat CPU  0 instructions:  176000000 cycles:  400316557 heartbeat IPC: 0.52116 cumulative IPC: 0.33601 (Simulation time: 0 hr 4 min 25 sec) 
Heartbeat CPU  0 instructions:  177000000 cycles:  404057729 heartbeat IPC: 0.26730 cumulative IPC: 0.33533 (Simulation time: 0 hr 4 min 27 sec) 
Heartbeat CPU  0 instructions:  178000000 cycles:  407814299 heartbeat IPC: 0.26620 cumulative IPC: 0.33465 (Simulation time: 0 hr 4 min 28 sec) 
Heartbeat CPU  0 instructions:  179000003 cycles:  411447206 heartbeat IPC: 0.27526 cumulative IPC: 0.33409 (Simulation time: 0 hr 4 min 30 sec) 
Heartbeat CPU  0 instructions:  180000000 cycles:  415202430 heartbeat IPC: 0.26629 cumulative IPC: 0.33344 (Simulation time: 0 hr 4 min 32 sec) 
Heartbeat CPU  0 instructions:  181000000 cycles:  419009910 heartbeat IPC: 0.26264 cumulative IPC: 0.33275 (Simulation time: 0 hr 4 min 34 sec) 
Heartbeat CPU  0 instructions:  182000002 cycles:  421854897 heartbeat IPC: 0.35150 cumulative IPC: 0.33289 (Simulation time: 0 hr 4 min 35 sec) 
Heartbeat CPU  0 instructions:  183000001 cycles:  424884241 heartbeat IPC: 0.33010 cumulative IPC: 0.33287 (Simulation time: 0 hr 4 min 37 sec) 
Heartbeat CPU  0 instructions:  184000000 cycles:  428188378 heartbeat IPC: 0.30265 cumulative IPC: 0.33262 (Simulation time: 0 hr 4 min 39 sec) 
Heartbeat CPU  0 instructions:  185000000 cycles:  430282315 heartbeat IPC: 0.47757 cumulative IPC: 0.33337 (Simulation time: 0 hr 4 min 41 sec) 
Heartbeat CPU  0 instructions:  186000000 cycles:  433398098 heartbeat IPC: 0.32095 cumulative IPC: 0.33327 (Simulation time: 0 hr 4 min 42 sec) 
Heartbeat CPU  0 instructions:  187000003 cycles:  436458931 heartbeat IPC: 0.32671 cumulative IPC: 0.33322 (Simulation time: 0 hr 4 min 44 sec) 
Heartbeat CPU  0 instructions:  188000000 cycles:  439693519 heartbeat IPC: 0.30916 cumulative IPC: 0.33304 (Simulation time: 0 hr 4 min 46 sec) 
Heartbeat CPU  0 instructions:  189000003 cycles:  443073668 heartbeat IPC: 0.29585 cumulative IPC: 0.33274 (Simulation time: 0 hr 4 min 47 sec) 
Heartbeat CPU  0 instructions:  190000003 cycles:  444499182 heartbeat IPC: 0.70150 cumulative IPC: 0.33399 (Simulation time: 0 hr 4 min 49 sec) 
Heartbeat CPU  0 instructions:  191000001 cycles:  447816466 heartbeat IPC: 0.30145 cumulative IPC: 0.33373 (Simulation time: 0 hr 4 min 51 sec) 
Heartbeat CPU  0 instructions:  192000000 cycles:  451224603 heartbeat IPC: 0.29342 cumulative IPC: 0.33341 (Simulation time: 0 hr 4 min 52 sec) 
Heartbeat CPU  0 instructions:  193000000 cycles:  454739104 heartbeat IPC: 0.28454 cumulative IPC: 0.33301 (Simulation time: 0 hr 4 min 54 sec) 
Heartbeat CPU  0 instructions:  194000001 cycles:  458237191 heartbeat IPC: 0.28587 cumulative IPC: 0.33263 (Simulation time: 0 hr 4 min 56 sec) 
Heartbeat CPU  0 instructions:  195000001 cycles:  461659702 heartbeat IPC: 0.29218 cumulative IPC: 0.33231 (Simulation time: 0 hr 4 min 58 sec) 
Heartbeat CPU  0 instructions:  196000000 cycles:  465054325 heartbeat IPC: 0.29458 cumulative IPC: 0.33202 (Simulation time: 0 hr 4 min 59 sec) 
Heartbeat CPU  0 instructions:  197000000 cycles:  467950754 heartbeat IPC: 0.34525 cumulative IPC: 0.33211 (Simulation time: 0 hr 5 min 1 sec) 
Heartbeat CPU  0 instructions:  198000001 cycles:  471233507 heartbeat IPC: 0.30462 cumulative IPC: 0.33191 (Simulation time: 0 hr 5 min 3 sec) 
Heartbeat CPU  0 instructions:  199000001 cycles:  474369730 heartbeat IPC: 0.31885 cumulative IPC: 0.33181 (Simulation time: 0 hr 5 min 5 sec) 
*** Reached end of trace for Core: 0 Repeating trace: /data3/NUTCH/traces/nutch_phase4_core0.trace.xz
Heartbeat CPU  0 instructions:  200000000 cycles:  479779585 heartbeat IPC: 0.18485 cumulative IPC: 0.33007 (Simulation time: 0 hr 5 min 7 sec) 
Finished CPU 0 instructions: 150000001 cycles: 454455286 cumulative IPC: 0.33007 (Simulation time: 0 hr 5 min 7 sec) 

ChampSim completed all CPUs

[ROI Statistics]
Core_0_instructions 150000001
Core_0_cycles 454455286
Core_0_IPC 0.33007

Core_0_branch_prediction_accuracy 95.92688
Core_0_branch_MPKI 6.90556
Core_0_average_ROB_occupancy_at_mispredict 100.59081

Core_0_L1D_total_access 28824392
Core_0_L1D_total_hit 27894333
Core_0_L1D_total_miss 930059
Core_0_L1D_loads 15748060
Core_0_L1D_load_hit 15024585
Core_0_L1D_load_miss 723475
Core_0_L1D_RFOs 13076332
Core_0_L1D_RFO_hit 12869748
Core_0_L1D_RFO_miss 206584
Core_0_L1D_prefetches 0
Core_0_L1D_prefetch_hit 0
Core_0_L1D_prefetch_miss 0
Core_0_L1D_writebacks 0
Core_0_L1D_writeback_hit 0
Core_0_L1D_writeback_miss 0
Core_0_L1D_prefetch_requested 0
Core_0_L1D_prefetch_dropped 0
Core_0_L1D_prefetch_issued 0
Core_0_L1D_prefetch_filled 0
Core_0_L1D_prefetch_useful 0
Core_0_L1D_prefetch_useless 0
Core_0_L1D_prefetch_late 0
Core_0_L1D_average_miss_latency 135.68789

Core_0_L1D_rq_access 25049022
Core_0_L1D_rq_forward 0
Core_0_L1D_rq_merged 9182056
Core_0_L1D_rq_to_cache 15865496
Core_0_L1D_rq_full 0

Core_0_L1D_wq_access 14226640
Core_0_L1D_wq_forward 1470
Core_0_L1D_wq_merged 364696
Core_0_L1D_wq_to_cache 13861944
Core_0_L1D_wq_full 86692

Core_0_L1D_pq_access 0
Core_0_L1D_pq_forward 0
Core_0_L1D_pq_merged 0
Core_0_L1D_pq_to_cache 0
Core_0_L1D_pq_full 0

Core_0_L1D_acc_epochs 188267
Core_0_L1D_acc_level_0 188267
Core_0_L1D_acc_level_1 0
Core_0_L1D_acc_level_2 0
Core_0_L1D_acc_level_3 0
Core_0_L1D_acc_level_4 0
Core_0_L1D_acc_level_5 0
Core_0_L1D_acc_level_6 0
Core_0_L1D_acc_level_7 0
Core_0_L1D_acc_level_8 0
Core_0_L1D_acc_level_9 0

Core_0_L1I_total_access 28143033
Core_0_L1I_total_hit 27358132
Core_0_L1I_total_miss 784901
Core_0_L1I_loads 28143033
Core_0_L1I_load_hit 27358132
Core_0_L1I_load_miss 784901
Core_0_L1I_RFOs 0
Core_0_L1I_RFO_hit 0
Core_0_L1I_RFO_miss 0
Core_0_L1I_prefetches 0
Core_0_L1I_prefetch_hit 0
Core_0_L1I_prefetch_miss 0
Core_0_L1I_writebacks 0
Core_0_L1I_writeback_hit 0
Core_0_L1I_writeback_miss 0
Core_0_L1I_prefetch_requested 0
Core_0_L1I_prefetch_dropped 0
Core_0_L1I_prefetch_issued 0
Core_0_L1I_prefetch_filled 0
Core_0_L1I_prefetch_useful 0
Core_0_L1I_prefetch_useless 0
Core_0_L1I_prefetch_late 0
Core_0_L1I_average_miss_latency 74.89309

Core_0_L1I_rq_access 149999999
Core_0_L1I_rq_forward 0
Core_0_L1I_rq_merged 121418392
Core_0_L1I_rq_to_cache 28581607
Core_0_L1I_rq_full 0

Core_0_L1I_wq_access 0
Core_0_L1I_wq_forward 0
Core_0_L1I_wq_merged 0
Core_0_L1I_wq_to_cache 0
Core_0_L1I_wq_full 0

Core_0_L1I_pq_access 0
Core_0_L1I_pq_forward 0
Core_0_L1I_pq_merged 0
Core_0_L1I_pq_to_cache 0
Core_0_L1I_pq_full 0

Core_0_L1I_acc_epochs 188267
Core_0_L1I_acc_level_0 188267
Core_0_L1I_acc_level_1 0
Core_0_L1I_acc_level_2 0
Core_0_L1I_acc_level_3 0
Core_0_L1I_acc_level_4 0
Core_0_L1I_acc_level_5 0
Core_0_L1I_acc_level_6 0
Core_0_L1I_acc_level_7 0
Core_0_L1I_acc_level_8 0
Core_0_L1I_acc_level_9 0

Core_0_L2C_total_access 2253219
Core_0_L2C_total_hit 1621418
Core_0_L2C_total_miss 631801
Core_0_L2C_loads 1508334
Core_0_L2C_load_hit 946044
Core_0_L2C_load_miss 562290
Core_0_L2C_RFOs 206486
Core_0_L2C_RFO_hit 139806
Core_0_L2C_RFO_miss 66680
Core_0_L2C_prefetches 0
Core_0_L2C_prefetch_hit 0
Core_0_L2C_prefetch_miss 0
Core_0_L2C_writebacks 538399
Core_0_L2C_writeback_hit 535568
Core_0_L2C_writeback_miss 2831
Core_0_L2C_prefetch_requested 0
Core_0_L2C_prefetch_dropped 0
Core_0_L2C_prefetch_issued 0
Core_0_L2C_prefetch_filled 0
Core_0_L2C_prefetch_useful 0
Core_0_L2C_prefetch_useless 0
Core_0_L2C_prefetch_late 0
Core_0_L2C_average_miss_latency 163.67639

Core_0_L2C_rq_access 1714960
Core_0_L2C_rq_forward 0
Core_0_L2C_rq_merged 0
Core_0_L2C_rq_to_cache 1714820
Core_0_L2C_rq_full 0

Core_0_L2C_wq_access 538399
Core_0_L2C_wq_forward 140
Core_0_L2C_wq_merged 0
Core_0_L2C_wq_to_cache 538399
Core_0_L2C_wq_full 0

Core_0_L2C_pq_access 0
Core_0_L2C_pq_forward 0
Core_0_L2C_pq_merged 0
Core_0_L2C_pq_to_cache 0
Core_0_L2C_pq_full 0

Core_0_L2C_acc_epochs 188267
Core_0_L2C_acc_level_0 188267
Core_0_L2C_acc_level_1 0
Core_0_L2C_acc_level_2 0
Core_0_L2C_acc_level_3 0
Core_0_L2C_acc_level_4 0
Core_0_L2C_acc_level_5 0
Core_0_L2C_acc_level_6 0
Core_0_L2C_acc_level_7 0
Core_0_L2C_acc_level_8 0
Core_0_L2C_acc_level_9 0

Core_0_LLC_total_access 972932
Core_0_LLC_total_hit 298159
Core_0_LLC_total_miss 674773
Core_0_LLC_loads 562285
Core_0_LLC_load_hit 187696
Core_0_LLC_load_miss 374589
Core_0_LLC_RFOs 66666
Core_0_LLC_RFO_hit 9809
Core_0_LLC_RFO_miss 56857
Core_0_LLC_prefetches 0
Core_0_LLC_prefetch_hit 0
Core_0_LLC_prefetch_miss 0
Core_0_LLC_writebacks 343981
Core_0_LLC_writeback_hit 100654
Core_0_LLC_writeback_miss 243327
Core_0_LLC_prefetch_requested 0
Core_0_LLC_prefetch_dropped 0
Core_0_LLC_prefetch_issued 0
Core_0_LLC_prefetch_filled 0
Core_0_LLC_prefetch_useful 0
Core_0_LLC_prefetch_useless 0
Core_0_LLC_prefetch_late 0
Core_0_LLC_average_miss_latency 111.85358

Core_0_LLC_rq_access 628970
Core_0_LLC_rq_forward 0
Core_0_LLC_rq_merged 0
Core_0_LLC_rq_to_cache 628951
Core_0_LLC_rq_full 0

Core_0_LLC_wq_access 343981
Core_0_LLC_wq_forward 19
Core_0_LLC_wq_merged 0
Core_0_LLC_wq_to_cache 343981
Core_0_LLC_wq_full 0

Core_0_LLC_pq_access 0
Core_0_LLC_pq_forward 0
Core_0_LLC_pq_merged 0
Core_0_LLC_pq_to_cache 0
Core_0_LLC_pq_full 0

Core_0_LLC_acc_epochs 468535
Core_0_LLC_acc_level_0 468535
Core_0_LLC_acc_level_1 0
Core_0_LLC_acc_level_2 0
Core_0_LLC_acc_level_3 0
Core_0_LLC_acc_level_4 0
Core_0_LLC_acc_level_5 0
Core_0_LLC_acc_level_6 0
Core_0_LLC_acc_level_7 0
Core_0_LLC_acc_level_8 0
Core_0_LLC_acc_level_9 0

Core_0_major_page_fault 0
Core_0_minor_page_fault 7594

Channel_0_RQ_row_buffer_hit 139979
Channel_0_RQ_row_buffer_miss 291466
Channel_0_WQ_row_buffer_hit 32891
Channel_0_WQ_row_buffer_miss 282822
Channel_0_WQ_full 16
Channel_0_dbus_congested 156842

avg_congested_cycle 11

DRAM_bw_pochs 1874140
DRAM_bw_level_0 1853549
DRAM_bw_level_1 14928
DRAM_bw_level_2 3905
DRAM_bw_level_3 1758
